[2024-12-06T12:34:22.247+0000] {processor.py:186} INFO - Started process (PID=88) to work on /home/airflow/.local/lib/python3.12/site-packages/airflow/example_dags/example_datasets.py
[2024-12-06T12:34:22.249+0000] {processor.py:914} INFO - Processing file /home/airflow/.local/lib/python3.12/site-packages/airflow/example_dags/example_datasets.py for tasks to queue
[2024-12-06T12:34:22.264+0000] {logging_mixin.py:190} INFO - [2024-12-06T12:34:22.263+0000] {dagbag.py:588} INFO - Filling up the DagBag from /home/airflow/.local/lib/python3.12/site-packages/airflow/example_dags/example_datasets.py
[2024-12-06T12:34:35.543+0000] {processor.py:925} INFO - DAG(s) 'consume_1_or_both_2_and_3_with_dataset_expressions', 'dataset_consumes_1_never_scheduled', 'dataset_consumes_unknown_never_scheduled', 'dataset_consumes_1', 'dataset_consumes_1_and_2', 'dataset_produces_2', 'conditional_dataset_and_time_based_timetable', 'consume_1_or_2_with_dataset_expressions', 'dataset_produces_1', 'consume_1_and_2_with_dataset_expressions' retrieved from /home/airflow/.local/lib/python3.12/site-packages/airflow/example_dags/example_datasets.py
[2024-12-06T12:34:35.747+0000] {logging_mixin.py:190} INFO - [2024-12-06T12:34:35.745+0000] {override.py:1911} INFO - Created Permission View: can delete on DAG:consume_1_or_both_2_and_3_with_dataset_expressions
[2024-12-06T12:34:35.782+0000] {logging_mixin.py:190} INFO - [2024-12-06T12:34:35.781+0000] {override.py:1911} INFO - Created Permission View: can edit on DAG:consume_1_or_both_2_and_3_with_dataset_expressions
[2024-12-06T12:34:36.299+0000] {logging_mixin.py:190} INFO - [2024-12-06T12:34:36.298+0000] {override.py:1911} INFO - Created Permission View: can read on DAG:consume_1_or_both_2_and_3_with_dataset_expressions
[2024-12-06T12:34:36.398+0000] {logging_mixin.py:190} INFO - [2024-12-06T12:34:36.397+0000] {override.py:1911} INFO - Created Permission View: can delete on DAG Run:consume_1_or_both_2_and_3_with_dataset_expressions
[2024-12-06T12:34:36.419+0000] {logging_mixin.py:190} INFO - [2024-12-06T12:34:36.417+0000] {override.py:1911} INFO - Created Permission View: can create on DAG Run:consume_1_or_both_2_and_3_with_dataset_expressions
[2024-12-06T12:34:36.440+0000] {logging_mixin.py:190} INFO - [2024-12-06T12:34:36.439+0000] {override.py:1911} INFO - Created Permission View: menu access on DAG Run:consume_1_or_both_2_and_3_with_dataset_expressions
[2024-12-06T12:34:36.454+0000] {logging_mixin.py:190} INFO - [2024-12-06T12:34:36.454+0000] {override.py:1911} INFO - Created Permission View: can read on DAG Run:consume_1_or_both_2_and_3_with_dataset_expressions
[2024-12-06T12:34:36.472+0000] {logging_mixin.py:190} INFO - [2024-12-06T12:34:36.472+0000] {override.py:1911} INFO - Created Permission View: can delete on DAG:dataset_consumes_1_never_scheduled
[2024-12-06T12:34:36.482+0000] {logging_mixin.py:190} INFO - [2024-12-06T12:34:36.482+0000] {override.py:1911} INFO - Created Permission View: can edit on DAG:dataset_consumes_1_never_scheduled
[2024-12-06T12:34:36.493+0000] {logging_mixin.py:190} INFO - [2024-12-06T12:34:36.493+0000] {override.py:1911} INFO - Created Permission View: can read on DAG:dataset_consumes_1_never_scheduled
[2024-12-06T12:34:36.504+0000] {logging_mixin.py:190} INFO - [2024-12-06T12:34:36.503+0000] {override.py:1911} INFO - Created Permission View: can delete on DAG Run:dataset_consumes_1_never_scheduled
[2024-12-06T12:34:36.517+0000] {logging_mixin.py:190} INFO - [2024-12-06T12:34:36.517+0000] {override.py:1911} INFO - Created Permission View: can create on DAG Run:dataset_consumes_1_never_scheduled
[2024-12-06T12:34:36.539+0000] {logging_mixin.py:190} INFO - [2024-12-06T12:34:36.538+0000] {override.py:1911} INFO - Created Permission View: menu access on DAG Run:dataset_consumes_1_never_scheduled
[2024-12-06T12:34:36.554+0000] {logging_mixin.py:190} INFO - [2024-12-06T12:34:36.554+0000] {override.py:1911} INFO - Created Permission View: can read on DAG Run:dataset_consumes_1_never_scheduled
[2024-12-06T12:34:36.572+0000] {logging_mixin.py:190} INFO - [2024-12-06T12:34:36.572+0000] {override.py:1911} INFO - Created Permission View: can delete on DAG:dataset_consumes_unknown_never_scheduled
[2024-12-06T12:34:36.582+0000] {logging_mixin.py:190} INFO - [2024-12-06T12:34:36.582+0000] {override.py:1911} INFO - Created Permission View: can edit on DAG:dataset_consumes_unknown_never_scheduled
[2024-12-06T12:34:36.594+0000] {logging_mixin.py:190} INFO - [2024-12-06T12:34:36.593+0000] {override.py:1911} INFO - Created Permission View: can read on DAG:dataset_consumes_unknown_never_scheduled
[2024-12-06T12:34:36.607+0000] {logging_mixin.py:190} INFO - [2024-12-06T12:34:36.606+0000] {override.py:1911} INFO - Created Permission View: can delete on DAG Run:dataset_consumes_unknown_never_scheduled
[2024-12-06T12:34:36.618+0000] {logging_mixin.py:190} INFO - [2024-12-06T12:34:36.617+0000] {override.py:1911} INFO - Created Permission View: can create on DAG Run:dataset_consumes_unknown_never_scheduled
[2024-12-06T12:34:36.636+0000] {logging_mixin.py:190} INFO - [2024-12-06T12:34:36.634+0000] {override.py:1911} INFO - Created Permission View: menu access on DAG Run:dataset_consumes_unknown_never_scheduled
[2024-12-06T12:34:36.652+0000] {logging_mixin.py:190} INFO - [2024-12-06T12:34:36.652+0000] {override.py:1911} INFO - Created Permission View: can read on DAG Run:dataset_consumes_unknown_never_scheduled
[2024-12-06T12:34:36.675+0000] {logging_mixin.py:190} INFO - [2024-12-06T12:34:36.675+0000] {override.py:1911} INFO - Created Permission View: can delete on DAG:dataset_consumes_1
[2024-12-06T12:34:36.689+0000] {logging_mixin.py:190} INFO - [2024-12-06T12:34:36.687+0000] {override.py:1911} INFO - Created Permission View: can edit on DAG:dataset_consumes_1
[2024-12-06T12:34:36.699+0000] {logging_mixin.py:190} INFO - [2024-12-06T12:34:36.699+0000] {override.py:1911} INFO - Created Permission View: can read on DAG:dataset_consumes_1
[2024-12-06T12:34:36.713+0000] {logging_mixin.py:190} INFO - [2024-12-06T12:34:36.713+0000] {override.py:1911} INFO - Created Permission View: can delete on DAG Run:dataset_consumes_1
[2024-12-06T12:34:36.726+0000] {logging_mixin.py:190} INFO - [2024-12-06T12:34:36.725+0000] {override.py:1911} INFO - Created Permission View: can create on DAG Run:dataset_consumes_1
[2024-12-06T12:34:36.740+0000] {logging_mixin.py:190} INFO - [2024-12-06T12:34:36.739+0000] {override.py:1911} INFO - Created Permission View: menu access on DAG Run:dataset_consumes_1
[2024-12-06T12:34:36.764+0000] {logging_mixin.py:190} INFO - [2024-12-06T12:34:36.763+0000] {override.py:1911} INFO - Created Permission View: can read on DAG Run:dataset_consumes_1
[2024-12-06T12:34:36.790+0000] {logging_mixin.py:190} INFO - [2024-12-06T12:34:36.789+0000] {override.py:1911} INFO - Created Permission View: can delete on DAG:dataset_consumes_1_and_2
[2024-12-06T12:34:36.808+0000] {logging_mixin.py:190} INFO - [2024-12-06T12:34:36.807+0000] {override.py:1911} INFO - Created Permission View: can edit on DAG:dataset_consumes_1_and_2
[2024-12-06T12:34:36.824+0000] {logging_mixin.py:190} INFO - [2024-12-06T12:34:36.824+0000] {override.py:1911} INFO - Created Permission View: can read on DAG:dataset_consumes_1_and_2
[2024-12-06T12:34:36.842+0000] {logging_mixin.py:190} INFO - [2024-12-06T12:34:36.842+0000] {override.py:1911} INFO - Created Permission View: can delete on DAG Run:dataset_consumes_1_and_2
[2024-12-06T12:34:36.876+0000] {logging_mixin.py:190} INFO - [2024-12-06T12:34:36.875+0000] {override.py:1911} INFO - Created Permission View: can create on DAG Run:dataset_consumes_1_and_2
[2024-12-06T12:34:36.888+0000] {logging_mixin.py:190} INFO - [2024-12-06T12:34:36.888+0000] {override.py:1911} INFO - Created Permission View: menu access on DAG Run:dataset_consumes_1_and_2
[2024-12-06T12:34:36.903+0000] {logging_mixin.py:190} INFO - [2024-12-06T12:34:36.903+0000] {override.py:1911} INFO - Created Permission View: can read on DAG Run:dataset_consumes_1_and_2
[2024-12-06T12:34:36.926+0000] {logging_mixin.py:190} INFO - [2024-12-06T12:34:36.925+0000] {override.py:1911} INFO - Created Permission View: can delete on DAG:dataset_produces_2
[2024-12-06T12:34:36.940+0000] {logging_mixin.py:190} INFO - [2024-12-06T12:34:36.939+0000] {override.py:1911} INFO - Created Permission View: can edit on DAG:dataset_produces_2
[2024-12-06T12:34:36.952+0000] {logging_mixin.py:190} INFO - [2024-12-06T12:34:36.952+0000] {override.py:1911} INFO - Created Permission View: can read on DAG:dataset_produces_2
[2024-12-06T12:34:36.974+0000] {logging_mixin.py:190} INFO - [2024-12-06T12:34:36.973+0000] {override.py:1911} INFO - Created Permission View: can delete on DAG Run:dataset_produces_2
[2024-12-06T12:34:36.993+0000] {logging_mixin.py:190} INFO - [2024-12-06T12:34:36.992+0000] {override.py:1911} INFO - Created Permission View: can create on DAG Run:dataset_produces_2
[2024-12-06T12:34:37.007+0000] {logging_mixin.py:190} INFO - [2024-12-06T12:34:37.006+0000] {override.py:1911} INFO - Created Permission View: menu access on DAG Run:dataset_produces_2
[2024-12-06T12:34:37.019+0000] {logging_mixin.py:190} INFO - [2024-12-06T12:34:37.018+0000] {override.py:1911} INFO - Created Permission View: can read on DAG Run:dataset_produces_2
[2024-12-06T12:34:37.040+0000] {logging_mixin.py:190} INFO - [2024-12-06T12:34:37.040+0000] {override.py:1911} INFO - Created Permission View: can delete on DAG:conditional_dataset_and_time_based_timetable
[2024-12-06T12:34:37.052+0000] {logging_mixin.py:190} INFO - [2024-12-06T12:34:37.051+0000] {override.py:1911} INFO - Created Permission View: can edit on DAG:conditional_dataset_and_time_based_timetable
[2024-12-06T12:34:37.075+0000] {logging_mixin.py:190} INFO - [2024-12-06T12:34:37.074+0000] {override.py:1911} INFO - Created Permission View: can read on DAG:conditional_dataset_and_time_based_timetable
[2024-12-06T12:34:37.093+0000] {logging_mixin.py:190} INFO - [2024-12-06T12:34:37.093+0000] {override.py:1911} INFO - Created Permission View: can delete on DAG Run:conditional_dataset_and_time_based_timetable
[2024-12-06T12:34:37.105+0000] {logging_mixin.py:190} INFO - [2024-12-06T12:34:37.104+0000] {override.py:1911} INFO - Created Permission View: can create on DAG Run:conditional_dataset_and_time_based_timetable
[2024-12-06T12:34:37.116+0000] {logging_mixin.py:190} INFO - [2024-12-06T12:34:37.116+0000] {override.py:1911} INFO - Created Permission View: menu access on DAG Run:conditional_dataset_and_time_based_timetable
[2024-12-06T12:34:37.127+0000] {logging_mixin.py:190} INFO - [2024-12-06T12:34:37.126+0000] {override.py:1911} INFO - Created Permission View: can read on DAG Run:conditional_dataset_and_time_based_timetable
[2024-12-06T12:34:37.151+0000] {logging_mixin.py:190} INFO - [2024-12-06T12:34:37.150+0000] {override.py:1911} INFO - Created Permission View: can delete on DAG:consume_1_or_2_with_dataset_expressions
[2024-12-06T12:34:37.163+0000] {logging_mixin.py:190} INFO - [2024-12-06T12:34:37.162+0000] {override.py:1911} INFO - Created Permission View: can edit on DAG:consume_1_or_2_with_dataset_expressions
[2024-12-06T12:34:37.175+0000] {logging_mixin.py:190} INFO - [2024-12-06T12:34:37.174+0000] {override.py:1911} INFO - Created Permission View: can read on DAG:consume_1_or_2_with_dataset_expressions
[2024-12-06T12:34:37.200+0000] {logging_mixin.py:190} INFO - [2024-12-06T12:34:37.199+0000] {override.py:1911} INFO - Created Permission View: can delete on DAG Run:consume_1_or_2_with_dataset_expressions
[2024-12-06T12:34:37.217+0000] {logging_mixin.py:190} INFO - [2024-12-06T12:34:37.216+0000] {override.py:1911} INFO - Created Permission View: can create on DAG Run:consume_1_or_2_with_dataset_expressions
[2024-12-06T12:34:37.230+0000] {logging_mixin.py:190} INFO - [2024-12-06T12:34:37.230+0000] {override.py:1911} INFO - Created Permission View: menu access on DAG Run:consume_1_or_2_with_dataset_expressions
[2024-12-06T12:34:37.244+0000] {logging_mixin.py:190} INFO - [2024-12-06T12:34:37.243+0000] {override.py:1911} INFO - Created Permission View: can read on DAG Run:consume_1_or_2_with_dataset_expressions
[2024-12-06T12:34:37.267+0000] {logging_mixin.py:190} INFO - [2024-12-06T12:34:37.266+0000] {override.py:1911} INFO - Created Permission View: can delete on DAG:dataset_produces_1
[2024-12-06T12:34:37.290+0000] {logging_mixin.py:190} INFO - [2024-12-06T12:34:37.289+0000] {override.py:1911} INFO - Created Permission View: can edit on DAG:dataset_produces_1
[2024-12-06T12:34:37.308+0000] {logging_mixin.py:190} INFO - [2024-12-06T12:34:37.307+0000] {override.py:1911} INFO - Created Permission View: can read on DAG:dataset_produces_1
[2024-12-06T12:34:37.323+0000] {logging_mixin.py:190} INFO - [2024-12-06T12:34:37.323+0000] {override.py:1911} INFO - Created Permission View: can delete on DAG Run:dataset_produces_1
[2024-12-06T12:34:37.336+0000] {logging_mixin.py:190} INFO - [2024-12-06T12:34:37.336+0000] {override.py:1911} INFO - Created Permission View: can create on DAG Run:dataset_produces_1
[2024-12-06T12:34:37.347+0000] {logging_mixin.py:190} INFO - [2024-12-06T12:34:37.347+0000] {override.py:1911} INFO - Created Permission View: menu access on DAG Run:dataset_produces_1
[2024-12-06T12:34:37.356+0000] {logging_mixin.py:190} INFO - [2024-12-06T12:34:37.356+0000] {override.py:1911} INFO - Created Permission View: can read on DAG Run:dataset_produces_1
[2024-12-06T12:34:37.378+0000] {logging_mixin.py:190} INFO - [2024-12-06T12:34:37.378+0000] {override.py:1911} INFO - Created Permission View: can delete on DAG:consume_1_and_2_with_dataset_expressions
[2024-12-06T12:34:37.390+0000] {logging_mixin.py:190} INFO - [2024-12-06T12:34:37.389+0000] {override.py:1911} INFO - Created Permission View: can edit on DAG:consume_1_and_2_with_dataset_expressions
[2024-12-06T12:34:37.413+0000] {logging_mixin.py:190} INFO - [2024-12-06T12:34:37.412+0000] {override.py:1911} INFO - Created Permission View: can read on DAG:consume_1_and_2_with_dataset_expressions
[2024-12-06T12:34:37.432+0000] {logging_mixin.py:190} INFO - [2024-12-06T12:34:37.431+0000] {override.py:1911} INFO - Created Permission View: can delete on DAG Run:consume_1_and_2_with_dataset_expressions
[2024-12-06T12:34:37.444+0000] {logging_mixin.py:190} INFO - [2024-12-06T12:34:37.443+0000] {override.py:1911} INFO - Created Permission View: can create on DAG Run:consume_1_and_2_with_dataset_expressions
[2024-12-06T12:34:37.458+0000] {logging_mixin.py:190} INFO - [2024-12-06T12:34:37.457+0000] {override.py:1911} INFO - Created Permission View: menu access on DAG Run:consume_1_and_2_with_dataset_expressions
[2024-12-06T12:34:37.471+0000] {logging_mixin.py:190} INFO - [2024-12-06T12:34:37.470+0000] {override.py:1911} INFO - Created Permission View: can read on DAG Run:consume_1_and_2_with_dataset_expressions
[2024-12-06T12:34:37.472+0000] {logging_mixin.py:190} INFO - [2024-12-06T12:34:37.471+0000] {dag.py:3239} INFO - Sync 10 DAGs
[2024-12-06T12:34:37.491+0000] {logging_mixin.py:190} INFO - [2024-12-06T12:34:37.490+0000] {dag.py:3262} INFO - Creating ORM DAG for consume_1_and_2_with_dataset_expressions
[2024-12-06T12:34:37.492+0000] {logging_mixin.py:190} INFO - [2024-12-06T12:34:37.492+0000] {dag.py:3262} INFO - Creating ORM DAG for dataset_consumes_unknown_never_scheduled
[2024-12-06T12:34:37.494+0000] {logging_mixin.py:190} INFO - [2024-12-06T12:34:37.493+0000] {dag.py:3262} INFO - Creating ORM DAG for conditional_dataset_and_time_based_timetable
[2024-12-06T12:34:37.495+0000] {logging_mixin.py:190} INFO - [2024-12-06T12:34:37.495+0000] {dag.py:3262} INFO - Creating ORM DAG for consume_1_or_both_2_and_3_with_dataset_expressions
[2024-12-06T12:34:37.497+0000] {logging_mixin.py:190} INFO - [2024-12-06T12:34:37.496+0000] {dag.py:3262} INFO - Creating ORM DAG for dataset_produces_1
[2024-12-06T12:34:37.504+0000] {logging_mixin.py:190} INFO - [2024-12-06T12:34:37.503+0000] {dag.py:3262} INFO - Creating ORM DAG for consume_1_or_2_with_dataset_expressions
[2024-12-06T12:34:37.505+0000] {logging_mixin.py:190} INFO - [2024-12-06T12:34:37.505+0000] {dag.py:3262} INFO - Creating ORM DAG for dataset_consumes_1
[2024-12-06T12:34:37.507+0000] {logging_mixin.py:190} INFO - [2024-12-06T12:34:37.507+0000] {dag.py:3262} INFO - Creating ORM DAG for dataset_consumes_1_never_scheduled
[2024-12-06T12:34:37.509+0000] {logging_mixin.py:190} INFO - [2024-12-06T12:34:37.508+0000] {dag.py:3262} INFO - Creating ORM DAG for dataset_produces_2
[2024-12-06T12:34:37.510+0000] {logging_mixin.py:190} INFO - [2024-12-06T12:34:37.510+0000] {dag.py:3262} INFO - Creating ORM DAG for dataset_consumes_1_and_2
[2024-12-06T12:34:37.533+0000] {logging_mixin.py:190} INFO - [2024-12-06T12:34:37.532+0000] {dag.py:4180} INFO - Setting next_dagrun for conditional_dataset_and_time_based_timetable to 2024-12-04 01:00:00+00:00, run_after=2024-12-04 01:00:00+00:00
[2024-12-06T12:34:37.534+0000] {logging_mixin.py:190} INFO - [2024-12-06T12:34:37.534+0000] {dag.py:4180} INFO - Setting next_dagrun for consume_1_and_2_with_dataset_expressions to None, run_after=None
[2024-12-06T12:34:37.535+0000] {logging_mixin.py:190} INFO - [2024-12-06T12:34:37.535+0000] {dag.py:4180} INFO - Setting next_dagrun for consume_1_or_2_with_dataset_expressions to None, run_after=None
[2024-12-06T12:34:37.536+0000] {logging_mixin.py:190} INFO - [2024-12-06T12:34:37.536+0000] {dag.py:4180} INFO - Setting next_dagrun for consume_1_or_both_2_and_3_with_dataset_expressions to None, run_after=None
[2024-12-06T12:34:37.537+0000] {logging_mixin.py:190} INFO - [2024-12-06T12:34:37.537+0000] {dag.py:4180} INFO - Setting next_dagrun for dataset_consumes_1 to None, run_after=None
[2024-12-06T12:34:37.539+0000] {logging_mixin.py:190} INFO - [2024-12-06T12:34:37.538+0000] {dag.py:4180} INFO - Setting next_dagrun for dataset_consumes_1_and_2 to None, run_after=None
[2024-12-06T12:34:37.540+0000] {logging_mixin.py:190} INFO - [2024-12-06T12:34:37.539+0000] {dag.py:4180} INFO - Setting next_dagrun for dataset_consumes_1_never_scheduled to None, run_after=None
[2024-12-06T12:34:37.541+0000] {logging_mixin.py:190} INFO - [2024-12-06T12:34:37.540+0000] {dag.py:4180} INFO - Setting next_dagrun for dataset_consumes_unknown_never_scheduled to None, run_after=None
[2024-12-06T12:34:37.544+0000] {logging_mixin.py:190} INFO - [2024-12-06T12:34:37.544+0000] {dag.py:4180} INFO - Setting next_dagrun for dataset_produces_1 to 2024-12-05 00:00:00+00:00, run_after=2024-12-06 00:00:00+00:00
[2024-12-06T12:34:37.546+0000] {logging_mixin.py:190} INFO - [2024-12-06T12:34:37.545+0000] {dag.py:4180} INFO - Setting next_dagrun for dataset_produces_2 to None, run_after=None
[2024-12-06T12:34:37.651+0000] {processor.py:208} INFO - Processing /home/airflow/.local/lib/python3.12/site-packages/airflow/example_dags/example_datasets.py took 15.424 seconds
[2024-12-06T12:35:08.119+0000] {processor.py:186} INFO - Started process (PID=154) to work on /home/airflow/.local/lib/python3.12/site-packages/airflow/example_dags/example_datasets.py
[2024-12-06T12:35:08.120+0000] {processor.py:914} INFO - Processing file /home/airflow/.local/lib/python3.12/site-packages/airflow/example_dags/example_datasets.py for tasks to queue
[2024-12-06T12:35:08.124+0000] {logging_mixin.py:190} INFO - [2024-12-06T12:35:08.124+0000] {dagbag.py:588} INFO - Filling up the DagBag from /home/airflow/.local/lib/python3.12/site-packages/airflow/example_dags/example_datasets.py
[2024-12-06T12:35:08.942+0000] {processor.py:925} INFO - DAG(s) 'conditional_dataset_and_time_based_timetable', 'dataset_consumes_1_never_scheduled', 'dataset_consumes_1', 'dataset_produces_2', 'dataset_produces_1', 'consume_1_or_both_2_and_3_with_dataset_expressions', 'consume_1_and_2_with_dataset_expressions', 'dataset_consumes_unknown_never_scheduled', 'dataset_consumes_1_and_2', 'consume_1_or_2_with_dataset_expressions' retrieved from /home/airflow/.local/lib/python3.12/site-packages/airflow/example_dags/example_datasets.py
[2024-12-06T12:35:08.998+0000] {logging_mixin.py:190} INFO - [2024-12-06T12:35:08.998+0000] {dag.py:3239} INFO - Sync 10 DAGs
[2024-12-06T12:35:09.025+0000] {logging_mixin.py:190} INFO - [2024-12-06T12:35:09.025+0000] {dag.py:4180} INFO - Setting next_dagrun for conditional_dataset_and_time_based_timetable to 2024-12-04 01:00:00+00:00, run_after=2024-12-04 01:00:00+00:00
[2024-12-06T12:35:09.029+0000] {logging_mixin.py:190} INFO - [2024-12-06T12:35:09.029+0000] {dag.py:4180} INFO - Setting next_dagrun for consume_1_and_2_with_dataset_expressions to None, run_after=None
[2024-12-06T12:35:09.031+0000] {logging_mixin.py:190} INFO - [2024-12-06T12:35:09.031+0000] {dag.py:4180} INFO - Setting next_dagrun for consume_1_or_2_with_dataset_expressions to None, run_after=None
[2024-12-06T12:35:09.033+0000] {logging_mixin.py:190} INFO - [2024-12-06T12:35:09.033+0000] {dag.py:4180} INFO - Setting next_dagrun for consume_1_or_both_2_and_3_with_dataset_expressions to None, run_after=None
[2024-12-06T12:35:09.035+0000] {logging_mixin.py:190} INFO - [2024-12-06T12:35:09.035+0000] {dag.py:4180} INFO - Setting next_dagrun for dataset_consumes_1 to None, run_after=None
[2024-12-06T12:35:09.037+0000] {logging_mixin.py:190} INFO - [2024-12-06T12:35:09.036+0000] {dag.py:4180} INFO - Setting next_dagrun for dataset_consumes_1_and_2 to None, run_after=None
[2024-12-06T12:35:09.039+0000] {logging_mixin.py:190} INFO - [2024-12-06T12:35:09.039+0000] {dag.py:4180} INFO - Setting next_dagrun for dataset_consumes_1_never_scheduled to None, run_after=None
[2024-12-06T12:35:09.041+0000] {logging_mixin.py:190} INFO - [2024-12-06T12:35:09.040+0000] {dag.py:4180} INFO - Setting next_dagrun for dataset_consumes_unknown_never_scheduled to None, run_after=None
[2024-12-06T12:35:09.044+0000] {logging_mixin.py:190} INFO - [2024-12-06T12:35:09.044+0000] {dag.py:4180} INFO - Setting next_dagrun for dataset_produces_1 to 2024-12-05 00:00:00+00:00, run_after=2024-12-06 00:00:00+00:00
[2024-12-06T12:35:09.046+0000] {logging_mixin.py:190} INFO - [2024-12-06T12:35:09.046+0000] {dag.py:4180} INFO - Setting next_dagrun for dataset_produces_2 to None, run_after=None
[2024-12-06T12:35:09.098+0000] {processor.py:208} INFO - Processing /home/airflow/.local/lib/python3.12/site-packages/airflow/example_dags/example_datasets.py took 0.985 seconds
[2024-12-06T12:35:39.176+0000] {processor.py:186} INFO - Started process (PID=219) to work on /home/airflow/.local/lib/python3.12/site-packages/airflow/example_dags/example_datasets.py
[2024-12-06T12:35:39.179+0000] {processor.py:914} INFO - Processing file /home/airflow/.local/lib/python3.12/site-packages/airflow/example_dags/example_datasets.py for tasks to queue
[2024-12-06T12:35:39.182+0000] {logging_mixin.py:190} INFO - [2024-12-06T12:35:39.181+0000] {dagbag.py:588} INFO - Filling up the DagBag from /home/airflow/.local/lib/python3.12/site-packages/airflow/example_dags/example_datasets.py
[2024-12-06T12:35:41.683+0000] {processor.py:925} INFO - DAG(s) 'dataset_consumes_unknown_never_scheduled', 'dataset_consumes_1_and_2', 'conditional_dataset_and_time_based_timetable', 'consume_1_or_both_2_and_3_with_dataset_expressions', 'dataset_produces_1', 'dataset_consumes_1_never_scheduled', 'consume_1_or_2_with_dataset_expressions', 'consume_1_and_2_with_dataset_expressions', 'dataset_produces_2', 'dataset_consumes_1' retrieved from /home/airflow/.local/lib/python3.12/site-packages/airflow/example_dags/example_datasets.py
[2024-12-06T12:35:41.788+0000] {logging_mixin.py:190} INFO - [2024-12-06T12:35:41.787+0000] {dag.py:3239} INFO - Sync 10 DAGs
[2024-12-06T12:35:41.867+0000] {logging_mixin.py:190} INFO - [2024-12-06T12:35:41.867+0000] {dag.py:4180} INFO - Setting next_dagrun for conditional_dataset_and_time_based_timetable to 2024-12-04 01:00:00+00:00, run_after=2024-12-04 01:00:00+00:00
[2024-12-06T12:35:41.885+0000] {logging_mixin.py:190} INFO - [2024-12-06T12:35:41.884+0000] {dag.py:4180} INFO - Setting next_dagrun for consume_1_and_2_with_dataset_expressions to None, run_after=None
[2024-12-06T12:35:41.889+0000] {logging_mixin.py:190} INFO - [2024-12-06T12:35:41.888+0000] {dag.py:4180} INFO - Setting next_dagrun for consume_1_or_2_with_dataset_expressions to None, run_after=None
[2024-12-06T12:35:41.894+0000] {logging_mixin.py:190} INFO - [2024-12-06T12:35:41.894+0000] {dag.py:4180} INFO - Setting next_dagrun for consume_1_or_both_2_and_3_with_dataset_expressions to None, run_after=None
[2024-12-06T12:35:41.899+0000] {logging_mixin.py:190} INFO - [2024-12-06T12:35:41.898+0000] {dag.py:4180} INFO - Setting next_dagrun for dataset_consumes_1 to None, run_after=None
[2024-12-06T12:35:41.902+0000] {logging_mixin.py:190} INFO - [2024-12-06T12:35:41.902+0000] {dag.py:4180} INFO - Setting next_dagrun for dataset_consumes_1_and_2 to None, run_after=None
[2024-12-06T12:35:41.905+0000] {logging_mixin.py:190} INFO - [2024-12-06T12:35:41.905+0000] {dag.py:4180} INFO - Setting next_dagrun for dataset_consumes_1_never_scheduled to None, run_after=None
[2024-12-06T12:35:41.914+0000] {logging_mixin.py:190} INFO - [2024-12-06T12:35:41.908+0000] {dag.py:4180} INFO - Setting next_dagrun for dataset_consumes_unknown_never_scheduled to None, run_after=None
[2024-12-06T12:35:41.920+0000] {logging_mixin.py:190} INFO - [2024-12-06T12:35:41.919+0000] {dag.py:4180} INFO - Setting next_dagrun for dataset_produces_1 to 2024-12-05 00:00:00+00:00, run_after=2024-12-06 00:00:00+00:00
[2024-12-06T12:35:41.923+0000] {logging_mixin.py:190} INFO - [2024-12-06T12:35:41.923+0000] {dag.py:4180} INFO - Setting next_dagrun for dataset_produces_2 to None, run_after=None
[2024-12-06T12:35:42.032+0000] {processor.py:208} INFO - Processing /home/airflow/.local/lib/python3.12/site-packages/airflow/example_dags/example_datasets.py took 2.867 seconds
[2024-12-06T12:36:13.334+0000] {processor.py:186} INFO - Started process (PID=282) to work on /home/airflow/.local/lib/python3.12/site-packages/airflow/example_dags/example_datasets.py
[2024-12-06T12:36:14.317+0000] {processor.py:914} INFO - Processing file /home/airflow/.local/lib/python3.12/site-packages/airflow/example_dags/example_datasets.py for tasks to queue
[2024-12-06T12:36:14.349+0000] {logging_mixin.py:190} INFO - [2024-12-06T12:36:14.343+0000] {dagbag.py:588} INFO - Filling up the DagBag from /home/airflow/.local/lib/python3.12/site-packages/airflow/example_dags/example_datasets.py
[2024-12-06T12:36:16.439+0000] {processor.py:925} INFO - DAG(s) 'dataset_consumes_1_and_2', 'consume_1_or_both_2_and_3_with_dataset_expressions', 'conditional_dataset_and_time_based_timetable', 'dataset_consumes_unknown_never_scheduled', 'dataset_produces_2', 'consume_1_or_2_with_dataset_expressions', 'dataset_consumes_1', 'consume_1_and_2_with_dataset_expressions', 'dataset_produces_1', 'dataset_consumes_1_never_scheduled' retrieved from /home/airflow/.local/lib/python3.12/site-packages/airflow/example_dags/example_datasets.py
[2024-12-06T12:36:16.598+0000] {logging_mixin.py:190} INFO - [2024-12-06T12:36:16.598+0000] {dag.py:3239} INFO - Sync 10 DAGs
[2024-12-06T12:36:16.652+0000] {logging_mixin.py:190} INFO - [2024-12-06T12:36:16.652+0000] {dag.py:4180} INFO - Setting next_dagrun for conditional_dataset_and_time_based_timetable to 2024-12-04 01:00:00+00:00, run_after=2024-12-04 01:00:00+00:00
[2024-12-06T12:36:16.659+0000] {logging_mixin.py:190} INFO - [2024-12-06T12:36:16.659+0000] {dag.py:4180} INFO - Setting next_dagrun for consume_1_and_2_with_dataset_expressions to None, run_after=None
[2024-12-06T12:36:16.662+0000] {logging_mixin.py:190} INFO - [2024-12-06T12:36:16.662+0000] {dag.py:4180} INFO - Setting next_dagrun for consume_1_or_2_with_dataset_expressions to None, run_after=None
[2024-12-06T12:36:16.673+0000] {logging_mixin.py:190} INFO - [2024-12-06T12:36:16.673+0000] {dag.py:4180} INFO - Setting next_dagrun for consume_1_or_both_2_and_3_with_dataset_expressions to None, run_after=None
[2024-12-06T12:36:16.676+0000] {logging_mixin.py:190} INFO - [2024-12-06T12:36:16.676+0000] {dag.py:4180} INFO - Setting next_dagrun for dataset_consumes_1 to None, run_after=None
[2024-12-06T12:36:16.679+0000] {logging_mixin.py:190} INFO - [2024-12-06T12:36:16.679+0000] {dag.py:4180} INFO - Setting next_dagrun for dataset_consumes_1_and_2 to None, run_after=None
[2024-12-06T12:36:16.682+0000] {logging_mixin.py:190} INFO - [2024-12-06T12:36:16.682+0000] {dag.py:4180} INFO - Setting next_dagrun for dataset_consumes_1_never_scheduled to None, run_after=None
[2024-12-06T12:36:16.685+0000] {logging_mixin.py:190} INFO - [2024-12-06T12:36:16.684+0000] {dag.py:4180} INFO - Setting next_dagrun for dataset_consumes_unknown_never_scheduled to None, run_after=None
[2024-12-06T12:36:16.696+0000] {logging_mixin.py:190} INFO - [2024-12-06T12:36:16.695+0000] {dag.py:4180} INFO - Setting next_dagrun for dataset_produces_1 to 2024-12-05 00:00:00+00:00, run_after=2024-12-06 00:00:00+00:00
[2024-12-06T12:36:16.699+0000] {logging_mixin.py:190} INFO - [2024-12-06T12:36:16.698+0000] {dag.py:4180} INFO - Setting next_dagrun for dataset_produces_2 to None, run_after=None
[2024-12-06T12:36:16.828+0000] {processor.py:208} INFO - Processing /home/airflow/.local/lib/python3.12/site-packages/airflow/example_dags/example_datasets.py took 3.512 seconds
[2024-12-06T12:56:07.697+0000] {processor.py:186} INFO - Started process (PID=307) to work on /home/airflow/.local/lib/python3.12/site-packages/airflow/example_dags/example_datasets.py
[2024-12-06T12:56:07.698+0000] {processor.py:914} INFO - Processing file /home/airflow/.local/lib/python3.12/site-packages/airflow/example_dags/example_datasets.py for tasks to queue
[2024-12-06T12:56:07.700+0000] {logging_mixin.py:190} INFO - [2024-12-06T12:56:07.699+0000] {dagbag.py:588} INFO - Filling up the DagBag from /home/airflow/.local/lib/python3.12/site-packages/airflow/example_dags/example_datasets.py
[2024-12-06T12:56:08.346+0000] {processor.py:925} INFO - DAG(s) 'dataset_consumes_1', 'dataset_consumes_1_and_2', 'dataset_produces_1', 'dataset_consumes_unknown_never_scheduled', 'consume_1_or_2_with_dataset_expressions', 'conditional_dataset_and_time_based_timetable', 'consume_1_and_2_with_dataset_expressions', 'consume_1_or_both_2_and_3_with_dataset_expressions', 'dataset_consumes_1_never_scheduled', 'dataset_produces_2' retrieved from /home/airflow/.local/lib/python3.12/site-packages/airflow/example_dags/example_datasets.py
[2024-12-06T12:56:08.395+0000] {logging_mixin.py:190} INFO - [2024-12-06T12:56:08.394+0000] {dag.py:3239} INFO - Sync 10 DAGs
[2024-12-06T12:56:08.423+0000] {logging_mixin.py:190} INFO - [2024-12-06T12:56:08.423+0000] {dag.py:4180} INFO - Setting next_dagrun for conditional_dataset_and_time_based_timetable to 2024-12-04 01:00:00+00:00, run_after=2024-12-04 01:00:00+00:00
[2024-12-06T12:56:08.427+0000] {logging_mixin.py:190} INFO - [2024-12-06T12:56:08.427+0000] {dag.py:4180} INFO - Setting next_dagrun for consume_1_and_2_with_dataset_expressions to None, run_after=None
[2024-12-06T12:56:08.429+0000] {logging_mixin.py:190} INFO - [2024-12-06T12:56:08.429+0000] {dag.py:4180} INFO - Setting next_dagrun for consume_1_or_2_with_dataset_expressions to None, run_after=None
[2024-12-06T12:56:08.431+0000] {logging_mixin.py:190} INFO - [2024-12-06T12:56:08.431+0000] {dag.py:4180} INFO - Setting next_dagrun for consume_1_or_both_2_and_3_with_dataset_expressions to None, run_after=None
[2024-12-06T12:56:08.433+0000] {logging_mixin.py:190} INFO - [2024-12-06T12:56:08.433+0000] {dag.py:4180} INFO - Setting next_dagrun for dataset_consumes_1 to None, run_after=None
[2024-12-06T12:56:08.435+0000] {logging_mixin.py:190} INFO - [2024-12-06T12:56:08.435+0000] {dag.py:4180} INFO - Setting next_dagrun for dataset_consumes_1_and_2 to None, run_after=None
[2024-12-06T12:56:08.437+0000] {logging_mixin.py:190} INFO - [2024-12-06T12:56:08.437+0000] {dag.py:4180} INFO - Setting next_dagrun for dataset_consumes_1_never_scheduled to None, run_after=None
[2024-12-06T12:56:08.439+0000] {logging_mixin.py:190} INFO - [2024-12-06T12:56:08.439+0000] {dag.py:4180} INFO - Setting next_dagrun for dataset_consumes_unknown_never_scheduled to None, run_after=None
[2024-12-06T12:56:08.442+0000] {logging_mixin.py:190} INFO - [2024-12-06T12:56:08.442+0000] {dag.py:4180} INFO - Setting next_dagrun for dataset_produces_1 to 2024-12-05 00:00:00+00:00, run_after=2024-12-06 00:00:00+00:00
[2024-12-06T12:56:08.444+0000] {logging_mixin.py:190} INFO - [2024-12-06T12:56:08.444+0000] {dag.py:4180} INFO - Setting next_dagrun for dataset_produces_2 to None, run_after=None
[2024-12-06T12:56:08.519+0000] {processor.py:208} INFO - Processing /home/airflow/.local/lib/python3.12/site-packages/airflow/example_dags/example_datasets.py took 0.828 seconds
[2024-12-06T15:51:12.627+0000] {processor.py:186} INFO - Started process (PID=362) to work on /home/airflow/.local/lib/python3.12/site-packages/airflow/example_dags/example_datasets.py
[2024-12-06T15:51:12.634+0000] {processor.py:914} INFO - Processing file /home/airflow/.local/lib/python3.12/site-packages/airflow/example_dags/example_datasets.py for tasks to queue
[2024-12-06T15:51:12.637+0000] {logging_mixin.py:190} INFO - [2024-12-06T15:51:12.637+0000] {dagbag.py:588} INFO - Filling up the DagBag from /home/airflow/.local/lib/python3.12/site-packages/airflow/example_dags/example_datasets.py
[2024-12-06T15:51:13.557+0000] {processor.py:925} INFO - DAG(s) 'dataset_consumes_1', 'consume_1_or_2_with_dataset_expressions', 'dataset_produces_1', 'consume_1_or_both_2_and_3_with_dataset_expressions', 'dataset_consumes_1_and_2', 'dataset_consumes_unknown_never_scheduled', 'dataset_consumes_1_never_scheduled', 'conditional_dataset_and_time_based_timetable', 'dataset_produces_2', 'consume_1_and_2_with_dataset_expressions' retrieved from /home/airflow/.local/lib/python3.12/site-packages/airflow/example_dags/example_datasets.py
[2024-12-06T15:51:13.622+0000] {logging_mixin.py:190} INFO - [2024-12-06T15:51:13.622+0000] {dag.py:3239} INFO - Sync 10 DAGs
[2024-12-06T15:51:13.659+0000] {logging_mixin.py:190} INFO - [2024-12-06T15:51:13.659+0000] {dag.py:4180} INFO - Setting next_dagrun for conditional_dataset_and_time_based_timetable to 2024-12-04 01:00:00+00:00, run_after=2024-12-04 01:00:00+00:00
[2024-12-06T15:51:13.664+0000] {logging_mixin.py:190} INFO - [2024-12-06T15:51:13.664+0000] {dag.py:4180} INFO - Setting next_dagrun for consume_1_and_2_with_dataset_expressions to None, run_after=None
[2024-12-06T15:51:13.666+0000] {logging_mixin.py:190} INFO - [2024-12-06T15:51:13.666+0000] {dag.py:4180} INFO - Setting next_dagrun for consume_1_or_2_with_dataset_expressions to None, run_after=None
[2024-12-06T15:51:13.668+0000] {logging_mixin.py:190} INFO - [2024-12-06T15:51:13.668+0000] {dag.py:4180} INFO - Setting next_dagrun for consume_1_or_both_2_and_3_with_dataset_expressions to None, run_after=None
[2024-12-06T15:51:13.704+0000] {logging_mixin.py:190} INFO - [2024-12-06T15:51:13.704+0000] {dag.py:4180} INFO - Setting next_dagrun for dataset_consumes_1 to None, run_after=None
[2024-12-06T15:51:13.707+0000] {logging_mixin.py:190} INFO - [2024-12-06T15:51:13.707+0000] {dag.py:4180} INFO - Setting next_dagrun for dataset_consumes_1_and_2 to None, run_after=None
[2024-12-06T15:51:13.710+0000] {logging_mixin.py:190} INFO - [2024-12-06T15:51:13.710+0000] {dag.py:4180} INFO - Setting next_dagrun for dataset_consumes_1_never_scheduled to None, run_after=None
[2024-12-06T15:51:13.712+0000] {logging_mixin.py:190} INFO - [2024-12-06T15:51:13.712+0000] {dag.py:4180} INFO - Setting next_dagrun for dataset_consumes_unknown_never_scheduled to None, run_after=None
[2024-12-06T15:51:13.715+0000] {logging_mixin.py:190} INFO - [2024-12-06T15:51:13.715+0000] {dag.py:4180} INFO - Setting next_dagrun for dataset_produces_1 to 2024-12-05 00:00:00+00:00, run_after=2024-12-06 00:00:00+00:00
[2024-12-06T15:51:13.755+0000] {logging_mixin.py:190} INFO - [2024-12-06T15:51:13.755+0000] {dag.py:4180} INFO - Setting next_dagrun for dataset_produces_2 to None, run_after=None
[2024-12-06T15:51:13.838+0000] {processor.py:208} INFO - Processing /home/airflow/.local/lib/python3.12/site-packages/airflow/example_dags/example_datasets.py took 1.221 seconds
