[2024-12-06T12:34:45.824+0000] {processor.py:186} INFO - Started process (PID=112) to work on /home/airflow/.local/lib/python3.12/site-packages/airflow/example_dags/example_short_circuit_decorator.py
[2024-12-06T12:34:45.826+0000] {processor.py:914} INFO - Processing file /home/airflow/.local/lib/python3.12/site-packages/airflow/example_dags/example_short_circuit_decorator.py for tasks to queue
[2024-12-06T12:34:45.828+0000] {logging_mixin.py:190} INFO - [2024-12-06T12:34:45.828+0000] {dagbag.py:588} INFO - Filling up the DagBag from /home/airflow/.local/lib/python3.12/site-packages/airflow/example_dags/example_short_circuit_decorator.py
[2024-12-06T12:34:45.843+0000] {processor.py:925} INFO - DAG(s) 'example_short_circuit_decorator' retrieved from /home/airflow/.local/lib/python3.12/site-packages/airflow/example_dags/example_short_circuit_decorator.py
[2024-12-06T12:34:45.965+0000] {logging_mixin.py:190} INFO - [2024-12-06T12:34:45.964+0000] {override.py:1911} INFO - Created Permission View: can delete on DAG:example_short_circuit_decorator
[2024-12-06T12:34:45.977+0000] {logging_mixin.py:190} INFO - [2024-12-06T12:34:45.977+0000] {override.py:1911} INFO - Created Permission View: can edit on DAG:example_short_circuit_decorator
[2024-12-06T12:34:45.997+0000] {logging_mixin.py:190} INFO - [2024-12-06T12:34:45.996+0000] {override.py:1911} INFO - Created Permission View: can read on DAG:example_short_circuit_decorator
[2024-12-06T12:34:46.012+0000] {logging_mixin.py:190} INFO - [2024-12-06T12:34:46.011+0000] {override.py:1911} INFO - Created Permission View: can delete on DAG Run:example_short_circuit_decorator
[2024-12-06T12:34:46.019+0000] {logging_mixin.py:190} INFO - [2024-12-06T12:34:46.019+0000] {override.py:1911} INFO - Created Permission View: can create on DAG Run:example_short_circuit_decorator
[2024-12-06T12:34:46.026+0000] {logging_mixin.py:190} INFO - [2024-12-06T12:34:46.025+0000] {override.py:1911} INFO - Created Permission View: menu access on DAG Run:example_short_circuit_decorator
[2024-12-06T12:34:46.034+0000] {logging_mixin.py:190} INFO - [2024-12-06T12:34:46.034+0000] {override.py:1911} INFO - Created Permission View: can read on DAG Run:example_short_circuit_decorator
[2024-12-06T12:34:46.035+0000] {logging_mixin.py:190} INFO - [2024-12-06T12:34:46.035+0000] {dag.py:3239} INFO - Sync 1 DAGs
[2024-12-06T12:34:46.048+0000] {logging_mixin.py:190} INFO - [2024-12-06T12:34:46.048+0000] {dag.py:3262} INFO - Creating ORM DAG for example_short_circuit_decorator
[2024-12-06T12:34:46.049+0000] {logging_mixin.py:190} INFO - [2024-12-06T12:34:46.049+0000] {dag.py:4180} INFO - Setting next_dagrun for example_short_circuit_decorator to None, run_after=None
[2024-12-06T12:34:46.068+0000] {processor.py:208} INFO - Processing /home/airflow/.local/lib/python3.12/site-packages/airflow/example_dags/example_short_circuit_decorator.py took 0.250 seconds
[2024-12-06T12:35:16.508+0000] {processor.py:186} INFO - Started process (PID=175) to work on /home/airflow/.local/lib/python3.12/site-packages/airflow/example_dags/example_short_circuit_decorator.py
[2024-12-06T12:35:16.510+0000] {processor.py:914} INFO - Processing file /home/airflow/.local/lib/python3.12/site-packages/airflow/example_dags/example_short_circuit_decorator.py for tasks to queue
[2024-12-06T12:35:16.512+0000] {logging_mixin.py:190} INFO - [2024-12-06T12:35:16.512+0000] {dagbag.py:588} INFO - Filling up the DagBag from /home/airflow/.local/lib/python3.12/site-packages/airflow/example_dags/example_short_circuit_decorator.py
[2024-12-06T12:35:16.521+0000] {processor.py:925} INFO - DAG(s) 'example_short_circuit_decorator' retrieved from /home/airflow/.local/lib/python3.12/site-packages/airflow/example_dags/example_short_circuit_decorator.py
[2024-12-06T12:35:16.557+0000] {logging_mixin.py:190} INFO - [2024-12-06T12:35:16.557+0000] {dag.py:3239} INFO - Sync 1 DAGs
[2024-12-06T12:35:16.571+0000] {logging_mixin.py:190} INFO - [2024-12-06T12:35:16.570+0000] {dag.py:4180} INFO - Setting next_dagrun for example_short_circuit_decorator to None, run_after=None
[2024-12-06T12:35:16.597+0000] {processor.py:208} INFO - Processing /home/airflow/.local/lib/python3.12/site-packages/airflow/example_dags/example_short_circuit_decorator.py took 0.096 seconds
[2024-12-06T12:35:47.159+0000] {processor.py:186} INFO - Started process (PID=237) to work on /home/airflow/.local/lib/python3.12/site-packages/airflow/example_dags/example_short_circuit_decorator.py
[2024-12-06T12:35:47.160+0000] {processor.py:914} INFO - Processing file /home/airflow/.local/lib/python3.12/site-packages/airflow/example_dags/example_short_circuit_decorator.py for tasks to queue
[2024-12-06T12:35:47.163+0000] {logging_mixin.py:190} INFO - [2024-12-06T12:35:47.163+0000] {dagbag.py:588} INFO - Filling up the DagBag from /home/airflow/.local/lib/python3.12/site-packages/airflow/example_dags/example_short_circuit_decorator.py
[2024-12-06T12:35:47.173+0000] {processor.py:925} INFO - DAG(s) 'example_short_circuit_decorator' retrieved from /home/airflow/.local/lib/python3.12/site-packages/airflow/example_dags/example_short_circuit_decorator.py
[2024-12-06T12:35:47.200+0000] {logging_mixin.py:190} INFO - [2024-12-06T12:35:47.200+0000] {dag.py:3239} INFO - Sync 1 DAGs
[2024-12-06T12:35:47.217+0000] {logging_mixin.py:190} INFO - [2024-12-06T12:35:47.217+0000] {dag.py:4180} INFO - Setting next_dagrun for example_short_circuit_decorator to None, run_after=None
[2024-12-06T12:35:47.241+0000] {processor.py:208} INFO - Processing /home/airflow/.local/lib/python3.12/site-packages/airflow/example_dags/example_short_circuit_decorator.py took 0.089 seconds
[2024-12-06T12:56:10.153+0000] {processor.py:186} INFO - Started process (PID=329) to work on /home/airflow/.local/lib/python3.12/site-packages/airflow/example_dags/example_short_circuit_decorator.py
[2024-12-06T12:56:10.155+0000] {processor.py:914} INFO - Processing file /home/airflow/.local/lib/python3.12/site-packages/airflow/example_dags/example_short_circuit_decorator.py for tasks to queue
[2024-12-06T12:56:10.157+0000] {logging_mixin.py:190} INFO - [2024-12-06T12:56:10.157+0000] {dagbag.py:588} INFO - Filling up the DagBag from /home/airflow/.local/lib/python3.12/site-packages/airflow/example_dags/example_short_circuit_decorator.py
[2024-12-06T12:56:10.167+0000] {processor.py:925} INFO - DAG(s) 'example_short_circuit_decorator' retrieved from /home/airflow/.local/lib/python3.12/site-packages/airflow/example_dags/example_short_circuit_decorator.py
[2024-12-06T12:56:10.192+0000] {logging_mixin.py:190} INFO - [2024-12-06T12:56:10.191+0000] {dag.py:3239} INFO - Sync 1 DAGs
[2024-12-06T12:56:10.442+0000] {logging_mixin.py:190} INFO - [2024-12-06T12:56:10.442+0000] {dag.py:4180} INFO - Setting next_dagrun for example_short_circuit_decorator to None, run_after=None
[2024-12-06T12:56:10.480+0000] {processor.py:208} INFO - Processing /home/airflow/.local/lib/python3.12/site-packages/airflow/example_dags/example_short_circuit_decorator.py took 0.332 seconds
