[2024-12-06T12:34:18.783+0000] {processor.py:186} INFO - Started process (PID=78) to work on /home/airflow/.local/lib/python3.12/site-packages/airflow/example_dags/example_complex.py
[2024-12-06T12:34:18.787+0000] {processor.py:914} INFO - Processing file /home/airflow/.local/lib/python3.12/site-packages/airflow/example_dags/example_complex.py for tasks to queue
[2024-12-06T12:34:18.809+0000] {logging_mixin.py:190} INFO - [2024-12-06T12:34:18.808+0000] {dagbag.py:588} INFO - Filling up the DagBag from /home/airflow/.local/lib/python3.12/site-packages/airflow/example_dags/example_complex.py
[2024-12-06T12:34:18.986+0000] {processor.py:925} INFO - DAG(s) 'example_complex' retrieved from /home/airflow/.local/lib/python3.12/site-packages/airflow/example_dags/example_complex.py
[2024-12-06T12:34:20.045+0000] {logging_mixin.py:190} INFO - [2024-12-06T12:34:20.040+0000] {override.py:1911} INFO - Created Permission View: can delete on DAG:example_complex
[2024-12-06T12:34:20.072+0000] {logging_mixin.py:190} INFO - [2024-12-06T12:34:20.071+0000] {override.py:1911} INFO - Created Permission View: can edit on DAG:example_complex
[2024-12-06T12:34:20.087+0000] {logging_mixin.py:190} INFO - [2024-12-06T12:34:20.087+0000] {override.py:1911} INFO - Created Permission View: can read on DAG:example_complex
[2024-12-06T12:34:20.121+0000] {logging_mixin.py:190} INFO - [2024-12-06T12:34:20.121+0000] {override.py:1911} INFO - Created Permission View: can delete on DAG Run:example_complex
[2024-12-06T12:34:20.146+0000] {logging_mixin.py:190} INFO - [2024-12-06T12:34:20.145+0000] {override.py:1911} INFO - Created Permission View: can create on DAG Run:example_complex
[2024-12-06T12:34:20.193+0000] {logging_mixin.py:190} INFO - [2024-12-06T12:34:20.189+0000] {override.py:1911} INFO - Created Permission View: menu access on DAG Run:example_complex
[2024-12-06T12:34:20.243+0000] {logging_mixin.py:190} INFO - [2024-12-06T12:34:20.242+0000] {override.py:1911} INFO - Created Permission View: can read on DAG Run:example_complex
[2024-12-06T12:34:20.247+0000] {logging_mixin.py:190} INFO - [2024-12-06T12:34:20.246+0000] {dag.py:3239} INFO - Sync 1 DAGs
[2024-12-06T12:34:20.310+0000] {logging_mixin.py:190} INFO - [2024-12-06T12:34:20.310+0000] {dag.py:3262} INFO - Creating ORM DAG for example_complex
[2024-12-06T12:34:20.313+0000] {logging_mixin.py:190} INFO - [2024-12-06T12:34:20.312+0000] {dag.py:4180} INFO - Setting next_dagrun for example_complex to None, run_after=None
[2024-12-06T12:34:20.382+0000] {processor.py:208} INFO - Processing /home/airflow/.local/lib/python3.12/site-packages/airflow/example_dags/example_complex.py took 1.621 seconds
[2024-12-06T12:34:51.509+0000] {processor.py:186} INFO - Started process (PID=147) to work on /home/airflow/.local/lib/python3.12/site-packages/airflow/example_dags/example_complex.py
[2024-12-06T12:34:51.514+0000] {processor.py:914} INFO - Processing file /home/airflow/.local/lib/python3.12/site-packages/airflow/example_dags/example_complex.py for tasks to queue
[2024-12-06T12:34:51.520+0000] {logging_mixin.py:190} INFO - [2024-12-06T12:34:51.520+0000] {dagbag.py:588} INFO - Filling up the DagBag from /home/airflow/.local/lib/python3.12/site-packages/airflow/example_dags/example_complex.py
[2024-12-06T12:34:51.541+0000] {processor.py:925} INFO - DAG(s) 'example_complex' retrieved from /home/airflow/.local/lib/python3.12/site-packages/airflow/example_dags/example_complex.py
[2024-12-06T12:34:51.611+0000] {logging_mixin.py:190} INFO - [2024-12-06T12:34:51.610+0000] {dag.py:3239} INFO - Sync 1 DAGs
[2024-12-06T12:34:51.636+0000] {logging_mixin.py:190} INFO - [2024-12-06T12:34:51.636+0000] {dag.py:4180} INFO - Setting next_dagrun for example_complex to None, run_after=None
[2024-12-06T12:34:51.684+0000] {processor.py:208} INFO - Processing /home/airflow/.local/lib/python3.12/site-packages/airflow/example_dags/example_complex.py took 0.185 seconds
[2024-12-06T12:35:22.111+0000] {processor.py:186} INFO - Started process (PID=210) to work on /home/airflow/.local/lib/python3.12/site-packages/airflow/example_dags/example_complex.py
[2024-12-06T12:35:22.112+0000] {processor.py:914} INFO - Processing file /home/airflow/.local/lib/python3.12/site-packages/airflow/example_dags/example_complex.py for tasks to queue
[2024-12-06T12:35:22.115+0000] {logging_mixin.py:190} INFO - [2024-12-06T12:35:22.115+0000] {dagbag.py:588} INFO - Filling up the DagBag from /home/airflow/.local/lib/python3.12/site-packages/airflow/example_dags/example_complex.py
[2024-12-06T12:35:22.126+0000] {processor.py:925} INFO - DAG(s) 'example_complex' retrieved from /home/airflow/.local/lib/python3.12/site-packages/airflow/example_dags/example_complex.py
[2024-12-06T12:35:22.158+0000] {logging_mixin.py:190} INFO - [2024-12-06T12:35:22.158+0000] {dag.py:3239} INFO - Sync 1 DAGs
[2024-12-06T12:35:22.172+0000] {logging_mixin.py:190} INFO - [2024-12-06T12:35:22.172+0000] {dag.py:4180} INFO - Setting next_dagrun for example_complex to None, run_after=None
[2024-12-06T12:35:22.214+0000] {processor.py:208} INFO - Processing /home/airflow/.local/lib/python3.12/site-packages/airflow/example_dags/example_complex.py took 0.111 seconds
[2024-12-06T12:35:52.901+0000] {processor.py:186} INFO - Started process (PID=273) to work on /home/airflow/.local/lib/python3.12/site-packages/airflow/example_dags/example_complex.py
[2024-12-06T12:35:52.903+0000] {processor.py:914} INFO - Processing file /home/airflow/.local/lib/python3.12/site-packages/airflow/example_dags/example_complex.py for tasks to queue
[2024-12-06T12:35:52.906+0000] {logging_mixin.py:190} INFO - [2024-12-06T12:35:52.906+0000] {dagbag.py:588} INFO - Filling up the DagBag from /home/airflow/.local/lib/python3.12/site-packages/airflow/example_dags/example_complex.py
[2024-12-06T12:35:52.919+0000] {processor.py:925} INFO - DAG(s) 'example_complex' retrieved from /home/airflow/.local/lib/python3.12/site-packages/airflow/example_dags/example_complex.py
[2024-12-06T12:35:52.952+0000] {logging_mixin.py:190} INFO - [2024-12-06T12:35:52.952+0000] {dag.py:3239} INFO - Sync 1 DAGs
[2024-12-06T12:35:52.969+0000] {logging_mixin.py:190} INFO - [2024-12-06T12:35:52.969+0000] {dag.py:4180} INFO - Setting next_dagrun for example_complex to None, run_after=None
[2024-12-06T12:35:52.991+0000] {processor.py:208} INFO - Processing /home/airflow/.local/lib/python3.12/site-packages/airflow/example_dags/example_complex.py took 0.099 seconds
[2024-12-06T12:56:07.406+0000] {processor.py:186} INFO - Started process (PID=303) to work on /home/airflow/.local/lib/python3.12/site-packages/airflow/example_dags/example_complex.py
[2024-12-06T12:56:07.433+0000] {processor.py:914} INFO - Processing file /home/airflow/.local/lib/python3.12/site-packages/airflow/example_dags/example_complex.py for tasks to queue
[2024-12-06T12:56:07.435+0000] {logging_mixin.py:190} INFO - [2024-12-06T12:56:07.435+0000] {dagbag.py:588} INFO - Filling up the DagBag from /home/airflow/.local/lib/python3.12/site-packages/airflow/example_dags/example_complex.py
[2024-12-06T12:56:07.448+0000] {processor.py:925} INFO - DAG(s) 'example_complex' retrieved from /home/airflow/.local/lib/python3.12/site-packages/airflow/example_dags/example_complex.py
[2024-12-06T12:56:07.481+0000] {logging_mixin.py:190} INFO - [2024-12-06T12:56:07.480+0000] {dag.py:3239} INFO - Sync 1 DAGs
[2024-12-06T12:56:07.496+0000] {logging_mixin.py:190} INFO - [2024-12-06T12:56:07.496+0000] {dag.py:4180} INFO - Setting next_dagrun for example_complex to None, run_after=None
[2024-12-06T12:56:07.518+0000] {processor.py:208} INFO - Processing /home/airflow/.local/lib/python3.12/site-packages/airflow/example_dags/example_complex.py took 0.118 seconds
[2024-12-06T15:51:12.275+0000] {processor.py:186} INFO - Started process (PID=358) to work on /home/airflow/.local/lib/python3.12/site-packages/airflow/example_dags/example_complex.py
[2024-12-06T15:51:12.277+0000] {processor.py:914} INFO - Processing file /home/airflow/.local/lib/python3.12/site-packages/airflow/example_dags/example_complex.py for tasks to queue
[2024-12-06T15:51:12.278+0000] {logging_mixin.py:190} INFO - [2024-12-06T15:51:12.278+0000] {dagbag.py:588} INFO - Filling up the DagBag from /home/airflow/.local/lib/python3.12/site-packages/airflow/example_dags/example_complex.py
[2024-12-06T15:51:12.293+0000] {processor.py:925} INFO - DAG(s) 'example_complex' retrieved from /home/airflow/.local/lib/python3.12/site-packages/airflow/example_dags/example_complex.py
[2024-12-06T15:51:12.332+0000] {logging_mixin.py:190} INFO - [2024-12-06T15:51:12.331+0000] {dag.py:3239} INFO - Sync 1 DAGs
[2024-12-06T15:51:12.354+0000] {logging_mixin.py:190} INFO - [2024-12-06T15:51:12.353+0000] {dag.py:4180} INFO - Setting next_dagrun for example_complex to None, run_after=None
[2024-12-06T15:51:12.382+0000] {processor.py:208} INFO - Processing /home/airflow/.local/lib/python3.12/site-packages/airflow/example_dags/example_complex.py took 0.114 seconds
