[2024-12-06T12:34:39.230+0000] {processor.py:186} INFO - Started process (PID=97) to work on /home/airflow/.local/lib/python3.12/site-packages/airflow/example_dags/example_xcom.py
[2024-12-06T12:34:39.231+0000] {processor.py:914} INFO - Processing file /home/airflow/.local/lib/python3.12/site-packages/airflow/example_dags/example_xcom.py for tasks to queue
[2024-12-06T12:34:39.235+0000] {logging_mixin.py:190} INFO - [2024-12-06T12:34:39.234+0000] {dagbag.py:588} INFO - Filling up the DagBag from /home/airflow/.local/lib/python3.12/site-packages/airflow/example_dags/example_xcom.py
[2024-12-06T12:34:39.267+0000] {processor.py:925} INFO - DAG(s) 'example_xcom' retrieved from /home/airflow/.local/lib/python3.12/site-packages/airflow/example_dags/example_xcom.py
[2024-12-06T12:34:39.455+0000] {logging_mixin.py:190} INFO - [2024-12-06T12:34:39.454+0000] {override.py:1911} INFO - Created Permission View: can delete on DAG:example_xcom
[2024-12-06T12:34:39.484+0000] {logging_mixin.py:190} INFO - [2024-12-06T12:34:39.484+0000] {override.py:1911} INFO - Created Permission View: can edit on DAG:example_xcom
[2024-12-06T12:34:39.496+0000] {logging_mixin.py:190} INFO - [2024-12-06T12:34:39.495+0000] {override.py:1911} INFO - Created Permission View: can read on DAG:example_xcom
[2024-12-06T12:34:39.511+0000] {logging_mixin.py:190} INFO - [2024-12-06T12:34:39.511+0000] {override.py:1911} INFO - Created Permission View: can delete on DAG Run:example_xcom
[2024-12-06T12:34:39.525+0000] {logging_mixin.py:190} INFO - [2024-12-06T12:34:39.525+0000] {override.py:1911} INFO - Created Permission View: can create on DAG Run:example_xcom
[2024-12-06T12:34:39.536+0000] {logging_mixin.py:190} INFO - [2024-12-06T12:34:39.535+0000] {override.py:1911} INFO - Created Permission View: menu access on DAG Run:example_xcom
[2024-12-06T12:34:39.547+0000] {logging_mixin.py:190} INFO - [2024-12-06T12:34:39.547+0000] {override.py:1911} INFO - Created Permission View: can read on DAG Run:example_xcom
[2024-12-06T12:34:39.548+0000] {logging_mixin.py:190} INFO - [2024-12-06T12:34:39.548+0000] {dag.py:3239} INFO - Sync 1 DAGs
[2024-12-06T12:34:39.578+0000] {logging_mixin.py:190} INFO - [2024-12-06T12:34:39.577+0000] {dag.py:3262} INFO - Creating ORM DAG for example_xcom
[2024-12-06T12:34:39.604+0000] {logging_mixin.py:190} INFO - [2024-12-06T12:34:39.603+0000] {dag.py:4180} INFO - Setting next_dagrun for example_xcom to 2021-01-01 00:00:00+00:00, run_after=2021-01-01 00:00:00+00:00
[2024-12-06T12:34:39.629+0000] {processor.py:208} INFO - Processing /home/airflow/.local/lib/python3.12/site-packages/airflow/example_dags/example_xcom.py took 0.408 seconds
[2024-12-06T12:35:11.130+0000] {processor.py:186} INFO - Started process (PID=160) to work on /home/airflow/.local/lib/python3.12/site-packages/airflow/example_dags/example_xcom.py
[2024-12-06T12:35:11.135+0000] {processor.py:914} INFO - Processing file /home/airflow/.local/lib/python3.12/site-packages/airflow/example_dags/example_xcom.py for tasks to queue
[2024-12-06T12:35:11.145+0000] {logging_mixin.py:190} INFO - [2024-12-06T12:35:11.145+0000] {dagbag.py:588} INFO - Filling up the DagBag from /home/airflow/.local/lib/python3.12/site-packages/airflow/example_dags/example_xcom.py
[2024-12-06T12:35:11.163+0000] {processor.py:925} INFO - DAG(s) 'example_xcom' retrieved from /home/airflow/.local/lib/python3.12/site-packages/airflow/example_dags/example_xcom.py
[2024-12-06T12:35:11.203+0000] {logging_mixin.py:190} INFO - [2024-12-06T12:35:11.202+0000] {dag.py:3239} INFO - Sync 1 DAGs
[2024-12-06T12:35:11.259+0000] {logging_mixin.py:190} INFO - [2024-12-06T12:35:11.258+0000] {dag.py:4180} INFO - Setting next_dagrun for example_xcom to 2021-01-01 00:00:00+00:00, run_after=2021-01-01 00:00:00+00:00
[2024-12-06T12:35:11.283+0000] {processor.py:208} INFO - Processing /home/airflow/.local/lib/python3.12/site-packages/airflow/example_dags/example_xcom.py took 0.364 seconds
[2024-12-06T12:35:42.333+0000] {processor.py:186} INFO - Started process (PID=223) to work on /home/airflow/.local/lib/python3.12/site-packages/airflow/example_dags/example_xcom.py
[2024-12-06T12:35:42.335+0000] {processor.py:914} INFO - Processing file /home/airflow/.local/lib/python3.12/site-packages/airflow/example_dags/example_xcom.py for tasks to queue
[2024-12-06T12:35:42.338+0000] {logging_mixin.py:190} INFO - [2024-12-06T12:35:42.337+0000] {dagbag.py:588} INFO - Filling up the DagBag from /home/airflow/.local/lib/python3.12/site-packages/airflow/example_dags/example_xcom.py
[2024-12-06T12:35:42.352+0000] {processor.py:925} INFO - DAG(s) 'example_xcom' retrieved from /home/airflow/.local/lib/python3.12/site-packages/airflow/example_dags/example_xcom.py
[2024-12-06T12:35:42.393+0000] {logging_mixin.py:190} INFO - [2024-12-06T12:35:42.393+0000] {dag.py:3239} INFO - Sync 1 DAGs
[2024-12-06T12:35:42.424+0000] {logging_mixin.py:190} INFO - [2024-12-06T12:35:42.424+0000] {dag.py:4180} INFO - Setting next_dagrun for example_xcom to 2021-01-01 00:00:00+00:00, run_after=2021-01-01 00:00:00+00:00
[2024-12-06T12:35:42.607+0000] {processor.py:208} INFO - Processing /home/airflow/.local/lib/python3.12/site-packages/airflow/example_dags/example_xcom.py took 0.281 seconds
[2024-12-06T12:36:16.174+0000] {processor.py:186} INFO - Started process (PID=285) to work on /home/airflow/.local/lib/python3.12/site-packages/airflow/example_dags/example_xcom.py
[2024-12-06T12:36:16.176+0000] {processor.py:914} INFO - Processing file /home/airflow/.local/lib/python3.12/site-packages/airflow/example_dags/example_xcom.py for tasks to queue
[2024-12-06T12:36:16.182+0000] {logging_mixin.py:190} INFO - [2024-12-06T12:36:16.182+0000] {dagbag.py:588} INFO - Filling up the DagBag from /home/airflow/.local/lib/python3.12/site-packages/airflow/example_dags/example_xcom.py
[2024-12-06T12:36:16.207+0000] {processor.py:925} INFO - DAG(s) 'example_xcom' retrieved from /home/airflow/.local/lib/python3.12/site-packages/airflow/example_dags/example_xcom.py
[2024-12-06T12:36:16.262+0000] {logging_mixin.py:190} INFO - [2024-12-06T12:36:16.262+0000] {dag.py:3239} INFO - Sync 1 DAGs
[2024-12-06T12:36:16.331+0000] {logging_mixin.py:190} INFO - [2024-12-06T12:36:16.330+0000] {dag.py:4180} INFO - Setting next_dagrun for example_xcom to 2021-01-01 00:00:00+00:00, run_after=2021-01-01 00:00:00+00:00
[2024-12-06T12:36:16.413+0000] {processor.py:208} INFO - Processing /home/airflow/.local/lib/python3.12/site-packages/airflow/example_dags/example_xcom.py took 0.252 seconds
[2024-12-06T12:56:09.081+0000] {processor.py:186} INFO - Started process (PID=315) to work on /home/airflow/.local/lib/python3.12/site-packages/airflow/example_dags/example_xcom.py
[2024-12-06T12:56:09.084+0000] {processor.py:914} INFO - Processing file /home/airflow/.local/lib/python3.12/site-packages/airflow/example_dags/example_xcom.py for tasks to queue
[2024-12-06T12:56:09.089+0000] {logging_mixin.py:190} INFO - [2024-12-06T12:56:09.088+0000] {dagbag.py:588} INFO - Filling up the DagBag from /home/airflow/.local/lib/python3.12/site-packages/airflow/example_dags/example_xcom.py
[2024-12-06T12:56:09.102+0000] {processor.py:925} INFO - DAG(s) 'example_xcom' retrieved from /home/airflow/.local/lib/python3.12/site-packages/airflow/example_dags/example_xcom.py
[2024-12-06T12:56:09.130+0000] {logging_mixin.py:190} INFO - [2024-12-06T12:56:09.130+0000] {dag.py:3239} INFO - Sync 1 DAGs
[2024-12-06T12:56:09.160+0000] {logging_mixin.py:190} INFO - [2024-12-06T12:56:09.159+0000] {dag.py:4180} INFO - Setting next_dagrun for example_xcom to 2021-01-01 00:00:00+00:00, run_after=2021-01-01 00:00:00+00:00
[2024-12-06T12:56:09.181+0000] {processor.py:208} INFO - Processing /home/airflow/.local/lib/python3.12/site-packages/airflow/example_dags/example_xcom.py took 0.109 seconds
[2024-12-06T15:51:14.667+0000] {processor.py:186} INFO - Started process (PID=371) to work on /home/airflow/.local/lib/python3.12/site-packages/airflow/example_dags/example_xcom.py
[2024-12-06T15:51:14.668+0000] {processor.py:914} INFO - Processing file /home/airflow/.local/lib/python3.12/site-packages/airflow/example_dags/example_xcom.py for tasks to queue
[2024-12-06T15:51:14.670+0000] {logging_mixin.py:190} INFO - [2024-12-06T15:51:14.670+0000] {dagbag.py:588} INFO - Filling up the DagBag from /home/airflow/.local/lib/python3.12/site-packages/airflow/example_dags/example_xcom.py
[2024-12-06T15:51:14.680+0000] {processor.py:925} INFO - DAG(s) 'example_xcom' retrieved from /home/airflow/.local/lib/python3.12/site-packages/airflow/example_dags/example_xcom.py
[2024-12-06T15:51:14.699+0000] {logging_mixin.py:190} INFO - [2024-12-06T15:51:14.699+0000] {dag.py:3239} INFO - Sync 1 DAGs
[2024-12-06T15:51:14.722+0000] {logging_mixin.py:190} INFO - [2024-12-06T15:51:14.722+0000] {dag.py:4180} INFO - Setting next_dagrun for example_xcom to 2021-01-01 00:00:00+00:00, run_after=2021-01-01 00:00:00+00:00
[2024-12-06T15:51:14.742+0000] {processor.py:208} INFO - Processing /home/airflow/.local/lib/python3.12/site-packages/airflow/example_dags/example_xcom.py took 0.082 seconds
