[2024-12-06T12:34:47.225+0000] {processor.py:186} INFO - Started process (PID=119) to work on /home/airflow/.local/lib/python3.12/site-packages/airflow/example_dags/example_short_circuit_operator.py
[2024-12-06T12:34:47.228+0000] {processor.py:914} INFO - Processing file /home/airflow/.local/lib/python3.12/site-packages/airflow/example_dags/example_short_circuit_operator.py for tasks to queue
[2024-12-06T12:34:47.232+0000] {logging_mixin.py:190} INFO - [2024-12-06T12:34:47.232+0000] {dagbag.py:588} INFO - Filling up the DagBag from /home/airflow/.local/lib/python3.12/site-packages/airflow/example_dags/example_short_circuit_operator.py
[2024-12-06T12:34:47.244+0000] {processor.py:925} INFO - DAG(s) 'example_short_circuit_operator' retrieved from /home/airflow/.local/lib/python3.12/site-packages/airflow/example_dags/example_short_circuit_operator.py
[2024-12-06T12:34:47.384+0000] {logging_mixin.py:190} INFO - [2024-12-06T12:34:47.383+0000] {override.py:1911} INFO - Created Permission View: can delete on DAG:example_short_circuit_operator
[2024-12-06T12:34:47.397+0000] {logging_mixin.py:190} INFO - [2024-12-06T12:34:47.396+0000] {override.py:1911} INFO - Created Permission View: can edit on DAG:example_short_circuit_operator
[2024-12-06T12:34:47.417+0000] {logging_mixin.py:190} INFO - [2024-12-06T12:34:47.416+0000] {override.py:1911} INFO - Created Permission View: can read on DAG:example_short_circuit_operator
[2024-12-06T12:34:47.432+0000] {logging_mixin.py:190} INFO - [2024-12-06T12:34:47.432+0000] {override.py:1911} INFO - Created Permission View: can delete on DAG Run:example_short_circuit_operator
[2024-12-06T12:34:47.440+0000] {logging_mixin.py:190} INFO - [2024-12-06T12:34:47.440+0000] {override.py:1911} INFO - Created Permission View: can create on DAG Run:example_short_circuit_operator
[2024-12-06T12:34:47.449+0000] {logging_mixin.py:190} INFO - [2024-12-06T12:34:47.449+0000] {override.py:1911} INFO - Created Permission View: menu access on DAG Run:example_short_circuit_operator
[2024-12-06T12:34:47.459+0000] {logging_mixin.py:190} INFO - [2024-12-06T12:34:47.459+0000] {override.py:1911} INFO - Created Permission View: can read on DAG Run:example_short_circuit_operator
[2024-12-06T12:34:47.460+0000] {logging_mixin.py:190} INFO - [2024-12-06T12:34:47.460+0000] {dag.py:3239} INFO - Sync 1 DAGs
[2024-12-06T12:34:47.477+0000] {logging_mixin.py:190} INFO - [2024-12-06T12:34:47.476+0000] {dag.py:3262} INFO - Creating ORM DAG for example_short_circuit_operator
[2024-12-06T12:34:47.478+0000] {logging_mixin.py:190} INFO - [2024-12-06T12:34:47.477+0000] {dag.py:4180} INFO - Setting next_dagrun for example_short_circuit_operator to None, run_after=None
[2024-12-06T12:34:47.500+0000] {processor.py:208} INFO - Processing /home/airflow/.local/lib/python3.12/site-packages/airflow/example_dags/example_short_circuit_operator.py took 0.282 seconds
[2024-12-06T12:35:18.191+0000] {processor.py:186} INFO - Started process (PID=182) to work on /home/airflow/.local/lib/python3.12/site-packages/airflow/example_dags/example_short_circuit_operator.py
[2024-12-06T12:35:18.192+0000] {processor.py:914} INFO - Processing file /home/airflow/.local/lib/python3.12/site-packages/airflow/example_dags/example_short_circuit_operator.py for tasks to queue
[2024-12-06T12:35:18.197+0000] {logging_mixin.py:190} INFO - [2024-12-06T12:35:18.197+0000] {dagbag.py:588} INFO - Filling up the DagBag from /home/airflow/.local/lib/python3.12/site-packages/airflow/example_dags/example_short_circuit_operator.py
[2024-12-06T12:35:18.209+0000] {processor.py:925} INFO - DAG(s) 'example_short_circuit_operator' retrieved from /home/airflow/.local/lib/python3.12/site-packages/airflow/example_dags/example_short_circuit_operator.py
[2024-12-06T12:35:18.233+0000] {logging_mixin.py:190} INFO - [2024-12-06T12:35:18.232+0000] {dag.py:3239} INFO - Sync 1 DAGs
[2024-12-06T12:35:18.247+0000] {logging_mixin.py:190} INFO - [2024-12-06T12:35:18.246+0000] {dag.py:4180} INFO - Setting next_dagrun for example_short_circuit_operator to None, run_after=None
[2024-12-06T12:35:18.267+0000] {processor.py:208} INFO - Processing /home/airflow/.local/lib/python3.12/site-packages/airflow/example_dags/example_short_circuit_operator.py took 0.088 seconds
[2024-12-06T12:35:48.705+0000] {processor.py:186} INFO - Started process (PID=244) to work on /home/airflow/.local/lib/python3.12/site-packages/airflow/example_dags/example_short_circuit_operator.py
[2024-12-06T12:35:48.706+0000] {processor.py:914} INFO - Processing file /home/airflow/.local/lib/python3.12/site-packages/airflow/example_dags/example_short_circuit_operator.py for tasks to queue
[2024-12-06T12:35:48.709+0000] {logging_mixin.py:190} INFO - [2024-12-06T12:35:48.708+0000] {dagbag.py:588} INFO - Filling up the DagBag from /home/airflow/.local/lib/python3.12/site-packages/airflow/example_dags/example_short_circuit_operator.py
[2024-12-06T12:35:48.718+0000] {processor.py:925} INFO - DAG(s) 'example_short_circuit_operator' retrieved from /home/airflow/.local/lib/python3.12/site-packages/airflow/example_dags/example_short_circuit_operator.py
[2024-12-06T12:35:48.744+0000] {logging_mixin.py:190} INFO - [2024-12-06T12:35:48.743+0000] {dag.py:3239} INFO - Sync 1 DAGs
[2024-12-06T12:35:48.760+0000] {logging_mixin.py:190} INFO - [2024-12-06T12:35:48.760+0000] {dag.py:4180} INFO - Setting next_dagrun for example_short_circuit_operator to None, run_after=None
[2024-12-06T12:35:48.785+0000] {processor.py:208} INFO - Processing /home/airflow/.local/lib/python3.12/site-packages/airflow/example_dags/example_short_circuit_operator.py took 0.087 seconds
[2024-12-06T15:51:09.380+0000] {processor.py:186} INFO - Started process (PID=336) to work on /home/airflow/.local/lib/python3.12/site-packages/airflow/example_dags/example_short_circuit_operator.py
[2024-12-06T15:51:09.382+0000] {processor.py:914} INFO - Processing file /home/airflow/.local/lib/python3.12/site-packages/airflow/example_dags/example_short_circuit_operator.py for tasks to queue
[2024-12-06T15:51:09.385+0000] {logging_mixin.py:190} INFO - [2024-12-06T15:51:09.384+0000] {dagbag.py:588} INFO - Filling up the DagBag from /home/airflow/.local/lib/python3.12/site-packages/airflow/example_dags/example_short_circuit_operator.py
[2024-12-06T15:51:09.414+0000] {processor.py:925} INFO - DAG(s) 'example_short_circuit_operator' retrieved from /home/airflow/.local/lib/python3.12/site-packages/airflow/example_dags/example_short_circuit_operator.py
[2024-12-06T15:51:09.483+0000] {logging_mixin.py:190} INFO - [2024-12-06T15:51:09.482+0000] {dag.py:3239} INFO - Sync 1 DAGs
[2024-12-06T15:51:09.532+0000] {logging_mixin.py:190} INFO - [2024-12-06T15:51:09.532+0000] {dag.py:4180} INFO - Setting next_dagrun for example_short_circuit_operator to None, run_after=None
[2024-12-06T15:51:09.597+0000] {processor.py:208} INFO - Processing /home/airflow/.local/lib/python3.12/site-packages/airflow/example_dags/example_short_circuit_operator.py took 0.236 seconds
