[2024-12-06T12:34:48.209+0000] {processor.py:186} INFO - Started process (PID=123) to work on /home/airflow/.local/lib/python3.12/site-packages/airflow/example_dags/example_python_decorator.py
[2024-12-06T12:34:48.210+0000] {processor.py:914} INFO - Processing file /home/airflow/.local/lib/python3.12/site-packages/airflow/example_dags/example_python_decorator.py for tasks to queue
[2024-12-06T12:34:48.213+0000] {logging_mixin.py:190} INFO - [2024-12-06T12:34:48.213+0000] {dagbag.py:588} INFO - Filling up the DagBag from /home/airflow/.local/lib/python3.12/site-packages/airflow/example_dags/example_python_decorator.py
[2024-12-06T12:34:48.232+0000] {processor.py:925} INFO - DAG(s) 'example_python_decorator' retrieved from /home/airflow/.local/lib/python3.12/site-packages/airflow/example_dags/example_python_decorator.py
[2024-12-06T12:34:48.358+0000] {logging_mixin.py:190} INFO - [2024-12-06T12:34:48.357+0000] {override.py:1911} INFO - Created Permission View: can delete on DAG:example_python_decorator
[2024-12-06T12:34:48.371+0000] {logging_mixin.py:190} INFO - [2024-12-06T12:34:48.371+0000] {override.py:1911} INFO - Created Permission View: can edit on DAG:example_python_decorator
[2024-12-06T12:34:48.382+0000] {logging_mixin.py:190} INFO - [2024-12-06T12:34:48.381+0000] {override.py:1911} INFO - Created Permission View: can read on DAG:example_python_decorator
[2024-12-06T12:34:48.403+0000] {logging_mixin.py:190} INFO - [2024-12-06T12:34:48.402+0000] {override.py:1911} INFO - Created Permission View: can delete on DAG Run:example_python_decorator
[2024-12-06T12:34:48.417+0000] {logging_mixin.py:190} INFO - [2024-12-06T12:34:48.417+0000] {override.py:1911} INFO - Created Permission View: can create on DAG Run:example_python_decorator
[2024-12-06T12:34:48.427+0000] {logging_mixin.py:190} INFO - [2024-12-06T12:34:48.427+0000] {override.py:1911} INFO - Created Permission View: menu access on DAG Run:example_python_decorator
[2024-12-06T12:34:48.435+0000] {logging_mixin.py:190} INFO - [2024-12-06T12:34:48.435+0000] {override.py:1911} INFO - Created Permission View: can read on DAG Run:example_python_decorator
[2024-12-06T12:34:48.436+0000] {logging_mixin.py:190} INFO - [2024-12-06T12:34:48.435+0000] {dag.py:3239} INFO - Sync 1 DAGs
[2024-12-06T12:34:48.452+0000] {logging_mixin.py:190} INFO - [2024-12-06T12:34:48.452+0000] {dag.py:3262} INFO - Creating ORM DAG for example_python_decorator
[2024-12-06T12:34:48.454+0000] {logging_mixin.py:190} INFO - [2024-12-06T12:34:48.453+0000] {dag.py:4180} INFO - Setting next_dagrun for example_python_decorator to None, run_after=None
[2024-12-06T12:34:48.481+0000] {processor.py:208} INFO - Processing /home/airflow/.local/lib/python3.12/site-packages/airflow/example_dags/example_python_decorator.py took 0.280 seconds
[2024-12-06T12:35:18.759+0000] {processor.py:186} INFO - Started process (PID=186) to work on /home/airflow/.local/lib/python3.12/site-packages/airflow/example_dags/example_python_decorator.py
[2024-12-06T12:35:18.760+0000] {processor.py:914} INFO - Processing file /home/airflow/.local/lib/python3.12/site-packages/airflow/example_dags/example_python_decorator.py for tasks to queue
[2024-12-06T12:35:18.762+0000] {logging_mixin.py:190} INFO - [2024-12-06T12:35:18.762+0000] {dagbag.py:588} INFO - Filling up the DagBag from /home/airflow/.local/lib/python3.12/site-packages/airflow/example_dags/example_python_decorator.py
[2024-12-06T12:35:18.778+0000] {processor.py:925} INFO - DAG(s) 'example_python_decorator' retrieved from /home/airflow/.local/lib/python3.12/site-packages/airflow/example_dags/example_python_decorator.py
[2024-12-06T12:35:18.802+0000] {logging_mixin.py:190} INFO - [2024-12-06T12:35:18.801+0000] {dag.py:3239} INFO - Sync 1 DAGs
[2024-12-06T12:35:18.816+0000] {logging_mixin.py:190} INFO - [2024-12-06T12:35:18.816+0000] {dag.py:4180} INFO - Setting next_dagrun for example_python_decorator to None, run_after=None
[2024-12-06T12:35:18.850+0000] {processor.py:208} INFO - Processing /home/airflow/.local/lib/python3.12/site-packages/airflow/example_dags/example_python_decorator.py took 0.097 seconds
[2024-12-06T12:35:49.667+0000] {processor.py:186} INFO - Started process (PID=249) to work on /home/airflow/.local/lib/python3.12/site-packages/airflow/example_dags/example_python_decorator.py
[2024-12-06T12:35:49.669+0000] {processor.py:914} INFO - Processing file /home/airflow/.local/lib/python3.12/site-packages/airflow/example_dags/example_python_decorator.py for tasks to queue
[2024-12-06T12:35:49.672+0000] {logging_mixin.py:190} INFO - [2024-12-06T12:35:49.672+0000] {dagbag.py:588} INFO - Filling up the DagBag from /home/airflow/.local/lib/python3.12/site-packages/airflow/example_dags/example_python_decorator.py
[2024-12-06T12:35:49.688+0000] {processor.py:925} INFO - DAG(s) 'example_python_decorator' retrieved from /home/airflow/.local/lib/python3.12/site-packages/airflow/example_dags/example_python_decorator.py
[2024-12-06T12:35:49.712+0000] {logging_mixin.py:190} INFO - [2024-12-06T12:35:49.711+0000] {dag.py:3239} INFO - Sync 1 DAGs
[2024-12-06T12:35:49.726+0000] {logging_mixin.py:190} INFO - [2024-12-06T12:35:49.726+0000] {dag.py:4180} INFO - Setting next_dagrun for example_python_decorator to None, run_after=None
[2024-12-06T12:35:49.749+0000] {processor.py:208} INFO - Processing /home/airflow/.local/lib/python3.12/site-packages/airflow/example_dags/example_python_decorator.py took 0.088 seconds
[2024-12-06T15:51:10.449+0000] {processor.py:186} INFO - Started process (PID=340) to work on /home/airflow/.local/lib/python3.12/site-packages/airflow/example_dags/example_python_decorator.py
[2024-12-06T15:51:10.451+0000] {processor.py:914} INFO - Processing file /home/airflow/.local/lib/python3.12/site-packages/airflow/example_dags/example_python_decorator.py for tasks to queue
[2024-12-06T15:51:10.452+0000] {logging_mixin.py:190} INFO - [2024-12-06T15:51:10.452+0000] {dagbag.py:588} INFO - Filling up the DagBag from /home/airflow/.local/lib/python3.12/site-packages/airflow/example_dags/example_python_decorator.py
[2024-12-06T15:51:10.471+0000] {processor.py:925} INFO - DAG(s) 'example_python_decorator' retrieved from /home/airflow/.local/lib/python3.12/site-packages/airflow/example_dags/example_python_decorator.py
[2024-12-06T15:51:10.514+0000] {logging_mixin.py:190} INFO - [2024-12-06T15:51:10.513+0000] {dag.py:3239} INFO - Sync 1 DAGs
[2024-12-06T15:51:10.534+0000] {logging_mixin.py:190} INFO - [2024-12-06T15:51:10.534+0000] {dag.py:4180} INFO - Setting next_dagrun for example_python_decorator to None, run_after=None
[2024-12-06T15:51:10.578+0000] {processor.py:208} INFO - Processing /home/airflow/.local/lib/python3.12/site-packages/airflow/example_dags/example_python_decorator.py took 0.144 seconds
