[2024-12-06T12:34:41.140+0000] {processor.py:186} INFO - Started process (PID=104) to work on /home/airflow/.local/lib/python3.12/site-packages/airflow/example_dags/example_trigger_controller_dag.py
[2024-12-06T12:34:41.142+0000] {processor.py:914} INFO - Processing file /home/airflow/.local/lib/python3.12/site-packages/airflow/example_dags/example_trigger_controller_dag.py for tasks to queue
[2024-12-06T12:34:41.145+0000] {logging_mixin.py:190} INFO - [2024-12-06T12:34:41.145+0000] {dagbag.py:588} INFO - Filling up the DagBag from /home/airflow/.local/lib/python3.12/site-packages/airflow/example_dags/example_trigger_controller_dag.py
[2024-12-06T12:34:41.153+0000] {processor.py:925} INFO - DAG(s) 'example_trigger_controller_dag' retrieved from /home/airflow/.local/lib/python3.12/site-packages/airflow/example_dags/example_trigger_controller_dag.py
[2024-12-06T12:34:41.678+0000] {logging_mixin.py:190} INFO - [2024-12-06T12:34:41.677+0000] {override.py:1911} INFO - Created Permission View: can delete on DAG:example_trigger_controller_dag
[2024-12-06T12:34:41.852+0000] {logging_mixin.py:190} INFO - [2024-12-06T12:34:41.851+0000] {override.py:1911} INFO - Created Permission View: can edit on DAG:example_trigger_controller_dag
[2024-12-06T12:34:41.865+0000] {logging_mixin.py:190} INFO - [2024-12-06T12:34:41.864+0000] {override.py:1911} INFO - Created Permission View: can read on DAG:example_trigger_controller_dag
[2024-12-06T12:34:41.881+0000] {logging_mixin.py:190} INFO - [2024-12-06T12:34:41.880+0000] {override.py:1911} INFO - Created Permission View: can delete on DAG Run:example_trigger_controller_dag
[2024-12-06T12:34:41.913+0000] {logging_mixin.py:190} INFO - [2024-12-06T12:34:41.913+0000] {override.py:1911} INFO - Created Permission View: can create on DAG Run:example_trigger_controller_dag
[2024-12-06T12:34:41.924+0000] {logging_mixin.py:190} INFO - [2024-12-06T12:34:41.924+0000] {override.py:1911} INFO - Created Permission View: menu access on DAG Run:example_trigger_controller_dag
[2024-12-06T12:34:41.936+0000] {logging_mixin.py:190} INFO - [2024-12-06T12:34:41.935+0000] {override.py:1911} INFO - Created Permission View: can read on DAG Run:example_trigger_controller_dag
[2024-12-06T12:34:41.937+0000] {logging_mixin.py:190} INFO - [2024-12-06T12:34:41.936+0000] {dag.py:3239} INFO - Sync 1 DAGs
[2024-12-06T12:34:41.954+0000] {logging_mixin.py:190} INFO - [2024-12-06T12:34:41.953+0000] {dag.py:3262} INFO - Creating ORM DAG for example_trigger_controller_dag
[2024-12-06T12:34:41.977+0000] {logging_mixin.py:190} INFO - [2024-12-06T12:34:41.976+0000] {dag.py:4180} INFO - Setting next_dagrun for example_trigger_controller_dag to 2021-01-01 00:00:00+00:00, run_after=2021-01-01 00:00:00+00:00
[2024-12-06T12:34:42.016+0000] {processor.py:208} INFO - Processing /home/airflow/.local/lib/python3.12/site-packages/airflow/example_dags/example_trigger_controller_dag.py took 0.883 seconds
[2024-12-06T12:35:12.613+0000] {processor.py:186} INFO - Started process (PID=167) to work on /home/airflow/.local/lib/python3.12/site-packages/airflow/example_dags/example_trigger_controller_dag.py
[2024-12-06T12:35:12.614+0000] {processor.py:914} INFO - Processing file /home/airflow/.local/lib/python3.12/site-packages/airflow/example_dags/example_trigger_controller_dag.py for tasks to queue
[2024-12-06T12:35:12.621+0000] {logging_mixin.py:190} INFO - [2024-12-06T12:35:12.619+0000] {dagbag.py:588} INFO - Filling up the DagBag from /home/airflow/.local/lib/python3.12/site-packages/airflow/example_dags/example_trigger_controller_dag.py
[2024-12-06T12:35:12.636+0000] {processor.py:925} INFO - DAG(s) 'example_trigger_controller_dag' retrieved from /home/airflow/.local/lib/python3.12/site-packages/airflow/example_dags/example_trigger_controller_dag.py
[2024-12-06T12:35:12.658+0000] {logging_mixin.py:190} INFO - [2024-12-06T12:35:12.657+0000] {dag.py:3239} INFO - Sync 1 DAGs
[2024-12-06T12:35:12.681+0000] {logging_mixin.py:190} INFO - [2024-12-06T12:35:12.681+0000] {dag.py:4180} INFO - Setting next_dagrun for example_trigger_controller_dag to 2021-01-01 00:00:00+00:00, run_after=2021-01-01 00:00:00+00:00
[2024-12-06T12:35:12.703+0000] {processor.py:208} INFO - Processing /home/airflow/.local/lib/python3.12/site-packages/airflow/example_dags/example_trigger_controller_dag.py took 0.096 seconds
[2024-12-06T12:35:43.459+0000] {processor.py:186} INFO - Started process (PID=230) to work on /home/airflow/.local/lib/python3.12/site-packages/airflow/example_dags/example_trigger_controller_dag.py
[2024-12-06T12:35:43.461+0000] {processor.py:914} INFO - Processing file /home/airflow/.local/lib/python3.12/site-packages/airflow/example_dags/example_trigger_controller_dag.py for tasks to queue
[2024-12-06T12:35:43.465+0000] {logging_mixin.py:190} INFO - [2024-12-06T12:35:43.464+0000] {dagbag.py:588} INFO - Filling up the DagBag from /home/airflow/.local/lib/python3.12/site-packages/airflow/example_dags/example_trigger_controller_dag.py
[2024-12-06T12:35:43.474+0000] {processor.py:925} INFO - DAG(s) 'example_trigger_controller_dag' retrieved from /home/airflow/.local/lib/python3.12/site-packages/airflow/example_dags/example_trigger_controller_dag.py
[2024-12-06T12:35:43.533+0000] {logging_mixin.py:190} INFO - [2024-12-06T12:35:43.533+0000] {dag.py:3239} INFO - Sync 1 DAGs
[2024-12-06T12:35:43.568+0000] {logging_mixin.py:190} INFO - [2024-12-06T12:35:43.568+0000] {dag.py:4180} INFO - Setting next_dagrun for example_trigger_controller_dag to 2021-01-01 00:00:00+00:00, run_after=2021-01-01 00:00:00+00:00
[2024-12-06T12:35:43.603+0000] {processor.py:208} INFO - Processing /home/airflow/.local/lib/python3.12/site-packages/airflow/example_dags/example_trigger_controller_dag.py took 0.151 seconds
[2024-12-06T12:56:06.689+0000] {processor.py:186} INFO - Started process (PID=293) to work on /home/airflow/.local/lib/python3.12/site-packages/airflow/example_dags/example_trigger_controller_dag.py
[2024-12-06T12:56:06.707+0000] {processor.py:914} INFO - Processing file /home/airflow/.local/lib/python3.12/site-packages/airflow/example_dags/example_trigger_controller_dag.py for tasks to queue
[2024-12-06T12:56:06.709+0000] {logging_mixin.py:190} INFO - [2024-12-06T12:56:06.708+0000] {dagbag.py:588} INFO - Filling up the DagBag from /home/airflow/.local/lib/python3.12/site-packages/airflow/example_dags/example_trigger_controller_dag.py
[2024-12-06T12:56:06.716+0000] {processor.py:925} INFO - DAG(s) 'example_trigger_controller_dag' retrieved from /home/airflow/.local/lib/python3.12/site-packages/airflow/example_dags/example_trigger_controller_dag.py
[2024-12-06T12:56:06.734+0000] {logging_mixin.py:190} INFO - [2024-12-06T12:56:06.734+0000] {dag.py:3239} INFO - Sync 1 DAGs
[2024-12-06T12:56:06.759+0000] {logging_mixin.py:190} INFO - [2024-12-06T12:56:06.758+0000] {dag.py:4180} INFO - Setting next_dagrun for example_trigger_controller_dag to 2021-01-01 00:00:00+00:00, run_after=2021-01-01 00:00:00+00:00
[2024-12-06T12:56:06.778+0000] {processor.py:208} INFO - Processing /home/airflow/.local/lib/python3.12/site-packages/airflow/example_dags/example_trigger_controller_dag.py took 0.095 seconds
[2024-12-06T15:51:15.442+0000] {processor.py:186} INFO - Started process (PID=378) to work on /home/airflow/.local/lib/python3.12/site-packages/airflow/example_dags/example_trigger_controller_dag.py
[2024-12-06T15:51:15.444+0000] {processor.py:914} INFO - Processing file /home/airflow/.local/lib/python3.12/site-packages/airflow/example_dags/example_trigger_controller_dag.py for tasks to queue
[2024-12-06T15:51:15.445+0000] {logging_mixin.py:190} INFO - [2024-12-06T15:51:15.445+0000] {dagbag.py:588} INFO - Filling up the DagBag from /home/airflow/.local/lib/python3.12/site-packages/airflow/example_dags/example_trigger_controller_dag.py
[2024-12-06T15:51:15.452+0000] {processor.py:925} INFO - DAG(s) 'example_trigger_controller_dag' retrieved from /home/airflow/.local/lib/python3.12/site-packages/airflow/example_dags/example_trigger_controller_dag.py
[2024-12-06T15:51:15.502+0000] {logging_mixin.py:190} INFO - [2024-12-06T15:51:15.502+0000] {dag.py:3239} INFO - Sync 1 DAGs
[2024-12-06T15:51:15.526+0000] {logging_mixin.py:190} INFO - [2024-12-06T15:51:15.525+0000] {dag.py:4180} INFO - Setting next_dagrun for example_trigger_controller_dag to 2021-01-01 00:00:00+00:00, run_after=2021-01-01 00:00:00+00:00
[2024-12-06T15:51:15.553+0000] {processor.py:208} INFO - Processing /home/airflow/.local/lib/python3.12/site-packages/airflow/example_dags/example_trigger_controller_dag.py took 0.118 seconds
