[2024-12-06T12:34:45.925+0000] {processor.py:186} INFO - Started process (PID=113) to work on /home/airflow/.local/lib/python3.12/site-packages/airflow/example_dags/example_sensor_decorator.py
[2024-12-06T12:34:45.927+0000] {processor.py:914} INFO - Processing file /home/airflow/.local/lib/python3.12/site-packages/airflow/example_dags/example_sensor_decorator.py for tasks to queue
[2024-12-06T12:34:45.929+0000] {logging_mixin.py:190} INFO - [2024-12-06T12:34:45.929+0000] {dagbag.py:588} INFO - Filling up the DagBag from /home/airflow/.local/lib/python3.12/site-packages/airflow/example_dags/example_sensor_decorator.py
[2024-12-06T12:34:45.939+0000] {processor.py:925} INFO - DAG(s) 'example_sensor_decorator' retrieved from /home/airflow/.local/lib/python3.12/site-packages/airflow/example_dags/example_sensor_decorator.py
[2024-12-06T12:34:46.058+0000] {logging_mixin.py:190} INFO - [2024-12-06T12:34:46.057+0000] {override.py:1911} INFO - Created Permission View: can delete on DAG:example_sensor_decorator
[2024-12-06T12:34:46.070+0000] {logging_mixin.py:190} INFO - [2024-12-06T12:34:46.070+0000] {override.py:1911} INFO - Created Permission View: can edit on DAG:example_sensor_decorator
[2024-12-06T12:34:46.080+0000] {logging_mixin.py:190} INFO - [2024-12-06T12:34:46.080+0000] {override.py:1911} INFO - Created Permission View: can read on DAG:example_sensor_decorator
[2024-12-06T12:34:46.092+0000] {logging_mixin.py:190} INFO - [2024-12-06T12:34:46.092+0000] {override.py:1911} INFO - Created Permission View: can delete on DAG Run:example_sensor_decorator
[2024-12-06T12:34:46.114+0000] {logging_mixin.py:190} INFO - [2024-12-06T12:34:46.113+0000] {override.py:1911} INFO - Created Permission View: can create on DAG Run:example_sensor_decorator
[2024-12-06T12:34:46.125+0000] {logging_mixin.py:190} INFO - [2024-12-06T12:34:46.125+0000] {override.py:1911} INFO - Created Permission View: menu access on DAG Run:example_sensor_decorator
[2024-12-06T12:34:46.133+0000] {logging_mixin.py:190} INFO - [2024-12-06T12:34:46.132+0000] {override.py:1911} INFO - Created Permission View: can read on DAG Run:example_sensor_decorator
[2024-12-06T12:34:46.133+0000] {logging_mixin.py:190} INFO - [2024-12-06T12:34:46.133+0000] {dag.py:3239} INFO - Sync 1 DAGs
[2024-12-06T12:34:46.148+0000] {logging_mixin.py:190} INFO - [2024-12-06T12:34:46.148+0000] {dag.py:3262} INFO - Creating ORM DAG for example_sensor_decorator
[2024-12-06T12:34:46.149+0000] {logging_mixin.py:190} INFO - [2024-12-06T12:34:46.149+0000] {dag.py:4180} INFO - Setting next_dagrun for example_sensor_decorator to None, run_after=None
[2024-12-06T12:34:46.170+0000] {processor.py:208} INFO - Processing /home/airflow/.local/lib/python3.12/site-packages/airflow/example_dags/example_sensor_decorator.py took 0.250 seconds
[2024-12-06T12:35:16.637+0000] {processor.py:186} INFO - Started process (PID=176) to work on /home/airflow/.local/lib/python3.12/site-packages/airflow/example_dags/example_sensor_decorator.py
[2024-12-06T12:35:16.638+0000] {processor.py:914} INFO - Processing file /home/airflow/.local/lib/python3.12/site-packages/airflow/example_dags/example_sensor_decorator.py for tasks to queue
[2024-12-06T12:35:16.640+0000] {logging_mixin.py:190} INFO - [2024-12-06T12:35:16.640+0000] {dagbag.py:588} INFO - Filling up the DagBag from /home/airflow/.local/lib/python3.12/site-packages/airflow/example_dags/example_sensor_decorator.py
[2024-12-06T12:35:16.653+0000] {processor.py:925} INFO - DAG(s) 'example_sensor_decorator' retrieved from /home/airflow/.local/lib/python3.12/site-packages/airflow/example_dags/example_sensor_decorator.py
[2024-12-06T12:35:16.684+0000] {logging_mixin.py:190} INFO - [2024-12-06T12:35:16.684+0000] {dag.py:3239} INFO - Sync 1 DAGs
[2024-12-06T12:35:16.698+0000] {logging_mixin.py:190} INFO - [2024-12-06T12:35:16.698+0000] {dag.py:4180} INFO - Setting next_dagrun for example_sensor_decorator to None, run_after=None
[2024-12-06T12:35:16.717+0000] {processor.py:208} INFO - Processing /home/airflow/.local/lib/python3.12/site-packages/airflow/example_dags/example_sensor_decorator.py took 0.088 seconds
[2024-12-06T12:35:47.159+0000] {processor.py:186} INFO - Started process (PID=238) to work on /home/airflow/.local/lib/python3.12/site-packages/airflow/example_dags/example_sensor_decorator.py
[2024-12-06T12:35:47.160+0000] {processor.py:914} INFO - Processing file /home/airflow/.local/lib/python3.12/site-packages/airflow/example_dags/example_sensor_decorator.py for tasks to queue
[2024-12-06T12:35:47.163+0000] {logging_mixin.py:190} INFO - [2024-12-06T12:35:47.163+0000] {dagbag.py:588} INFO - Filling up the DagBag from /home/airflow/.local/lib/python3.12/site-packages/airflow/example_dags/example_sensor_decorator.py
[2024-12-06T12:35:47.172+0000] {processor.py:925} INFO - DAG(s) 'example_sensor_decorator' retrieved from /home/airflow/.local/lib/python3.12/site-packages/airflow/example_dags/example_sensor_decorator.py
[2024-12-06T12:35:47.195+0000] {logging_mixin.py:190} INFO - [2024-12-06T12:35:47.195+0000] {dag.py:3239} INFO - Sync 1 DAGs
[2024-12-06T12:35:47.210+0000] {logging_mixin.py:190} INFO - [2024-12-06T12:35:47.210+0000] {dag.py:4180} INFO - Setting next_dagrun for example_sensor_decorator to None, run_after=None
[2024-12-06T12:35:47.234+0000] {processor.py:208} INFO - Processing /home/airflow/.local/lib/python3.12/site-packages/airflow/example_dags/example_sensor_decorator.py took 0.081 seconds
[2024-12-06T15:51:06.649+0000] {processor.py:186} INFO - Started process (PID=330) to work on /home/airflow/.local/lib/python3.12/site-packages/airflow/example_dags/example_sensor_decorator.py
[2024-12-06T15:51:06.682+0000] {processor.py:914} INFO - Processing file /home/airflow/.local/lib/python3.12/site-packages/airflow/example_dags/example_sensor_decorator.py for tasks to queue
[2024-12-06T15:51:06.686+0000] {logging_mixin.py:190} INFO - [2024-12-06T15:51:06.685+0000] {dagbag.py:588} INFO - Filling up the DagBag from /home/airflow/.local/lib/python3.12/site-packages/airflow/example_dags/example_sensor_decorator.py
[2024-12-06T15:51:06.761+0000] {processor.py:925} INFO - DAG(s) 'example_sensor_decorator' retrieved from /home/airflow/.local/lib/python3.12/site-packages/airflow/example_dags/example_sensor_decorator.py
[2024-12-06T15:51:07.545+0000] {logging_mixin.py:190} INFO - [2024-12-06T15:51:07.545+0000] {dag.py:3239} INFO - Sync 1 DAGs
[2024-12-06T15:51:07.617+0000] {logging_mixin.py:190} INFO - [2024-12-06T15:51:07.616+0000] {dag.py:4180} INFO - Setting next_dagrun for example_sensor_decorator to None, run_after=None
[2024-12-06T15:51:07.767+0000] {processor.py:208} INFO - Processing /home/airflow/.local/lib/python3.12/site-packages/airflow/example_dags/example_sensor_decorator.py took 1.201 seconds
