[2024-12-06T12:34:23.565+0000] {processor.py:186} INFO - Started process (PID=90) to work on /home/airflow/.local/lib/python3.12/site-packages/airflow/example_dags/example_branch_python_dop_operator_3.py
[2024-12-06T12:34:23.596+0000] {processor.py:914} INFO - Processing file /home/airflow/.local/lib/python3.12/site-packages/airflow/example_dags/example_branch_python_dop_operator_3.py for tasks to queue
[2024-12-06T12:34:23.647+0000] {logging_mixin.py:190} INFO - [2024-12-06T12:34:23.645+0000] {dagbag.py:588} INFO - Filling up the DagBag from /home/airflow/.local/lib/python3.12/site-packages/airflow/example_dags/example_branch_python_dop_operator_3.py
[2024-12-06T12:34:23.818+0000] {processor.py:925} INFO - DAG(s) 'example_branch_dop_operator_v3' retrieved from /home/airflow/.local/lib/python3.12/site-packages/airflow/example_dags/example_branch_python_dop_operator_3.py
[2024-12-06T12:34:25.049+0000] {logging_mixin.py:190} INFO - [2024-12-06T12:34:25.042+0000] {override.py:1911} INFO - Created Permission View: can delete on DAG:example_branch_dop_operator_v3
[2024-12-06T12:34:25.089+0000] {logging_mixin.py:190} INFO - [2024-12-06T12:34:25.088+0000] {override.py:1911} INFO - Created Permission View: can edit on DAG:example_branch_dop_operator_v3
[2024-12-06T12:34:25.126+0000] {logging_mixin.py:190} INFO - [2024-12-06T12:34:25.125+0000] {override.py:1911} INFO - Created Permission View: can read on DAG:example_branch_dop_operator_v3
[2024-12-06T12:34:25.181+0000] {logging_mixin.py:190} INFO - [2024-12-06T12:34:25.181+0000] {override.py:1911} INFO - Created Permission View: can delete on DAG Run:example_branch_dop_operator_v3
[2024-12-06T12:34:25.221+0000] {logging_mixin.py:190} INFO - [2024-12-06T12:34:25.220+0000] {override.py:1911} INFO - Created Permission View: can create on DAG Run:example_branch_dop_operator_v3
[2024-12-06T12:34:25.242+0000] {logging_mixin.py:190} INFO - [2024-12-06T12:34:25.239+0000] {override.py:1911} INFO - Created Permission View: menu access on DAG Run:example_branch_dop_operator_v3
[2024-12-06T12:34:25.265+0000] {logging_mixin.py:190} INFO - [2024-12-06T12:34:25.265+0000] {override.py:1911} INFO - Created Permission View: can read on DAG Run:example_branch_dop_operator_v3
[2024-12-06T12:34:25.266+0000] {logging_mixin.py:190} INFO - [2024-12-06T12:34:25.266+0000] {dag.py:3239} INFO - Sync 1 DAGs
[2024-12-06T12:34:25.386+0000] {logging_mixin.py:190} INFO - [2024-12-06T12:34:25.386+0000] {dag.py:3262} INFO - Creating ORM DAG for example_branch_dop_operator_v3
[2024-12-06T12:34:25.472+0000] {logging_mixin.py:190} INFO - [2024-12-06T12:34:25.472+0000] {dag.py:4180} INFO - Setting next_dagrun for example_branch_dop_operator_v3 to 2024-12-06 12:33:00+00:00, run_after=2024-12-06 12:34:00+00:00
[2024-12-06T12:34:25.526+0000] {processor.py:208} INFO - Processing /home/airflow/.local/lib/python3.12/site-packages/airflow/example_dags/example_branch_python_dop_operator_3.py took 1.992 seconds
[2024-12-06T12:34:55.933+0000] {processor.py:186} INFO - Started process (PID=152) to work on /home/airflow/.local/lib/python3.12/site-packages/airflow/example_dags/example_branch_python_dop_operator_3.py
[2024-12-06T12:34:55.946+0000] {processor.py:914} INFO - Processing file /home/airflow/.local/lib/python3.12/site-packages/airflow/example_dags/example_branch_python_dop_operator_3.py for tasks to queue
[2024-12-06T12:34:55.950+0000] {logging_mixin.py:190} INFO - [2024-12-06T12:34:55.949+0000] {dagbag.py:588} INFO - Filling up the DagBag from /home/airflow/.local/lib/python3.12/site-packages/airflow/example_dags/example_branch_python_dop_operator_3.py
[2024-12-06T12:34:55.959+0000] {processor.py:925} INFO - DAG(s) 'example_branch_dop_operator_v3' retrieved from /home/airflow/.local/lib/python3.12/site-packages/airflow/example_dags/example_branch_python_dop_operator_3.py
[2024-12-06T12:34:55.980+0000] {logging_mixin.py:190} INFO - [2024-12-06T12:34:55.980+0000] {dag.py:3239} INFO - Sync 1 DAGs
[2024-12-06T12:34:56.008+0000] {logging_mixin.py:190} INFO - [2024-12-06T12:34:56.008+0000] {dag.py:4180} INFO - Setting next_dagrun for example_branch_dop_operator_v3 to 2024-12-06 12:33:00+00:00, run_after=2024-12-06 12:34:00+00:00
[2024-12-06T12:34:56.032+0000] {processor.py:208} INFO - Processing /home/airflow/.local/lib/python3.12/site-packages/airflow/example_dags/example_branch_python_dop_operator_3.py took 0.105 seconds
[2024-12-06T12:35:26.318+0000] {processor.py:186} INFO - Started process (PID=215) to work on /home/airflow/.local/lib/python3.12/site-packages/airflow/example_dags/example_branch_python_dop_operator_3.py
[2024-12-06T12:35:26.325+0000] {processor.py:914} INFO - Processing file /home/airflow/.local/lib/python3.12/site-packages/airflow/example_dags/example_branch_python_dop_operator_3.py for tasks to queue
[2024-12-06T12:35:26.328+0000] {logging_mixin.py:190} INFO - [2024-12-06T12:35:26.328+0000] {dagbag.py:588} INFO - Filling up the DagBag from /home/airflow/.local/lib/python3.12/site-packages/airflow/example_dags/example_branch_python_dop_operator_3.py
[2024-12-06T12:35:26.338+0000] {processor.py:925} INFO - DAG(s) 'example_branch_dop_operator_v3' retrieved from /home/airflow/.local/lib/python3.12/site-packages/airflow/example_dags/example_branch_python_dop_operator_3.py
[2024-12-06T12:35:26.360+0000] {logging_mixin.py:190} INFO - [2024-12-06T12:35:26.360+0000] {dag.py:3239} INFO - Sync 1 DAGs
[2024-12-06T12:35:26.395+0000] {logging_mixin.py:190} INFO - [2024-12-06T12:35:26.395+0000] {dag.py:4180} INFO - Setting next_dagrun for example_branch_dop_operator_v3 to 2024-12-06 12:34:00+00:00, run_after=2024-12-06 12:35:00+00:00
[2024-12-06T12:35:26.671+0000] {processor.py:208} INFO - Processing /home/airflow/.local/lib/python3.12/site-packages/airflow/example_dags/example_branch_python_dop_operator_3.py took 0.360 seconds
[2024-12-06T12:35:57.200+0000] {processor.py:186} INFO - Started process (PID=278) to work on /home/airflow/.local/lib/python3.12/site-packages/airflow/example_dags/example_branch_python_dop_operator_3.py
[2024-12-06T12:35:57.213+0000] {processor.py:914} INFO - Processing file /home/airflow/.local/lib/python3.12/site-packages/airflow/example_dags/example_branch_python_dop_operator_3.py for tasks to queue
[2024-12-06T12:35:57.217+0000] {logging_mixin.py:190} INFO - [2024-12-06T12:35:57.216+0000] {dagbag.py:588} INFO - Filling up the DagBag from /home/airflow/.local/lib/python3.12/site-packages/airflow/example_dags/example_branch_python_dop_operator_3.py
[2024-12-06T12:35:57.227+0000] {processor.py:925} INFO - DAG(s) 'example_branch_dop_operator_v3' retrieved from /home/airflow/.local/lib/python3.12/site-packages/airflow/example_dags/example_branch_python_dop_operator_3.py
[2024-12-06T12:35:57.250+0000] {logging_mixin.py:190} INFO - [2024-12-06T12:35:57.250+0000] {dag.py:3239} INFO - Sync 1 DAGs
[2024-12-06T12:35:57.286+0000] {logging_mixin.py:190} INFO - [2024-12-06T12:35:57.285+0000] {dag.py:4180} INFO - Setting next_dagrun for example_branch_dop_operator_v3 to 2024-12-06 12:34:00+00:00, run_after=2024-12-06 12:35:00+00:00
[2024-12-06T12:35:57.312+0000] {processor.py:208} INFO - Processing /home/airflow/.local/lib/python3.12/site-packages/airflow/example_dags/example_branch_python_dop_operator_3.py took 0.118 seconds
[2024-12-06T12:56:07.930+0000] {processor.py:186} INFO - Started process (PID=309) to work on /home/airflow/.local/lib/python3.12/site-packages/airflow/example_dags/example_branch_python_dop_operator_3.py
[2024-12-06T12:56:07.943+0000] {processor.py:914} INFO - Processing file /home/airflow/.local/lib/python3.12/site-packages/airflow/example_dags/example_branch_python_dop_operator_3.py for tasks to queue
[2024-12-06T12:56:07.945+0000] {logging_mixin.py:190} INFO - [2024-12-06T12:56:07.944+0000] {dagbag.py:588} INFO - Filling up the DagBag from /home/airflow/.local/lib/python3.12/site-packages/airflow/example_dags/example_branch_python_dop_operator_3.py
[2024-12-06T12:56:07.957+0000] {processor.py:925} INFO - DAG(s) 'example_branch_dop_operator_v3' retrieved from /home/airflow/.local/lib/python3.12/site-packages/airflow/example_dags/example_branch_python_dop_operator_3.py
[2024-12-06T12:56:07.976+0000] {logging_mixin.py:190} INFO - [2024-12-06T12:56:07.976+0000] {dag.py:3239} INFO - Sync 1 DAGs
[2024-12-06T12:56:08.007+0000] {logging_mixin.py:190} INFO - [2024-12-06T12:56:08.007+0000] {dag.py:4180} INFO - Setting next_dagrun for example_branch_dop_operator_v3 to 2024-12-06 12:55:00+00:00, run_after=2024-12-06 12:56:00+00:00
[2024-12-06T12:56:08.033+0000] {processor.py:208} INFO - Processing /home/airflow/.local/lib/python3.12/site-packages/airflow/example_dags/example_branch_python_dop_operator_3.py took 0.109 seconds
[2024-12-06T15:51:13.029+0000] {processor.py:186} INFO - Started process (PID=364) to work on /home/airflow/.local/lib/python3.12/site-packages/airflow/example_dags/example_branch_python_dop_operator_3.py
[2024-12-06T15:51:13.030+0000] {processor.py:914} INFO - Processing file /home/airflow/.local/lib/python3.12/site-packages/airflow/example_dags/example_branch_python_dop_operator_3.py for tasks to queue
[2024-12-06T15:51:13.032+0000] {logging_mixin.py:190} INFO - [2024-12-06T15:51:13.031+0000] {dagbag.py:588} INFO - Filling up the DagBag from /home/airflow/.local/lib/python3.12/site-packages/airflow/example_dags/example_branch_python_dop_operator_3.py
[2024-12-06T15:51:13.053+0000] {processor.py:925} INFO - DAG(s) 'example_branch_dop_operator_v3' retrieved from /home/airflow/.local/lib/python3.12/site-packages/airflow/example_dags/example_branch_python_dop_operator_3.py
[2024-12-06T15:51:13.086+0000] {logging_mixin.py:190} INFO - [2024-12-06T15:51:13.085+0000] {dag.py:3239} INFO - Sync 1 DAGs
[2024-12-06T15:51:13.128+0000] {logging_mixin.py:190} INFO - [2024-12-06T15:51:13.127+0000] {dag.py:4180} INFO - Setting next_dagrun for example_branch_dop_operator_v3 to 2024-12-06 15:50:00+00:00, run_after=2024-12-06 15:51:00+00:00
[2024-12-06T15:51:13.162+0000] {processor.py:208} INFO - Processing /home/airflow/.local/lib/python3.12/site-packages/airflow/example_dags/example_branch_python_dop_operator_3.py took 0.142 seconds
