[2024-12-06T12:34:46.402+0000] {processor.py:186} INFO - Started process (PID=116) to work on /home/airflow/.local/lib/python3.12/site-packages/airflow/example_dags/example_dataset_alias_with_no_taskflow.py
[2024-12-06T12:34:46.403+0000] {processor.py:914} INFO - Processing file /home/airflow/.local/lib/python3.12/site-packages/airflow/example_dags/example_dataset_alias_with_no_taskflow.py for tasks to queue
[2024-12-06T12:34:46.406+0000] {logging_mixin.py:190} INFO - [2024-12-06T12:34:46.406+0000] {dagbag.py:588} INFO - Filling up the DagBag from /home/airflow/.local/lib/python3.12/site-packages/airflow/example_dags/example_dataset_alias_with_no_taskflow.py
[2024-12-06T12:34:47.151+0000] {processor.py:925} INFO - DAG(s) 'dataset_s3_bucket_consumer_with_no_taskflow', 'dataset_alias_example_alias_producer_with_no_taskflow', 'dataset_alias_example_alias_consumer_with_no_taskflow', 'dataset_s3_bucket_producer_with_no_taskflow' retrieved from /home/airflow/.local/lib/python3.12/site-packages/airflow/example_dags/example_dataset_alias_with_no_taskflow.py
[2024-12-06T12:34:47.265+0000] {logging_mixin.py:190} INFO - [2024-12-06T12:34:47.265+0000] {override.py:1911} INFO - Created Permission View: can delete on DAG:dataset_s3_bucket_consumer_with_no_taskflow
[2024-12-06T12:34:47.279+0000] {logging_mixin.py:190} INFO - [2024-12-06T12:34:47.278+0000] {override.py:1911} INFO - Created Permission View: can edit on DAG:dataset_s3_bucket_consumer_with_no_taskflow
[2024-12-06T12:34:47.297+0000] {logging_mixin.py:190} INFO - [2024-12-06T12:34:47.296+0000] {override.py:1911} INFO - Created Permission View: can read on DAG:dataset_s3_bucket_consumer_with_no_taskflow
[2024-12-06T12:34:47.309+0000] {logging_mixin.py:190} INFO - [2024-12-06T12:34:47.308+0000] {override.py:1911} INFO - Created Permission View: can delete on DAG Run:dataset_s3_bucket_consumer_with_no_taskflow
[2024-12-06T12:34:47.317+0000] {logging_mixin.py:190} INFO - [2024-12-06T12:34:47.316+0000] {override.py:1911} INFO - Created Permission View: can create on DAG Run:dataset_s3_bucket_consumer_with_no_taskflow
[2024-12-06T12:34:47.327+0000] {logging_mixin.py:190} INFO - [2024-12-06T12:34:47.326+0000] {override.py:1911} INFO - Created Permission View: menu access on DAG Run:dataset_s3_bucket_consumer_with_no_taskflow
[2024-12-06T12:34:47.337+0000] {logging_mixin.py:190} INFO - [2024-12-06T12:34:47.336+0000] {override.py:1911} INFO - Created Permission View: can read on DAG Run:dataset_s3_bucket_consumer_with_no_taskflow
[2024-12-06T12:34:47.358+0000] {logging_mixin.py:190} INFO - [2024-12-06T12:34:47.357+0000] {override.py:1911} INFO - Created Permission View: can delete on DAG:dataset_alias_example_alias_producer_with_no_taskflow
[2024-12-06T12:34:47.367+0000] {logging_mixin.py:190} INFO - [2024-12-06T12:34:47.367+0000] {override.py:1911} INFO - Created Permission View: can edit on DAG:dataset_alias_example_alias_producer_with_no_taskflow
[2024-12-06T12:34:47.376+0000] {logging_mixin.py:190} INFO - [2024-12-06T12:34:47.375+0000] {override.py:1911} INFO - Created Permission View: can read on DAG:dataset_alias_example_alias_producer_with_no_taskflow
[2024-12-06T12:34:47.386+0000] {logging_mixin.py:190} INFO - [2024-12-06T12:34:47.386+0000] {override.py:1911} INFO - Created Permission View: can delete on DAG Run:dataset_alias_example_alias_producer_with_no_taskflow
[2024-12-06T12:34:47.395+0000] {logging_mixin.py:190} INFO - [2024-12-06T12:34:47.395+0000] {override.py:1911} INFO - Created Permission View: can create on DAG Run:dataset_alias_example_alias_producer_with_no_taskflow
[2024-12-06T12:34:47.413+0000] {logging_mixin.py:190} INFO - [2024-12-06T12:34:47.413+0000] {override.py:1911} INFO - Created Permission View: menu access on DAG Run:dataset_alias_example_alias_producer_with_no_taskflow
[2024-12-06T12:34:47.430+0000] {logging_mixin.py:190} INFO - [2024-12-06T12:34:47.429+0000] {override.py:1911} INFO - Created Permission View: can read on DAG Run:dataset_alias_example_alias_producer_with_no_taskflow
[2024-12-06T12:34:47.446+0000] {logging_mixin.py:190} INFO - [2024-12-06T12:34:47.445+0000] {override.py:1911} INFO - Created Permission View: can delete on DAG:dataset_alias_example_alias_consumer_with_no_taskflow
[2024-12-06T12:34:47.454+0000] {logging_mixin.py:190} INFO - [2024-12-06T12:34:47.454+0000] {override.py:1911} INFO - Created Permission View: can edit on DAG:dataset_alias_example_alias_consumer_with_no_taskflow
[2024-12-06T12:34:47.464+0000] {logging_mixin.py:190} INFO - [2024-12-06T12:34:47.464+0000] {override.py:1911} INFO - Created Permission View: can read on DAG:dataset_alias_example_alias_consumer_with_no_taskflow
[2024-12-06T12:34:47.474+0000] {logging_mixin.py:190} INFO - [2024-12-06T12:34:47.474+0000] {override.py:1911} INFO - Created Permission View: can delete on DAG Run:dataset_alias_example_alias_consumer_with_no_taskflow
[2024-12-06T12:34:47.485+0000] {logging_mixin.py:190} INFO - [2024-12-06T12:34:47.485+0000] {override.py:1911} INFO - Created Permission View: can create on DAG Run:dataset_alias_example_alias_consumer_with_no_taskflow
[2024-12-06T12:34:47.496+0000] {logging_mixin.py:190} INFO - [2024-12-06T12:34:47.495+0000] {override.py:1911} INFO - Created Permission View: menu access on DAG Run:dataset_alias_example_alias_consumer_with_no_taskflow
[2024-12-06T12:34:47.517+0000] {logging_mixin.py:190} INFO - [2024-12-06T12:34:47.516+0000] {override.py:1911} INFO - Created Permission View: can read on DAG Run:dataset_alias_example_alias_consumer_with_no_taskflow
[2024-12-06T12:34:47.539+0000] {logging_mixin.py:190} INFO - [2024-12-06T12:34:47.538+0000] {override.py:1911} INFO - Created Permission View: can delete on DAG:dataset_s3_bucket_producer_with_no_taskflow
[2024-12-06T12:34:47.549+0000] {logging_mixin.py:190} INFO - [2024-12-06T12:34:47.549+0000] {override.py:1911} INFO - Created Permission View: can edit on DAG:dataset_s3_bucket_producer_with_no_taskflow
[2024-12-06T12:34:47.559+0000] {logging_mixin.py:190} INFO - [2024-12-06T12:34:47.558+0000] {override.py:1911} INFO - Created Permission View: can read on DAG:dataset_s3_bucket_producer_with_no_taskflow
[2024-12-06T12:34:47.569+0000] {logging_mixin.py:190} INFO - [2024-12-06T12:34:47.569+0000] {override.py:1911} INFO - Created Permission View: can delete on DAG Run:dataset_s3_bucket_producer_with_no_taskflow
[2024-12-06T12:34:47.578+0000] {logging_mixin.py:190} INFO - [2024-12-06T12:34:47.578+0000] {override.py:1911} INFO - Created Permission View: can create on DAG Run:dataset_s3_bucket_producer_with_no_taskflow
[2024-12-06T12:34:47.588+0000] {logging_mixin.py:190} INFO - [2024-12-06T12:34:47.588+0000] {override.py:1911} INFO - Created Permission View: menu access on DAG Run:dataset_s3_bucket_producer_with_no_taskflow
[2024-12-06T12:34:47.597+0000] {logging_mixin.py:190} INFO - [2024-12-06T12:34:47.596+0000] {override.py:1911} INFO - Created Permission View: can read on DAG Run:dataset_s3_bucket_producer_with_no_taskflow
[2024-12-06T12:34:47.599+0000] {logging_mixin.py:190} INFO - [2024-12-06T12:34:47.598+0000] {dag.py:3239} INFO - Sync 4 DAGs
[2024-12-06T12:34:47.626+0000] {logging_mixin.py:190} INFO - [2024-12-06T12:34:47.624+0000] {dag.py:3262} INFO - Creating ORM DAG for dataset_s3_bucket_producer_with_no_taskflow
[2024-12-06T12:34:47.627+0000] {logging_mixin.py:190} INFO - [2024-12-06T12:34:47.627+0000] {dag.py:3262} INFO - Creating ORM DAG for dataset_alias_example_alias_producer_with_no_taskflow
[2024-12-06T12:34:47.628+0000] {logging_mixin.py:190} INFO - [2024-12-06T12:34:47.628+0000] {dag.py:3262} INFO - Creating ORM DAG for dataset_alias_example_alias_consumer_with_no_taskflow
[2024-12-06T12:34:47.630+0000] {logging_mixin.py:190} INFO - [2024-12-06T12:34:47.630+0000] {dag.py:3262} INFO - Creating ORM DAG for dataset_s3_bucket_consumer_with_no_taskflow
[2024-12-06T12:34:47.646+0000] {logging_mixin.py:190} INFO - [2024-12-06T12:34:47.646+0000] {dag.py:4180} INFO - Setting next_dagrun for dataset_alias_example_alias_consumer_with_no_taskflow to None, run_after=None
[2024-12-06T12:34:47.648+0000] {logging_mixin.py:190} INFO - [2024-12-06T12:34:47.647+0000] {dag.py:4180} INFO - Setting next_dagrun for dataset_alias_example_alias_producer_with_no_taskflow to None, run_after=None
[2024-12-06T12:34:47.649+0000] {logging_mixin.py:190} INFO - [2024-12-06T12:34:47.649+0000] {dag.py:4180} INFO - Setting next_dagrun for dataset_s3_bucket_consumer_with_no_taskflow to None, run_after=None
[2024-12-06T12:34:47.650+0000] {logging_mixin.py:190} INFO - [2024-12-06T12:34:47.650+0000] {dag.py:4180} INFO - Setting next_dagrun for dataset_s3_bucket_producer_with_no_taskflow to None, run_after=None
[2024-12-06T12:34:47.687+0000] {processor.py:208} INFO - Processing /home/airflow/.local/lib/python3.12/site-packages/airflow/example_dags/example_dataset_alias_with_no_taskflow.py took 1.294 seconds
[2024-12-06T12:35:18.061+0000] {processor.py:186} INFO - Started process (PID=180) to work on /home/airflow/.local/lib/python3.12/site-packages/airflow/example_dags/example_dataset_alias_with_no_taskflow.py
[2024-12-06T12:35:18.062+0000] {processor.py:914} INFO - Processing file /home/airflow/.local/lib/python3.12/site-packages/airflow/example_dags/example_dataset_alias_with_no_taskflow.py for tasks to queue
[2024-12-06T12:35:18.065+0000] {logging_mixin.py:190} INFO - [2024-12-06T12:35:18.064+0000] {dagbag.py:588} INFO - Filling up the DagBag from /home/airflow/.local/lib/python3.12/site-packages/airflow/example_dags/example_dataset_alias_with_no_taskflow.py
[2024-12-06T12:35:18.732+0000] {processor.py:925} INFO - DAG(s) 'dataset_alias_example_alias_producer_with_no_taskflow', 'dataset_alias_example_alias_consumer_with_no_taskflow', 'dataset_s3_bucket_producer_with_no_taskflow', 'dataset_s3_bucket_consumer_with_no_taskflow' retrieved from /home/airflow/.local/lib/python3.12/site-packages/airflow/example_dags/example_dataset_alias_with_no_taskflow.py
[2024-12-06T12:35:18.761+0000] {logging_mixin.py:190} INFO - [2024-12-06T12:35:18.761+0000] {dag.py:3239} INFO - Sync 4 DAGs
[2024-12-06T12:35:18.785+0000] {logging_mixin.py:190} INFO - [2024-12-06T12:35:18.785+0000] {dag.py:4180} INFO - Setting next_dagrun for dataset_alias_example_alias_consumer_with_no_taskflow to None, run_after=None
[2024-12-06T12:35:18.789+0000] {logging_mixin.py:190} INFO - [2024-12-06T12:35:18.788+0000] {dag.py:4180} INFO - Setting next_dagrun for dataset_alias_example_alias_producer_with_no_taskflow to None, run_after=None
[2024-12-06T12:35:18.791+0000] {logging_mixin.py:190} INFO - [2024-12-06T12:35:18.790+0000] {dag.py:4180} INFO - Setting next_dagrun for dataset_s3_bucket_consumer_with_no_taskflow to None, run_after=None
[2024-12-06T12:35:18.793+0000] {logging_mixin.py:190} INFO - [2024-12-06T12:35:18.792+0000] {dag.py:4180} INFO - Setting next_dagrun for dataset_s3_bucket_producer_with_no_taskflow to None, run_after=None
[2024-12-06T12:35:18.819+0000] {processor.py:208} INFO - Processing /home/airflow/.local/lib/python3.12/site-packages/airflow/example_dags/example_dataset_alias_with_no_taskflow.py took 0.764 seconds
[2024-12-06T12:35:48.989+0000] {processor.py:186} INFO - Started process (PID=247) to work on /home/airflow/.local/lib/python3.12/site-packages/airflow/example_dags/example_dataset_alias_with_no_taskflow.py
[2024-12-06T12:35:48.990+0000] {processor.py:914} INFO - Processing file /home/airflow/.local/lib/python3.12/site-packages/airflow/example_dags/example_dataset_alias_with_no_taskflow.py for tasks to queue
[2024-12-06T12:35:48.993+0000] {logging_mixin.py:190} INFO - [2024-12-06T12:35:48.993+0000] {dagbag.py:588} INFO - Filling up the DagBag from /home/airflow/.local/lib/python3.12/site-packages/airflow/example_dags/example_dataset_alias_with_no_taskflow.py
[2024-12-06T12:35:49.542+0000] {processor.py:925} INFO - DAG(s) 'dataset_s3_bucket_consumer_with_no_taskflow', 'dataset_s3_bucket_producer_with_no_taskflow', 'dataset_alias_example_alias_consumer_with_no_taskflow', 'dataset_alias_example_alias_producer_with_no_taskflow' retrieved from /home/airflow/.local/lib/python3.12/site-packages/airflow/example_dags/example_dataset_alias_with_no_taskflow.py
[2024-12-06T12:35:49.566+0000] {logging_mixin.py:190} INFO - [2024-12-06T12:35:49.565+0000] {dag.py:3239} INFO - Sync 4 DAGs
[2024-12-06T12:35:49.586+0000] {logging_mixin.py:190} INFO - [2024-12-06T12:35:49.585+0000] {dag.py:4180} INFO - Setting next_dagrun for dataset_alias_example_alias_consumer_with_no_taskflow to None, run_after=None
[2024-12-06T12:35:49.588+0000] {logging_mixin.py:190} INFO - [2024-12-06T12:35:49.588+0000] {dag.py:4180} INFO - Setting next_dagrun for dataset_alias_example_alias_producer_with_no_taskflow to None, run_after=None
[2024-12-06T12:35:49.591+0000] {logging_mixin.py:190} INFO - [2024-12-06T12:35:49.591+0000] {dag.py:4180} INFO - Setting next_dagrun for dataset_s3_bucket_consumer_with_no_taskflow to None, run_after=None
[2024-12-06T12:35:49.593+0000] {logging_mixin.py:190} INFO - [2024-12-06T12:35:49.593+0000] {dag.py:4180} INFO - Setting next_dagrun for dataset_s3_bucket_producer_with_no_taskflow to None, run_after=None
[2024-12-06T12:35:49.618+0000] {processor.py:208} INFO - Processing /home/airflow/.local/lib/python3.12/site-packages/airflow/example_dags/example_dataset_alias_with_no_taskflow.py took 0.637 seconds
[2024-12-06T15:51:08.290+0000] {processor.py:186} INFO - Started process (PID=333) to work on /home/airflow/.local/lib/python3.12/site-packages/airflow/example_dags/example_dataset_alias_with_no_taskflow.py
[2024-12-06T15:51:08.296+0000] {processor.py:914} INFO - Processing file /home/airflow/.local/lib/python3.12/site-packages/airflow/example_dags/example_dataset_alias_with_no_taskflow.py for tasks to queue
[2024-12-06T15:51:08.299+0000] {logging_mixin.py:190} INFO - [2024-12-06T15:51:08.298+0000] {dagbag.py:588} INFO - Filling up the DagBag from /home/airflow/.local/lib/python3.12/site-packages/airflow/example_dags/example_dataset_alias_with_no_taskflow.py
[2024-12-06T15:51:10.362+0000] {processor.py:925} INFO - DAG(s) 'dataset_alias_example_alias_producer_with_no_taskflow', 'dataset_s3_bucket_producer_with_no_taskflow', 'dataset_alias_example_alias_consumer_with_no_taskflow', 'dataset_s3_bucket_consumer_with_no_taskflow' retrieved from /home/airflow/.local/lib/python3.12/site-packages/airflow/example_dags/example_dataset_alias_with_no_taskflow.py
[2024-12-06T15:51:10.415+0000] {logging_mixin.py:190} INFO - [2024-12-06T15:51:10.413+0000] {dag.py:3239} INFO - Sync 4 DAGs
[2024-12-06T15:51:10.459+0000] {logging_mixin.py:190} INFO - [2024-12-06T15:51:10.459+0000] {dag.py:4180} INFO - Setting next_dagrun for dataset_alias_example_alias_consumer_with_no_taskflow to None, run_after=None
[2024-12-06T15:51:10.462+0000] {logging_mixin.py:190} INFO - [2024-12-06T15:51:10.462+0000] {dag.py:4180} INFO - Setting next_dagrun for dataset_alias_example_alias_producer_with_no_taskflow to None, run_after=None
[2024-12-06T15:51:10.464+0000] {logging_mixin.py:190} INFO - [2024-12-06T15:51:10.464+0000] {dag.py:4180} INFO - Setting next_dagrun for dataset_s3_bucket_consumer_with_no_taskflow to None, run_after=None
[2024-12-06T15:51:10.466+0000] {logging_mixin.py:190} INFO - [2024-12-06T15:51:10.465+0000] {dag.py:4180} INFO - Setting next_dagrun for dataset_s3_bucket_producer_with_no_taskflow to None, run_after=None
[2024-12-06T15:51:10.501+0000] {processor.py:208} INFO - Processing /home/airflow/.local/lib/python3.12/site-packages/airflow/example_dags/example_dataset_alias_with_no_taskflow.py took 2.221 seconds
