[2024-12-06T12:34:36.883+0000] {processor.py:186} INFO - Started process (PID=92) to work on /home/airflow/.local/lib/python3.12/site-packages/airflow/example_dags/example_bash_decorator.py
[2024-12-06T12:34:36.884+0000] {processor.py:914} INFO - Processing file /home/airflow/.local/lib/python3.12/site-packages/airflow/example_dags/example_bash_decorator.py for tasks to queue
[2024-12-06T12:34:36.889+0000] {logging_mixin.py:190} INFO - [2024-12-06T12:34:36.889+0000] {dagbag.py:588} INFO - Filling up the DagBag from /home/airflow/.local/lib/python3.12/site-packages/airflow/example_dags/example_bash_decorator.py
[2024-12-06T12:34:36.925+0000] {processor.py:925} INFO - DAG(s) 'example_bash_decorator' retrieved from /home/airflow/.local/lib/python3.12/site-packages/airflow/example_dags/example_bash_decorator.py
[2024-12-06T12:34:37.120+0000] {logging_mixin.py:190} INFO - [2024-12-06T12:34:37.119+0000] {override.py:1911} INFO - Created Permission View: can delete on DAG:example_bash_decorator
[2024-12-06T12:34:37.137+0000] {logging_mixin.py:190} INFO - [2024-12-06T12:34:37.137+0000] {override.py:1911} INFO - Created Permission View: can edit on DAG:example_bash_decorator
[2024-12-06T12:34:37.149+0000] {logging_mixin.py:190} INFO - [2024-12-06T12:34:37.148+0000] {override.py:1911} INFO - Created Permission View: can read on DAG:example_bash_decorator
[2024-12-06T12:34:37.162+0000] {logging_mixin.py:190} INFO - [2024-12-06T12:34:37.161+0000] {override.py:1911} INFO - Created Permission View: can delete on DAG Run:example_bash_decorator
[2024-12-06T12:34:37.173+0000] {logging_mixin.py:190} INFO - [2024-12-06T12:34:37.172+0000] {override.py:1911} INFO - Created Permission View: can create on DAG Run:example_bash_decorator
[2024-12-06T12:34:37.194+0000] {logging_mixin.py:190} INFO - [2024-12-06T12:34:37.194+0000] {override.py:1911} INFO - Created Permission View: menu access on DAG Run:example_bash_decorator
[2024-12-06T12:34:37.211+0000] {logging_mixin.py:190} INFO - [2024-12-06T12:34:37.210+0000] {override.py:1911} INFO - Created Permission View: can read on DAG Run:example_bash_decorator
[2024-12-06T12:34:37.213+0000] {logging_mixin.py:190} INFO - [2024-12-06T12:34:37.212+0000] {dag.py:3239} INFO - Sync 1 DAGs
[2024-12-06T12:34:37.237+0000] {logging_mixin.py:190} INFO - [2024-12-06T12:34:37.236+0000] {dag.py:3262} INFO - Creating ORM DAG for example_bash_decorator
[2024-12-06T12:34:37.240+0000] {logging_mixin.py:190} INFO - [2024-12-06T12:34:37.239+0000] {dag.py:4180} INFO - Setting next_dagrun for example_bash_decorator to None, run_after=None
[2024-12-06T12:34:37.265+0000] {processor.py:208} INFO - Processing /home/airflow/.local/lib/python3.12/site-packages/airflow/example_dags/example_bash_decorator.py took 0.391 seconds
[2024-12-06T12:35:08.468+0000] {processor.py:186} INFO - Started process (PID=155) to work on /home/airflow/.local/lib/python3.12/site-packages/airflow/example_dags/example_bash_decorator.py
[2024-12-06T12:35:08.469+0000] {processor.py:914} INFO - Processing file /home/airflow/.local/lib/python3.12/site-packages/airflow/example_dags/example_bash_decorator.py for tasks to queue
[2024-12-06T12:35:08.471+0000] {logging_mixin.py:190} INFO - [2024-12-06T12:35:08.471+0000] {dagbag.py:588} INFO - Filling up the DagBag from /home/airflow/.local/lib/python3.12/site-packages/airflow/example_dags/example_bash_decorator.py
[2024-12-06T12:35:08.489+0000] {processor.py:925} INFO - DAG(s) 'example_bash_decorator' retrieved from /home/airflow/.local/lib/python3.12/site-packages/airflow/example_dags/example_bash_decorator.py
[2024-12-06T12:35:08.524+0000] {logging_mixin.py:190} INFO - [2024-12-06T12:35:08.524+0000] {dag.py:3239} INFO - Sync 1 DAGs
[2024-12-06T12:35:08.542+0000] {logging_mixin.py:190} INFO - [2024-12-06T12:35:08.541+0000] {dag.py:4180} INFO - Setting next_dagrun for example_bash_decorator to None, run_after=None
[2024-12-06T12:35:08.563+0000] {processor.py:208} INFO - Processing /home/airflow/.local/lib/python3.12/site-packages/airflow/example_dags/example_bash_decorator.py took 0.102 seconds
[2024-12-06T12:35:38.714+0000] {processor.py:186} INFO - Started process (PID=217) to work on /home/airflow/.local/lib/python3.12/site-packages/airflow/example_dags/example_bash_decorator.py
[2024-12-06T12:35:38.815+0000] {processor.py:914} INFO - Processing file /home/airflow/.local/lib/python3.12/site-packages/airflow/example_dags/example_bash_decorator.py for tasks to queue
[2024-12-06T12:35:38.823+0000] {logging_mixin.py:190} INFO - [2024-12-06T12:35:38.822+0000] {dagbag.py:588} INFO - Filling up the DagBag from /home/airflow/.local/lib/python3.12/site-packages/airflow/example_dags/example_bash_decorator.py
[2024-12-06T12:35:38.843+0000] {processor.py:925} INFO - DAG(s) 'example_bash_decorator' retrieved from /home/airflow/.local/lib/python3.12/site-packages/airflow/example_dags/example_bash_decorator.py
[2024-12-06T12:35:38.871+0000] {logging_mixin.py:190} INFO - [2024-12-06T12:35:38.871+0000] {dag.py:3239} INFO - Sync 1 DAGs
[2024-12-06T12:35:38.887+0000] {logging_mixin.py:190} INFO - [2024-12-06T12:35:38.887+0000] {dag.py:4180} INFO - Setting next_dagrun for example_bash_decorator to None, run_after=None
[2024-12-06T12:35:38.912+0000] {processor.py:208} INFO - Processing /home/airflow/.local/lib/python3.12/site-packages/airflow/example_dags/example_bash_decorator.py took 0.209 seconds
[2024-12-06T12:36:09.430+0000] {processor.py:186} INFO - Started process (PID=279) to work on /home/airflow/.local/lib/python3.12/site-packages/airflow/example_dags/example_bash_decorator.py
[2024-12-06T12:36:09.512+0000] {processor.py:914} INFO - Processing file /home/airflow/.local/lib/python3.12/site-packages/airflow/example_dags/example_bash_decorator.py for tasks to queue
[2024-12-06T12:36:09.516+0000] {logging_mixin.py:190} INFO - [2024-12-06T12:36:09.516+0000] {dagbag.py:588} INFO - Filling up the DagBag from /home/airflow/.local/lib/python3.12/site-packages/airflow/example_dags/example_bash_decorator.py
[2024-12-06T12:36:09.538+0000] {processor.py:925} INFO - DAG(s) 'example_bash_decorator' retrieved from /home/airflow/.local/lib/python3.12/site-packages/airflow/example_dags/example_bash_decorator.py
[2024-12-06T12:36:09.570+0000] {logging_mixin.py:190} INFO - [2024-12-06T12:36:09.569+0000] {dag.py:3239} INFO - Sync 1 DAGs
[2024-12-06T12:36:09.594+0000] {logging_mixin.py:190} INFO - [2024-12-06T12:36:09.594+0000] {dag.py:4180} INFO - Setting next_dagrun for example_bash_decorator to None, run_after=None
[2024-12-06T12:36:09.628+0000] {processor.py:208} INFO - Processing /home/airflow/.local/lib/python3.12/site-packages/airflow/example_dags/example_bash_decorator.py took 0.215 seconds
[2024-12-06T12:56:08.566+0000] {processor.py:186} INFO - Started process (PID=311) to work on /home/airflow/.local/lib/python3.12/site-packages/airflow/example_dags/example_bash_decorator.py
[2024-12-06T12:56:08.590+0000] {processor.py:914} INFO - Processing file /home/airflow/.local/lib/python3.12/site-packages/airflow/example_dags/example_bash_decorator.py for tasks to queue
[2024-12-06T12:56:08.591+0000] {logging_mixin.py:190} INFO - [2024-12-06T12:56:08.591+0000] {dagbag.py:588} INFO - Filling up the DagBag from /home/airflow/.local/lib/python3.12/site-packages/airflow/example_dags/example_bash_decorator.py
[2024-12-06T12:56:08.606+0000] {processor.py:925} INFO - DAG(s) 'example_bash_decorator' retrieved from /home/airflow/.local/lib/python3.12/site-packages/airflow/example_dags/example_bash_decorator.py
[2024-12-06T12:56:08.632+0000] {logging_mixin.py:190} INFO - [2024-12-06T12:56:08.631+0000] {dag.py:3239} INFO - Sync 1 DAGs
[2024-12-06T12:56:08.647+0000] {logging_mixin.py:190} INFO - [2024-12-06T12:56:08.647+0000] {dag.py:4180} INFO - Setting next_dagrun for example_bash_decorator to None, run_after=None
[2024-12-06T12:56:08.670+0000] {processor.py:208} INFO - Processing /home/airflow/.local/lib/python3.12/site-packages/airflow/example_dags/example_bash_decorator.py took 0.110 seconds
[2024-12-06T15:51:13.933+0000] {processor.py:186} INFO - Started process (PID=366) to work on /home/airflow/.local/lib/python3.12/site-packages/airflow/example_dags/example_bash_decorator.py
[2024-12-06T15:51:13.936+0000] {processor.py:914} INFO - Processing file /home/airflow/.local/lib/python3.12/site-packages/airflow/example_dags/example_bash_decorator.py for tasks to queue
[2024-12-06T15:51:13.938+0000] {logging_mixin.py:190} INFO - [2024-12-06T15:51:13.937+0000] {dagbag.py:588} INFO - Filling up the DagBag from /home/airflow/.local/lib/python3.12/site-packages/airflow/example_dags/example_bash_decorator.py
[2024-12-06T15:51:13.953+0000] {processor.py:925} INFO - DAG(s) 'example_bash_decorator' retrieved from /home/airflow/.local/lib/python3.12/site-packages/airflow/example_dags/example_bash_decorator.py
[2024-12-06T15:51:14.021+0000] {logging_mixin.py:190} INFO - [2024-12-06T15:51:14.021+0000] {dag.py:3239} INFO - Sync 1 DAGs
[2024-12-06T15:51:14.046+0000] {logging_mixin.py:190} INFO - [2024-12-06T15:51:14.046+0000] {dag.py:4180} INFO - Setting next_dagrun for example_bash_decorator to None, run_after=None
[2024-12-06T15:51:14.080+0000] {processor.py:208} INFO - Processing /home/airflow/.local/lib/python3.12/site-packages/airflow/example_dags/example_bash_decorator.py took 0.153 seconds
