[2024-12-06T12:34:40.533+0000] {processor.py:186} INFO - Started process (PID=103) to work on /home/airflow/.local/lib/python3.12/site-packages/airflow/example_dags/example_local_kubernetes_executor.py
[2024-12-06T12:34:40.534+0000] {processor.py:914} INFO - Processing file /home/airflow/.local/lib/python3.12/site-packages/airflow/example_dags/example_local_kubernetes_executor.py for tasks to queue
[2024-12-06T12:34:40.539+0000] {logging_mixin.py:190} INFO - [2024-12-06T12:34:40.538+0000] {dagbag.py:588} INFO - Filling up the DagBag from /home/airflow/.local/lib/python3.12/site-packages/airflow/example_dags/example_local_kubernetes_executor.py
[2024-12-06T12:34:40.569+0000] {processor.py:925} INFO - DAG(s) 'example_local_kubernetes_executor' retrieved from /home/airflow/.local/lib/python3.12/site-packages/airflow/example_dags/example_local_kubernetes_executor.py
[2024-12-06T12:34:41.537+0000] {logging_mixin.py:190} INFO - [2024-12-06T12:34:41.534+0000] {override.py:1911} INFO - Created Permission View: can delete on DAG:example_local_kubernetes_executor
[2024-12-06T12:34:41.792+0000] {logging_mixin.py:190} INFO - [2024-12-06T12:34:41.791+0000] {override.py:1911} INFO - Created Permission View: can edit on DAG:example_local_kubernetes_executor
[2024-12-06T12:34:41.853+0000] {logging_mixin.py:190} INFO - [2024-12-06T12:34:41.852+0000] {override.py:1911} INFO - Created Permission View: can read on DAG:example_local_kubernetes_executor
[2024-12-06T12:34:41.868+0000] {logging_mixin.py:190} INFO - [2024-12-06T12:34:41.867+0000] {override.py:1911} INFO - Created Permission View: can delete on DAG Run:example_local_kubernetes_executor
[2024-12-06T12:34:41.878+0000] {logging_mixin.py:190} INFO - [2024-12-06T12:34:41.878+0000] {override.py:1911} INFO - Created Permission View: can create on DAG Run:example_local_kubernetes_executor
[2024-12-06T12:34:41.911+0000] {logging_mixin.py:190} INFO - [2024-12-06T12:34:41.910+0000] {override.py:1911} INFO - Created Permission View: menu access on DAG Run:example_local_kubernetes_executor
[2024-12-06T12:34:41.922+0000] {logging_mixin.py:190} INFO - [2024-12-06T12:34:41.922+0000] {override.py:1911} INFO - Created Permission View: can read on DAG Run:example_local_kubernetes_executor
[2024-12-06T12:34:41.923+0000] {logging_mixin.py:190} INFO - [2024-12-06T12:34:41.923+0000] {dag.py:3239} INFO - Sync 1 DAGs
[2024-12-06T12:34:41.940+0000] {logging_mixin.py:190} INFO - [2024-12-06T12:34:41.940+0000] {dag.py:3262} INFO - Creating ORM DAG for example_local_kubernetes_executor
[2024-12-06T12:34:41.942+0000] {logging_mixin.py:190} INFO - [2024-12-06T12:34:41.941+0000] {dag.py:4180} INFO - Setting next_dagrun for example_local_kubernetes_executor to None, run_after=None
[2024-12-06T12:34:41.974+0000] {processor.py:208} INFO - Processing /home/airflow/.local/lib/python3.12/site-packages/airflow/example_dags/example_local_kubernetes_executor.py took 1.450 seconds
[2024-12-06T12:35:12.612+0000] {processor.py:186} INFO - Started process (PID=166) to work on /home/airflow/.local/lib/python3.12/site-packages/airflow/example_dags/example_local_kubernetes_executor.py
[2024-12-06T12:35:12.614+0000] {processor.py:914} INFO - Processing file /home/airflow/.local/lib/python3.12/site-packages/airflow/example_dags/example_local_kubernetes_executor.py for tasks to queue
[2024-12-06T12:35:12.622+0000] {logging_mixin.py:190} INFO - [2024-12-06T12:35:12.619+0000] {dagbag.py:588} INFO - Filling up the DagBag from /home/airflow/.local/lib/python3.12/site-packages/airflow/example_dags/example_local_kubernetes_executor.py
[2024-12-06T12:35:12.639+0000] {processor.py:925} INFO - DAG(s) 'example_local_kubernetes_executor' retrieved from /home/airflow/.local/lib/python3.12/site-packages/airflow/example_dags/example_local_kubernetes_executor.py
[2024-12-06T12:35:12.674+0000] {logging_mixin.py:190} INFO - [2024-12-06T12:35:12.674+0000] {dag.py:3239} INFO - Sync 1 DAGs
[2024-12-06T12:35:12.689+0000] {logging_mixin.py:190} INFO - [2024-12-06T12:35:12.688+0000] {dag.py:4180} INFO - Setting next_dagrun for example_local_kubernetes_executor to None, run_after=None
[2024-12-06T12:35:12.712+0000] {processor.py:208} INFO - Processing /home/airflow/.local/lib/python3.12/site-packages/airflow/example_dags/example_local_kubernetes_executor.py took 0.107 seconds
[2024-12-06T12:35:43.418+0000] {processor.py:186} INFO - Started process (PID=229) to work on /home/airflow/.local/lib/python3.12/site-packages/airflow/example_dags/example_local_kubernetes_executor.py
[2024-12-06T12:35:43.420+0000] {processor.py:914} INFO - Processing file /home/airflow/.local/lib/python3.12/site-packages/airflow/example_dags/example_local_kubernetes_executor.py for tasks to queue
[2024-12-06T12:35:43.425+0000] {logging_mixin.py:190} INFO - [2024-12-06T12:35:43.425+0000] {dagbag.py:588} INFO - Filling up the DagBag from /home/airflow/.local/lib/python3.12/site-packages/airflow/example_dags/example_local_kubernetes_executor.py
[2024-12-06T12:35:43.440+0000] {processor.py:925} INFO - DAG(s) 'example_local_kubernetes_executor' retrieved from /home/airflow/.local/lib/python3.12/site-packages/airflow/example_dags/example_local_kubernetes_executor.py
[2024-12-06T12:35:43.481+0000] {logging_mixin.py:190} INFO - [2024-12-06T12:35:43.480+0000] {dag.py:3239} INFO - Sync 1 DAGs
[2024-12-06T12:35:43.527+0000] {logging_mixin.py:190} INFO - [2024-12-06T12:35:43.526+0000] {dag.py:4180} INFO - Setting next_dagrun for example_local_kubernetes_executor to None, run_after=None
[2024-12-06T12:35:43.557+0000] {processor.py:208} INFO - Processing /home/airflow/.local/lib/python3.12/site-packages/airflow/example_dags/example_local_kubernetes_executor.py took 0.150 seconds
[2024-12-06T12:56:06.515+0000] {processor.py:186} INFO - Started process (PID=292) to work on /home/airflow/.local/lib/python3.12/site-packages/airflow/example_dags/example_local_kubernetes_executor.py
[2024-12-06T12:56:06.517+0000] {processor.py:914} INFO - Processing file /home/airflow/.local/lib/python3.12/site-packages/airflow/example_dags/example_local_kubernetes_executor.py for tasks to queue
[2024-12-06T12:56:06.520+0000] {logging_mixin.py:190} INFO - [2024-12-06T12:56:06.519+0000] {dagbag.py:588} INFO - Filling up the DagBag from /home/airflow/.local/lib/python3.12/site-packages/airflow/example_dags/example_local_kubernetes_executor.py
[2024-12-06T12:56:06.539+0000] {processor.py:925} INFO - DAG(s) 'example_local_kubernetes_executor' retrieved from /home/airflow/.local/lib/python3.12/site-packages/airflow/example_dags/example_local_kubernetes_executor.py
[2024-12-06T12:56:06.602+0000] {logging_mixin.py:190} INFO - [2024-12-06T12:56:06.602+0000] {dag.py:3239} INFO - Sync 1 DAGs
[2024-12-06T12:56:06.629+0000] {logging_mixin.py:190} INFO - [2024-12-06T12:56:06.628+0000] {dag.py:4180} INFO - Setting next_dagrun for example_local_kubernetes_executor to None, run_after=None
[2024-12-06T12:56:06.656+0000] {processor.py:208} INFO - Processing /home/airflow/.local/lib/python3.12/site-packages/airflow/example_dags/example_local_kubernetes_executor.py took 0.161 seconds
[2024-12-06T15:51:15.315+0000] {processor.py:186} INFO - Started process (PID=377) to work on /home/airflow/.local/lib/python3.12/site-packages/airflow/example_dags/example_local_kubernetes_executor.py
[2024-12-06T15:51:15.317+0000] {processor.py:914} INFO - Processing file /home/airflow/.local/lib/python3.12/site-packages/airflow/example_dags/example_local_kubernetes_executor.py for tasks to queue
[2024-12-06T15:51:15.319+0000] {logging_mixin.py:190} INFO - [2024-12-06T15:51:15.318+0000] {dagbag.py:588} INFO - Filling up the DagBag from /home/airflow/.local/lib/python3.12/site-packages/airflow/example_dags/example_local_kubernetes_executor.py
[2024-12-06T15:51:15.328+0000] {processor.py:925} INFO - DAG(s) 'example_local_kubernetes_executor' retrieved from /home/airflow/.local/lib/python3.12/site-packages/airflow/example_dags/example_local_kubernetes_executor.py
[2024-12-06T15:51:15.360+0000] {logging_mixin.py:190} INFO - [2024-12-06T15:51:15.360+0000] {dag.py:3239} INFO - Sync 1 DAGs
[2024-12-06T15:51:15.373+0000] {logging_mixin.py:190} INFO - [2024-12-06T15:51:15.373+0000] {dag.py:4180} INFO - Setting next_dagrun for example_local_kubernetes_executor to None, run_after=None
[2024-12-06T15:51:15.398+0000] {processor.py:208} INFO - Processing /home/airflow/.local/lib/python3.12/site-packages/airflow/example_dags/example_local_kubernetes_executor.py took 0.088 seconds
