[2024-12-06T12:34:49.259+0000] {processor.py:186} INFO - Started process (PID=129) to work on /home/airflow/.local/lib/python3.12/site-packages/airflow/example_dags/example_dynamic_task_mapping.py
[2024-12-06T12:34:49.261+0000] {processor.py:914} INFO - Processing file /home/airflow/.local/lib/python3.12/site-packages/airflow/example_dags/example_dynamic_task_mapping.py for tasks to queue
[2024-12-06T12:34:49.264+0000] {logging_mixin.py:190} INFO - [2024-12-06T12:34:49.263+0000] {dagbag.py:588} INFO - Filling up the DagBag from /home/airflow/.local/lib/python3.12/site-packages/airflow/example_dags/example_dynamic_task_mapping.py
[2024-12-06T12:34:49.280+0000] {processor.py:925} INFO - DAG(s) 'example_dynamic_task_mapping' retrieved from /home/airflow/.local/lib/python3.12/site-packages/airflow/example_dags/example_dynamic_task_mapping.py
[2024-12-06T12:34:49.417+0000] {logging_mixin.py:190} INFO - [2024-12-06T12:34:49.416+0000] {override.py:1911} INFO - Created Permission View: can delete on DAG:example_dynamic_task_mapping
[2024-12-06T12:34:49.429+0000] {logging_mixin.py:190} INFO - [2024-12-06T12:34:49.429+0000] {override.py:1911} INFO - Created Permission View: can edit on DAG:example_dynamic_task_mapping
[2024-12-06T12:34:49.437+0000] {logging_mixin.py:190} INFO - [2024-12-06T12:34:49.437+0000] {override.py:1911} INFO - Created Permission View: can read on DAG:example_dynamic_task_mapping
[2024-12-06T12:34:49.449+0000] {logging_mixin.py:190} INFO - [2024-12-06T12:34:49.449+0000] {override.py:1911} INFO - Created Permission View: can delete on DAG Run:example_dynamic_task_mapping
[2024-12-06T12:34:49.458+0000] {logging_mixin.py:190} INFO - [2024-12-06T12:34:49.457+0000] {override.py:1911} INFO - Created Permission View: can create on DAG Run:example_dynamic_task_mapping
[2024-12-06T12:34:49.467+0000] {logging_mixin.py:190} INFO - [2024-12-06T12:34:49.466+0000] {override.py:1911} INFO - Created Permission View: menu access on DAG Run:example_dynamic_task_mapping
[2024-12-06T12:34:49.485+0000] {logging_mixin.py:190} INFO - [2024-12-06T12:34:49.484+0000] {override.py:1911} INFO - Created Permission View: can read on DAG Run:example_dynamic_task_mapping
[2024-12-06T12:34:49.488+0000] {logging_mixin.py:190} INFO - [2024-12-06T12:34:49.488+0000] {dag.py:3239} INFO - Sync 1 DAGs
[2024-12-06T12:34:49.505+0000] {logging_mixin.py:190} INFO - [2024-12-06T12:34:49.504+0000] {dag.py:3262} INFO - Creating ORM DAG for example_dynamic_task_mapping
[2024-12-06T12:34:49.506+0000] {logging_mixin.py:190} INFO - [2024-12-06T12:34:49.506+0000] {dag.py:4180} INFO - Setting next_dagrun for example_dynamic_task_mapping to None, run_after=None
[2024-12-06T12:34:49.527+0000] {processor.py:208} INFO - Processing /home/airflow/.local/lib/python3.12/site-packages/airflow/example_dags/example_dynamic_task_mapping.py took 0.282 seconds
[2024-12-06T12:35:20.349+0000] {processor.py:186} INFO - Started process (PID=192) to work on /home/airflow/.local/lib/python3.12/site-packages/airflow/example_dags/example_dynamic_task_mapping.py
[2024-12-06T12:35:20.350+0000] {processor.py:914} INFO - Processing file /home/airflow/.local/lib/python3.12/site-packages/airflow/example_dags/example_dynamic_task_mapping.py for tasks to queue
[2024-12-06T12:35:20.359+0000] {logging_mixin.py:190} INFO - [2024-12-06T12:35:20.359+0000] {dagbag.py:588} INFO - Filling up the DagBag from /home/airflow/.local/lib/python3.12/site-packages/airflow/example_dags/example_dynamic_task_mapping.py
[2024-12-06T12:35:20.373+0000] {processor.py:925} INFO - DAG(s) 'example_dynamic_task_mapping' retrieved from /home/airflow/.local/lib/python3.12/site-packages/airflow/example_dags/example_dynamic_task_mapping.py
[2024-12-06T12:35:20.395+0000] {logging_mixin.py:190} INFO - [2024-12-06T12:35:20.395+0000] {dag.py:3239} INFO - Sync 1 DAGs
[2024-12-06T12:35:20.413+0000] {logging_mixin.py:190} INFO - [2024-12-06T12:35:20.413+0000] {dag.py:4180} INFO - Setting next_dagrun for example_dynamic_task_mapping to None, run_after=None
[2024-12-06T12:35:20.435+0000] {processor.py:208} INFO - Processing /home/airflow/.local/lib/python3.12/site-packages/airflow/example_dags/example_dynamic_task_mapping.py took 0.092 seconds
[2024-12-06T12:35:51.400+0000] {processor.py:186} INFO - Started process (PID=264) to work on /home/airflow/.local/lib/python3.12/site-packages/airflow/example_dags/example_dynamic_task_mapping.py
[2024-12-06T12:35:51.402+0000] {processor.py:914} INFO - Processing file /home/airflow/.local/lib/python3.12/site-packages/airflow/example_dags/example_dynamic_task_mapping.py for tasks to queue
[2024-12-06T12:35:51.405+0000] {logging_mixin.py:190} INFO - [2024-12-06T12:35:51.404+0000] {dagbag.py:588} INFO - Filling up the DagBag from /home/airflow/.local/lib/python3.12/site-packages/airflow/example_dags/example_dynamic_task_mapping.py
[2024-12-06T12:35:51.414+0000] {processor.py:925} INFO - DAG(s) 'example_dynamic_task_mapping' retrieved from /home/airflow/.local/lib/python3.12/site-packages/airflow/example_dags/example_dynamic_task_mapping.py
[2024-12-06T12:35:51.437+0000] {logging_mixin.py:190} INFO - [2024-12-06T12:35:51.437+0000] {dag.py:3239} INFO - Sync 1 DAGs
[2024-12-06T12:35:51.452+0000] {logging_mixin.py:190} INFO - [2024-12-06T12:35:51.452+0000] {dag.py:4180} INFO - Setting next_dagrun for example_dynamic_task_mapping to None, run_after=None
[2024-12-06T12:35:51.472+0000] {processor.py:208} INFO - Processing /home/airflow/.local/lib/python3.12/site-packages/airflow/example_dags/example_dynamic_task_mapping.py took 0.077 seconds
[2024-12-06T15:51:10.910+0000] {processor.py:186} INFO - Started process (PID=346) to work on /home/airflow/.local/lib/python3.12/site-packages/airflow/example_dags/example_dynamic_task_mapping.py
[2024-12-06T15:51:10.912+0000] {processor.py:914} INFO - Processing file /home/airflow/.local/lib/python3.12/site-packages/airflow/example_dags/example_dynamic_task_mapping.py for tasks to queue
[2024-12-06T15:51:10.913+0000] {logging_mixin.py:190} INFO - [2024-12-06T15:51:10.913+0000] {dagbag.py:588} INFO - Filling up the DagBag from /home/airflow/.local/lib/python3.12/site-packages/airflow/example_dags/example_dynamic_task_mapping.py
[2024-12-06T15:51:10.924+0000] {processor.py:925} INFO - DAG(s) 'example_dynamic_task_mapping' retrieved from /home/airflow/.local/lib/python3.12/site-packages/airflow/example_dags/example_dynamic_task_mapping.py
[2024-12-06T15:51:10.952+0000] {logging_mixin.py:190} INFO - [2024-12-06T15:51:10.952+0000] {dag.py:3239} INFO - Sync 1 DAGs
[2024-12-06T15:51:10.982+0000] {logging_mixin.py:190} INFO - [2024-12-06T15:51:10.981+0000] {dag.py:4180} INFO - Setting next_dagrun for example_dynamic_task_mapping to None, run_after=None
[2024-12-06T15:51:11.049+0000] {processor.py:208} INFO - Processing /home/airflow/.local/lib/python3.12/site-packages/airflow/example_dags/example_dynamic_task_mapping.py took 0.146 seconds
