[2024-12-06T12:34:16.402+0000] {processor.py:186} INFO - Started process (PID=75) to work on /home/airflow/.local/lib/python3.12/site-packages/airflow/example_dags/example_dag_decorator.py
[2024-12-06T12:34:16.408+0000] {processor.py:914} INFO - Processing file /home/airflow/.local/lib/python3.12/site-packages/airflow/example_dags/example_dag_decorator.py for tasks to queue
[2024-12-06T12:34:16.424+0000] {logging_mixin.py:190} INFO - [2024-12-06T12:34:16.423+0000] {dagbag.py:588} INFO - Filling up the DagBag from /home/airflow/.local/lib/python3.12/site-packages/airflow/example_dags/example_dag_decorator.py
[2024-12-06T12:34:16.673+0000] {processor.py:925} INFO - DAG(s) 'example_dag_decorator' retrieved from /home/airflow/.local/lib/python3.12/site-packages/airflow/example_dags/example_dag_decorator.py
[2024-12-06T12:34:17.586+0000] {logging_mixin.py:190} INFO - [2024-12-06T12:34:17.584+0000] {override.py:1911} INFO - Created Permission View: can delete on DAG:example_dag_decorator
[2024-12-06T12:34:17.625+0000] {logging_mixin.py:190} INFO - [2024-12-06T12:34:17.625+0000] {override.py:1911} INFO - Created Permission View: can edit on DAG:example_dag_decorator
[2024-12-06T12:34:17.642+0000] {logging_mixin.py:190} INFO - [2024-12-06T12:34:17.640+0000] {override.py:1911} INFO - Created Permission View: can read on DAG:example_dag_decorator
[2024-12-06T12:34:17.656+0000] {logging_mixin.py:190} INFO - [2024-12-06T12:34:17.655+0000] {override.py:1911} INFO - Created Permission View: can delete on DAG Run:example_dag_decorator
[2024-12-06T12:34:17.669+0000] {logging_mixin.py:190} INFO - [2024-12-06T12:34:17.668+0000] {override.py:1911} INFO - Created Permission View: can create on DAG Run:example_dag_decorator
[2024-12-06T12:34:17.685+0000] {logging_mixin.py:190} INFO - [2024-12-06T12:34:17.685+0000] {override.py:1911} INFO - Created Permission View: menu access on DAG Run:example_dag_decorator
[2024-12-06T12:34:17.701+0000] {logging_mixin.py:190} INFO - [2024-12-06T12:34:17.700+0000] {override.py:1911} INFO - Created Permission View: can read on DAG Run:example_dag_decorator
[2024-12-06T12:34:17.702+0000] {logging_mixin.py:190} INFO - [2024-12-06T12:34:17.702+0000] {dag.py:3239} INFO - Sync 1 DAGs
[2024-12-06T12:34:17.781+0000] {logging_mixin.py:190} INFO - [2024-12-06T12:34:17.781+0000] {dag.py:3262} INFO - Creating ORM DAG for example_dag_decorator
[2024-12-06T12:34:17.785+0000] {logging_mixin.py:190} INFO - [2024-12-06T12:34:17.784+0000] {dag.py:4180} INFO - Setting next_dagrun for example_dag_decorator to None, run_after=None
[2024-12-06T12:34:17.841+0000] {processor.py:208} INFO - Processing /home/airflow/.local/lib/python3.12/site-packages/airflow/example_dags/example_dag_decorator.py took 1.456 seconds
[2024-12-06T12:34:50.881+0000] {processor.py:186} INFO - Started process (PID=138) to work on /home/airflow/.local/lib/python3.12/site-packages/airflow/example_dags/example_dag_decorator.py
[2024-12-06T12:34:50.906+0000] {processor.py:914} INFO - Processing file /home/airflow/.local/lib/python3.12/site-packages/airflow/example_dags/example_dag_decorator.py for tasks to queue
[2024-12-06T12:34:50.920+0000] {logging_mixin.py:190} INFO - [2024-12-06T12:34:50.919+0000] {dagbag.py:588} INFO - Filling up the DagBag from /home/airflow/.local/lib/python3.12/site-packages/airflow/example_dags/example_dag_decorator.py
[2024-12-06T12:34:50.963+0000] {processor.py:925} INFO - DAG(s) 'example_dag_decorator' retrieved from /home/airflow/.local/lib/python3.12/site-packages/airflow/example_dags/example_dag_decorator.py
[2024-12-06T12:34:51.347+0000] {logging_mixin.py:190} INFO - [2024-12-06T12:34:51.346+0000] {dag.py:3239} INFO - Sync 1 DAGs
[2024-12-06T12:34:51.375+0000] {logging_mixin.py:190} INFO - [2024-12-06T12:34:51.374+0000] {dag.py:4180} INFO - Setting next_dagrun for example_dag_decorator to None, run_after=None
[2024-12-06T12:34:51.417+0000] {processor.py:208} INFO - Processing /home/airflow/.local/lib/python3.12/site-packages/airflow/example_dags/example_dag_decorator.py took 0.562 seconds
[2024-12-06T12:35:21.834+0000] {processor.py:186} INFO - Started process (PID=207) to work on /home/airflow/.local/lib/python3.12/site-packages/airflow/example_dags/example_dag_decorator.py
[2024-12-06T12:35:21.836+0000] {processor.py:914} INFO - Processing file /home/airflow/.local/lib/python3.12/site-packages/airflow/example_dags/example_dag_decorator.py for tasks to queue
[2024-12-06T12:35:21.840+0000] {logging_mixin.py:190} INFO - [2024-12-06T12:35:21.839+0000] {dagbag.py:588} INFO - Filling up the DagBag from /home/airflow/.local/lib/python3.12/site-packages/airflow/example_dags/example_dag_decorator.py
[2024-12-06T12:35:21.853+0000] {processor.py:925} INFO - DAG(s) 'example_dag_decorator' retrieved from /home/airflow/.local/lib/python3.12/site-packages/airflow/example_dags/example_dag_decorator.py
[2024-12-06T12:35:22.004+0000] {logging_mixin.py:190} INFO - [2024-12-06T12:35:22.004+0000] {dag.py:3239} INFO - Sync 1 DAGs
[2024-12-06T12:35:22.020+0000] {logging_mixin.py:190} INFO - [2024-12-06T12:35:22.020+0000] {dag.py:4180} INFO - Setting next_dagrun for example_dag_decorator to None, run_after=None
[2024-12-06T12:35:22.052+0000] {processor.py:208} INFO - Processing /home/airflow/.local/lib/python3.12/site-packages/airflow/example_dags/example_dag_decorator.py took 0.225 seconds
[2024-12-06T12:35:52.664+0000] {processor.py:186} INFO - Started process (PID=270) to work on /home/airflow/.local/lib/python3.12/site-packages/airflow/example_dags/example_dag_decorator.py
[2024-12-06T12:35:52.666+0000] {processor.py:914} INFO - Processing file /home/airflow/.local/lib/python3.12/site-packages/airflow/example_dags/example_dag_decorator.py for tasks to queue
[2024-12-06T12:35:52.669+0000] {logging_mixin.py:190} INFO - [2024-12-06T12:35:52.669+0000] {dagbag.py:588} INFO - Filling up the DagBag from /home/airflow/.local/lib/python3.12/site-packages/airflow/example_dags/example_dag_decorator.py
[2024-12-06T12:35:52.683+0000] {processor.py:925} INFO - DAG(s) 'example_dag_decorator' retrieved from /home/airflow/.local/lib/python3.12/site-packages/airflow/example_dags/example_dag_decorator.py
[2024-12-06T12:35:52.814+0000] {logging_mixin.py:190} INFO - [2024-12-06T12:35:52.813+0000] {dag.py:3239} INFO - Sync 1 DAGs
[2024-12-06T12:35:52.828+0000] {logging_mixin.py:190} INFO - [2024-12-06T12:35:52.828+0000] {dag.py:4180} INFO - Setting next_dagrun for example_dag_decorator to None, run_after=None
[2024-12-06T12:35:52.853+0000] {processor.py:208} INFO - Processing /home/airflow/.local/lib/python3.12/site-packages/airflow/example_dags/example_dag_decorator.py took 0.195 seconds
[2024-12-06T12:56:07.163+0000] {processor.py:186} INFO - Started process (PID=300) to work on /home/airflow/.local/lib/python3.12/site-packages/airflow/example_dags/example_dag_decorator.py
[2024-12-06T12:56:07.179+0000] {processor.py:914} INFO - Processing file /home/airflow/.local/lib/python3.12/site-packages/airflow/example_dags/example_dag_decorator.py for tasks to queue
[2024-12-06T12:56:07.180+0000] {logging_mixin.py:190} INFO - [2024-12-06T12:56:07.180+0000] {dagbag.py:588} INFO - Filling up the DagBag from /home/airflow/.local/lib/python3.12/site-packages/airflow/example_dags/example_dag_decorator.py
[2024-12-06T12:56:07.195+0000] {processor.py:925} INFO - DAG(s) 'example_dag_decorator' retrieved from /home/airflow/.local/lib/python3.12/site-packages/airflow/example_dags/example_dag_decorator.py
[2024-12-06T12:56:07.325+0000] {logging_mixin.py:190} INFO - [2024-12-06T12:56:07.324+0000] {dag.py:3239} INFO - Sync 1 DAGs
[2024-12-06T12:56:07.338+0000] {logging_mixin.py:190} INFO - [2024-12-06T12:56:07.338+0000] {dag.py:4180} INFO - Setting next_dagrun for example_dag_decorator to None, run_after=None
[2024-12-06T12:56:07.362+0000] {processor.py:208} INFO - Processing /home/airflow/.local/lib/python3.12/site-packages/airflow/example_dags/example_dag_decorator.py took 0.206 seconds
[2024-12-06T15:51:11.980+0000] {processor.py:186} INFO - Started process (PID=355) to work on /home/airflow/.local/lib/python3.12/site-packages/airflow/example_dags/example_dag_decorator.py
[2024-12-06T15:51:11.991+0000] {processor.py:914} INFO - Processing file /home/airflow/.local/lib/python3.12/site-packages/airflow/example_dags/example_dag_decorator.py for tasks to queue
[2024-12-06T15:51:11.993+0000] {logging_mixin.py:190} INFO - [2024-12-06T15:51:11.992+0000] {dagbag.py:588} INFO - Filling up the DagBag from /home/airflow/.local/lib/python3.12/site-packages/airflow/example_dags/example_dag_decorator.py
[2024-12-06T15:51:12.010+0000] {processor.py:925} INFO - DAG(s) 'example_dag_decorator' retrieved from /home/airflow/.local/lib/python3.12/site-packages/airflow/example_dags/example_dag_decorator.py
[2024-12-06T15:51:12.165+0000] {logging_mixin.py:190} INFO - [2024-12-06T15:51:12.165+0000] {dag.py:3239} INFO - Sync 1 DAGs
[2024-12-06T15:51:12.181+0000] {logging_mixin.py:190} INFO - [2024-12-06T15:51:12.181+0000] {dag.py:4180} INFO - Setting next_dagrun for example_dag_decorator to None, run_after=None
[2024-12-06T15:51:12.209+0000] {processor.py:208} INFO - Processing /home/airflow/.local/lib/python3.12/site-packages/airflow/example_dags/example_dag_decorator.py took 0.236 seconds
