[2024-12-06T12:34:20.489+0000] {processor.py:186} INFO - Started process (PID=85) to work on /home/airflow/.local/lib/python3.12/site-packages/airflow/example_dags/example_external_task_marker_dag.py
[2024-12-06T12:34:20.492+0000] {processor.py:914} INFO - Processing file /home/airflow/.local/lib/python3.12/site-packages/airflow/example_dags/example_external_task_marker_dag.py for tasks to queue
[2024-12-06T12:34:20.502+0000] {logging_mixin.py:190} INFO - [2024-12-06T12:34:20.500+0000] {dagbag.py:588} INFO - Filling up the DagBag from /home/airflow/.local/lib/python3.12/site-packages/airflow/example_dags/example_external_task_marker_dag.py
[2024-12-06T12:34:20.548+0000] {processor.py:925} INFO - DAG(s) 'example_external_task_marker_child', 'example_external_task_marker_parent' retrieved from /home/airflow/.local/lib/python3.12/site-packages/airflow/example_dags/example_external_task_marker_dag.py
[2024-12-06T12:34:21.030+0000] {logging_mixin.py:190} INFO - [2024-12-06T12:34:21.026+0000] {override.py:1911} INFO - Created Permission View: can delete on DAG:example_external_task_marker_child
[2024-12-06T12:34:21.104+0000] {logging_mixin.py:190} INFO - [2024-12-06T12:34:21.103+0000] {override.py:1911} INFO - Created Permission View: can edit on DAG:example_external_task_marker_child
[2024-12-06T12:34:21.148+0000] {logging_mixin.py:190} INFO - [2024-12-06T12:34:21.147+0000] {override.py:1911} INFO - Created Permission View: can read on DAG:example_external_task_marker_child
[2024-12-06T12:34:21.185+0000] {logging_mixin.py:190} INFO - [2024-12-06T12:34:21.182+0000] {override.py:1911} INFO - Created Permission View: can delete on DAG Run:example_external_task_marker_child
[2024-12-06T12:34:21.224+0000] {logging_mixin.py:190} INFO - [2024-12-06T12:34:21.224+0000] {override.py:1911} INFO - Created Permission View: can create on DAG Run:example_external_task_marker_child
[2024-12-06T12:34:21.237+0000] {logging_mixin.py:190} INFO - [2024-12-06T12:34:21.236+0000] {override.py:1911} INFO - Created Permission View: menu access on DAG Run:example_external_task_marker_child
[2024-12-06T12:34:21.254+0000] {logging_mixin.py:190} INFO - [2024-12-06T12:34:21.252+0000] {override.py:1911} INFO - Created Permission View: can read on DAG Run:example_external_task_marker_child
[2024-12-06T12:34:21.283+0000] {logging_mixin.py:190} INFO - [2024-12-06T12:34:21.282+0000] {override.py:1911} INFO - Created Permission View: can delete on DAG:example_external_task_marker_parent
[2024-12-06T12:34:21.305+0000] {logging_mixin.py:190} INFO - [2024-12-06T12:34:21.304+0000] {override.py:1911} INFO - Created Permission View: can edit on DAG:example_external_task_marker_parent
[2024-12-06T12:34:21.317+0000] {logging_mixin.py:190} INFO - [2024-12-06T12:34:21.317+0000] {override.py:1911} INFO - Created Permission View: can read on DAG:example_external_task_marker_parent
[2024-12-06T12:34:21.335+0000] {logging_mixin.py:190} INFO - [2024-12-06T12:34:21.334+0000] {override.py:1911} INFO - Created Permission View: can delete on DAG Run:example_external_task_marker_parent
[2024-12-06T12:34:21.347+0000] {logging_mixin.py:190} INFO - [2024-12-06T12:34:21.346+0000] {override.py:1911} INFO - Created Permission View: can create on DAG Run:example_external_task_marker_parent
[2024-12-06T12:34:21.362+0000] {logging_mixin.py:190} INFO - [2024-12-06T12:34:21.361+0000] {override.py:1911} INFO - Created Permission View: menu access on DAG Run:example_external_task_marker_parent
[2024-12-06T12:34:21.376+0000] {logging_mixin.py:190} INFO - [2024-12-06T12:34:21.376+0000] {override.py:1911} INFO - Created Permission View: can read on DAG Run:example_external_task_marker_parent
[2024-12-06T12:34:21.377+0000] {logging_mixin.py:190} INFO - [2024-12-06T12:34:21.377+0000] {dag.py:3239} INFO - Sync 2 DAGs
[2024-12-06T12:34:21.464+0000] {logging_mixin.py:190} INFO - [2024-12-06T12:34:21.463+0000] {dag.py:3262} INFO - Creating ORM DAG for example_external_task_marker_parent
[2024-12-06T12:34:21.466+0000] {logging_mixin.py:190} INFO - [2024-12-06T12:34:21.465+0000] {dag.py:3262} INFO - Creating ORM DAG for example_external_task_marker_child
[2024-12-06T12:34:21.470+0000] {logging_mixin.py:190} INFO - [2024-12-06T12:34:21.469+0000] {dag.py:4180} INFO - Setting next_dagrun for example_external_task_marker_child to None, run_after=None
[2024-12-06T12:34:21.473+0000] {logging_mixin.py:190} INFO - [2024-12-06T12:34:21.473+0000] {dag.py:4180} INFO - Setting next_dagrun for example_external_task_marker_parent to None, run_after=None
[2024-12-06T12:34:21.548+0000] {processor.py:208} INFO - Processing /home/airflow/.local/lib/python3.12/site-packages/airflow/example_dags/example_external_task_marker_dag.py took 1.079 seconds
[2024-12-06T12:34:51.747+0000] {processor.py:186} INFO - Started process (PID=148) to work on /home/airflow/.local/lib/python3.12/site-packages/airflow/example_dags/example_external_task_marker_dag.py
[2024-12-06T12:34:51.750+0000] {processor.py:914} INFO - Processing file /home/airflow/.local/lib/python3.12/site-packages/airflow/example_dags/example_external_task_marker_dag.py for tasks to queue
[2024-12-06T12:34:51.754+0000] {logging_mixin.py:190} INFO - [2024-12-06T12:34:51.753+0000] {dagbag.py:588} INFO - Filling up the DagBag from /home/airflow/.local/lib/python3.12/site-packages/airflow/example_dags/example_external_task_marker_dag.py
[2024-12-06T12:34:51.783+0000] {processor.py:925} INFO - DAG(s) 'example_external_task_marker_parent', 'example_external_task_marker_child' retrieved from /home/airflow/.local/lib/python3.12/site-packages/airflow/example_dags/example_external_task_marker_dag.py
[2024-12-06T12:34:51.823+0000] {logging_mixin.py:190} INFO - [2024-12-06T12:34:51.822+0000] {dag.py:3239} INFO - Sync 2 DAGs
[2024-12-06T12:34:51.848+0000] {logging_mixin.py:190} INFO - [2024-12-06T12:34:51.847+0000] {dag.py:4180} INFO - Setting next_dagrun for example_external_task_marker_child to None, run_after=None
[2024-12-06T12:34:51.855+0000] {logging_mixin.py:190} INFO - [2024-12-06T12:34:51.855+0000] {dag.py:4180} INFO - Setting next_dagrun for example_external_task_marker_parent to None, run_after=None
[2024-12-06T12:34:51.901+0000] {processor.py:208} INFO - Processing /home/airflow/.local/lib/python3.12/site-packages/airflow/example_dags/example_external_task_marker_dag.py took 0.165 seconds
[2024-12-06T12:35:22.119+0000] {processor.py:186} INFO - Started process (PID=211) to work on /home/airflow/.local/lib/python3.12/site-packages/airflow/example_dags/example_external_task_marker_dag.py
[2024-12-06T12:35:22.120+0000] {processor.py:914} INFO - Processing file /home/airflow/.local/lib/python3.12/site-packages/airflow/example_dags/example_external_task_marker_dag.py for tasks to queue
[2024-12-06T12:35:22.123+0000] {logging_mixin.py:190} INFO - [2024-12-06T12:35:22.122+0000] {dagbag.py:588} INFO - Filling up the DagBag from /home/airflow/.local/lib/python3.12/site-packages/airflow/example_dags/example_external_task_marker_dag.py
[2024-12-06T12:35:22.131+0000] {processor.py:925} INFO - DAG(s) 'example_external_task_marker_child', 'example_external_task_marker_parent' retrieved from /home/airflow/.local/lib/python3.12/site-packages/airflow/example_dags/example_external_task_marker_dag.py
[2024-12-06T12:35:22.157+0000] {logging_mixin.py:190} INFO - [2024-12-06T12:35:22.156+0000] {dag.py:3239} INFO - Sync 2 DAGs
[2024-12-06T12:35:22.172+0000] {logging_mixin.py:190} INFO - [2024-12-06T12:35:22.171+0000] {dag.py:4180} INFO - Setting next_dagrun for example_external_task_marker_child to None, run_after=None
[2024-12-06T12:35:22.176+0000] {logging_mixin.py:190} INFO - [2024-12-06T12:35:22.176+0000] {dag.py:4180} INFO - Setting next_dagrun for example_external_task_marker_parent to None, run_after=None
[2024-12-06T12:35:22.216+0000] {processor.py:208} INFO - Processing /home/airflow/.local/lib/python3.12/site-packages/airflow/example_dags/example_external_task_marker_dag.py took 0.103 seconds
[2024-12-06T12:35:52.920+0000] {processor.py:186} INFO - Started process (PID=274) to work on /home/airflow/.local/lib/python3.12/site-packages/airflow/example_dags/example_external_task_marker_dag.py
[2024-12-06T12:35:52.921+0000] {processor.py:914} INFO - Processing file /home/airflow/.local/lib/python3.12/site-packages/airflow/example_dags/example_external_task_marker_dag.py for tasks to queue
[2024-12-06T12:35:52.924+0000] {logging_mixin.py:190} INFO - [2024-12-06T12:35:52.923+0000] {dagbag.py:588} INFO - Filling up the DagBag from /home/airflow/.local/lib/python3.12/site-packages/airflow/example_dags/example_external_task_marker_dag.py
[2024-12-06T12:35:52.934+0000] {processor.py:925} INFO - DAG(s) 'example_external_task_marker_child', 'example_external_task_marker_parent' retrieved from /home/airflow/.local/lib/python3.12/site-packages/airflow/example_dags/example_external_task_marker_dag.py
[2024-12-06T12:35:52.961+0000] {logging_mixin.py:190} INFO - [2024-12-06T12:35:52.961+0000] {dag.py:3239} INFO - Sync 2 DAGs
[2024-12-06T12:35:52.980+0000] {logging_mixin.py:190} INFO - [2024-12-06T12:35:52.980+0000] {dag.py:4180} INFO - Setting next_dagrun for example_external_task_marker_child to None, run_after=None
[2024-12-06T12:35:52.985+0000] {logging_mixin.py:190} INFO - [2024-12-06T12:35:52.985+0000] {dag.py:4180} INFO - Setting next_dagrun for example_external_task_marker_parent to None, run_after=None
[2024-12-06T12:35:53.007+0000] {processor.py:208} INFO - Processing /home/airflow/.local/lib/python3.12/site-packages/airflow/example_dags/example_external_task_marker_dag.py took 0.094 seconds
[2024-12-06T12:56:07.537+0000] {processor.py:186} INFO - Started process (PID=304) to work on /home/airflow/.local/lib/python3.12/site-packages/airflow/example_dags/example_external_task_marker_dag.py
[2024-12-06T12:56:07.555+0000] {processor.py:914} INFO - Processing file /home/airflow/.local/lib/python3.12/site-packages/airflow/example_dags/example_external_task_marker_dag.py for tasks to queue
[2024-12-06T12:56:07.557+0000] {logging_mixin.py:190} INFO - [2024-12-06T12:56:07.556+0000] {dagbag.py:588} INFO - Filling up the DagBag from /home/airflow/.local/lib/python3.12/site-packages/airflow/example_dags/example_external_task_marker_dag.py
[2024-12-06T12:56:07.565+0000] {processor.py:925} INFO - DAG(s) 'example_external_task_marker_child', 'example_external_task_marker_parent' retrieved from /home/airflow/.local/lib/python3.12/site-packages/airflow/example_dags/example_external_task_marker_dag.py
[2024-12-06T12:56:07.586+0000] {logging_mixin.py:190} INFO - [2024-12-06T12:56:07.586+0000] {dag.py:3239} INFO - Sync 2 DAGs
[2024-12-06T12:56:07.604+0000] {logging_mixin.py:190} INFO - [2024-12-06T12:56:07.604+0000] {dag.py:4180} INFO - Setting next_dagrun for example_external_task_marker_child to None, run_after=None
[2024-12-06T12:56:07.608+0000] {logging_mixin.py:190} INFO - [2024-12-06T12:56:07.608+0000] {dag.py:4180} INFO - Setting next_dagrun for example_external_task_marker_parent to None, run_after=None
[2024-12-06T12:56:07.627+0000] {processor.py:208} INFO - Processing /home/airflow/.local/lib/python3.12/site-packages/airflow/example_dags/example_external_task_marker_dag.py took 0.098 seconds
[2024-12-06T15:51:12.394+0000] {processor.py:186} INFO - Started process (PID=359) to work on /home/airflow/.local/lib/python3.12/site-packages/airflow/example_dags/example_external_task_marker_dag.py
[2024-12-06T15:51:12.410+0000] {processor.py:914} INFO - Processing file /home/airflow/.local/lib/python3.12/site-packages/airflow/example_dags/example_external_task_marker_dag.py for tasks to queue
[2024-12-06T15:51:12.412+0000] {logging_mixin.py:190} INFO - [2024-12-06T15:51:12.412+0000] {dagbag.py:588} INFO - Filling up the DagBag from /home/airflow/.local/lib/python3.12/site-packages/airflow/example_dags/example_external_task_marker_dag.py
[2024-12-06T15:51:12.425+0000] {processor.py:925} INFO - DAG(s) 'example_external_task_marker_parent', 'example_external_task_marker_child' retrieved from /home/airflow/.local/lib/python3.12/site-packages/airflow/example_dags/example_external_task_marker_dag.py
[2024-12-06T15:51:12.462+0000] {logging_mixin.py:190} INFO - [2024-12-06T15:51:12.461+0000] {dag.py:3239} INFO - Sync 2 DAGs
[2024-12-06T15:51:12.485+0000] {logging_mixin.py:190} INFO - [2024-12-06T15:51:12.484+0000] {dag.py:4180} INFO - Setting next_dagrun for example_external_task_marker_child to None, run_after=None
[2024-12-06T15:51:12.491+0000] {logging_mixin.py:190} INFO - [2024-12-06T15:51:12.491+0000] {dag.py:4180} INFO - Setting next_dagrun for example_external_task_marker_parent to None, run_after=None
[2024-12-06T15:51:12.531+0000] {processor.py:208} INFO - Processing /home/airflow/.local/lib/python3.12/site-packages/airflow/example_dags/example_external_task_marker_dag.py took 0.146 seconds
