[2024-12-06T12:34:48.540+0000] {processor.py:186} INFO - Started process (PID=125) to work on /home/airflow/.local/lib/python3.12/site-packages/airflow/example_dags/example_branch_operator.py
[2024-12-06T12:34:48.542+0000] {processor.py:914} INFO - Processing file /home/airflow/.local/lib/python3.12/site-packages/airflow/example_dags/example_branch_operator.py for tasks to queue
[2024-12-06T12:34:48.545+0000] {logging_mixin.py:190} INFO - [2024-12-06T12:34:48.545+0000] {dagbag.py:588} INFO - Filling up the DagBag from /home/airflow/.local/lib/python3.12/site-packages/airflow/example_dags/example_branch_operator.py
[2024-12-06T12:34:48.569+0000] {processor.py:925} INFO - DAG(s) 'example_branch_operator' retrieved from /home/airflow/.local/lib/python3.12/site-packages/airflow/example_dags/example_branch_operator.py
[2024-12-06T12:34:48.724+0000] {logging_mixin.py:190} INFO - [2024-12-06T12:34:48.723+0000] {override.py:1911} INFO - Created Permission View: can delete on DAG:example_branch_operator
[2024-12-06T12:34:48.738+0000] {logging_mixin.py:190} INFO - [2024-12-06T12:34:48.737+0000] {override.py:1911} INFO - Created Permission View: can edit on DAG:example_branch_operator
[2024-12-06T12:34:48.746+0000] {logging_mixin.py:190} INFO - [2024-12-06T12:34:48.746+0000] {override.py:1911} INFO - Created Permission View: can read on DAG:example_branch_operator
[2024-12-06T12:34:48.756+0000] {logging_mixin.py:190} INFO - [2024-12-06T12:34:48.756+0000] {override.py:1911} INFO - Created Permission View: can delete on DAG Run:example_branch_operator
[2024-12-06T12:34:48.765+0000] {logging_mixin.py:190} INFO - [2024-12-06T12:34:48.764+0000] {override.py:1911} INFO - Created Permission View: can create on DAG Run:example_branch_operator
[2024-12-06T12:34:48.773+0000] {logging_mixin.py:190} INFO - [2024-12-06T12:34:48.773+0000] {override.py:1911} INFO - Created Permission View: menu access on DAG Run:example_branch_operator
[2024-12-06T12:34:48.781+0000] {logging_mixin.py:190} INFO - [2024-12-06T12:34:48.780+0000] {override.py:1911} INFO - Created Permission View: can read on DAG Run:example_branch_operator
[2024-12-06T12:34:48.782+0000] {logging_mixin.py:190} INFO - [2024-12-06T12:34:48.781+0000] {dag.py:3239} INFO - Sync 1 DAGs
[2024-12-06T12:34:48.798+0000] {logging_mixin.py:190} INFO - [2024-12-06T12:34:48.797+0000] {dag.py:3262} INFO - Creating ORM DAG for example_branch_operator
[2024-12-06T12:34:48.820+0000] {logging_mixin.py:190} INFO - [2024-12-06T12:34:48.819+0000] {dag.py:4180} INFO - Setting next_dagrun for example_branch_operator to 2024-12-05 00:00:00+00:00, run_after=2024-12-06 00:00:00+00:00
[2024-12-06T12:34:48.858+0000] {processor.py:208} INFO - Processing /home/airflow/.local/lib/python3.12/site-packages/airflow/example_dags/example_branch_operator.py took 0.325 seconds
[2024-12-06T12:35:18.895+0000] {processor.py:186} INFO - Started process (PID=188) to work on /home/airflow/.local/lib/python3.12/site-packages/airflow/example_dags/example_branch_operator.py
[2024-12-06T12:35:18.896+0000] {processor.py:914} INFO - Processing file /home/airflow/.local/lib/python3.12/site-packages/airflow/example_dags/example_branch_operator.py for tasks to queue
[2024-12-06T12:35:18.898+0000] {logging_mixin.py:190} INFO - [2024-12-06T12:35:18.898+0000] {dagbag.py:588} INFO - Filling up the DagBag from /home/airflow/.local/lib/python3.12/site-packages/airflow/example_dags/example_branch_operator.py
[2024-12-06T12:35:18.917+0000] {processor.py:925} INFO - DAG(s) 'example_branch_operator' retrieved from /home/airflow/.local/lib/python3.12/site-packages/airflow/example_dags/example_branch_operator.py
[2024-12-06T12:35:18.960+0000] {logging_mixin.py:190} INFO - [2024-12-06T12:35:18.959+0000] {dag.py:3239} INFO - Sync 1 DAGs
[2024-12-06T12:35:18.985+0000] {logging_mixin.py:190} INFO - [2024-12-06T12:35:18.984+0000] {dag.py:4180} INFO - Setting next_dagrun for example_branch_operator to 2024-12-05 00:00:00+00:00, run_after=2024-12-06 00:00:00+00:00
[2024-12-06T12:35:19.010+0000] {processor.py:208} INFO - Processing /home/airflow/.local/lib/python3.12/site-packages/airflow/example_dags/example_branch_operator.py took 0.121 seconds
[2024-12-06T12:35:49.935+0000] {processor.py:186} INFO - Started process (PID=251) to work on /home/airflow/.local/lib/python3.12/site-packages/airflow/example_dags/example_branch_operator.py
[2024-12-06T12:35:49.937+0000] {processor.py:914} INFO - Processing file /home/airflow/.local/lib/python3.12/site-packages/airflow/example_dags/example_branch_operator.py for tasks to queue
[2024-12-06T12:35:49.939+0000] {logging_mixin.py:190} INFO - [2024-12-06T12:35:49.939+0000] {dagbag.py:588} INFO - Filling up the DagBag from /home/airflow/.local/lib/python3.12/site-packages/airflow/example_dags/example_branch_operator.py
[2024-12-06T12:35:49.957+0000] {processor.py:925} INFO - DAG(s) 'example_branch_operator' retrieved from /home/airflow/.local/lib/python3.12/site-packages/airflow/example_dags/example_branch_operator.py
[2024-12-06T12:35:49.987+0000] {logging_mixin.py:190} INFO - [2024-12-06T12:35:49.986+0000] {dag.py:3239} INFO - Sync 1 DAGs
[2024-12-06T12:35:50.012+0000] {logging_mixin.py:190} INFO - [2024-12-06T12:35:50.012+0000] {dag.py:4180} INFO - Setting next_dagrun for example_branch_operator to 2024-12-05 00:00:00+00:00, run_after=2024-12-06 00:00:00+00:00
[2024-12-06T12:35:50.033+0000] {processor.py:208} INFO - Processing /home/airflow/.local/lib/python3.12/site-packages/airflow/example_dags/example_branch_operator.py took 0.103 seconds
[2024-12-06T15:51:10.626+0000] {processor.py:186} INFO - Started process (PID=342) to work on /home/airflow/.local/lib/python3.12/site-packages/airflow/example_dags/example_branch_operator.py
[2024-12-06T15:51:10.627+0000] {processor.py:914} INFO - Processing file /home/airflow/.local/lib/python3.12/site-packages/airflow/example_dags/example_branch_operator.py for tasks to queue
[2024-12-06T15:51:10.629+0000] {logging_mixin.py:190} INFO - [2024-12-06T15:51:10.628+0000] {dagbag.py:588} INFO - Filling up the DagBag from /home/airflow/.local/lib/python3.12/site-packages/airflow/example_dags/example_branch_operator.py
[2024-12-06T15:51:10.652+0000] {processor.py:925} INFO - DAG(s) 'example_branch_operator' retrieved from /home/airflow/.local/lib/python3.12/site-packages/airflow/example_dags/example_branch_operator.py
[2024-12-06T15:51:10.682+0000] {logging_mixin.py:190} INFO - [2024-12-06T15:51:10.682+0000] {dag.py:3239} INFO - Sync 1 DAGs
[2024-12-06T15:51:10.709+0000] {logging_mixin.py:190} INFO - [2024-12-06T15:51:10.709+0000] {dag.py:4180} INFO - Setting next_dagrun for example_branch_operator to 2024-12-05 00:00:00+00:00, run_after=2024-12-06 00:00:00+00:00
[2024-12-06T15:51:10.729+0000] {processor.py:208} INFO - Processing /home/airflow/.local/lib/python3.12/site-packages/airflow/example_dags/example_branch_operator.py took 0.109 seconds
