[2024-12-06T12:34:21.198+0000] {processor.py:186} INFO - Started process (PID=86) to work on /home/airflow/.local/lib/python3.12/site-packages/airflow/example_dags/example_trigger_target_dag.py
[2024-12-06T12:34:21.215+0000] {processor.py:914} INFO - Processing file /home/airflow/.local/lib/python3.12/site-packages/airflow/example_dags/example_trigger_target_dag.py for tasks to queue
[2024-12-06T12:34:21.259+0000] {logging_mixin.py:190} INFO - [2024-12-06T12:34:21.255+0000] {dagbag.py:588} INFO - Filling up the DagBag from /home/airflow/.local/lib/python3.12/site-packages/airflow/example_dags/example_trigger_target_dag.py
[2024-12-06T12:34:21.352+0000] {processor.py:925} INFO - DAG(s) 'example_trigger_target_dag' retrieved from /home/airflow/.local/lib/python3.12/site-packages/airflow/example_dags/example_trigger_target_dag.py
[2024-12-06T12:34:21.763+0000] {logging_mixin.py:190} INFO - [2024-12-06T12:34:21.762+0000] {override.py:1911} INFO - Created Permission View: can delete on DAG:example_trigger_target_dag
[2024-12-06T12:34:21.788+0000] {logging_mixin.py:190} INFO - [2024-12-06T12:34:21.787+0000] {override.py:1911} INFO - Created Permission View: can edit on DAG:example_trigger_target_dag
[2024-12-06T12:34:21.804+0000] {logging_mixin.py:190} INFO - [2024-12-06T12:34:21.804+0000] {override.py:1911} INFO - Created Permission View: can read on DAG:example_trigger_target_dag
[2024-12-06T12:34:21.818+0000] {logging_mixin.py:190} INFO - [2024-12-06T12:34:21.818+0000] {override.py:1911} INFO - Created Permission View: can delete on DAG Run:example_trigger_target_dag
[2024-12-06T12:34:21.831+0000] {logging_mixin.py:190} INFO - [2024-12-06T12:34:21.831+0000] {override.py:1911} INFO - Created Permission View: can create on DAG Run:example_trigger_target_dag
[2024-12-06T12:34:21.856+0000] {logging_mixin.py:190} INFO - [2024-12-06T12:34:21.855+0000] {override.py:1911} INFO - Created Permission View: menu access on DAG Run:example_trigger_target_dag
[2024-12-06T12:34:21.872+0000] {logging_mixin.py:190} INFO - [2024-12-06T12:34:21.872+0000] {override.py:1911} INFO - Created Permission View: can read on DAG Run:example_trigger_target_dag
[2024-12-06T12:34:21.873+0000] {logging_mixin.py:190} INFO - [2024-12-06T12:34:21.873+0000] {dag.py:3239} INFO - Sync 1 DAGs
[2024-12-06T12:34:21.914+0000] {logging_mixin.py:190} INFO - [2024-12-06T12:34:21.914+0000] {dag.py:3262} INFO - Creating ORM DAG for example_trigger_target_dag
[2024-12-06T12:34:21.916+0000] {logging_mixin.py:190} INFO - [2024-12-06T12:34:21.916+0000] {dag.py:4180} INFO - Setting next_dagrun for example_trigger_target_dag to None, run_after=None
[2024-12-06T12:34:22.040+0000] {processor.py:208} INFO - Processing /home/airflow/.local/lib/python3.12/site-packages/airflow/example_dags/example_trigger_target_dag.py took 1.042 seconds
[2024-12-06T12:34:52.763+0000] {processor.py:186} INFO - Started process (PID=149) to work on /home/airflow/.local/lib/python3.12/site-packages/airflow/example_dags/example_trigger_target_dag.py
[2024-12-06T12:34:52.766+0000] {processor.py:914} INFO - Processing file /home/airflow/.local/lib/python3.12/site-packages/airflow/example_dags/example_trigger_target_dag.py for tasks to queue
[2024-12-06T12:34:52.769+0000] {logging_mixin.py:190} INFO - [2024-12-06T12:34:52.769+0000] {dagbag.py:588} INFO - Filling up the DagBag from /home/airflow/.local/lib/python3.12/site-packages/airflow/example_dags/example_trigger_target_dag.py
[2024-12-06T12:34:52.778+0000] {processor.py:925} INFO - DAG(s) 'example_trigger_target_dag' retrieved from /home/airflow/.local/lib/python3.12/site-packages/airflow/example_dags/example_trigger_target_dag.py
[2024-12-06T12:34:52.802+0000] {logging_mixin.py:190} INFO - [2024-12-06T12:34:52.802+0000] {dag.py:3239} INFO - Sync 1 DAGs
[2024-12-06T12:34:52.819+0000] {logging_mixin.py:190} INFO - [2024-12-06T12:34:52.819+0000] {dag.py:4180} INFO - Setting next_dagrun for example_trigger_target_dag to None, run_after=None
[2024-12-06T12:34:52.842+0000] {processor.py:208} INFO - Processing /home/airflow/.local/lib/python3.12/site-packages/airflow/example_dags/example_trigger_target_dag.py took 0.087 seconds
[2024-12-06T12:35:23.141+0000] {processor.py:186} INFO - Started process (PID=212) to work on /home/airflow/.local/lib/python3.12/site-packages/airflow/example_dags/example_trigger_target_dag.py
[2024-12-06T12:35:23.142+0000] {processor.py:914} INFO - Processing file /home/airflow/.local/lib/python3.12/site-packages/airflow/example_dags/example_trigger_target_dag.py for tasks to queue
[2024-12-06T12:35:23.144+0000] {logging_mixin.py:190} INFO - [2024-12-06T12:35:23.143+0000] {dagbag.py:588} INFO - Filling up the DagBag from /home/airflow/.local/lib/python3.12/site-packages/airflow/example_dags/example_trigger_target_dag.py
[2024-12-06T12:35:23.153+0000] {processor.py:925} INFO - DAG(s) 'example_trigger_target_dag' retrieved from /home/airflow/.local/lib/python3.12/site-packages/airflow/example_dags/example_trigger_target_dag.py
[2024-12-06T12:35:23.182+0000] {logging_mixin.py:190} INFO - [2024-12-06T12:35:23.182+0000] {dag.py:3239} INFO - Sync 1 DAGs
[2024-12-06T12:35:23.199+0000] {logging_mixin.py:190} INFO - [2024-12-06T12:35:23.198+0000] {dag.py:4180} INFO - Setting next_dagrun for example_trigger_target_dag to None, run_after=None
[2024-12-06T12:35:23.241+0000] {processor.py:208} INFO - Processing /home/airflow/.local/lib/python3.12/site-packages/airflow/example_dags/example_trigger_target_dag.py took 0.106 seconds
[2024-12-06T12:35:54.040+0000] {processor.py:186} INFO - Started process (PID=275) to work on /home/airflow/.local/lib/python3.12/site-packages/airflow/example_dags/example_trigger_target_dag.py
[2024-12-06T12:35:54.061+0000] {processor.py:914} INFO - Processing file /home/airflow/.local/lib/python3.12/site-packages/airflow/example_dags/example_trigger_target_dag.py for tasks to queue
[2024-12-06T12:35:54.064+0000] {logging_mixin.py:190} INFO - [2024-12-06T12:35:54.064+0000] {dagbag.py:588} INFO - Filling up the DagBag from /home/airflow/.local/lib/python3.12/site-packages/airflow/example_dags/example_trigger_target_dag.py
[2024-12-06T12:35:54.073+0000] {processor.py:925} INFO - DAG(s) 'example_trigger_target_dag' retrieved from /home/airflow/.local/lib/python3.12/site-packages/airflow/example_dags/example_trigger_target_dag.py
[2024-12-06T12:35:54.094+0000] {logging_mixin.py:190} INFO - [2024-12-06T12:35:54.094+0000] {dag.py:3239} INFO - Sync 1 DAGs
[2024-12-06T12:35:54.112+0000] {logging_mixin.py:190} INFO - [2024-12-06T12:35:54.111+0000] {dag.py:4180} INFO - Setting next_dagrun for example_trigger_target_dag to None, run_after=None
[2024-12-06T12:35:54.136+0000] {processor.py:208} INFO - Processing /home/airflow/.local/lib/python3.12/site-packages/airflow/example_dags/example_trigger_target_dag.py took 0.101 seconds
[2024-12-06T12:56:07.563+0000] {processor.py:186} INFO - Started process (PID=305) to work on /home/airflow/.local/lib/python3.12/site-packages/airflow/example_dags/example_trigger_target_dag.py
[2024-12-06T12:56:07.589+0000] {processor.py:914} INFO - Processing file /home/airflow/.local/lib/python3.12/site-packages/airflow/example_dags/example_trigger_target_dag.py for tasks to queue
[2024-12-06T12:56:07.591+0000] {logging_mixin.py:190} INFO - [2024-12-06T12:56:07.590+0000] {dagbag.py:588} INFO - Filling up the DagBag from /home/airflow/.local/lib/python3.12/site-packages/airflow/example_dags/example_trigger_target_dag.py
[2024-12-06T12:56:07.600+0000] {processor.py:925} INFO - DAG(s) 'example_trigger_target_dag' retrieved from /home/airflow/.local/lib/python3.12/site-packages/airflow/example_dags/example_trigger_target_dag.py
[2024-12-06T12:56:07.620+0000] {logging_mixin.py:190} INFO - [2024-12-06T12:56:07.620+0000] {dag.py:3239} INFO - Sync 1 DAGs
[2024-12-06T12:56:07.641+0000] {logging_mixin.py:190} INFO - [2024-12-06T12:56:07.641+0000] {dag.py:4180} INFO - Setting next_dagrun for example_trigger_target_dag to None, run_after=None
[2024-12-06T12:56:07.663+0000] {processor.py:208} INFO - Processing /home/airflow/.local/lib/python3.12/site-packages/airflow/example_dags/example_trigger_target_dag.py took 0.107 seconds
[2024-12-06T15:51:12.426+0000] {processor.py:186} INFO - Started process (PID=360) to work on /home/airflow/.local/lib/python3.12/site-packages/airflow/example_dags/example_trigger_target_dag.py
[2024-12-06T15:51:12.427+0000] {processor.py:914} INFO - Processing file /home/airflow/.local/lib/python3.12/site-packages/airflow/example_dags/example_trigger_target_dag.py for tasks to queue
[2024-12-06T15:51:12.429+0000] {logging_mixin.py:190} INFO - [2024-12-06T15:51:12.429+0000] {dagbag.py:588} INFO - Filling up the DagBag from /home/airflow/.local/lib/python3.12/site-packages/airflow/example_dags/example_trigger_target_dag.py
[2024-12-06T15:51:12.444+0000] {processor.py:925} INFO - DAG(s) 'example_trigger_target_dag' retrieved from /home/airflow/.local/lib/python3.12/site-packages/airflow/example_dags/example_trigger_target_dag.py
[2024-12-06T15:51:12.482+0000] {logging_mixin.py:190} INFO - [2024-12-06T15:51:12.482+0000] {dag.py:3239} INFO - Sync 1 DAGs
[2024-12-06T15:51:12.512+0000] {logging_mixin.py:190} INFO - [2024-12-06T15:51:12.512+0000] {dag.py:4180} INFO - Setting next_dagrun for example_trigger_target_dag to None, run_after=None
[2024-12-06T15:51:12.553+0000] {processor.py:208} INFO - Processing /home/airflow/.local/lib/python3.12/site-packages/airflow/example_dags/example_trigger_target_dag.py took 0.137 seconds
