[2024-12-06T12:34:47.556+0000] {processor.py:186} INFO - Started process (PID=120) to work on /home/airflow/.local/lib/python3.12/site-packages/airflow/example_dags/example_branch_datetime_operator.py
[2024-12-06T12:34:47.557+0000] {processor.py:914} INFO - Processing file /home/airflow/.local/lib/python3.12/site-packages/airflow/example_dags/example_branch_datetime_operator.py for tasks to queue
[2024-12-06T12:34:47.561+0000] {logging_mixin.py:190} INFO - [2024-12-06T12:34:47.560+0000] {dagbag.py:588} INFO - Filling up the DagBag from /home/airflow/.local/lib/python3.12/site-packages/airflow/example_dags/example_branch_datetime_operator.py
[2024-12-06T12:34:47.579+0000] {processor.py:925} INFO - DAG(s) 'example_branch_datetime_operator', 'example_branch_datetime_operator_2', 'example_branch_datetime_operator_3' retrieved from /home/airflow/.local/lib/python3.12/site-packages/airflow/example_dags/example_branch_datetime_operator.py
[2024-12-06T12:34:47.716+0000] {logging_mixin.py:190} INFO - [2024-12-06T12:34:47.715+0000] {override.py:1911} INFO - Created Permission View: can delete on DAG:example_branch_datetime_operator
[2024-12-06T12:34:47.743+0000] {logging_mixin.py:190} INFO - [2024-12-06T12:34:47.743+0000] {override.py:1911} INFO - Created Permission View: can edit on DAG:example_branch_datetime_operator
[2024-12-06T12:34:47.752+0000] {logging_mixin.py:190} INFO - [2024-12-06T12:34:47.751+0000] {override.py:1911} INFO - Created Permission View: can read on DAG:example_branch_datetime_operator
[2024-12-06T12:34:47.763+0000] {logging_mixin.py:190} INFO - [2024-12-06T12:34:47.762+0000] {override.py:1911} INFO - Created Permission View: can delete on DAG Run:example_branch_datetime_operator
[2024-12-06T12:34:47.771+0000] {logging_mixin.py:190} INFO - [2024-12-06T12:34:47.771+0000] {override.py:1911} INFO - Created Permission View: can create on DAG Run:example_branch_datetime_operator
[2024-12-06T12:34:47.782+0000] {logging_mixin.py:190} INFO - [2024-12-06T12:34:47.782+0000] {override.py:1911} INFO - Created Permission View: menu access on DAG Run:example_branch_datetime_operator
[2024-12-06T12:34:47.791+0000] {logging_mixin.py:190} INFO - [2024-12-06T12:34:47.790+0000] {override.py:1911} INFO - Created Permission View: can read on DAG Run:example_branch_datetime_operator
[2024-12-06T12:34:47.812+0000] {logging_mixin.py:190} INFO - [2024-12-06T12:34:47.811+0000] {override.py:1911} INFO - Created Permission View: can delete on DAG:example_branch_datetime_operator_2
[2024-12-06T12:34:47.823+0000] {logging_mixin.py:190} INFO - [2024-12-06T12:34:47.823+0000] {override.py:1911} INFO - Created Permission View: can edit on DAG:example_branch_datetime_operator_2
[2024-12-06T12:34:47.851+0000] {logging_mixin.py:190} INFO - [2024-12-06T12:34:47.850+0000] {override.py:1911} INFO - Created Permission View: can read on DAG:example_branch_datetime_operator_2
[2024-12-06T12:34:47.872+0000] {logging_mixin.py:190} INFO - [2024-12-06T12:34:47.872+0000] {override.py:1911} INFO - Created Permission View: can delete on DAG Run:example_branch_datetime_operator_2
[2024-12-06T12:34:47.882+0000] {logging_mixin.py:190} INFO - [2024-12-06T12:34:47.881+0000] {override.py:1911} INFO - Created Permission View: can create on DAG Run:example_branch_datetime_operator_2
[2024-12-06T12:34:47.890+0000] {logging_mixin.py:190} INFO - [2024-12-06T12:34:47.889+0000] {override.py:1911} INFO - Created Permission View: menu access on DAG Run:example_branch_datetime_operator_2
[2024-12-06T12:34:47.898+0000] {logging_mixin.py:190} INFO - [2024-12-06T12:34:47.898+0000] {override.py:1911} INFO - Created Permission View: can read on DAG Run:example_branch_datetime_operator_2
[2024-12-06T12:34:47.914+0000] {logging_mixin.py:190} INFO - [2024-12-06T12:34:47.914+0000] {override.py:1911} INFO - Created Permission View: can delete on DAG:example_branch_datetime_operator_3
[2024-12-06T12:34:47.923+0000] {logging_mixin.py:190} INFO - [2024-12-06T12:34:47.922+0000] {override.py:1911} INFO - Created Permission View: can edit on DAG:example_branch_datetime_operator_3
[2024-12-06T12:34:47.932+0000] {logging_mixin.py:190} INFO - [2024-12-06T12:34:47.932+0000] {override.py:1911} INFO - Created Permission View: can read on DAG:example_branch_datetime_operator_3
[2024-12-06T12:34:47.942+0000] {logging_mixin.py:190} INFO - [2024-12-06T12:34:47.942+0000] {override.py:1911} INFO - Created Permission View: can delete on DAG Run:example_branch_datetime_operator_3
[2024-12-06T12:34:47.960+0000] {logging_mixin.py:190} INFO - [2024-12-06T12:34:47.959+0000] {override.py:1911} INFO - Created Permission View: can create on DAG Run:example_branch_datetime_operator_3
[2024-12-06T12:34:47.970+0000] {logging_mixin.py:190} INFO - [2024-12-06T12:34:47.970+0000] {override.py:1911} INFO - Created Permission View: menu access on DAG Run:example_branch_datetime_operator_3
[2024-12-06T12:34:47.980+0000] {logging_mixin.py:190} INFO - [2024-12-06T12:34:47.980+0000] {override.py:1911} INFO - Created Permission View: can read on DAG Run:example_branch_datetime_operator_3
[2024-12-06T12:34:47.981+0000] {logging_mixin.py:190} INFO - [2024-12-06T12:34:47.980+0000] {dag.py:3239} INFO - Sync 3 DAGs
[2024-12-06T12:34:47.995+0000] {logging_mixin.py:190} INFO - [2024-12-06T12:34:47.995+0000] {dag.py:3262} INFO - Creating ORM DAG for example_branch_datetime_operator
[2024-12-06T12:34:47.996+0000] {logging_mixin.py:190} INFO - [2024-12-06T12:34:47.996+0000] {dag.py:3262} INFO - Creating ORM DAG for example_branch_datetime_operator_3
[2024-12-06T12:34:47.997+0000] {logging_mixin.py:190} INFO - [2024-12-06T12:34:47.997+0000] {dag.py:3262} INFO - Creating ORM DAG for example_branch_datetime_operator_2
[2024-12-06T12:34:48.011+0000] {logging_mixin.py:190} INFO - [2024-12-06T12:34:48.011+0000] {dag.py:4180} INFO - Setting next_dagrun for example_branch_datetime_operator to 2024-12-05 00:00:00+00:00, run_after=2024-12-06 00:00:00+00:00
[2024-12-06T12:34:48.013+0000] {logging_mixin.py:190} INFO - [2024-12-06T12:34:48.013+0000] {dag.py:4180} INFO - Setting next_dagrun for example_branch_datetime_operator_2 to 2024-12-05 00:00:00+00:00, run_after=2024-12-06 00:00:00+00:00
[2024-12-06T12:34:48.016+0000] {logging_mixin.py:190} INFO - [2024-12-06T12:34:48.016+0000] {dag.py:4180} INFO - Setting next_dagrun for example_branch_datetime_operator_3 to 2024-12-05 00:00:00+00:00, run_after=2024-12-06 00:00:00+00:00
[2024-12-06T12:34:48.038+0000] {processor.py:208} INFO - Processing /home/airflow/.local/lib/python3.12/site-packages/airflow/example_dags/example_branch_datetime_operator.py took 0.491 seconds
[2024-12-06T12:35:18.315+0000] {processor.py:186} INFO - Started process (PID=183) to work on /home/airflow/.local/lib/python3.12/site-packages/airflow/example_dags/example_branch_datetime_operator.py
[2024-12-06T12:35:18.316+0000] {processor.py:914} INFO - Processing file /home/airflow/.local/lib/python3.12/site-packages/airflow/example_dags/example_branch_datetime_operator.py for tasks to queue
[2024-12-06T12:35:18.320+0000] {logging_mixin.py:190} INFO - [2024-12-06T12:35:18.319+0000] {dagbag.py:588} INFO - Filling up the DagBag from /home/airflow/.local/lib/python3.12/site-packages/airflow/example_dags/example_branch_datetime_operator.py
[2024-12-06T12:35:18.331+0000] {processor.py:925} INFO - DAG(s) 'example_branch_datetime_operator_3', 'example_branch_datetime_operator', 'example_branch_datetime_operator_2' retrieved from /home/airflow/.local/lib/python3.12/site-packages/airflow/example_dags/example_branch_datetime_operator.py
[2024-12-06T12:35:18.357+0000] {logging_mixin.py:190} INFO - [2024-12-06T12:35:18.357+0000] {dag.py:3239} INFO - Sync 3 DAGs
[2024-12-06T12:35:18.382+0000] {logging_mixin.py:190} INFO - [2024-12-06T12:35:18.382+0000] {dag.py:4180} INFO - Setting next_dagrun for example_branch_datetime_operator to 2024-12-05 00:00:00+00:00, run_after=2024-12-06 00:00:00+00:00
[2024-12-06T12:35:18.388+0000] {logging_mixin.py:190} INFO - [2024-12-06T12:35:18.388+0000] {dag.py:4180} INFO - Setting next_dagrun for example_branch_datetime_operator_2 to 2024-12-05 00:00:00+00:00, run_after=2024-12-06 00:00:00+00:00
[2024-12-06T12:35:18.391+0000] {logging_mixin.py:190} INFO - [2024-12-06T12:35:18.391+0000] {dag.py:4180} INFO - Setting next_dagrun for example_branch_datetime_operator_3 to 2024-12-05 00:00:00+00:00, run_after=2024-12-06 00:00:00+00:00
[2024-12-06T12:35:18.422+0000] {processor.py:208} INFO - Processing /home/airflow/.local/lib/python3.12/site-packages/airflow/example_dags/example_branch_datetime_operator.py took 0.113 seconds
[2024-12-06T12:35:48.831+0000] {processor.py:186} INFO - Started process (PID=245) to work on /home/airflow/.local/lib/python3.12/site-packages/airflow/example_dags/example_branch_datetime_operator.py
[2024-12-06T12:35:48.833+0000] {processor.py:914} INFO - Processing file /home/airflow/.local/lib/python3.12/site-packages/airflow/example_dags/example_branch_datetime_operator.py for tasks to queue
[2024-12-06T12:35:48.835+0000] {logging_mixin.py:190} INFO - [2024-12-06T12:35:48.835+0000] {dagbag.py:588} INFO - Filling up the DagBag from /home/airflow/.local/lib/python3.12/site-packages/airflow/example_dags/example_branch_datetime_operator.py
[2024-12-06T12:35:48.847+0000] {processor.py:925} INFO - DAG(s) 'example_branch_datetime_operator_3', 'example_branch_datetime_operator_2', 'example_branch_datetime_operator' retrieved from /home/airflow/.local/lib/python3.12/site-packages/airflow/example_dags/example_branch_datetime_operator.py
[2024-12-06T12:35:48.879+0000] {logging_mixin.py:190} INFO - [2024-12-06T12:35:48.879+0000] {dag.py:3239} INFO - Sync 3 DAGs
[2024-12-06T12:35:48.907+0000] {logging_mixin.py:190} INFO - [2024-12-06T12:35:48.907+0000] {dag.py:4180} INFO - Setting next_dagrun for example_branch_datetime_operator to 2024-12-05 00:00:00+00:00, run_after=2024-12-06 00:00:00+00:00
[2024-12-06T12:35:48.914+0000] {logging_mixin.py:190} INFO - [2024-12-06T12:35:48.913+0000] {dag.py:4180} INFO - Setting next_dagrun for example_branch_datetime_operator_2 to 2024-12-05 00:00:00+00:00, run_after=2024-12-06 00:00:00+00:00
[2024-12-06T12:35:48.917+0000] {logging_mixin.py:190} INFO - [2024-12-06T12:35:48.917+0000] {dag.py:4180} INFO - Setting next_dagrun for example_branch_datetime_operator_3 to 2024-12-05 00:00:00+00:00, run_after=2024-12-06 00:00:00+00:00
[2024-12-06T12:35:48.939+0000] {processor.py:208} INFO - Processing /home/airflow/.local/lib/python3.12/site-packages/airflow/example_dags/example_branch_datetime_operator.py took 0.114 seconds
[2024-12-06T15:51:09.680+0000] {processor.py:186} INFO - Started process (PID=337) to work on /home/airflow/.local/lib/python3.12/site-packages/airflow/example_dags/example_branch_datetime_operator.py
[2024-12-06T15:51:09.682+0000] {processor.py:914} INFO - Processing file /home/airflow/.local/lib/python3.12/site-packages/airflow/example_dags/example_branch_datetime_operator.py for tasks to queue
[2024-12-06T15:51:09.683+0000] {logging_mixin.py:190} INFO - [2024-12-06T15:51:09.683+0000] {dagbag.py:588} INFO - Filling up the DagBag from /home/airflow/.local/lib/python3.12/site-packages/airflow/example_dags/example_branch_datetime_operator.py
[2024-12-06T15:51:09.699+0000] {processor.py:925} INFO - DAG(s) 'example_branch_datetime_operator', 'example_branch_datetime_operator_2', 'example_branch_datetime_operator_3' retrieved from /home/airflow/.local/lib/python3.12/site-packages/airflow/example_dags/example_branch_datetime_operator.py
[2024-12-06T15:51:09.742+0000] {logging_mixin.py:190} INFO - [2024-12-06T15:51:09.742+0000] {dag.py:3239} INFO - Sync 3 DAGs
[2024-12-06T15:51:09.817+0000] {logging_mixin.py:190} INFO - [2024-12-06T15:51:09.816+0000] {dag.py:4180} INFO - Setting next_dagrun for example_branch_datetime_operator to 2024-12-05 00:00:00+00:00, run_after=2024-12-06 00:00:00+00:00
[2024-12-06T15:51:09.835+0000] {logging_mixin.py:190} INFO - [2024-12-06T15:51:09.835+0000] {dag.py:4180} INFO - Setting next_dagrun for example_branch_datetime_operator_2 to 2024-12-05 00:00:00+00:00, run_after=2024-12-06 00:00:00+00:00
[2024-12-06T15:51:09.842+0000] {logging_mixin.py:190} INFO - [2024-12-06T15:51:09.841+0000] {dag.py:4180} INFO - Setting next_dagrun for example_branch_datetime_operator_3 to 2024-12-05 00:00:00+00:00, run_after=2024-12-06 00:00:00+00:00
[2024-12-06T15:51:09.904+0000] {processor.py:208} INFO - Processing /home/airflow/.local/lib/python3.12/site-packages/airflow/example_dags/example_branch_datetime_operator.py took 0.238 seconds
