[2024-12-06T12:34:45.465+0000] {processor.py:186} INFO - Started process (PID=110) to work on /home/airflow/.local/lib/python3.12/site-packages/airflow/example_dags/example_branch_day_of_week_operator.py
[2024-12-06T12:34:45.468+0000] {processor.py:914} INFO - Processing file /home/airflow/.local/lib/python3.12/site-packages/airflow/example_dags/example_branch_day_of_week_operator.py for tasks to queue
[2024-12-06T12:34:45.471+0000] {logging_mixin.py:190} INFO - [2024-12-06T12:34:45.470+0000] {dagbag.py:588} INFO - Filling up the DagBag from /home/airflow/.local/lib/python3.12/site-packages/airflow/example_dags/example_branch_day_of_week_operator.py
[2024-12-06T12:34:45.483+0000] {processor.py:925} INFO - DAG(s) 'example_weekday_branch_operator' retrieved from /home/airflow/.local/lib/python3.12/site-packages/airflow/example_dags/example_branch_day_of_week_operator.py
[2024-12-06T12:34:45.613+0000] {logging_mixin.py:190} INFO - [2024-12-06T12:34:45.612+0000] {override.py:1911} INFO - Created Permission View: can delete on DAG:example_weekday_branch_operator
[2024-12-06T12:34:45.642+0000] {logging_mixin.py:190} INFO - [2024-12-06T12:34:45.641+0000] {override.py:1911} INFO - Created Permission View: can edit on DAG:example_weekday_branch_operator
[2024-12-06T12:34:45.672+0000] {logging_mixin.py:190} INFO - [2024-12-06T12:34:45.671+0000] {override.py:1911} INFO - Created Permission View: can read on DAG:example_weekday_branch_operator
[2024-12-06T12:34:45.685+0000] {logging_mixin.py:190} INFO - [2024-12-06T12:34:45.685+0000] {override.py:1911} INFO - Created Permission View: can delete on DAG Run:example_weekday_branch_operator
[2024-12-06T12:34:45.694+0000] {logging_mixin.py:190} INFO - [2024-12-06T12:34:45.694+0000] {override.py:1911} INFO - Created Permission View: can create on DAG Run:example_weekday_branch_operator
[2024-12-06T12:34:45.703+0000] {logging_mixin.py:190} INFO - [2024-12-06T12:34:45.703+0000] {override.py:1911} INFO - Created Permission View: menu access on DAG Run:example_weekday_branch_operator
[2024-12-06T12:34:45.718+0000] {logging_mixin.py:190} INFO - [2024-12-06T12:34:45.717+0000] {override.py:1911} INFO - Created Permission View: can read on DAG Run:example_weekday_branch_operator
[2024-12-06T12:34:45.720+0000] {logging_mixin.py:190} INFO - [2024-12-06T12:34:45.719+0000] {dag.py:3239} INFO - Sync 1 DAGs
[2024-12-06T12:34:45.737+0000] {logging_mixin.py:190} INFO - [2024-12-06T12:34:45.737+0000] {dag.py:3262} INFO - Creating ORM DAG for example_weekday_branch_operator
[2024-12-06T12:34:45.749+0000] {logging_mixin.py:190} INFO - [2024-12-06T12:34:45.749+0000] {dag.py:4180} INFO - Setting next_dagrun for example_weekday_branch_operator to 2024-12-05 00:00:00+00:00, run_after=2024-12-06 00:00:00+00:00
[2024-12-06T12:34:45.779+0000] {processor.py:208} INFO - Processing /home/airflow/.local/lib/python3.12/site-packages/airflow/example_dags/example_branch_day_of_week_operator.py took 0.320 seconds
[2024-12-06T12:35:16.193+0000] {processor.py:186} INFO - Started process (PID=173) to work on /home/airflow/.local/lib/python3.12/site-packages/airflow/example_dags/example_branch_day_of_week_operator.py
[2024-12-06T12:35:16.194+0000] {processor.py:914} INFO - Processing file /home/airflow/.local/lib/python3.12/site-packages/airflow/example_dags/example_branch_day_of_week_operator.py for tasks to queue
[2024-12-06T12:35:16.197+0000] {logging_mixin.py:190} INFO - [2024-12-06T12:35:16.196+0000] {dagbag.py:588} INFO - Filling up the DagBag from /home/airflow/.local/lib/python3.12/site-packages/airflow/example_dags/example_branch_day_of_week_operator.py
[2024-12-06T12:35:16.206+0000] {processor.py:925} INFO - DAG(s) 'example_weekday_branch_operator' retrieved from /home/airflow/.local/lib/python3.12/site-packages/airflow/example_dags/example_branch_day_of_week_operator.py
[2024-12-06T12:35:16.237+0000] {logging_mixin.py:190} INFO - [2024-12-06T12:35:16.237+0000] {dag.py:3239} INFO - Sync 1 DAGs
[2024-12-06T12:35:16.263+0000] {logging_mixin.py:190} INFO - [2024-12-06T12:35:16.262+0000] {dag.py:4180} INFO - Setting next_dagrun for example_weekday_branch_operator to 2024-12-05 00:00:00+00:00, run_after=2024-12-06 00:00:00+00:00
[2024-12-06T12:35:16.287+0000] {processor.py:208} INFO - Processing /home/airflow/.local/lib/python3.12/site-packages/airflow/example_dags/example_branch_day_of_week_operator.py took 0.101 seconds
[2024-12-06T12:35:46.887+0000] {processor.py:186} INFO - Started process (PID=235) to work on /home/airflow/.local/lib/python3.12/site-packages/airflow/example_dags/example_branch_day_of_week_operator.py
[2024-12-06T12:35:46.891+0000] {processor.py:914} INFO - Processing file /home/airflow/.local/lib/python3.12/site-packages/airflow/example_dags/example_branch_day_of_week_operator.py for tasks to queue
[2024-12-06T12:35:46.895+0000] {logging_mixin.py:190} INFO - [2024-12-06T12:35:46.895+0000] {dagbag.py:588} INFO - Filling up the DagBag from /home/airflow/.local/lib/python3.12/site-packages/airflow/example_dags/example_branch_day_of_week_operator.py
[2024-12-06T12:35:46.915+0000] {processor.py:925} INFO - DAG(s) 'example_weekday_branch_operator' retrieved from /home/airflow/.local/lib/python3.12/site-packages/airflow/example_dags/example_branch_day_of_week_operator.py
[2024-12-06T12:35:46.947+0000] {logging_mixin.py:190} INFO - [2024-12-06T12:35:46.947+0000] {dag.py:3239} INFO - Sync 1 DAGs
[2024-12-06T12:35:46.979+0000] {logging_mixin.py:190} INFO - [2024-12-06T12:35:46.978+0000] {dag.py:4180} INFO - Setting next_dagrun for example_weekday_branch_operator to 2024-12-05 00:00:00+00:00, run_after=2024-12-06 00:00:00+00:00
[2024-12-06T12:35:47.003+0000] {processor.py:208} INFO - Processing /home/airflow/.local/lib/python3.12/site-packages/airflow/example_dags/example_branch_day_of_week_operator.py took 0.129 seconds
[2024-12-06T12:56:09.620+0000] {processor.py:186} INFO - Started process (PID=327) to work on /home/airflow/.local/lib/python3.12/site-packages/airflow/example_dags/example_branch_day_of_week_operator.py
[2024-12-06T12:56:09.630+0000] {processor.py:914} INFO - Processing file /home/airflow/.local/lib/python3.12/site-packages/airflow/example_dags/example_branch_day_of_week_operator.py for tasks to queue
[2024-12-06T12:56:09.632+0000] {logging_mixin.py:190} INFO - [2024-12-06T12:56:09.631+0000] {dagbag.py:588} INFO - Filling up the DagBag from /home/airflow/.local/lib/python3.12/site-packages/airflow/example_dags/example_branch_day_of_week_operator.py
[2024-12-06T12:56:09.643+0000] {processor.py:925} INFO - DAG(s) 'example_weekday_branch_operator' retrieved from /home/airflow/.local/lib/python3.12/site-packages/airflow/example_dags/example_branch_day_of_week_operator.py
[2024-12-06T12:56:09.670+0000] {logging_mixin.py:190} INFO - [2024-12-06T12:56:09.669+0000] {dag.py:3239} INFO - Sync 1 DAGs
[2024-12-06T12:56:09.705+0000] {logging_mixin.py:190} INFO - [2024-12-06T12:56:09.705+0000] {dag.py:4180} INFO - Setting next_dagrun for example_weekday_branch_operator to 2024-12-05 00:00:00+00:00, run_after=2024-12-06 00:00:00+00:00
[2024-12-06T12:56:09.730+0000] {processor.py:208} INFO - Processing /home/airflow/.local/lib/python3.12/site-packages/airflow/example_dags/example_branch_day_of_week_operator.py took 0.119 seconds
[2024-12-06T15:51:15.985+0000] {processor.py:186} INFO - Started process (PID=384) to work on /home/airflow/.local/lib/python3.12/site-packages/airflow/example_dags/example_branch_day_of_week_operator.py
[2024-12-06T15:51:15.999+0000] {processor.py:914} INFO - Processing file /home/airflow/.local/lib/python3.12/site-packages/airflow/example_dags/example_branch_day_of_week_operator.py for tasks to queue
[2024-12-06T15:51:16.001+0000] {logging_mixin.py:190} INFO - [2024-12-06T15:51:16.001+0000] {dagbag.py:588} INFO - Filling up the DagBag from /home/airflow/.local/lib/python3.12/site-packages/airflow/example_dags/example_branch_day_of_week_operator.py
[2024-12-06T15:51:16.010+0000] {processor.py:925} INFO - DAG(s) 'example_weekday_branch_operator' retrieved from /home/airflow/.local/lib/python3.12/site-packages/airflow/example_dags/example_branch_day_of_week_operator.py
[2024-12-06T15:51:16.034+0000] {logging_mixin.py:190} INFO - [2024-12-06T15:51:16.034+0000] {dag.py:3239} INFO - Sync 1 DAGs
[2024-12-06T15:51:16.057+0000] {logging_mixin.py:190} INFO - [2024-12-06T15:51:16.057+0000] {dag.py:4180} INFO - Setting next_dagrun for example_weekday_branch_operator to 2024-12-05 00:00:00+00:00, run_after=2024-12-06 00:00:00+00:00
[2024-12-06T15:51:16.088+0000] {processor.py:208} INFO - Processing /home/airflow/.local/lib/python3.12/site-packages/airflow/example_dags/example_branch_day_of_week_operator.py took 0.108 seconds
