[2024-12-06T12:34:25.693+0000] {processor.py:186} INFO - Started process (PID=91) to work on /home/airflow/.local/lib/python3.12/site-packages/airflow/example_dags/example_outlet_event_extra.py
[2024-12-06T12:34:25.705+0000] {processor.py:914} INFO - Processing file /home/airflow/.local/lib/python3.12/site-packages/airflow/example_dags/example_outlet_event_extra.py for tasks to queue
[2024-12-06T12:34:25.722+0000] {logging_mixin.py:190} INFO - [2024-12-06T12:34:25.716+0000] {dagbag.py:588} INFO - Filling up the DagBag from /home/airflow/.local/lib/python3.12/site-packages/airflow/example_dags/example_outlet_event_extra.py
[2024-12-06T12:34:35.543+0000] {processor.py:925} INFO - DAG(s) 'dataset_with_extra_by_yield', 'dataset_with_extra_from_classic_operator', 'dataset_with_extra_by_context' retrieved from /home/airflow/.local/lib/python3.12/site-packages/airflow/example_dags/example_outlet_event_extra.py
[2024-12-06T12:34:35.752+0000] {logging_mixin.py:190} INFO - [2024-12-06T12:34:35.751+0000] {override.py:1911} INFO - Created Permission View: can delete on DAG:dataset_with_extra_by_yield
[2024-12-06T12:34:36.369+0000] {logging_mixin.py:190} INFO - [2024-12-06T12:34:36.369+0000] {override.py:1911} INFO - Created Permission View: can edit on DAG:dataset_with_extra_by_yield
[2024-12-06T12:34:36.396+0000] {logging_mixin.py:190} INFO - [2024-12-06T12:34:36.395+0000] {override.py:1911} INFO - Created Permission View: can read on DAG:dataset_with_extra_by_yield
[2024-12-06T12:34:36.419+0000] {logging_mixin.py:190} INFO - [2024-12-06T12:34:36.412+0000] {override.py:1911} INFO - Created Permission View: can delete on DAG Run:dataset_with_extra_by_yield
[2024-12-06T12:34:36.434+0000] {logging_mixin.py:190} INFO - [2024-12-06T12:34:36.433+0000] {override.py:1911} INFO - Created Permission View: can create on DAG Run:dataset_with_extra_by_yield
[2024-12-06T12:34:36.450+0000] {logging_mixin.py:190} INFO - [2024-12-06T12:34:36.449+0000] {override.py:1911} INFO - Created Permission View: menu access on DAG Run:dataset_with_extra_by_yield
[2024-12-06T12:34:36.462+0000] {logging_mixin.py:190} INFO - [2024-12-06T12:34:36.461+0000] {override.py:1911} INFO - Created Permission View: can read on DAG Run:dataset_with_extra_by_yield
[2024-12-06T12:34:36.484+0000] {logging_mixin.py:190} INFO - [2024-12-06T12:34:36.484+0000] {override.py:1911} INFO - Created Permission View: can delete on DAG:dataset_with_extra_from_classic_operator
[2024-12-06T12:34:36.496+0000] {logging_mixin.py:190} INFO - [2024-12-06T12:34:36.495+0000] {override.py:1911} INFO - Created Permission View: can edit on DAG:dataset_with_extra_from_classic_operator
[2024-12-06T12:34:36.506+0000] {logging_mixin.py:190} INFO - [2024-12-06T12:34:36.506+0000] {override.py:1911} INFO - Created Permission View: can read on DAG:dataset_with_extra_from_classic_operator
[2024-12-06T12:34:36.519+0000] {logging_mixin.py:190} INFO - [2024-12-06T12:34:36.518+0000] {override.py:1911} INFO - Created Permission View: can delete on DAG Run:dataset_with_extra_from_classic_operator
[2024-12-06T12:34:36.540+0000] {logging_mixin.py:190} INFO - [2024-12-06T12:34:36.540+0000] {override.py:1911} INFO - Created Permission View: can create on DAG Run:dataset_with_extra_from_classic_operator
[2024-12-06T12:34:36.555+0000] {logging_mixin.py:190} INFO - [2024-12-06T12:34:36.555+0000] {override.py:1911} INFO - Created Permission View: menu access on DAG Run:dataset_with_extra_from_classic_operator
[2024-12-06T12:34:36.566+0000] {logging_mixin.py:190} INFO - [2024-12-06T12:34:36.566+0000] {override.py:1911} INFO - Created Permission View: can read on DAG Run:dataset_with_extra_from_classic_operator
[2024-12-06T12:34:36.585+0000] {logging_mixin.py:190} INFO - [2024-12-06T12:34:36.585+0000] {override.py:1911} INFO - Created Permission View: can delete on DAG:dataset_with_extra_by_context
[2024-12-06T12:34:36.598+0000] {logging_mixin.py:190} INFO - [2024-12-06T12:34:36.597+0000] {override.py:1911} INFO - Created Permission View: can edit on DAG:dataset_with_extra_by_context
[2024-12-06T12:34:36.610+0000] {logging_mixin.py:190} INFO - [2024-12-06T12:34:36.609+0000] {override.py:1911} INFO - Created Permission View: can read on DAG:dataset_with_extra_by_context
[2024-12-06T12:34:36.624+0000] {logging_mixin.py:190} INFO - [2024-12-06T12:34:36.624+0000] {override.py:1911} INFO - Created Permission View: can delete on DAG Run:dataset_with_extra_by_context
[2024-12-06T12:34:36.647+0000] {logging_mixin.py:190} INFO - [2024-12-06T12:34:36.646+0000] {override.py:1911} INFO - Created Permission View: can create on DAG Run:dataset_with_extra_by_context
[2024-12-06T12:34:36.662+0000] {logging_mixin.py:190} INFO - [2024-12-06T12:34:36.662+0000] {override.py:1911} INFO - Created Permission View: menu access on DAG Run:dataset_with_extra_by_context
[2024-12-06T12:34:36.674+0000] {logging_mixin.py:190} INFO - [2024-12-06T12:34:36.673+0000] {override.py:1911} INFO - Created Permission View: can read on DAG Run:dataset_with_extra_by_context
[2024-12-06T12:34:36.676+0000] {logging_mixin.py:190} INFO - [2024-12-06T12:34:36.675+0000] {dag.py:3239} INFO - Sync 3 DAGs
[2024-12-06T12:34:36.705+0000] {logging_mixin.py:190} INFO - [2024-12-06T12:34:36.704+0000] {dag.py:3262} INFO - Creating ORM DAG for dataset_with_extra_by_yield
[2024-12-06T12:34:36.706+0000] {logging_mixin.py:190} INFO - [2024-12-06T12:34:36.706+0000] {dag.py:3262} INFO - Creating ORM DAG for dataset_with_extra_by_context
[2024-12-06T12:34:36.707+0000] {logging_mixin.py:190} INFO - [2024-12-06T12:34:36.707+0000] {dag.py:3262} INFO - Creating ORM DAG for dataset_with_extra_from_classic_operator
[2024-12-06T12:34:36.724+0000] {logging_mixin.py:190} INFO - [2024-12-06T12:34:36.724+0000] {dag.py:4180} INFO - Setting next_dagrun for dataset_with_extra_by_context to 2024-12-05 00:00:00+00:00, run_after=2024-12-06 00:00:00+00:00
[2024-12-06T12:34:36.729+0000] {logging_mixin.py:190} INFO - [2024-12-06T12:34:36.729+0000] {dag.py:4180} INFO - Setting next_dagrun for dataset_with_extra_by_yield to 2024-12-05 00:00:00+00:00, run_after=2024-12-06 00:00:00+00:00
[2024-12-06T12:34:36.733+0000] {logging_mixin.py:190} INFO - [2024-12-06T12:34:36.732+0000] {dag.py:4180} INFO - Setting next_dagrun for dataset_with_extra_from_classic_operator to 2024-12-05 00:00:00+00:00, run_after=2024-12-06 00:00:00+00:00
[2024-12-06T12:34:36.791+0000] {processor.py:208} INFO - Processing /home/airflow/.local/lib/python3.12/site-packages/airflow/example_dags/example_outlet_event_extra.py took 11.144 seconds
[2024-12-06T12:35:07.187+0000] {processor.py:186} INFO - Started process (PID=153) to work on /home/airflow/.local/lib/python3.12/site-packages/airflow/example_dags/example_outlet_event_extra.py
[2024-12-06T12:35:07.189+0000] {processor.py:914} INFO - Processing file /home/airflow/.local/lib/python3.12/site-packages/airflow/example_dags/example_outlet_event_extra.py for tasks to queue
[2024-12-06T12:35:07.205+0000] {logging_mixin.py:190} INFO - [2024-12-06T12:35:07.204+0000] {dagbag.py:588} INFO - Filling up the DagBag from /home/airflow/.local/lib/python3.12/site-packages/airflow/example_dags/example_outlet_event_extra.py
[2024-12-06T12:35:08.277+0000] {processor.py:925} INFO - DAG(s) 'dataset_with_extra_by_context', 'dataset_with_extra_by_yield', 'dataset_with_extra_from_classic_operator' retrieved from /home/airflow/.local/lib/python3.12/site-packages/airflow/example_dags/example_outlet_event_extra.py
[2024-12-06T12:35:08.327+0000] {logging_mixin.py:190} INFO - [2024-12-06T12:35:08.327+0000] {dag.py:3239} INFO - Sync 3 DAGs
[2024-12-06T12:35:08.351+0000] {logging_mixin.py:190} INFO - [2024-12-06T12:35:08.351+0000] {dag.py:4180} INFO - Setting next_dagrun for dataset_with_extra_by_context to 2024-12-05 00:00:00+00:00, run_after=2024-12-06 00:00:00+00:00
[2024-12-06T12:35:08.357+0000] {logging_mixin.py:190} INFO - [2024-12-06T12:35:08.357+0000] {dag.py:4180} INFO - Setting next_dagrun for dataset_with_extra_by_yield to 2024-12-05 00:00:00+00:00, run_after=2024-12-06 00:00:00+00:00
[2024-12-06T12:35:08.360+0000] {logging_mixin.py:190} INFO - [2024-12-06T12:35:08.360+0000] {dag.py:4180} INFO - Setting next_dagrun for dataset_with_extra_from_classic_operator to 2024-12-05 00:00:00+00:00, run_after=2024-12-06 00:00:00+00:00
[2024-12-06T12:35:08.424+0000] {processor.py:208} INFO - Processing /home/airflow/.local/lib/python3.12/site-packages/airflow/example_dags/example_outlet_event_extra.py took 1.337 seconds
[2024-12-06T12:35:38.704+0000] {processor.py:186} INFO - Started process (PID=216) to work on /home/airflow/.local/lib/python3.12/site-packages/airflow/example_dags/example_outlet_event_extra.py
[2024-12-06T12:35:38.804+0000] {processor.py:914} INFO - Processing file /home/airflow/.local/lib/python3.12/site-packages/airflow/example_dags/example_outlet_event_extra.py for tasks to queue
[2024-12-06T12:35:38.807+0000] {logging_mixin.py:190} INFO - [2024-12-06T12:35:38.807+0000] {dagbag.py:588} INFO - Filling up the DagBag from /home/airflow/.local/lib/python3.12/site-packages/airflow/example_dags/example_outlet_event_extra.py
[2024-12-06T12:35:41.559+0000] {processor.py:925} INFO - DAG(s) 'dataset_with_extra_by_yield', 'dataset_with_extra_from_classic_operator', 'dataset_with_extra_by_context' retrieved from /home/airflow/.local/lib/python3.12/site-packages/airflow/example_dags/example_outlet_event_extra.py
[2024-12-06T12:35:41.589+0000] {logging_mixin.py:190} INFO - [2024-12-06T12:35:41.588+0000] {dag.py:3239} INFO - Sync 3 DAGs
[2024-12-06T12:35:41.634+0000] {logging_mixin.py:190} INFO - [2024-12-06T12:35:41.634+0000] {dag.py:4180} INFO - Setting next_dagrun for dataset_with_extra_by_context to 2024-12-05 00:00:00+00:00, run_after=2024-12-06 00:00:00+00:00
[2024-12-06T12:35:41.640+0000] {logging_mixin.py:190} INFO - [2024-12-06T12:35:41.640+0000] {dag.py:4180} INFO - Setting next_dagrun for dataset_with_extra_by_yield to 2024-12-05 00:00:00+00:00, run_after=2024-12-06 00:00:00+00:00
[2024-12-06T12:35:41.646+0000] {logging_mixin.py:190} INFO - [2024-12-06T12:35:41.645+0000] {dag.py:4180} INFO - Setting next_dagrun for dataset_with_extra_from_classic_operator to 2024-12-05 00:00:00+00:00, run_after=2024-12-06 00:00:00+00:00
[2024-12-06T12:35:41.677+0000] {processor.py:208} INFO - Processing /home/airflow/.local/lib/python3.12/site-packages/airflow/example_dags/example_outlet_event_extra.py took 2.978 seconds
[2024-12-06T12:36:11.806+0000] {processor.py:186} INFO - Started process (PID=281) to work on /home/airflow/.local/lib/python3.12/site-packages/airflow/example_dags/example_outlet_event_extra.py
[2024-12-06T12:36:11.815+0000] {processor.py:914} INFO - Processing file /home/airflow/.local/lib/python3.12/site-packages/airflow/example_dags/example_outlet_event_extra.py for tasks to queue
[2024-12-06T12:36:11.826+0000] {logging_mixin.py:190} INFO - [2024-12-06T12:36:11.824+0000] {dagbag.py:588} INFO - Filling up the DagBag from /home/airflow/.local/lib/python3.12/site-packages/airflow/example_dags/example_outlet_event_extra.py
[2024-12-06T12:36:14.965+0000] {processor.py:925} INFO - DAG(s) 'dataset_with_extra_from_classic_operator', 'dataset_with_extra_by_yield', 'dataset_with_extra_by_context' retrieved from /home/airflow/.local/lib/python3.12/site-packages/airflow/example_dags/example_outlet_event_extra.py
[2024-12-06T12:36:15.126+0000] {logging_mixin.py:190} INFO - [2024-12-06T12:36:15.125+0000] {dag.py:3239} INFO - Sync 3 DAGs
[2024-12-06T12:36:15.227+0000] {logging_mixin.py:190} INFO - [2024-12-06T12:36:15.226+0000] {dag.py:4180} INFO - Setting next_dagrun for dataset_with_extra_by_context to 2024-12-05 00:00:00+00:00, run_after=2024-12-06 00:00:00+00:00
[2024-12-06T12:36:15.242+0000] {logging_mixin.py:190} INFO - [2024-12-06T12:36:15.241+0000] {dag.py:4180} INFO - Setting next_dagrun for dataset_with_extra_by_yield to 2024-12-05 00:00:00+00:00, run_after=2024-12-06 00:00:00+00:00
[2024-12-06T12:36:15.256+0000] {logging_mixin.py:190} INFO - [2024-12-06T12:36:15.256+0000] {dag.py:4180} INFO - Setting next_dagrun for dataset_with_extra_from_classic_operator to 2024-12-05 00:00:00+00:00, run_after=2024-12-06 00:00:00+00:00
[2024-12-06T12:36:15.316+0000] {processor.py:208} INFO - Processing /home/airflow/.local/lib/python3.12/site-packages/airflow/example_dags/example_outlet_event_extra.py took 3.529 seconds
[2024-12-06T12:56:08.067+0000] {processor.py:186} INFO - Started process (PID=310) to work on /home/airflow/.local/lib/python3.12/site-packages/airflow/example_dags/example_outlet_event_extra.py
[2024-12-06T12:56:08.068+0000] {processor.py:914} INFO - Processing file /home/airflow/.local/lib/python3.12/site-packages/airflow/example_dags/example_outlet_event_extra.py for tasks to queue
[2024-12-06T12:56:08.069+0000] {logging_mixin.py:190} INFO - [2024-12-06T12:56:08.069+0000] {dagbag.py:588} INFO - Filling up the DagBag from /home/airflow/.local/lib/python3.12/site-packages/airflow/example_dags/example_outlet_event_extra.py
[2024-12-06T12:56:08.851+0000] {processor.py:925} INFO - DAG(s) 'dataset_with_extra_by_context', 'dataset_with_extra_from_classic_operator', 'dataset_with_extra_by_yield' retrieved from /home/airflow/.local/lib/python3.12/site-packages/airflow/example_dags/example_outlet_event_extra.py
[2024-12-06T12:56:08.882+0000] {logging_mixin.py:190} INFO - [2024-12-06T12:56:08.881+0000] {dag.py:3239} INFO - Sync 3 DAGs
[2024-12-06T12:56:08.908+0000] {logging_mixin.py:190} INFO - [2024-12-06T12:56:08.908+0000] {dag.py:4180} INFO - Setting next_dagrun for dataset_with_extra_by_context to 2024-12-05 00:00:00+00:00, run_after=2024-12-06 00:00:00+00:00
[2024-12-06T12:56:08.913+0000] {logging_mixin.py:190} INFO - [2024-12-06T12:56:08.913+0000] {dag.py:4180} INFO - Setting next_dagrun for dataset_with_extra_by_yield to 2024-12-05 00:00:00+00:00, run_after=2024-12-06 00:00:00+00:00
[2024-12-06T12:56:08.917+0000] {logging_mixin.py:190} INFO - [2024-12-06T12:56:08.917+0000] {dag.py:4180} INFO - Setting next_dagrun for dataset_with_extra_from_classic_operator to 2024-12-05 00:00:00+00:00, run_after=2024-12-06 00:00:00+00:00
[2024-12-06T12:56:08.942+0000] {processor.py:208} INFO - Processing /home/airflow/.local/lib/python3.12/site-packages/airflow/example_dags/example_outlet_event_extra.py took 0.881 seconds
[2024-12-06T15:51:13.222+0000] {processor.py:186} INFO - Started process (PID=365) to work on /home/airflow/.local/lib/python3.12/site-packages/airflow/example_dags/example_outlet_event_extra.py
[2024-12-06T15:51:13.224+0000] {processor.py:914} INFO - Processing file /home/airflow/.local/lib/python3.12/site-packages/airflow/example_dags/example_outlet_event_extra.py for tasks to queue
[2024-12-06T15:51:13.226+0000] {logging_mixin.py:190} INFO - [2024-12-06T15:51:13.225+0000] {dagbag.py:588} INFO - Filling up the DagBag from /home/airflow/.local/lib/python3.12/site-packages/airflow/example_dags/example_outlet_event_extra.py
[2024-12-06T15:51:14.145+0000] {processor.py:925} INFO - DAG(s) 'dataset_with_extra_from_classic_operator', 'dataset_with_extra_by_yield', 'dataset_with_extra_by_context' retrieved from /home/airflow/.local/lib/python3.12/site-packages/airflow/example_dags/example_outlet_event_extra.py
[2024-12-06T15:51:14.172+0000] {logging_mixin.py:190} INFO - [2024-12-06T15:51:14.172+0000] {dag.py:3239} INFO - Sync 3 DAGs
[2024-12-06T15:51:14.195+0000] {logging_mixin.py:190} INFO - [2024-12-06T15:51:14.195+0000] {dag.py:4180} INFO - Setting next_dagrun for dataset_with_extra_by_context to 2024-12-05 00:00:00+00:00, run_after=2024-12-06 00:00:00+00:00
[2024-12-06T15:51:14.200+0000] {logging_mixin.py:190} INFO - [2024-12-06T15:51:14.200+0000] {dag.py:4180} INFO - Setting next_dagrun for dataset_with_extra_by_yield to 2024-12-05 00:00:00+00:00, run_after=2024-12-06 00:00:00+00:00
[2024-12-06T15:51:14.205+0000] {logging_mixin.py:190} INFO - [2024-12-06T15:51:14.205+0000] {dag.py:4180} INFO - Setting next_dagrun for dataset_with_extra_from_classic_operator to 2024-12-05 00:00:00+00:00, run_after=2024-12-06 00:00:00+00:00
[2024-12-06T15:51:14.227+0000] {processor.py:208} INFO - Processing /home/airflow/.local/lib/python3.12/site-packages/airflow/example_dags/example_outlet_event_extra.py took 1.013 seconds
