[2024-12-06T12:34:45.587+0000] {processor.py:186} INFO - Started process (PID=111) to work on /home/airflow/.local/lib/python3.12/site-packages/airflow/example_dags/example_python_operator.py
[2024-12-06T12:34:45.588+0000] {processor.py:914} INFO - Processing file /home/airflow/.local/lib/python3.12/site-packages/airflow/example_dags/example_python_operator.py for tasks to queue
[2024-12-06T12:34:45.592+0000] {logging_mixin.py:190} INFO - [2024-12-06T12:34:45.591+0000] {dagbag.py:588} INFO - Filling up the DagBag from /home/airflow/.local/lib/python3.12/site-packages/airflow/example_dags/example_python_operator.py
[2024-12-06T12:34:45.609+0000] {processor.py:925} INFO - DAG(s) 'example_python_operator' retrieved from /home/airflow/.local/lib/python3.12/site-packages/airflow/example_dags/example_python_operator.py
[2024-12-06T12:34:45.775+0000] {logging_mixin.py:190} INFO - [2024-12-06T12:34:45.773+0000] {override.py:1911} INFO - Created Permission View: can delete on DAG:example_python_operator
[2024-12-06T12:34:45.795+0000] {logging_mixin.py:190} INFO - [2024-12-06T12:34:45.794+0000] {override.py:1911} INFO - Created Permission View: can edit on DAG:example_python_operator
[2024-12-06T12:34:45.804+0000] {logging_mixin.py:190} INFO - [2024-12-06T12:34:45.804+0000] {override.py:1911} INFO - Created Permission View: can read on DAG:example_python_operator
[2024-12-06T12:34:45.816+0000] {logging_mixin.py:190} INFO - [2024-12-06T12:34:45.816+0000] {override.py:1911} INFO - Created Permission View: can delete on DAG Run:example_python_operator
[2024-12-06T12:34:45.824+0000] {logging_mixin.py:190} INFO - [2024-12-06T12:34:45.823+0000] {override.py:1911} INFO - Created Permission View: can create on DAG Run:example_python_operator
[2024-12-06T12:34:45.834+0000] {logging_mixin.py:190} INFO - [2024-12-06T12:34:45.833+0000] {override.py:1911} INFO - Created Permission View: menu access on DAG Run:example_python_operator
[2024-12-06T12:34:45.842+0000] {logging_mixin.py:190} INFO - [2024-12-06T12:34:45.842+0000] {override.py:1911} INFO - Created Permission View: can read on DAG Run:example_python_operator
[2024-12-06T12:34:45.843+0000] {logging_mixin.py:190} INFO - [2024-12-06T12:34:45.843+0000] {dag.py:3239} INFO - Sync 1 DAGs
[2024-12-06T12:34:45.858+0000] {logging_mixin.py:190} INFO - [2024-12-06T12:34:45.858+0000] {dag.py:3262} INFO - Creating ORM DAG for example_python_operator
[2024-12-06T12:34:45.859+0000] {logging_mixin.py:190} INFO - [2024-12-06T12:34:45.859+0000] {dag.py:4180} INFO - Setting next_dagrun for example_python_operator to None, run_after=None
[2024-12-06T12:34:45.889+0000] {processor.py:208} INFO - Processing /home/airflow/.local/lib/python3.12/site-packages/airflow/example_dags/example_python_operator.py took 0.309 seconds
[2024-12-06T12:35:16.344+0000] {processor.py:186} INFO - Started process (PID=174) to work on /home/airflow/.local/lib/python3.12/site-packages/airflow/example_dags/example_python_operator.py
[2024-12-06T12:35:16.346+0000] {processor.py:914} INFO - Processing file /home/airflow/.local/lib/python3.12/site-packages/airflow/example_dags/example_python_operator.py for tasks to queue
[2024-12-06T12:35:16.349+0000] {logging_mixin.py:190} INFO - [2024-12-06T12:35:16.349+0000] {dagbag.py:588} INFO - Filling up the DagBag from /home/airflow/.local/lib/python3.12/site-packages/airflow/example_dags/example_python_operator.py
[2024-12-06T12:35:16.366+0000] {processor.py:925} INFO - DAG(s) 'example_python_operator' retrieved from /home/airflow/.local/lib/python3.12/site-packages/airflow/example_dags/example_python_operator.py
[2024-12-06T12:35:16.392+0000] {logging_mixin.py:190} INFO - [2024-12-06T12:35:16.391+0000] {dag.py:3239} INFO - Sync 1 DAGs
[2024-12-06T12:35:16.409+0000] {logging_mixin.py:190} INFO - [2024-12-06T12:35:16.409+0000] {dag.py:4180} INFO - Setting next_dagrun for example_python_operator to None, run_after=None
[2024-12-06T12:35:16.453+0000] {processor.py:208} INFO - Processing /home/airflow/.local/lib/python3.12/site-packages/airflow/example_dags/example_python_operator.py took 0.116 seconds
[2024-12-06T12:35:47.039+0000] {processor.py:186} INFO - Started process (PID=236) to work on /home/airflow/.local/lib/python3.12/site-packages/airflow/example_dags/example_python_operator.py
[2024-12-06T12:35:47.040+0000] {processor.py:914} INFO - Processing file /home/airflow/.local/lib/python3.12/site-packages/airflow/example_dags/example_python_operator.py for tasks to queue
[2024-12-06T12:35:47.043+0000] {logging_mixin.py:190} INFO - [2024-12-06T12:35:47.043+0000] {dagbag.py:588} INFO - Filling up the DagBag from /home/airflow/.local/lib/python3.12/site-packages/airflow/example_dags/example_python_operator.py
[2024-12-06T12:35:47.057+0000] {processor.py:925} INFO - DAG(s) 'example_python_operator' retrieved from /home/airflow/.local/lib/python3.12/site-packages/airflow/example_dags/example_python_operator.py
[2024-12-06T12:35:47.080+0000] {logging_mixin.py:190} INFO - [2024-12-06T12:35:47.080+0000] {dag.py:3239} INFO - Sync 1 DAGs
[2024-12-06T12:35:47.096+0000] {logging_mixin.py:190} INFO - [2024-12-06T12:35:47.096+0000] {dag.py:4180} INFO - Setting next_dagrun for example_python_operator to None, run_after=None
[2024-12-06T12:35:47.117+0000] {processor.py:208} INFO - Processing /home/airflow/.local/lib/python3.12/site-packages/airflow/example_dags/example_python_operator.py took 0.085 seconds
[2024-12-06T12:56:09.770+0000] {processor.py:186} INFO - Started process (PID=328) to work on /home/airflow/.local/lib/python3.12/site-packages/airflow/example_dags/example_python_operator.py
[2024-12-06T12:56:09.785+0000] {processor.py:914} INFO - Processing file /home/airflow/.local/lib/python3.12/site-packages/airflow/example_dags/example_python_operator.py for tasks to queue
[2024-12-06T12:56:09.787+0000] {logging_mixin.py:190} INFO - [2024-12-06T12:56:09.787+0000] {dagbag.py:588} INFO - Filling up the DagBag from /home/airflow/.local/lib/python3.12/site-packages/airflow/example_dags/example_python_operator.py
[2024-12-06T12:56:09.807+0000] {processor.py:925} INFO - DAG(s) 'example_python_operator' retrieved from /home/airflow/.local/lib/python3.12/site-packages/airflow/example_dags/example_python_operator.py
[2024-12-06T12:56:09.834+0000] {logging_mixin.py:190} INFO - [2024-12-06T12:56:09.834+0000] {dag.py:3239} INFO - Sync 1 DAGs
[2024-12-06T12:56:09.854+0000] {logging_mixin.py:190} INFO - [2024-12-06T12:56:09.853+0000] {dag.py:4180} INFO - Setting next_dagrun for example_python_operator to None, run_after=None
[2024-12-06T12:56:09.882+0000] {processor.py:208} INFO - Processing /home/airflow/.local/lib/python3.12/site-packages/airflow/example_dags/example_python_operator.py took 0.120 seconds
[2024-12-06T15:51:16.152+0000] {processor.py:186} INFO - Started process (PID=385) to work on /home/airflow/.local/lib/python3.12/site-packages/airflow/example_dags/example_python_operator.py
[2024-12-06T15:51:16.162+0000] {processor.py:914} INFO - Processing file /home/airflow/.local/lib/python3.12/site-packages/airflow/example_dags/example_python_operator.py for tasks to queue
[2024-12-06T15:51:16.164+0000] {logging_mixin.py:190} INFO - [2024-12-06T15:51:16.163+0000] {dagbag.py:588} INFO - Filling up the DagBag from /home/airflow/.local/lib/python3.12/site-packages/airflow/example_dags/example_python_operator.py
[2024-12-06T15:51:16.175+0000] {processor.py:925} INFO - DAG(s) 'example_python_operator' retrieved from /home/airflow/.local/lib/python3.12/site-packages/airflow/example_dags/example_python_operator.py
[2024-12-06T15:51:16.197+0000] {logging_mixin.py:190} INFO - [2024-12-06T15:51:16.197+0000] {dag.py:3239} INFO - Sync 1 DAGs
[2024-12-06T15:51:16.212+0000] {logging_mixin.py:190} INFO - [2024-12-06T15:51:16.212+0000] {dag.py:4180} INFO - Setting next_dagrun for example_python_operator to None, run_after=None
[2024-12-06T15:51:16.254+0000] {processor.py:208} INFO - Processing /home/airflow/.local/lib/python3.12/site-packages/airflow/example_dags/example_python_operator.py took 0.108 seconds
