[2024-12-06T12:34:42.347+0000] {processor.py:186} INFO - Started process (PID=107) to work on /home/airflow/.local/lib/python3.12/site-packages/airflow/example_dags/example_display_name.py
[2024-12-06T12:34:42.349+0000] {processor.py:914} INFO - Processing file /home/airflow/.local/lib/python3.12/site-packages/airflow/example_dags/example_display_name.py for tasks to queue
[2024-12-06T12:34:42.353+0000] {logging_mixin.py:190} INFO - [2024-12-06T12:34:42.352+0000] {dagbag.py:588} INFO - Filling up the DagBag from /home/airflow/.local/lib/python3.12/site-packages/airflow/example_dags/example_display_name.py
[2024-12-06T12:34:42.362+0000] {processor.py:925} INFO - DAG(s) 'example_display_name' retrieved from /home/airflow/.local/lib/python3.12/site-packages/airflow/example_dags/example_display_name.py
[2024-12-06T12:34:42.526+0000] {logging_mixin.py:190} INFO - [2024-12-06T12:34:42.525+0000] {override.py:1911} INFO - Created Permission View: can delete on DAG:example_display_name
[2024-12-06T12:34:42.552+0000] {logging_mixin.py:190} INFO - [2024-12-06T12:34:42.552+0000] {override.py:1911} INFO - Created Permission View: can edit on DAG:example_display_name
[2024-12-06T12:34:42.567+0000] {logging_mixin.py:190} INFO - [2024-12-06T12:34:42.566+0000] {override.py:1911} INFO - Created Permission View: can read on DAG:example_display_name
[2024-12-06T12:34:42.581+0000] {logging_mixin.py:190} INFO - [2024-12-06T12:34:42.580+0000] {override.py:1911} INFO - Created Permission View: can delete on DAG Run:example_display_name
[2024-12-06T12:34:42.596+0000] {logging_mixin.py:190} INFO - [2024-12-06T12:34:42.595+0000] {override.py:1911} INFO - Created Permission View: can create on DAG Run:example_display_name
[2024-12-06T12:34:42.611+0000] {logging_mixin.py:190} INFO - [2024-12-06T12:34:42.611+0000] {override.py:1911} INFO - Created Permission View: menu access on DAG Run:example_display_name
[2024-12-06T12:34:42.628+0000] {logging_mixin.py:190} INFO - [2024-12-06T12:34:42.627+0000] {override.py:1911} INFO - Created Permission View: can read on DAG Run:example_display_name
[2024-12-06T12:34:42.629+0000] {logging_mixin.py:190} INFO - [2024-12-06T12:34:42.629+0000] {dag.py:3239} INFO - Sync 1 DAGs
[2024-12-06T12:34:42.657+0000] {logging_mixin.py:190} INFO - [2024-12-06T12:34:42.657+0000] {dag.py:3262} INFO - Creating ORM DAG for example_display_name
[2024-12-06T12:34:42.658+0000] {logging_mixin.py:190} INFO - [2024-12-06T12:34:42.658+0000] {dag.py:4180} INFO - Setting next_dagrun for example_display_name to None, run_after=None
[2024-12-06T12:34:42.680+0000] {processor.py:208} INFO - Processing /home/airflow/.local/lib/python3.12/site-packages/airflow/example_dags/example_display_name.py took 0.338 seconds
[2024-12-06T12:35:12.886+0000] {processor.py:186} INFO - Started process (PID=169) to work on /home/airflow/.local/lib/python3.12/site-packages/airflow/example_dags/example_display_name.py
[2024-12-06T12:35:12.887+0000] {processor.py:914} INFO - Processing file /home/airflow/.local/lib/python3.12/site-packages/airflow/example_dags/example_display_name.py for tasks to queue
[2024-12-06T12:35:12.890+0000] {logging_mixin.py:190} INFO - [2024-12-06T12:35:12.889+0000] {dagbag.py:588} INFO - Filling up the DagBag from /home/airflow/.local/lib/python3.12/site-packages/airflow/example_dags/example_display_name.py
[2024-12-06T12:35:12.897+0000] {processor.py:925} INFO - DAG(s) 'example_display_name' retrieved from /home/airflow/.local/lib/python3.12/site-packages/airflow/example_dags/example_display_name.py
[2024-12-06T12:35:12.919+0000] {logging_mixin.py:190} INFO - [2024-12-06T12:35:12.918+0000] {dag.py:3239} INFO - Sync 1 DAGs
[2024-12-06T12:35:12.937+0000] {logging_mixin.py:190} INFO - [2024-12-06T12:35:12.937+0000] {dag.py:4180} INFO - Setting next_dagrun for example_display_name to None, run_after=None
[2024-12-06T12:35:12.970+0000] {processor.py:208} INFO - Processing /home/airflow/.local/lib/python3.12/site-packages/airflow/example_dags/example_display_name.py took 0.090 seconds
[2024-12-06T12:35:43.671+0000] {processor.py:186} INFO - Started process (PID=232) to work on /home/airflow/.local/lib/python3.12/site-packages/airflow/example_dags/example_display_name.py
[2024-12-06T12:35:43.673+0000] {processor.py:914} INFO - Processing file /home/airflow/.local/lib/python3.12/site-packages/airflow/example_dags/example_display_name.py for tasks to queue
[2024-12-06T12:35:43.677+0000] {logging_mixin.py:190} INFO - [2024-12-06T12:35:43.676+0000] {dagbag.py:588} INFO - Filling up the DagBag from /home/airflow/.local/lib/python3.12/site-packages/airflow/example_dags/example_display_name.py
[2024-12-06T12:35:43.687+0000] {processor.py:925} INFO - DAG(s) 'example_display_name' retrieved from /home/airflow/.local/lib/python3.12/site-packages/airflow/example_dags/example_display_name.py
[2024-12-06T12:35:43.715+0000] {logging_mixin.py:190} INFO - [2024-12-06T12:35:43.714+0000] {dag.py:3239} INFO - Sync 1 DAGs
[2024-12-06T12:35:43.759+0000] {logging_mixin.py:190} INFO - [2024-12-06T12:35:43.758+0000] {dag.py:4180} INFO - Setting next_dagrun for example_display_name to None, run_after=None
[2024-12-06T12:35:43.797+0000] {processor.py:208} INFO - Processing /home/airflow/.local/lib/python3.12/site-packages/airflow/example_dags/example_display_name.py took 0.132 seconds
[2024-12-06T12:56:06.816+0000] {processor.py:186} INFO - Started process (PID=295) to work on /home/airflow/.local/lib/python3.12/site-packages/airflow/example_dags/example_display_name.py
[2024-12-06T12:56:06.837+0000] {processor.py:914} INFO - Processing file /home/airflow/.local/lib/python3.12/site-packages/airflow/example_dags/example_display_name.py for tasks to queue
[2024-12-06T12:56:06.839+0000] {logging_mixin.py:190} INFO - [2024-12-06T12:56:06.838+0000] {dagbag.py:588} INFO - Filling up the DagBag from /home/airflow/.local/lib/python3.12/site-packages/airflow/example_dags/example_display_name.py
[2024-12-06T12:56:06.848+0000] {processor.py:925} INFO - DAG(s) 'example_display_name' retrieved from /home/airflow/.local/lib/python3.12/site-packages/airflow/example_dags/example_display_name.py
[2024-12-06T12:56:06.867+0000] {logging_mixin.py:190} INFO - [2024-12-06T12:56:06.866+0000] {dag.py:3239} INFO - Sync 1 DAGs
[2024-12-06T12:56:06.881+0000] {logging_mixin.py:190} INFO - [2024-12-06T12:56:06.881+0000] {dag.py:4180} INFO - Setting next_dagrun for example_display_name to None, run_after=None
[2024-12-06T12:56:06.903+0000] {processor.py:208} INFO - Processing /home/airflow/.local/lib/python3.12/site-packages/airflow/example_dags/example_display_name.py took 0.096 seconds
[2024-12-06T15:51:15.605+0000] {processor.py:186} INFO - Started process (PID=381) to work on /home/airflow/.local/lib/python3.12/site-packages/airflow/example_dags/example_display_name.py
[2024-12-06T15:51:15.607+0000] {processor.py:914} INFO - Processing file /home/airflow/.local/lib/python3.12/site-packages/airflow/example_dags/example_display_name.py for tasks to queue
[2024-12-06T15:51:15.608+0000] {logging_mixin.py:190} INFO - [2024-12-06T15:51:15.608+0000] {dagbag.py:588} INFO - Filling up the DagBag from /home/airflow/.local/lib/python3.12/site-packages/airflow/example_dags/example_display_name.py
[2024-12-06T15:51:15.616+0000] {processor.py:925} INFO - DAG(s) 'example_display_name' retrieved from /home/airflow/.local/lib/python3.12/site-packages/airflow/example_dags/example_display_name.py
[2024-12-06T15:51:15.638+0000] {logging_mixin.py:190} INFO - [2024-12-06T15:51:15.637+0000] {dag.py:3239} INFO - Sync 1 DAGs
[2024-12-06T15:51:15.653+0000] {logging_mixin.py:190} INFO - [2024-12-06T15:51:15.653+0000] {dag.py:4180} INFO - Setting next_dagrun for example_display_name to None, run_after=None
[2024-12-06T15:51:15.676+0000] {processor.py:208} INFO - Processing /home/airflow/.local/lib/python3.12/site-packages/airflow/example_dags/example_display_name.py took 0.077 seconds
