[2024-12-06T12:34:21.619+0000] {processor.py:186} INFO - Started process (PID=87) to work on /home/airflow/.local/lib/python3.12/site-packages/airflow/example_dags/example_time_delta_sensor_async.py
[2024-12-06T12:34:21.628+0000] {processor.py:914} INFO - Processing file /home/airflow/.local/lib/python3.12/site-packages/airflow/example_dags/example_time_delta_sensor_async.py for tasks to queue
[2024-12-06T12:34:21.635+0000] {logging_mixin.py:190} INFO - [2024-12-06T12:34:21.634+0000] {dagbag.py:588} INFO - Filling up the DagBag from /home/airflow/.local/lib/python3.12/site-packages/airflow/example_dags/example_time_delta_sensor_async.py
[2024-12-06T12:34:21.656+0000] {processor.py:925} INFO - DAG(s) 'example_time_delta_sensor_async' retrieved from /home/airflow/.local/lib/python3.12/site-packages/airflow/example_dags/example_time_delta_sensor_async.py
[2024-12-06T12:34:21.921+0000] {logging_mixin.py:190} INFO - [2024-12-06T12:34:21.920+0000] {override.py:1911} INFO - Created Permission View: can delete on DAG:example_time_delta_sensor_async
[2024-12-06T12:34:21.983+0000] {logging_mixin.py:190} INFO - [2024-12-06T12:34:21.980+0000] {override.py:1911} INFO - Created Permission View: can edit on DAG:example_time_delta_sensor_async
[2024-12-06T12:34:22.044+0000] {logging_mixin.py:190} INFO - [2024-12-06T12:34:22.044+0000] {override.py:1911} INFO - Created Permission View: can read on DAG:example_time_delta_sensor_async
[2024-12-06T12:34:22.124+0000] {logging_mixin.py:190} INFO - [2024-12-06T12:34:22.123+0000] {override.py:1911} INFO - Created Permission View: can delete on DAG Run:example_time_delta_sensor_async
[2024-12-06T12:34:22.155+0000] {logging_mixin.py:190} INFO - [2024-12-06T12:34:22.155+0000] {override.py:1911} INFO - Created Permission View: can create on DAG Run:example_time_delta_sensor_async
[2024-12-06T12:34:22.212+0000] {logging_mixin.py:190} INFO - [2024-12-06T12:34:22.211+0000] {override.py:1911} INFO - Created Permission View: menu access on DAG Run:example_time_delta_sensor_async
[2024-12-06T12:34:22.233+0000] {logging_mixin.py:190} INFO - [2024-12-06T12:34:22.233+0000] {override.py:1911} INFO - Created Permission View: can read on DAG Run:example_time_delta_sensor_async
[2024-12-06T12:34:22.234+0000] {logging_mixin.py:190} INFO - [2024-12-06T12:34:22.234+0000] {dag.py:3239} INFO - Sync 1 DAGs
[2024-12-06T12:34:22.267+0000] {logging_mixin.py:190} INFO - [2024-12-06T12:34:22.266+0000] {dag.py:3262} INFO - Creating ORM DAG for example_time_delta_sensor_async
[2024-12-06T12:34:22.276+0000] {logging_mixin.py:190} INFO - [2024-12-06T12:34:22.276+0000] {dag.py:4180} INFO - Setting next_dagrun for example_time_delta_sensor_async to None, run_after=None
[2024-12-06T12:34:22.319+0000] {processor.py:208} INFO - Processing /home/airflow/.local/lib/python3.12/site-packages/airflow/example_dags/example_time_delta_sensor_async.py took 0.711 seconds
[2024-12-06T12:34:52.769+0000] {processor.py:186} INFO - Started process (PID=150) to work on /home/airflow/.local/lib/python3.12/site-packages/airflow/example_dags/example_time_delta_sensor_async.py
[2024-12-06T12:34:52.777+0000] {processor.py:914} INFO - Processing file /home/airflow/.local/lib/python3.12/site-packages/airflow/example_dags/example_time_delta_sensor_async.py for tasks to queue
[2024-12-06T12:34:52.779+0000] {logging_mixin.py:190} INFO - [2024-12-06T12:34:52.779+0000] {dagbag.py:588} INFO - Filling up the DagBag from /home/airflow/.local/lib/python3.12/site-packages/airflow/example_dags/example_time_delta_sensor_async.py
[2024-12-06T12:34:52.789+0000] {processor.py:925} INFO - DAG(s) 'example_time_delta_sensor_async' retrieved from /home/airflow/.local/lib/python3.12/site-packages/airflow/example_dags/example_time_delta_sensor_async.py
[2024-12-06T12:34:52.809+0000] {logging_mixin.py:190} INFO - [2024-12-06T12:34:52.809+0000] {dag.py:3239} INFO - Sync 1 DAGs
[2024-12-06T12:34:52.825+0000] {logging_mixin.py:190} INFO - [2024-12-06T12:34:52.825+0000] {dag.py:4180} INFO - Setting next_dagrun for example_time_delta_sensor_async to None, run_after=None
[2024-12-06T12:34:52.849+0000] {processor.py:208} INFO - Processing /home/airflow/.local/lib/python3.12/site-packages/airflow/example_dags/example_time_delta_sensor_async.py took 0.087 seconds
[2024-12-06T12:35:23.140+0000] {processor.py:186} INFO - Started process (PID=213) to work on /home/airflow/.local/lib/python3.12/site-packages/airflow/example_dags/example_time_delta_sensor_async.py
[2024-12-06T12:35:23.142+0000] {processor.py:914} INFO - Processing file /home/airflow/.local/lib/python3.12/site-packages/airflow/example_dags/example_time_delta_sensor_async.py for tasks to queue
[2024-12-06T12:35:23.144+0000] {logging_mixin.py:190} INFO - [2024-12-06T12:35:23.143+0000] {dagbag.py:588} INFO - Filling up the DagBag from /home/airflow/.local/lib/python3.12/site-packages/airflow/example_dags/example_time_delta_sensor_async.py
[2024-12-06T12:35:23.153+0000] {processor.py:925} INFO - DAG(s) 'example_time_delta_sensor_async' retrieved from /home/airflow/.local/lib/python3.12/site-packages/airflow/example_dags/example_time_delta_sensor_async.py
[2024-12-06T12:35:23.182+0000] {logging_mixin.py:190} INFO - [2024-12-06T12:35:23.182+0000] {dag.py:3239} INFO - Sync 1 DAGs
[2024-12-06T12:35:23.199+0000] {logging_mixin.py:190} INFO - [2024-12-06T12:35:23.198+0000] {dag.py:4180} INFO - Setting next_dagrun for example_time_delta_sensor_async to None, run_after=None
[2024-12-06T12:35:23.221+0000] {processor.py:208} INFO - Processing /home/airflow/.local/lib/python3.12/site-packages/airflow/example_dags/example_time_delta_sensor_async.py took 0.087 seconds
[2024-12-06T12:35:54.040+0000] {processor.py:186} INFO - Started process (PID=276) to work on /home/airflow/.local/lib/python3.12/site-packages/airflow/example_dags/example_time_delta_sensor_async.py
[2024-12-06T12:35:54.050+0000] {processor.py:914} INFO - Processing file /home/airflow/.local/lib/python3.12/site-packages/airflow/example_dags/example_time_delta_sensor_async.py for tasks to queue
[2024-12-06T12:35:54.052+0000] {logging_mixin.py:190} INFO - [2024-12-06T12:35:54.052+0000] {dagbag.py:588} INFO - Filling up the DagBag from /home/airflow/.local/lib/python3.12/site-packages/airflow/example_dags/example_time_delta_sensor_async.py
[2024-12-06T12:35:54.060+0000] {processor.py:925} INFO - DAG(s) 'example_time_delta_sensor_async' retrieved from /home/airflow/.local/lib/python3.12/site-packages/airflow/example_dags/example_time_delta_sensor_async.py
[2024-12-06T12:35:54.083+0000] {logging_mixin.py:190} INFO - [2024-12-06T12:35:54.082+0000] {dag.py:3239} INFO - Sync 1 DAGs
[2024-12-06T12:35:54.098+0000] {logging_mixin.py:190} INFO - [2024-12-06T12:35:54.098+0000] {dag.py:4180} INFO - Setting next_dagrun for example_time_delta_sensor_async to None, run_after=None
[2024-12-06T12:35:54.122+0000] {processor.py:208} INFO - Processing /home/airflow/.local/lib/python3.12/site-packages/airflow/example_dags/example_time_delta_sensor_async.py took 0.087 seconds
[2024-12-06T12:56:07.664+0000] {processor.py:186} INFO - Started process (PID=306) to work on /home/airflow/.local/lib/python3.12/site-packages/airflow/example_dags/example_time_delta_sensor_async.py
[2024-12-06T12:56:07.689+0000] {processor.py:914} INFO - Processing file /home/airflow/.local/lib/python3.12/site-packages/airflow/example_dags/example_time_delta_sensor_async.py for tasks to queue
[2024-12-06T12:56:07.690+0000] {logging_mixin.py:190} INFO - [2024-12-06T12:56:07.690+0000] {dagbag.py:588} INFO - Filling up the DagBag from /home/airflow/.local/lib/python3.12/site-packages/airflow/example_dags/example_time_delta_sensor_async.py
[2024-12-06T12:56:07.697+0000] {processor.py:925} INFO - DAG(s) 'example_time_delta_sensor_async' retrieved from /home/airflow/.local/lib/python3.12/site-packages/airflow/example_dags/example_time_delta_sensor_async.py
[2024-12-06T12:56:07.717+0000] {logging_mixin.py:190} INFO - [2024-12-06T12:56:07.716+0000] {dag.py:3239} INFO - Sync 1 DAGs
[2024-12-06T12:56:07.732+0000] {logging_mixin.py:190} INFO - [2024-12-06T12:56:07.732+0000] {dag.py:4180} INFO - Setting next_dagrun for example_time_delta_sensor_async to None, run_after=None
[2024-12-06T12:56:07.754+0000] {processor.py:208} INFO - Processing /home/airflow/.local/lib/python3.12/site-packages/airflow/example_dags/example_time_delta_sensor_async.py took 0.098 seconds
[2024-12-06T15:51:12.593+0000] {processor.py:186} INFO - Started process (PID=361) to work on /home/airflow/.local/lib/python3.12/site-packages/airflow/example_dags/example_time_delta_sensor_async.py
[2024-12-06T15:51:12.606+0000] {processor.py:914} INFO - Processing file /home/airflow/.local/lib/python3.12/site-packages/airflow/example_dags/example_time_delta_sensor_async.py for tasks to queue
[2024-12-06T15:51:12.610+0000] {logging_mixin.py:190} INFO - [2024-12-06T15:51:12.609+0000] {dagbag.py:588} INFO - Filling up the DagBag from /home/airflow/.local/lib/python3.12/site-packages/airflow/example_dags/example_time_delta_sensor_async.py
[2024-12-06T15:51:12.622+0000] {processor.py:925} INFO - DAG(s) 'example_time_delta_sensor_async' retrieved from /home/airflow/.local/lib/python3.12/site-packages/airflow/example_dags/example_time_delta_sensor_async.py
[2024-12-06T15:51:12.660+0000] {logging_mixin.py:190} INFO - [2024-12-06T15:51:12.659+0000] {dag.py:3239} INFO - Sync 1 DAGs
[2024-12-06T15:51:12.685+0000] {logging_mixin.py:190} INFO - [2024-12-06T15:51:12.685+0000] {dag.py:4180} INFO - Setting next_dagrun for example_time_delta_sensor_async to None, run_after=None
[2024-12-06T15:51:12.743+0000] {processor.py:208} INFO - Processing /home/airflow/.local/lib/python3.12/site-packages/airflow/example_dags/example_time_delta_sensor_async.py took 0.161 seconds
