[2024-12-06T12:34:48.901+0000] {processor.py:186} INFO - Started process (PID=127) to work on /home/airflow/.local/lib/python3.12/site-packages/airflow/example_dags/example_bash_operator.py
[2024-12-06T12:34:48.903+0000] {processor.py:914} INFO - Processing file /home/airflow/.local/lib/python3.12/site-packages/airflow/example_dags/example_bash_operator.py for tasks to queue
[2024-12-06T12:34:48.906+0000] {logging_mixin.py:190} INFO - [2024-12-06T12:34:48.906+0000] {dagbag.py:588} INFO - Filling up the DagBag from /home/airflow/.local/lib/python3.12/site-packages/airflow/example_dags/example_bash_operator.py
[2024-12-06T12:34:48.923+0000] {processor.py:925} INFO - DAG(s) 'example_bash_operator' retrieved from /home/airflow/.local/lib/python3.12/site-packages/airflow/example_dags/example_bash_operator.py
[2024-12-06T12:34:49.083+0000] {logging_mixin.py:190} INFO - [2024-12-06T12:34:49.082+0000] {override.py:1911} INFO - Created Permission View: can delete on DAG:example_bash_operator
[2024-12-06T12:34:49.095+0000] {logging_mixin.py:190} INFO - [2024-12-06T12:34:49.095+0000] {override.py:1911} INFO - Created Permission View: can edit on DAG:example_bash_operator
[2024-12-06T12:34:49.104+0000] {logging_mixin.py:190} INFO - [2024-12-06T12:34:49.104+0000] {override.py:1911} INFO - Created Permission View: can read on DAG:example_bash_operator
[2024-12-06T12:34:49.116+0000] {logging_mixin.py:190} INFO - [2024-12-06T12:34:49.115+0000] {override.py:1911} INFO - Created Permission View: can delete on DAG Run:example_bash_operator
[2024-12-06T12:34:49.124+0000] {logging_mixin.py:190} INFO - [2024-12-06T12:34:49.123+0000] {override.py:1911} INFO - Created Permission View: can create on DAG Run:example_bash_operator
[2024-12-06T12:34:49.135+0000] {logging_mixin.py:190} INFO - [2024-12-06T12:34:49.134+0000] {override.py:1911} INFO - Created Permission View: menu access on DAG Run:example_bash_operator
[2024-12-06T12:34:49.143+0000] {logging_mixin.py:190} INFO - [2024-12-06T12:34:49.143+0000] {override.py:1911} INFO - Created Permission View: can read on DAG Run:example_bash_operator
[2024-12-06T12:34:49.145+0000] {logging_mixin.py:190} INFO - [2024-12-06T12:34:49.144+0000] {dag.py:3239} INFO - Sync 1 DAGs
[2024-12-06T12:34:49.166+0000] {logging_mixin.py:190} INFO - [2024-12-06T12:34:49.166+0000] {dag.py:3262} INFO - Creating ORM DAG for example_bash_operator
[2024-12-06T12:34:49.181+0000] {logging_mixin.py:190} INFO - [2024-12-06T12:34:49.181+0000] {dag.py:4180} INFO - Setting next_dagrun for example_bash_operator to 2024-12-05 00:00:00+00:00, run_after=2024-12-06 00:00:00+00:00
[2024-12-06T12:34:49.208+0000] {processor.py:208} INFO - Processing /home/airflow/.local/lib/python3.12/site-packages/airflow/example_dags/example_bash_operator.py took 0.314 seconds
[2024-12-06T12:35:20.044+0000] {processor.py:186} INFO - Started process (PID=190) to work on /home/airflow/.local/lib/python3.12/site-packages/airflow/example_dags/example_bash_operator.py
[2024-12-06T12:35:20.045+0000] {processor.py:914} INFO - Processing file /home/airflow/.local/lib/python3.12/site-packages/airflow/example_dags/example_bash_operator.py for tasks to queue
[2024-12-06T12:35:20.048+0000] {logging_mixin.py:190} INFO - [2024-12-06T12:35:20.048+0000] {dagbag.py:588} INFO - Filling up the DagBag from /home/airflow/.local/lib/python3.12/site-packages/airflow/example_dags/example_bash_operator.py
[2024-12-06T12:35:20.060+0000] {processor.py:925} INFO - DAG(s) 'example_bash_operator' retrieved from /home/airflow/.local/lib/python3.12/site-packages/airflow/example_dags/example_bash_operator.py
[2024-12-06T12:35:20.087+0000] {logging_mixin.py:190} INFO - [2024-12-06T12:35:20.086+0000] {dag.py:3239} INFO - Sync 1 DAGs
[2024-12-06T12:35:20.111+0000] {logging_mixin.py:190} INFO - [2024-12-06T12:35:20.111+0000] {dag.py:4180} INFO - Setting next_dagrun for example_bash_operator to 2024-12-05 00:00:00+00:00, run_after=2024-12-06 00:00:00+00:00
[2024-12-06T12:35:20.153+0000] {processor.py:208} INFO - Processing /home/airflow/.local/lib/python3.12/site-packages/airflow/example_dags/example_bash_operator.py took 0.115 seconds
[2024-12-06T12:35:51.257+0000] {processor.py:186} INFO - Started process (PID=262) to work on /home/airflow/.local/lib/python3.12/site-packages/airflow/example_dags/example_bash_operator.py
[2024-12-06T12:35:51.258+0000] {processor.py:914} INFO - Processing file /home/airflow/.local/lib/python3.12/site-packages/airflow/example_dags/example_bash_operator.py for tasks to queue
[2024-12-06T12:35:51.261+0000] {logging_mixin.py:190} INFO - [2024-12-06T12:35:51.261+0000] {dagbag.py:588} INFO - Filling up the DagBag from /home/airflow/.local/lib/python3.12/site-packages/airflow/example_dags/example_bash_operator.py
[2024-12-06T12:35:51.284+0000] {processor.py:925} INFO - DAG(s) 'example_bash_operator' retrieved from /home/airflow/.local/lib/python3.12/site-packages/airflow/example_dags/example_bash_operator.py
[2024-12-06T12:35:51.315+0000] {logging_mixin.py:190} INFO - [2024-12-06T12:35:51.315+0000] {dag.py:3239} INFO - Sync 1 DAGs
[2024-12-06T12:35:51.342+0000] {logging_mixin.py:190} INFO - [2024-12-06T12:35:51.342+0000] {dag.py:4180} INFO - Setting next_dagrun for example_bash_operator to 2024-12-05 00:00:00+00:00, run_after=2024-12-06 00:00:00+00:00
[2024-12-06T12:35:51.364+0000] {processor.py:208} INFO - Processing /home/airflow/.local/lib/python3.12/site-packages/airflow/example_dags/example_bash_operator.py took 0.114 seconds
[2024-12-06T15:51:10.764+0000] {processor.py:186} INFO - Started process (PID=344) to work on /home/airflow/.local/lib/python3.12/site-packages/airflow/example_dags/example_bash_operator.py
[2024-12-06T15:51:10.765+0000] {processor.py:914} INFO - Processing file /home/airflow/.local/lib/python3.12/site-packages/airflow/example_dags/example_bash_operator.py for tasks to queue
[2024-12-06T15:51:10.767+0000] {logging_mixin.py:190} INFO - [2024-12-06T15:51:10.767+0000] {dagbag.py:588} INFO - Filling up the DagBag from /home/airflow/.local/lib/python3.12/site-packages/airflow/example_dags/example_bash_operator.py
[2024-12-06T15:51:10.782+0000] {processor.py:925} INFO - DAG(s) 'example_bash_operator' retrieved from /home/airflow/.local/lib/python3.12/site-packages/airflow/example_dags/example_bash_operator.py
[2024-12-06T15:51:10.810+0000] {logging_mixin.py:190} INFO - [2024-12-06T15:51:10.809+0000] {dag.py:3239} INFO - Sync 1 DAGs
[2024-12-06T15:51:10.850+0000] {logging_mixin.py:190} INFO - [2024-12-06T15:51:10.850+0000] {dag.py:4180} INFO - Setting next_dagrun for example_bash_operator to 2024-12-05 00:00:00+00:00, run_after=2024-12-06 00:00:00+00:00
[2024-12-06T15:51:10.873+0000] {processor.py:208} INFO - Processing /home/airflow/.local/lib/python3.12/site-packages/airflow/example_dags/example_bash_operator.py took 0.115 seconds
