[2024-12-06T12:34:37.745+0000] {processor.py:186} INFO - Started process (PID=94) to work on /home/airflow/.local/lib/python3.12/site-packages/airflow/example_dags/example_params_ui_tutorial.py
[2024-12-06T12:34:37.747+0000] {processor.py:914} INFO - Processing file /home/airflow/.local/lib/python3.12/site-packages/airflow/example_dags/example_params_ui_tutorial.py for tasks to queue
[2024-12-06T12:34:37.752+0000] {logging_mixin.py:190} INFO - [2024-12-06T12:34:37.751+0000] {dagbag.py:588} INFO - Filling up the DagBag from /home/airflow/.local/lib/python3.12/site-packages/airflow/example_dags/example_params_ui_tutorial.py
[2024-12-06T12:34:37.775+0000] {processor.py:925} INFO - DAG(s) 'example_params_ui_tutorial' retrieved from /home/airflow/.local/lib/python3.12/site-packages/airflow/example_dags/example_params_ui_tutorial.py
[2024-12-06T12:34:38.024+0000] {logging_mixin.py:190} INFO - [2024-12-06T12:34:38.023+0000] {override.py:1911} INFO - Created Permission View: can delete on DAG:example_params_ui_tutorial
[2024-12-06T12:34:38.051+0000] {logging_mixin.py:190} INFO - [2024-12-06T12:34:38.048+0000] {override.py:1911} INFO - Created Permission View: can edit on DAG:example_params_ui_tutorial
[2024-12-06T12:34:38.067+0000] {logging_mixin.py:190} INFO - [2024-12-06T12:34:38.066+0000] {override.py:1911} INFO - Created Permission View: can read on DAG:example_params_ui_tutorial
[2024-12-06T12:34:38.085+0000] {logging_mixin.py:190} INFO - [2024-12-06T12:34:38.084+0000] {override.py:1911} INFO - Created Permission View: can delete on DAG Run:example_params_ui_tutorial
[2024-12-06T12:34:38.101+0000] {logging_mixin.py:190} INFO - [2024-12-06T12:34:38.101+0000] {override.py:1911} INFO - Created Permission View: can create on DAG Run:example_params_ui_tutorial
[2024-12-06T12:34:38.115+0000] {logging_mixin.py:190} INFO - [2024-12-06T12:34:38.114+0000] {override.py:1911} INFO - Created Permission View: menu access on DAG Run:example_params_ui_tutorial
[2024-12-06T12:34:38.131+0000] {logging_mixin.py:190} INFO - [2024-12-06T12:34:38.130+0000] {override.py:1911} INFO - Created Permission View: can read on DAG Run:example_params_ui_tutorial
[2024-12-06T12:34:38.132+0000] {logging_mixin.py:190} INFO - [2024-12-06T12:34:38.131+0000] {dag.py:3239} INFO - Sync 1 DAGs
[2024-12-06T12:34:38.167+0000] {logging_mixin.py:190} INFO - [2024-12-06T12:34:38.166+0000] {dag.py:3262} INFO - Creating ORM DAG for example_params_ui_tutorial
[2024-12-06T12:34:38.170+0000] {logging_mixin.py:190} INFO - [2024-12-06T12:34:38.169+0000] {dag.py:4180} INFO - Setting next_dagrun for example_params_ui_tutorial to None, run_after=None
[2024-12-06T12:34:38.202+0000] {processor.py:208} INFO - Processing /home/airflow/.local/lib/python3.12/site-packages/airflow/example_dags/example_params_ui_tutorial.py took 0.473 seconds
[2024-12-06T12:35:08.601+0000] {processor.py:186} INFO - Started process (PID=156) to work on /home/airflow/.local/lib/python3.12/site-packages/airflow/example_dags/example_params_ui_tutorial.py
[2024-12-06T12:35:08.602+0000] {processor.py:914} INFO - Processing file /home/airflow/.local/lib/python3.12/site-packages/airflow/example_dags/example_params_ui_tutorial.py for tasks to queue
[2024-12-06T12:35:08.605+0000] {logging_mixin.py:190} INFO - [2024-12-06T12:35:08.605+0000] {dagbag.py:588} INFO - Filling up the DagBag from /home/airflow/.local/lib/python3.12/site-packages/airflow/example_dags/example_params_ui_tutorial.py
[2024-12-06T12:35:08.616+0000] {processor.py:925} INFO - DAG(s) 'example_params_ui_tutorial' retrieved from /home/airflow/.local/lib/python3.12/site-packages/airflow/example_dags/example_params_ui_tutorial.py
[2024-12-06T12:35:08.676+0000] {logging_mixin.py:190} INFO - [2024-12-06T12:35:08.675+0000] {dag.py:3239} INFO - Sync 1 DAGs
[2024-12-06T12:35:08.690+0000] {logging_mixin.py:190} INFO - [2024-12-06T12:35:08.690+0000] {dag.py:4180} INFO - Setting next_dagrun for example_params_ui_tutorial to None, run_after=None
[2024-12-06T12:35:08.716+0000] {processor.py:208} INFO - Processing /home/airflow/.local/lib/python3.12/site-packages/airflow/example_dags/example_params_ui_tutorial.py took 0.121 seconds
[2024-12-06T12:35:38.965+0000] {processor.py:186} INFO - Started process (PID=218) to work on /home/airflow/.local/lib/python3.12/site-packages/airflow/example_dags/example_params_ui_tutorial.py
[2024-12-06T12:35:38.970+0000] {processor.py:914} INFO - Processing file /home/airflow/.local/lib/python3.12/site-packages/airflow/example_dags/example_params_ui_tutorial.py for tasks to queue
[2024-12-06T12:35:38.973+0000] {logging_mixin.py:190} INFO - [2024-12-06T12:35:38.972+0000] {dagbag.py:588} INFO - Filling up the DagBag from /home/airflow/.local/lib/python3.12/site-packages/airflow/example_dags/example_params_ui_tutorial.py
[2024-12-06T12:35:38.983+0000] {processor.py:925} INFO - DAG(s) 'example_params_ui_tutorial' retrieved from /home/airflow/.local/lib/python3.12/site-packages/airflow/example_dags/example_params_ui_tutorial.py
[2024-12-06T12:35:39.063+0000] {logging_mixin.py:190} INFO - [2024-12-06T12:35:39.063+0000] {dag.py:3239} INFO - Sync 1 DAGs
[2024-12-06T12:35:39.087+0000] {logging_mixin.py:190} INFO - [2024-12-06T12:35:39.087+0000] {dag.py:4180} INFO - Setting next_dagrun for example_params_ui_tutorial to None, run_after=None
[2024-12-06T12:35:39.119+0000] {processor.py:208} INFO - Processing /home/airflow/.local/lib/python3.12/site-packages/airflow/example_dags/example_params_ui_tutorial.py took 0.164 seconds
[2024-12-06T12:36:09.431+0000] {processor.py:186} INFO - Started process (PID=280) to work on /home/airflow/.local/lib/python3.12/site-packages/airflow/example_dags/example_params_ui_tutorial.py
[2024-12-06T12:36:09.501+0000] {processor.py:914} INFO - Processing file /home/airflow/.local/lib/python3.12/site-packages/airflow/example_dags/example_params_ui_tutorial.py for tasks to queue
[2024-12-06T12:36:09.504+0000] {logging_mixin.py:190} INFO - [2024-12-06T12:36:09.504+0000] {dagbag.py:588} INFO - Filling up the DagBag from /home/airflow/.local/lib/python3.12/site-packages/airflow/example_dags/example_params_ui_tutorial.py
[2024-12-06T12:36:09.521+0000] {processor.py:925} INFO - DAG(s) 'example_params_ui_tutorial' retrieved from /home/airflow/.local/lib/python3.12/site-packages/airflow/example_dags/example_params_ui_tutorial.py
[2024-12-06T12:36:09.591+0000] {logging_mixin.py:190} INFO - [2024-12-06T12:36:09.590+0000] {dag.py:3239} INFO - Sync 1 DAGs
[2024-12-06T12:36:09.618+0000] {logging_mixin.py:190} INFO - [2024-12-06T12:36:09.617+0000] {dag.py:4180} INFO - Setting next_dagrun for example_params_ui_tutorial to None, run_after=None
[2024-12-06T12:36:09.682+0000] {processor.py:208} INFO - Processing /home/airflow/.local/lib/python3.12/site-packages/airflow/example_dags/example_params_ui_tutorial.py took 0.260 seconds
[2024-12-06T12:56:08.715+0000] {processor.py:186} INFO - Started process (PID=312) to work on /home/airflow/.local/lib/python3.12/site-packages/airflow/example_dags/example_params_ui_tutorial.py
[2024-12-06T12:56:08.745+0000] {processor.py:914} INFO - Processing file /home/airflow/.local/lib/python3.12/site-packages/airflow/example_dags/example_params_ui_tutorial.py for tasks to queue
[2024-12-06T12:56:08.746+0000] {logging_mixin.py:190} INFO - [2024-12-06T12:56:08.746+0000] {dagbag.py:588} INFO - Filling up the DagBag from /home/airflow/.local/lib/python3.12/site-packages/airflow/example_dags/example_params_ui_tutorial.py
[2024-12-06T12:56:08.755+0000] {processor.py:925} INFO - DAG(s) 'example_params_ui_tutorial' retrieved from /home/airflow/.local/lib/python3.12/site-packages/airflow/example_dags/example_params_ui_tutorial.py
[2024-12-06T12:56:08.830+0000] {logging_mixin.py:190} INFO - [2024-12-06T12:56:08.830+0000] {dag.py:3239} INFO - Sync 1 DAGs
[2024-12-06T12:56:08.849+0000] {logging_mixin.py:190} INFO - [2024-12-06T12:56:08.849+0000] {dag.py:4180} INFO - Setting next_dagrun for example_params_ui_tutorial to None, run_after=None
[2024-12-06T12:56:08.871+0000] {processor.py:208} INFO - Processing /home/airflow/.local/lib/python3.12/site-packages/airflow/example_dags/example_params_ui_tutorial.py took 0.162 seconds
[2024-12-06T15:51:14.272+0000] {processor.py:186} INFO - Started process (PID=368) to work on /home/airflow/.local/lib/python3.12/site-packages/airflow/example_dags/example_params_ui_tutorial.py
[2024-12-06T15:51:14.273+0000] {processor.py:914} INFO - Processing file /home/airflow/.local/lib/python3.12/site-packages/airflow/example_dags/example_params_ui_tutorial.py for tasks to queue
[2024-12-06T15:51:14.274+0000] {logging_mixin.py:190} INFO - [2024-12-06T15:51:14.274+0000] {dagbag.py:588} INFO - Filling up the DagBag from /home/airflow/.local/lib/python3.12/site-packages/airflow/example_dags/example_params_ui_tutorial.py
[2024-12-06T15:51:14.286+0000] {processor.py:925} INFO - DAG(s) 'example_params_ui_tutorial' retrieved from /home/airflow/.local/lib/python3.12/site-packages/airflow/example_dags/example_params_ui_tutorial.py
[2024-12-06T15:51:14.329+0000] {logging_mixin.py:190} INFO - [2024-12-06T15:51:14.328+0000] {dag.py:3239} INFO - Sync 1 DAGs
[2024-12-06T15:51:14.344+0000] {logging_mixin.py:190} INFO - [2024-12-06T15:51:14.343+0000] {dag.py:4180} INFO - Setting next_dagrun for example_params_ui_tutorial to None, run_after=None
[2024-12-06T15:51:14.365+0000] {processor.py:208} INFO - Processing /home/airflow/.local/lib/python3.12/site-packages/airflow/example_dags/example_params_ui_tutorial.py took 0.099 seconds
