[2024-12-06T12:34:37.332+0000] {processor.py:186} INFO - Started process (PID=93) to work on /home/airflow/.local/lib/python3.12/site-packages/airflow/example_dags/example_inlet_event_extra.py
[2024-12-06T12:34:37.334+0000] {processor.py:914} INFO - Processing file /home/airflow/.local/lib/python3.12/site-packages/airflow/example_dags/example_inlet_event_extra.py for tasks to queue
[2024-12-06T12:34:37.338+0000] {logging_mixin.py:190} INFO - [2024-12-06T12:34:37.337+0000] {dagbag.py:588} INFO - Filling up the DagBag from /home/airflow/.local/lib/python3.12/site-packages/airflow/example_dags/example_inlet_event_extra.py
[2024-12-06T12:34:38.812+0000] {processor.py:925} INFO - DAG(s) 'read_dataset_event_from_classic', 'read_dataset_event' retrieved from /home/airflow/.local/lib/python3.12/site-packages/airflow/example_dags/example_inlet_event_extra.py
[2024-12-06T12:34:38.989+0000] {logging_mixin.py:190} INFO - [2024-12-06T12:34:38.988+0000] {override.py:1911} INFO - Created Permission View: can delete on DAG:read_dataset_event_from_classic
[2024-12-06T12:34:39.011+0000] {logging_mixin.py:190} INFO - [2024-12-06T12:34:39.010+0000] {override.py:1911} INFO - Created Permission View: can edit on DAG:read_dataset_event_from_classic
[2024-12-06T12:34:39.022+0000] {logging_mixin.py:190} INFO - [2024-12-06T12:34:39.021+0000] {override.py:1911} INFO - Created Permission View: can read on DAG:read_dataset_event_from_classic
[2024-12-06T12:34:39.048+0000] {logging_mixin.py:190} INFO - [2024-12-06T12:34:39.045+0000] {override.py:1911} INFO - Created Permission View: can delete on DAG Run:read_dataset_event_from_classic
[2024-12-06T12:34:39.070+0000] {logging_mixin.py:190} INFO - [2024-12-06T12:34:39.069+0000] {override.py:1911} INFO - Created Permission View: can create on DAG Run:read_dataset_event_from_classic
[2024-12-06T12:34:39.087+0000] {logging_mixin.py:190} INFO - [2024-12-06T12:34:39.087+0000] {override.py:1911} INFO - Created Permission View: menu access on DAG Run:read_dataset_event_from_classic
[2024-12-06T12:34:39.099+0000] {logging_mixin.py:190} INFO - [2024-12-06T12:34:39.098+0000] {override.py:1911} INFO - Created Permission View: can read on DAG Run:read_dataset_event_from_classic
[2024-12-06T12:34:39.134+0000] {logging_mixin.py:190} INFO - [2024-12-06T12:34:39.131+0000] {override.py:1911} INFO - Created Permission View: can delete on DAG:read_dataset_event
[2024-12-06T12:34:39.156+0000] {logging_mixin.py:190} INFO - [2024-12-06T12:34:39.156+0000] {override.py:1911} INFO - Created Permission View: can edit on DAG:read_dataset_event
[2024-12-06T12:34:39.173+0000] {logging_mixin.py:190} INFO - [2024-12-06T12:34:39.172+0000] {override.py:1911} INFO - Created Permission View: can read on DAG:read_dataset_event
[2024-12-06T12:34:39.190+0000] {logging_mixin.py:190} INFO - [2024-12-06T12:34:39.190+0000] {override.py:1911} INFO - Created Permission View: can delete on DAG Run:read_dataset_event
[2024-12-06T12:34:39.202+0000] {logging_mixin.py:190} INFO - [2024-12-06T12:34:39.202+0000] {override.py:1911} INFO - Created Permission View: can create on DAG Run:read_dataset_event
[2024-12-06T12:34:39.216+0000] {logging_mixin.py:190} INFO - [2024-12-06T12:34:39.216+0000] {override.py:1911} INFO - Created Permission View: menu access on DAG Run:read_dataset_event
[2024-12-06T12:34:39.228+0000] {logging_mixin.py:190} INFO - [2024-12-06T12:34:39.227+0000] {override.py:1911} INFO - Created Permission View: can read on DAG Run:read_dataset_event
[2024-12-06T12:34:39.229+0000] {logging_mixin.py:190} INFO - [2024-12-06T12:34:39.228+0000] {dag.py:3239} INFO - Sync 2 DAGs
[2024-12-06T12:34:39.260+0000] {logging_mixin.py:190} INFO - [2024-12-06T12:34:39.258+0000] {dag.py:3262} INFO - Creating ORM DAG for read_dataset_event
[2024-12-06T12:34:39.262+0000] {logging_mixin.py:190} INFO - [2024-12-06T12:34:39.261+0000] {dag.py:3262} INFO - Creating ORM DAG for read_dataset_event_from_classic
[2024-12-06T12:34:39.283+0000] {logging_mixin.py:190} INFO - [2024-12-06T12:34:39.283+0000] {dag.py:4180} INFO - Setting next_dagrun for read_dataset_event to 2024-12-05 00:00:00+00:00, run_after=2024-12-06 00:00:00+00:00
[2024-12-06T12:34:39.289+0000] {logging_mixin.py:190} INFO - [2024-12-06T12:34:39.288+0000] {dag.py:4180} INFO - Setting next_dagrun for read_dataset_event_from_classic to 2024-12-05 00:00:00+00:00, run_after=2024-12-06 00:00:00+00:00
[2024-12-06T12:34:39.316+0000] {processor.py:208} INFO - Processing /home/airflow/.local/lib/python3.12/site-packages/airflow/example_dags/example_inlet_event_extra.py took 1.994 seconds
[2024-12-06T12:35:09.435+0000] {processor.py:186} INFO - Started process (PID=159) to work on /home/airflow/.local/lib/python3.12/site-packages/airflow/example_dags/example_inlet_event_extra.py
[2024-12-06T12:35:09.436+0000] {processor.py:914} INFO - Processing file /home/airflow/.local/lib/python3.12/site-packages/airflow/example_dags/example_inlet_event_extra.py for tasks to queue
[2024-12-06T12:35:09.438+0000] {logging_mixin.py:190} INFO - [2024-12-06T12:35:09.438+0000] {dagbag.py:588} INFO - Filling up the DagBag from /home/airflow/.local/lib/python3.12/site-packages/airflow/example_dags/example_inlet_event_extra.py
[2024-12-06T12:35:10.095+0000] {processor.py:925} INFO - DAG(s) 'read_dataset_event', 'read_dataset_event_from_classic' retrieved from /home/airflow/.local/lib/python3.12/site-packages/airflow/example_dags/example_inlet_event_extra.py
[2024-12-06T12:35:10.118+0000] {logging_mixin.py:190} INFO - [2024-12-06T12:35:10.118+0000] {dag.py:3239} INFO - Sync 2 DAGs
[2024-12-06T12:35:10.154+0000] {logging_mixin.py:190} INFO - [2024-12-06T12:35:10.154+0000] {dag.py:4180} INFO - Setting next_dagrun for read_dataset_event to 2024-12-05 00:00:00+00:00, run_after=2024-12-06 00:00:00+00:00
[2024-12-06T12:35:10.159+0000] {logging_mixin.py:190} INFO - [2024-12-06T12:35:10.159+0000] {dag.py:4180} INFO - Setting next_dagrun for read_dataset_event_from_classic to 2024-12-05 00:00:00+00:00, run_after=2024-12-06 00:00:00+00:00
[2024-12-06T12:35:11.138+0000] {processor.py:208} INFO - Processing /home/airflow/.local/lib/python3.12/site-packages/airflow/example_dags/example_inlet_event_extra.py took 1.710 seconds
[2024-12-06T12:35:42.149+0000] {processor.py:186} INFO - Started process (PID=222) to work on /home/airflow/.local/lib/python3.12/site-packages/airflow/example_dags/example_inlet_event_extra.py
[2024-12-06T12:35:42.161+0000] {processor.py:914} INFO - Processing file /home/airflow/.local/lib/python3.12/site-packages/airflow/example_dags/example_inlet_event_extra.py for tasks to queue
[2024-12-06T12:35:42.169+0000] {logging_mixin.py:190} INFO - [2024-12-06T12:35:42.168+0000] {dagbag.py:588} INFO - Filling up the DagBag from /home/airflow/.local/lib/python3.12/site-packages/airflow/example_dags/example_inlet_event_extra.py
[2024-12-06T12:35:43.030+0000] {processor.py:925} INFO - DAG(s) 'read_dataset_event_from_classic', 'read_dataset_event' retrieved from /home/airflow/.local/lib/python3.12/site-packages/airflow/example_dags/example_inlet_event_extra.py
[2024-12-06T12:35:43.070+0000] {logging_mixin.py:190} INFO - [2024-12-06T12:35:43.069+0000] {dag.py:3239} INFO - Sync 2 DAGs
[2024-12-06T12:35:43.110+0000] {logging_mixin.py:190} INFO - [2024-12-06T12:35:43.110+0000] {dag.py:4180} INFO - Setting next_dagrun for read_dataset_event to 2024-12-05 00:00:00+00:00, run_after=2024-12-06 00:00:00+00:00
[2024-12-06T12:35:43.117+0000] {logging_mixin.py:190} INFO - [2024-12-06T12:35:43.117+0000] {dag.py:4180} INFO - Setting next_dagrun for read_dataset_event_from_classic to 2024-12-05 00:00:00+00:00, run_after=2024-12-06 00:00:00+00:00
[2024-12-06T12:35:43.137+0000] {processor.py:208} INFO - Processing /home/airflow/.local/lib/python3.12/site-packages/airflow/example_dags/example_inlet_event_extra.py took 1.002 seconds
[2024-12-06T12:36:16.514+0000] {processor.py:186} INFO - Started process (PID=286) to work on /home/airflow/.local/lib/python3.12/site-packages/airflow/example_dags/example_inlet_event_extra.py
[2024-12-06T12:36:16.529+0000] {processor.py:914} INFO - Processing file /home/airflow/.local/lib/python3.12/site-packages/airflow/example_dags/example_inlet_event_extra.py for tasks to queue
[2024-12-06T12:36:16.542+0000] {logging_mixin.py:190} INFO - [2024-12-06T12:36:16.542+0000] {dagbag.py:588} INFO - Filling up the DagBag from /home/airflow/.local/lib/python3.12/site-packages/airflow/example_dags/example_inlet_event_extra.py
[2024-12-06T12:56:06.263+0000] {processor.py:925} INFO - DAG(s) 'read_dataset_event_from_classic', 'read_dataset_event' retrieved from /home/airflow/.local/lib/python3.12/site-packages/airflow/example_dags/example_inlet_event_extra.py
[2024-12-06T12:56:06.319+0000] {logging_mixin.py:190} INFO - [2024-12-06T12:56:06.318+0000] {dag.py:3239} INFO - Sync 2 DAGs
[2024-12-06T12:56:06.375+0000] {logging_mixin.py:190} INFO - [2024-12-06T12:56:06.375+0000] {dag.py:4180} INFO - Setting next_dagrun for read_dataset_event to 2024-12-05 00:00:00+00:00, run_after=2024-12-06 00:00:00+00:00
[2024-12-06T15:51:14.120+0000] {processor.py:186} INFO - Started process (PID=367) to work on /home/airflow/.local/lib/python3.12/site-packages/airflow/example_dags/example_inlet_event_extra.py
[2024-12-06T15:51:14.127+0000] {processor.py:914} INFO - Processing file /home/airflow/.local/lib/python3.12/site-packages/airflow/example_dags/example_inlet_event_extra.py for tasks to queue
[2024-12-06T15:51:14.128+0000] {logging_mixin.py:190} INFO - [2024-12-06T15:51:14.128+0000] {dagbag.py:588} INFO - Filling up the DagBag from /home/airflow/.local/lib/python3.12/site-packages/airflow/example_dags/example_inlet_event_extra.py
[2024-12-06T15:51:14.843+0000] {processor.py:925} INFO - DAG(s) 'read_dataset_event_from_classic', 'read_dataset_event' retrieved from /home/airflow/.local/lib/python3.12/site-packages/airflow/example_dags/example_inlet_event_extra.py
[2024-12-06T15:51:14.983+0000] {logging_mixin.py:190} INFO - [2024-12-06T15:51:14.983+0000] {dag.py:3239} INFO - Sync 2 DAGs
[2024-12-06T15:51:15.009+0000] {logging_mixin.py:190} INFO - [2024-12-06T15:51:15.009+0000] {dag.py:4180} INFO - Setting next_dagrun for read_dataset_event to 2024-12-05 00:00:00+00:00, run_after=2024-12-06 00:00:00+00:00
[2024-12-06T15:51:15.014+0000] {logging_mixin.py:190} INFO - [2024-12-06T15:51:15.014+0000] {dag.py:4180} INFO - Setting next_dagrun for read_dataset_event_from_classic to 2024-12-05 00:00:00+00:00, run_after=2024-12-06 00:00:00+00:00
[2024-12-06T15:51:15.045+0000] {processor.py:208} INFO - Processing /home/airflow/.local/lib/python3.12/site-packages/airflow/example_dags/example_inlet_event_extra.py took 0.931 seconds
