[2024-12-06T12:34:22.461+0000] {processor.py:186} INFO - Started process (PID=89) to work on /home/airflow/.local/lib/python3.12/site-packages/airflow/example_dags/example_task_group_decorator.py
[2024-12-06T12:34:22.469+0000] {processor.py:914} INFO - Processing file /home/airflow/.local/lib/python3.12/site-packages/airflow/example_dags/example_task_group_decorator.py for tasks to queue
[2024-12-06T12:34:22.484+0000] {logging_mixin.py:190} INFO - [2024-12-06T12:34:22.482+0000] {dagbag.py:588} INFO - Filling up the DagBag from /home/airflow/.local/lib/python3.12/site-packages/airflow/example_dags/example_task_group_decorator.py
[2024-12-06T12:34:22.587+0000] {processor.py:925} INFO - DAG(s) 'example_task_group_decorator' retrieved from /home/airflow/.local/lib/python3.12/site-packages/airflow/example_dags/example_task_group_decorator.py
[2024-12-06T12:34:23.082+0000] {logging_mixin.py:190} INFO - [2024-12-06T12:34:23.080+0000] {override.py:1911} INFO - Created Permission View: can delete on DAG:example_task_group_decorator
[2024-12-06T12:34:23.109+0000] {logging_mixin.py:190} INFO - [2024-12-06T12:34:23.109+0000] {override.py:1911} INFO - Created Permission View: can edit on DAG:example_task_group_decorator
[2024-12-06T12:34:23.123+0000] {logging_mixin.py:190} INFO - [2024-12-06T12:34:23.123+0000] {override.py:1911} INFO - Created Permission View: can read on DAG:example_task_group_decorator
[2024-12-06T12:34:23.151+0000] {logging_mixin.py:190} INFO - [2024-12-06T12:34:23.150+0000] {override.py:1911} INFO - Created Permission View: can delete on DAG Run:example_task_group_decorator
[2024-12-06T12:34:23.175+0000] {logging_mixin.py:190} INFO - [2024-12-06T12:34:23.175+0000] {override.py:1911} INFO - Created Permission View: can create on DAG Run:example_task_group_decorator
[2024-12-06T12:34:23.192+0000] {logging_mixin.py:190} INFO - [2024-12-06T12:34:23.192+0000] {override.py:1911} INFO - Created Permission View: menu access on DAG Run:example_task_group_decorator
[2024-12-06T12:34:23.207+0000] {logging_mixin.py:190} INFO - [2024-12-06T12:34:23.206+0000] {override.py:1911} INFO - Created Permission View: can read on DAG Run:example_task_group_decorator
[2024-12-06T12:34:23.208+0000] {logging_mixin.py:190} INFO - [2024-12-06T12:34:23.208+0000] {dag.py:3239} INFO - Sync 1 DAGs
[2024-12-06T12:34:23.307+0000] {logging_mixin.py:190} INFO - [2024-12-06T12:34:23.306+0000] {dag.py:3262} INFO - Creating ORM DAG for example_task_group_decorator
[2024-12-06T12:34:23.315+0000] {logging_mixin.py:190} INFO - [2024-12-06T12:34:23.315+0000] {dag.py:4180} INFO - Setting next_dagrun for example_task_group_decorator to None, run_after=None
[2024-12-06T12:34:23.423+0000] {processor.py:208} INFO - Processing /home/airflow/.local/lib/python3.12/site-packages/airflow/example_dags/example_task_group_decorator.py took 1.035 seconds
[2024-12-06T12:34:53.902+0000] {processor.py:186} INFO - Started process (PID=151) to work on /home/airflow/.local/lib/python3.12/site-packages/airflow/example_dags/example_task_group_decorator.py
[2024-12-06T12:34:53.905+0000] {processor.py:914} INFO - Processing file /home/airflow/.local/lib/python3.12/site-packages/airflow/example_dags/example_task_group_decorator.py for tasks to queue
[2024-12-06T12:34:53.908+0000] {logging_mixin.py:190} INFO - [2024-12-06T12:34:53.908+0000] {dagbag.py:588} INFO - Filling up the DagBag from /home/airflow/.local/lib/python3.12/site-packages/airflow/example_dags/example_task_group_decorator.py
[2024-12-06T12:34:53.923+0000] {processor.py:925} INFO - DAG(s) 'example_task_group_decorator' retrieved from /home/airflow/.local/lib/python3.12/site-packages/airflow/example_dags/example_task_group_decorator.py
[2024-12-06T12:34:53.960+0000] {logging_mixin.py:190} INFO - [2024-12-06T12:34:53.959+0000] {dag.py:3239} INFO - Sync 1 DAGs
[2024-12-06T12:34:53.986+0000] {logging_mixin.py:190} INFO - [2024-12-06T12:34:53.986+0000] {dag.py:4180} INFO - Setting next_dagrun for example_task_group_decorator to None, run_after=None
[2024-12-06T12:34:54.016+0000] {processor.py:208} INFO - Processing /home/airflow/.local/lib/python3.12/site-packages/airflow/example_dags/example_task_group_decorator.py took 0.120 seconds
[2024-12-06T12:35:24.322+0000] {processor.py:186} INFO - Started process (PID=214) to work on /home/airflow/.local/lib/python3.12/site-packages/airflow/example_dags/example_task_group_decorator.py
[2024-12-06T12:35:24.422+0000] {processor.py:914} INFO - Processing file /home/airflow/.local/lib/python3.12/site-packages/airflow/example_dags/example_task_group_decorator.py for tasks to queue
[2024-12-06T12:35:24.425+0000] {logging_mixin.py:190} INFO - [2024-12-06T12:35:24.424+0000] {dagbag.py:588} INFO - Filling up the DagBag from /home/airflow/.local/lib/python3.12/site-packages/airflow/example_dags/example_task_group_decorator.py
[2024-12-06T12:35:24.440+0000] {processor.py:925} INFO - DAG(s) 'example_task_group_decorator' retrieved from /home/airflow/.local/lib/python3.12/site-packages/airflow/example_dags/example_task_group_decorator.py
[2024-12-06T12:35:24.467+0000] {logging_mixin.py:190} INFO - [2024-12-06T12:35:24.466+0000] {dag.py:3239} INFO - Sync 1 DAGs
[2024-12-06T12:35:24.485+0000] {logging_mixin.py:190} INFO - [2024-12-06T12:35:24.484+0000] {dag.py:4180} INFO - Setting next_dagrun for example_task_group_decorator to None, run_after=None
[2024-12-06T12:35:24.524+0000] {processor.py:208} INFO - Processing /home/airflow/.local/lib/python3.12/site-packages/airflow/example_dags/example_task_group_decorator.py took 0.233 seconds
[2024-12-06T12:35:55.170+0000] {processor.py:186} INFO - Started process (PID=277) to work on /home/airflow/.local/lib/python3.12/site-packages/airflow/example_dags/example_task_group_decorator.py
[2024-12-06T12:35:55.171+0000] {processor.py:914} INFO - Processing file /home/airflow/.local/lib/python3.12/site-packages/airflow/example_dags/example_task_group_decorator.py for tasks to queue
[2024-12-06T12:35:55.173+0000] {logging_mixin.py:190} INFO - [2024-12-06T12:35:55.173+0000] {dagbag.py:588} INFO - Filling up the DagBag from /home/airflow/.local/lib/python3.12/site-packages/airflow/example_dags/example_task_group_decorator.py
[2024-12-06T12:35:55.188+0000] {processor.py:925} INFO - DAG(s) 'example_task_group_decorator' retrieved from /home/airflow/.local/lib/python3.12/site-packages/airflow/example_dags/example_task_group_decorator.py
[2024-12-06T12:35:55.216+0000] {logging_mixin.py:190} INFO - [2024-12-06T12:35:55.216+0000] {dag.py:3239} INFO - Sync 1 DAGs
[2024-12-06T12:35:55.232+0000] {logging_mixin.py:190} INFO - [2024-12-06T12:35:55.232+0000] {dag.py:4180} INFO - Setting next_dagrun for example_task_group_decorator to None, run_after=None
[2024-12-06T12:35:55.256+0000] {processor.py:208} INFO - Processing /home/airflow/.local/lib/python3.12/site-packages/airflow/example_dags/example_task_group_decorator.py took 0.091 seconds
[2024-12-06T12:56:07.811+0000] {processor.py:186} INFO - Started process (PID=308) to work on /home/airflow/.local/lib/python3.12/site-packages/airflow/example_dags/example_task_group_decorator.py
[2024-12-06T12:56:07.821+0000] {processor.py:914} INFO - Processing file /home/airflow/.local/lib/python3.12/site-packages/airflow/example_dags/example_task_group_decorator.py for tasks to queue
[2024-12-06T12:56:07.822+0000] {logging_mixin.py:190} INFO - [2024-12-06T12:56:07.822+0000] {dagbag.py:588} INFO - Filling up the DagBag from /home/airflow/.local/lib/python3.12/site-packages/airflow/example_dags/example_task_group_decorator.py
[2024-12-06T12:56:07.838+0000] {processor.py:925} INFO - DAG(s) 'example_task_group_decorator' retrieved from /home/airflow/.local/lib/python3.12/site-packages/airflow/example_dags/example_task_group_decorator.py
[2024-12-06T12:56:07.863+0000] {logging_mixin.py:190} INFO - [2024-12-06T12:56:07.862+0000] {dag.py:3239} INFO - Sync 1 DAGs
[2024-12-06T12:56:07.878+0000] {logging_mixin.py:190} INFO - [2024-12-06T12:56:07.877+0000] {dag.py:4180} INFO - Setting next_dagrun for example_task_group_decorator to None, run_after=None
[2024-12-06T12:56:07.897+0000] {processor.py:208} INFO - Processing /home/airflow/.local/lib/python3.12/site-packages/airflow/example_dags/example_task_group_decorator.py took 0.091 seconds
[2024-12-06T15:51:12.813+0000] {processor.py:186} INFO - Started process (PID=363) to work on /home/airflow/.local/lib/python3.12/site-packages/airflow/example_dags/example_task_group_decorator.py
[2024-12-06T15:51:12.814+0000] {processor.py:914} INFO - Processing file /home/airflow/.local/lib/python3.12/site-packages/airflow/example_dags/example_task_group_decorator.py for tasks to queue
[2024-12-06T15:51:12.816+0000] {logging_mixin.py:190} INFO - [2024-12-06T15:51:12.816+0000] {dagbag.py:588} INFO - Filling up the DagBag from /home/airflow/.local/lib/python3.12/site-packages/airflow/example_dags/example_task_group_decorator.py
[2024-12-06T15:51:12.842+0000] {processor.py:925} INFO - DAG(s) 'example_task_group_decorator' retrieved from /home/airflow/.local/lib/python3.12/site-packages/airflow/example_dags/example_task_group_decorator.py
[2024-12-06T15:51:12.891+0000] {logging_mixin.py:190} INFO - [2024-12-06T15:51:12.889+0000] {dag.py:3239} INFO - Sync 1 DAGs
[2024-12-06T15:51:12.929+0000] {logging_mixin.py:190} INFO - [2024-12-06T15:51:12.928+0000] {dag.py:4180} INFO - Setting next_dagrun for example_task_group_decorator to None, run_after=None
[2024-12-06T15:51:12.982+0000] {processor.py:208} INFO - Processing /home/airflow/.local/lib/python3.12/site-packages/airflow/example_dags/example_task_group_decorator.py took 0.181 seconds
