[2024-12-06T12:34:39.391+0000] {processor.py:186} INFO - Started process (PID=98) to work on /home/airflow/.local/lib/python3.12/site-packages/airflow/example_dags/example_latest_only_with_trigger.py
[2024-12-06T12:34:39.392+0000] {processor.py:914} INFO - Processing file /home/airflow/.local/lib/python3.12/site-packages/airflow/example_dags/example_latest_only_with_trigger.py for tasks to queue
[2024-12-06T12:34:39.395+0000] {logging_mixin.py:190} INFO - [2024-12-06T12:34:39.395+0000] {dagbag.py:588} INFO - Filling up the DagBag from /home/airflow/.local/lib/python3.12/site-packages/airflow/example_dags/example_latest_only_with_trigger.py
[2024-12-06T12:34:39.410+0000] {processor.py:925} INFO - DAG(s) 'latest_only_with_trigger' retrieved from /home/airflow/.local/lib/python3.12/site-packages/airflow/example_dags/example_latest_only_with_trigger.py
[2024-12-06T12:34:39.599+0000] {logging_mixin.py:190} INFO - [2024-12-06T12:34:39.596+0000] {override.py:1911} INFO - Created Permission View: can delete on DAG:latest_only_with_trigger
[2024-12-06T12:34:39.614+0000] {logging_mixin.py:190} INFO - [2024-12-06T12:34:39.614+0000] {override.py:1911} INFO - Created Permission View: can edit on DAG:latest_only_with_trigger
[2024-12-06T12:34:39.627+0000] {logging_mixin.py:190} INFO - [2024-12-06T12:34:39.626+0000] {override.py:1911} INFO - Created Permission View: can read on DAG:latest_only_with_trigger
[2024-12-06T12:34:39.641+0000] {logging_mixin.py:190} INFO - [2024-12-06T12:34:39.641+0000] {override.py:1911} INFO - Created Permission View: can delete on DAG Run:latest_only_with_trigger
[2024-12-06T12:34:39.654+0000] {logging_mixin.py:190} INFO - [2024-12-06T12:34:39.653+0000] {override.py:1911} INFO - Created Permission View: can create on DAG Run:latest_only_with_trigger
[2024-12-06T12:34:39.666+0000] {logging_mixin.py:190} INFO - [2024-12-06T12:34:39.666+0000] {override.py:1911} INFO - Created Permission View: menu access on DAG Run:latest_only_with_trigger
[2024-12-06T12:34:39.678+0000] {logging_mixin.py:190} INFO - [2024-12-06T12:34:39.677+0000] {override.py:1911} INFO - Created Permission View: can read on DAG Run:latest_only_with_trigger
[2024-12-06T12:34:39.679+0000] {logging_mixin.py:190} INFO - [2024-12-06T12:34:39.678+0000] {dag.py:3239} INFO - Sync 1 DAGs
[2024-12-06T12:34:39.706+0000] {logging_mixin.py:190} INFO - [2024-12-06T12:34:39.705+0000] {dag.py:3262} INFO - Creating ORM DAG for latest_only_with_trigger
[2024-12-06T12:34:39.724+0000] {logging_mixin.py:190} INFO - [2024-12-06T12:34:39.723+0000] {dag.py:4180} INFO - Setting next_dagrun for latest_only_with_trigger to 2024-12-06 08:00:00+00:00, run_after=2024-12-06 12:00:00+00:00
[2024-12-06T12:34:39.747+0000] {processor.py:208} INFO - Processing /home/airflow/.local/lib/python3.12/site-packages/airflow/example_dags/example_latest_only_with_trigger.py took 0.364 seconds
[2024-12-06T12:35:11.204+0000] {processor.py:186} INFO - Started process (PID=161) to work on /home/airflow/.local/lib/python3.12/site-packages/airflow/example_dags/example_latest_only_with_trigger.py
[2024-12-06T12:35:11.206+0000] {processor.py:914} INFO - Processing file /home/airflow/.local/lib/python3.12/site-packages/airflow/example_dags/example_latest_only_with_trigger.py for tasks to queue
[2024-12-06T12:35:11.210+0000] {logging_mixin.py:190} INFO - [2024-12-06T12:35:11.209+0000] {dagbag.py:588} INFO - Filling up the DagBag from /home/airflow/.local/lib/python3.12/site-packages/airflow/example_dags/example_latest_only_with_trigger.py
[2024-12-06T12:35:11.238+0000] {processor.py:925} INFO - DAG(s) 'latest_only_with_trigger' retrieved from /home/airflow/.local/lib/python3.12/site-packages/airflow/example_dags/example_latest_only_with_trigger.py
[2024-12-06T12:35:11.276+0000] {logging_mixin.py:190} INFO - [2024-12-06T12:35:11.276+0000] {dag.py:3239} INFO - Sync 1 DAGs
[2024-12-06T12:35:11.305+0000] {logging_mixin.py:190} INFO - [2024-12-06T12:35:11.305+0000] {dag.py:4180} INFO - Setting next_dagrun for latest_only_with_trigger to 2024-12-06 08:00:00+00:00, run_after=2024-12-06 12:00:00+00:00
[2024-12-06T12:35:11.339+0000] {processor.py:208} INFO - Processing /home/airflow/.local/lib/python3.12/site-packages/airflow/example_dags/example_latest_only_with_trigger.py took 0.149 seconds
[2024-12-06T12:35:42.684+0000] {processor.py:186} INFO - Started process (PID=224) to work on /home/airflow/.local/lib/python3.12/site-packages/airflow/example_dags/example_latest_only_with_trigger.py
[2024-12-06T12:35:42.686+0000] {processor.py:914} INFO - Processing file /home/airflow/.local/lib/python3.12/site-packages/airflow/example_dags/example_latest_only_with_trigger.py for tasks to queue
[2024-12-06T12:35:42.689+0000] {logging_mixin.py:190} INFO - [2024-12-06T12:35:42.689+0000] {dagbag.py:588} INFO - Filling up the DagBag from /home/airflow/.local/lib/python3.12/site-packages/airflow/example_dags/example_latest_only_with_trigger.py
[2024-12-06T12:35:42.712+0000] {processor.py:925} INFO - DAG(s) 'latest_only_with_trigger' retrieved from /home/airflow/.local/lib/python3.12/site-packages/airflow/example_dags/example_latest_only_with_trigger.py
[2024-12-06T12:35:42.754+0000] {logging_mixin.py:190} INFO - [2024-12-06T12:35:42.753+0000] {dag.py:3239} INFO - Sync 1 DAGs
[2024-12-06T12:35:42.789+0000] {logging_mixin.py:190} INFO - [2024-12-06T12:35:42.788+0000] {dag.py:4180} INFO - Setting next_dagrun for latest_only_with_trigger to 2024-12-06 08:00:00+00:00, run_after=2024-12-06 12:00:00+00:00
[2024-12-06T12:35:42.828+0000] {processor.py:208} INFO - Processing /home/airflow/.local/lib/python3.12/site-packages/airflow/example_dags/example_latest_only_with_trigger.py took 0.151 seconds
[2024-12-06T12:36:17.017+0000] {processor.py:186} INFO - Started process (PID=287) to work on /home/airflow/.local/lib/python3.12/site-packages/airflow/example_dags/example_latest_only_with_trigger.py
[2024-12-06T12:36:17.026+0000] {processor.py:914} INFO - Processing file /home/airflow/.local/lib/python3.12/site-packages/airflow/example_dags/example_latest_only_with_trigger.py for tasks to queue
[2024-12-06T12:36:17.031+0000] {logging_mixin.py:190} INFO - [2024-12-06T12:36:17.030+0000] {dagbag.py:588} INFO - Filling up the DagBag from /home/airflow/.local/lib/python3.12/site-packages/airflow/example_dags/example_latest_only_with_trigger.py
[2024-12-06T12:36:17.051+0000] {processor.py:925} INFO - DAG(s) 'latest_only_with_trigger' retrieved from /home/airflow/.local/lib/python3.12/site-packages/airflow/example_dags/example_latest_only_with_trigger.py
[2024-12-06T12:36:17.106+0000] {logging_mixin.py:190} INFO - [2024-12-06T12:36:17.104+0000] {dag.py:3239} INFO - Sync 1 DAGs
[2024-12-06T12:36:17.166+0000] {logging_mixin.py:190} INFO - [2024-12-06T12:36:17.166+0000] {dag.py:4180} INFO - Setting next_dagrun for latest_only_with_trigger to 2024-12-06 08:00:00+00:00, run_after=2024-12-06 12:00:00+00:00
[2024-12-06T12:36:17.224+0000] {processor.py:208} INFO - Processing /home/airflow/.local/lib/python3.12/site-packages/airflow/example_dags/example_latest_only_with_trigger.py took 0.217 seconds
[2024-12-06T12:56:09.150+0000] {processor.py:186} INFO - Started process (PID=316) to work on /home/airflow/.local/lib/python3.12/site-packages/airflow/example_dags/example_latest_only_with_trigger.py
[2024-12-06T12:56:09.152+0000] {processor.py:914} INFO - Processing file /home/airflow/.local/lib/python3.12/site-packages/airflow/example_dags/example_latest_only_with_trigger.py for tasks to queue
[2024-12-06T12:56:09.153+0000] {logging_mixin.py:190} INFO - [2024-12-06T12:56:09.153+0000] {dagbag.py:588} INFO - Filling up the DagBag from /home/airflow/.local/lib/python3.12/site-packages/airflow/example_dags/example_latest_only_with_trigger.py
[2024-12-06T12:56:09.162+0000] {processor.py:925} INFO - DAG(s) 'latest_only_with_trigger' retrieved from /home/airflow/.local/lib/python3.12/site-packages/airflow/example_dags/example_latest_only_with_trigger.py
[2024-12-06T12:56:09.185+0000] {logging_mixin.py:190} INFO - [2024-12-06T12:56:09.185+0000] {dag.py:3239} INFO - Sync 1 DAGs
[2024-12-06T12:56:09.214+0000] {logging_mixin.py:190} INFO - [2024-12-06T12:56:09.214+0000] {dag.py:4180} INFO - Setting next_dagrun for latest_only_with_trigger to 2024-12-06 08:00:00+00:00, run_after=2024-12-06 12:00:00+00:00
[2024-12-06T12:56:09.237+0000] {processor.py:208} INFO - Processing /home/airflow/.local/lib/python3.12/site-packages/airflow/example_dags/example_latest_only_with_trigger.py took 0.093 seconds
[2024-12-06T15:51:14.780+0000] {processor.py:186} INFO - Started process (PID=372) to work on /home/airflow/.local/lib/python3.12/site-packages/airflow/example_dags/example_latest_only_with_trigger.py
[2024-12-06T15:51:14.781+0000] {processor.py:914} INFO - Processing file /home/airflow/.local/lib/python3.12/site-packages/airflow/example_dags/example_latest_only_with_trigger.py for tasks to queue
[2024-12-06T15:51:14.782+0000] {logging_mixin.py:190} INFO - [2024-12-06T15:51:14.782+0000] {dagbag.py:588} INFO - Filling up the DagBag from /home/airflow/.local/lib/python3.12/site-packages/airflow/example_dags/example_latest_only_with_trigger.py
[2024-12-06T15:51:14.792+0000] {processor.py:925} INFO - DAG(s) 'latest_only_with_trigger' retrieved from /home/airflow/.local/lib/python3.12/site-packages/airflow/example_dags/example_latest_only_with_trigger.py
[2024-12-06T15:51:14.812+0000] {logging_mixin.py:190} INFO - [2024-12-06T15:51:14.812+0000] {dag.py:3239} INFO - Sync 1 DAGs
[2024-12-06T15:51:14.839+0000] {logging_mixin.py:190} INFO - [2024-12-06T15:51:14.839+0000] {dag.py:4180} INFO - Setting next_dagrun for latest_only_with_trigger to 2024-12-06 08:00:00+00:00, run_after=2024-12-06 12:00:00+00:00
[2024-12-06T15:51:14.865+0000] {processor.py:208} INFO - Processing /home/airflow/.local/lib/python3.12/site-packages/airflow/example_dags/example_latest_only_with_trigger.py took 0.092 seconds
