[2024-12-06T12:34:38.261+0000] {processor.py:186} INFO - Started process (PID=95) to work on /home/airflow/.local/lib/python3.12/site-packages/airflow/example_dags/example_params_trigger_ui.py
[2024-12-06T12:34:38.263+0000] {processor.py:914} INFO - Processing file /home/airflow/.local/lib/python3.12/site-packages/airflow/example_dags/example_params_trigger_ui.py for tasks to queue
[2024-12-06T12:34:38.274+0000] {logging_mixin.py:190} INFO - [2024-12-06T12:34:38.273+0000] {dagbag.py:588} INFO - Filling up the DagBag from /home/airflow/.local/lib/python3.12/site-packages/airflow/example_dags/example_params_trigger_ui.py
[2024-12-06T12:34:38.298+0000] {processor.py:925} INFO - DAG(s) 'example_params_trigger_ui' retrieved from /home/airflow/.local/lib/python3.12/site-packages/airflow/example_dags/example_params_trigger_ui.py
[2024-12-06T12:34:38.552+0000] {logging_mixin.py:190} INFO - [2024-12-06T12:34:38.551+0000] {override.py:1911} INFO - Created Permission View: can delete on DAG:example_params_trigger_ui
[2024-12-06T12:34:38.572+0000] {logging_mixin.py:190} INFO - [2024-12-06T12:34:38.571+0000] {override.py:1911} INFO - Created Permission View: can edit on DAG:example_params_trigger_ui
[2024-12-06T12:34:38.593+0000] {logging_mixin.py:190} INFO - [2024-12-06T12:34:38.592+0000] {override.py:1911} INFO - Created Permission View: can read on DAG:example_params_trigger_ui
[2024-12-06T12:34:38.619+0000] {logging_mixin.py:190} INFO - [2024-12-06T12:34:38.619+0000] {override.py:1911} INFO - Created Permission View: can delete on DAG Run:example_params_trigger_ui
[2024-12-06T12:34:38.630+0000] {logging_mixin.py:190} INFO - [2024-12-06T12:34:38.630+0000] {override.py:1911} INFO - Created Permission View: can create on DAG Run:example_params_trigger_ui
[2024-12-06T12:34:38.641+0000] {logging_mixin.py:190} INFO - [2024-12-06T12:34:38.641+0000] {override.py:1911} INFO - Created Permission View: menu access on DAG Run:example_params_trigger_ui
[2024-12-06T12:34:38.652+0000] {logging_mixin.py:190} INFO - [2024-12-06T12:34:38.651+0000] {override.py:1911} INFO - Created Permission View: can read on DAG Run:example_params_trigger_ui
[2024-12-06T12:34:38.654+0000] {logging_mixin.py:190} INFO - [2024-12-06T12:34:38.653+0000] {dag.py:3239} INFO - Sync 1 DAGs
[2024-12-06T12:34:38.674+0000] {logging_mixin.py:190} INFO - [2024-12-06T12:34:38.674+0000] {dag.py:3262} INFO - Creating ORM DAG for example_params_trigger_ui
[2024-12-06T12:34:38.676+0000] {logging_mixin.py:190} INFO - [2024-12-06T12:34:38.675+0000] {dag.py:4180} INFO - Setting next_dagrun for example_params_trigger_ui to None, run_after=None
[2024-12-06T12:34:38.717+0000] {processor.py:208} INFO - Processing /home/airflow/.local/lib/python3.12/site-packages/airflow/example_dags/example_params_trigger_ui.py took 0.469 seconds
[2024-12-06T12:35:09.144+0000] {processor.py:186} INFO - Started process (PID=157) to work on /home/airflow/.local/lib/python3.12/site-packages/airflow/example_dags/example_params_trigger_ui.py
[2024-12-06T12:35:09.145+0000] {processor.py:914} INFO - Processing file /home/airflow/.local/lib/python3.12/site-packages/airflow/example_dags/example_params_trigger_ui.py for tasks to queue
[2024-12-06T12:35:09.148+0000] {logging_mixin.py:190} INFO - [2024-12-06T12:35:09.148+0000] {dagbag.py:588} INFO - Filling up the DagBag from /home/airflow/.local/lib/python3.12/site-packages/airflow/example_dags/example_params_trigger_ui.py
[2024-12-06T12:35:09.159+0000] {processor.py:925} INFO - DAG(s) 'example_params_trigger_ui' retrieved from /home/airflow/.local/lib/python3.12/site-packages/airflow/example_dags/example_params_trigger_ui.py
[2024-12-06T12:35:09.214+0000] {logging_mixin.py:190} INFO - [2024-12-06T12:35:09.214+0000] {dag.py:3239} INFO - Sync 1 DAGs
[2024-12-06T12:35:09.228+0000] {logging_mixin.py:190} INFO - [2024-12-06T12:35:09.228+0000] {dag.py:4180} INFO - Setting next_dagrun for example_params_trigger_ui to None, run_after=None
[2024-12-06T12:35:09.250+0000] {processor.py:208} INFO - Processing /home/airflow/.local/lib/python3.12/site-packages/airflow/example_dags/example_params_trigger_ui.py took 0.112 seconds
[2024-12-06T12:35:41.755+0000] {processor.py:186} INFO - Started process (PID=220) to work on /home/airflow/.local/lib/python3.12/site-packages/airflow/example_dags/example_params_trigger_ui.py
[2024-12-06T12:35:41.758+0000] {processor.py:914} INFO - Processing file /home/airflow/.local/lib/python3.12/site-packages/airflow/example_dags/example_params_trigger_ui.py for tasks to queue
[2024-12-06T12:35:41.762+0000] {logging_mixin.py:190} INFO - [2024-12-06T12:35:41.761+0000] {dagbag.py:588} INFO - Filling up the DagBag from /home/airflow/.local/lib/python3.12/site-packages/airflow/example_dags/example_params_trigger_ui.py
[2024-12-06T12:35:41.778+0000] {processor.py:925} INFO - DAG(s) 'example_params_trigger_ui' retrieved from /home/airflow/.local/lib/python3.12/site-packages/airflow/example_dags/example_params_trigger_ui.py
[2024-12-06T12:35:41.904+0000] {logging_mixin.py:190} INFO - [2024-12-06T12:35:41.903+0000] {dag.py:3239} INFO - Sync 1 DAGs
[2024-12-06T12:35:41.964+0000] {logging_mixin.py:190} INFO - [2024-12-06T12:35:41.963+0000] {dag.py:4180} INFO - Setting next_dagrun for example_params_trigger_ui to None, run_after=None
[2024-12-06T12:35:42.013+0000] {processor.py:208} INFO - Processing /home/airflow/.local/lib/python3.12/site-packages/airflow/example_dags/example_params_trigger_ui.py took 0.266 seconds
[2024-12-06T12:36:15.561+0000] {processor.py:186} INFO - Started process (PID=283) to work on /home/airflow/.local/lib/python3.12/site-packages/airflow/example_dags/example_params_trigger_ui.py
[2024-12-06T12:36:15.588+0000] {processor.py:914} INFO - Processing file /home/airflow/.local/lib/python3.12/site-packages/airflow/example_dags/example_params_trigger_ui.py for tasks to queue
[2024-12-06T12:36:15.592+0000] {logging_mixin.py:190} INFO - [2024-12-06T12:36:15.591+0000] {dagbag.py:588} INFO - Filling up the DagBag from /home/airflow/.local/lib/python3.12/site-packages/airflow/example_dags/example_params_trigger_ui.py
[2024-12-06T12:36:15.613+0000] {processor.py:925} INFO - DAG(s) 'example_params_trigger_ui' retrieved from /home/airflow/.local/lib/python3.12/site-packages/airflow/example_dags/example_params_trigger_ui.py
[2024-12-06T12:36:15.701+0000] {logging_mixin.py:190} INFO - [2024-12-06T12:36:15.699+0000] {dag.py:3239} INFO - Sync 1 DAGs
[2024-12-06T12:36:15.734+0000] {logging_mixin.py:190} INFO - [2024-12-06T12:36:15.734+0000] {dag.py:4180} INFO - Setting next_dagrun for example_params_trigger_ui to None, run_after=None
[2024-12-06T12:36:15.773+0000] {processor.py:208} INFO - Processing /home/airflow/.local/lib/python3.12/site-packages/airflow/example_dags/example_params_trigger_ui.py took 0.220 seconds
[2024-12-06T12:56:08.906+0000] {processor.py:186} INFO - Started process (PID=313) to work on /home/airflow/.local/lib/python3.12/site-packages/airflow/example_dags/example_params_trigger_ui.py
[2024-12-06T12:56:08.907+0000] {processor.py:914} INFO - Processing file /home/airflow/.local/lib/python3.12/site-packages/airflow/example_dags/example_params_trigger_ui.py for tasks to queue
[2024-12-06T12:56:08.909+0000] {logging_mixin.py:190} INFO - [2024-12-06T12:56:08.908+0000] {dagbag.py:588} INFO - Filling up the DagBag from /home/airflow/.local/lib/python3.12/site-packages/airflow/example_dags/example_params_trigger_ui.py
[2024-12-06T12:56:08.922+0000] {processor.py:925} INFO - DAG(s) 'example_params_trigger_ui' retrieved from /home/airflow/.local/lib/python3.12/site-packages/airflow/example_dags/example_params_trigger_ui.py
[2024-12-06T12:56:08.984+0000] {logging_mixin.py:190} INFO - [2024-12-06T12:56:08.983+0000] {dag.py:3239} INFO - Sync 1 DAGs
[2024-12-06T12:56:09.000+0000] {logging_mixin.py:190} INFO - [2024-12-06T12:56:09.000+0000] {dag.py:4180} INFO - Setting next_dagrun for example_params_trigger_ui to None, run_after=None
[2024-12-06T12:56:09.031+0000] {processor.py:208} INFO - Processing /home/airflow/.local/lib/python3.12/site-packages/airflow/example_dags/example_params_trigger_ui.py took 0.131 seconds
[2024-12-06T15:51:14.403+0000] {processor.py:186} INFO - Started process (PID=369) to work on /home/airflow/.local/lib/python3.12/site-packages/airflow/example_dags/example_params_trigger_ui.py
[2024-12-06T15:51:14.413+0000] {processor.py:914} INFO - Processing file /home/airflow/.local/lib/python3.12/site-packages/airflow/example_dags/example_params_trigger_ui.py for tasks to queue
[2024-12-06T15:51:14.414+0000] {logging_mixin.py:190} INFO - [2024-12-06T15:51:14.414+0000] {dagbag.py:588} INFO - Filling up the DagBag from /home/airflow/.local/lib/python3.12/site-packages/airflow/example_dags/example_params_trigger_ui.py
[2024-12-06T15:51:14.430+0000] {processor.py:925} INFO - DAG(s) 'example_params_trigger_ui' retrieved from /home/airflow/.local/lib/python3.12/site-packages/airflow/example_dags/example_params_trigger_ui.py
[2024-12-06T15:51:14.469+0000] {logging_mixin.py:190} INFO - [2024-12-06T15:51:14.469+0000] {dag.py:3239} INFO - Sync 1 DAGs
[2024-12-06T15:51:14.483+0000] {logging_mixin.py:190} INFO - [2024-12-06T15:51:14.483+0000] {dag.py:4180} INFO - Setting next_dagrun for example_params_trigger_ui to None, run_after=None
[2024-12-06T15:51:14.512+0000] {processor.py:208} INFO - Processing /home/airflow/.local/lib/python3.12/site-packages/airflow/example_dags/example_params_trigger_ui.py took 0.115 seconds
