[2024-12-06T12:34:42.062+0000] {processor.py:186} INFO - Started process (PID=106) to work on /home/airflow/.local/lib/python3.12/site-packages/airflow/example_dags/example_dataset_alias.py
[2024-12-06T12:34:42.064+0000] {processor.py:914} INFO - Processing file /home/airflow/.local/lib/python3.12/site-packages/airflow/example_dags/example_dataset_alias.py for tasks to queue
[2024-12-06T12:34:42.073+0000] {logging_mixin.py:190} INFO - [2024-12-06T12:34:42.073+0000] {dagbag.py:588} INFO - Filling up the DagBag from /home/airflow/.local/lib/python3.12/site-packages/airflow/example_dags/example_dataset_alias.py
[2024-12-06T12:34:42.972+0000] {processor.py:925} INFO - DAG(s) 'dataset_alias_example_alias_producer', 'dataset_s3_bucket_consumer', 'dataset_alias_example_alias_consumer', 'dataset_s3_bucket_producer' retrieved from /home/airflow/.local/lib/python3.12/site-packages/airflow/example_dags/example_dataset_alias.py
[2024-12-06T12:34:43.613+0000] {logging_mixin.py:190} INFO - [2024-12-06T12:34:43.611+0000] {override.py:1911} INFO - Created Permission View: can delete on DAG:dataset_alias_example_alias_producer
[2024-12-06T12:34:43.900+0000] {logging_mixin.py:190} INFO - [2024-12-06T12:34:43.899+0000] {override.py:1911} INFO - Created Permission View: can edit on DAG:dataset_alias_example_alias_producer
[2024-12-06T12:34:44.270+0000] {logging_mixin.py:190} INFO - [2024-12-06T12:34:44.269+0000] {override.py:1911} INFO - Created Permission View: can read on DAG:dataset_alias_example_alias_producer
[2024-12-06T12:34:44.835+0000] {logging_mixin.py:190} INFO - [2024-12-06T12:34:44.835+0000] {override.py:1911} INFO - Created Permission View: can delete on DAG Run:dataset_alias_example_alias_producer
[2024-12-06T12:34:44.862+0000] {logging_mixin.py:190} INFO - [2024-12-06T12:34:44.861+0000] {override.py:1911} INFO - Created Permission View: can create on DAG Run:dataset_alias_example_alias_producer
[2024-12-06T12:34:44.885+0000] {logging_mixin.py:190} INFO - [2024-12-06T12:34:44.885+0000] {override.py:1911} INFO - Created Permission View: menu access on DAG Run:dataset_alias_example_alias_producer
[2024-12-06T12:34:44.907+0000] {logging_mixin.py:190} INFO - [2024-12-06T12:34:44.907+0000] {override.py:1911} INFO - Created Permission View: can read on DAG Run:dataset_alias_example_alias_producer
[2024-12-06T12:34:44.964+0000] {logging_mixin.py:190} INFO - [2024-12-06T12:34:44.963+0000] {override.py:1911} INFO - Created Permission View: can delete on DAG:dataset_s3_bucket_consumer
[2024-12-06T12:34:44.989+0000] {logging_mixin.py:190} INFO - [2024-12-06T12:34:44.989+0000] {override.py:1911} INFO - Created Permission View: can edit on DAG:dataset_s3_bucket_consumer
[2024-12-06T12:34:45.022+0000] {logging_mixin.py:190} INFO - [2024-12-06T12:34:45.021+0000] {override.py:1911} INFO - Created Permission View: can read on DAG:dataset_s3_bucket_consumer
[2024-12-06T12:34:45.055+0000] {logging_mixin.py:190} INFO - [2024-12-06T12:34:45.055+0000] {override.py:1911} INFO - Created Permission View: can delete on DAG Run:dataset_s3_bucket_consumer
[2024-12-06T12:34:45.072+0000] {logging_mixin.py:190} INFO - [2024-12-06T12:34:45.072+0000] {override.py:1911} INFO - Created Permission View: can create on DAG Run:dataset_s3_bucket_consumer
[2024-12-06T12:34:45.088+0000] {logging_mixin.py:190} INFO - [2024-12-06T12:34:45.087+0000] {override.py:1911} INFO - Created Permission View: menu access on DAG Run:dataset_s3_bucket_consumer
[2024-12-06T12:34:45.105+0000] {logging_mixin.py:190} INFO - [2024-12-06T12:34:45.105+0000] {override.py:1911} INFO - Created Permission View: can read on DAG Run:dataset_s3_bucket_consumer
[2024-12-06T12:34:45.155+0000] {logging_mixin.py:190} INFO - [2024-12-06T12:34:45.154+0000] {override.py:1911} INFO - Created Permission View: can delete on DAG:dataset_alias_example_alias_consumer
[2024-12-06T12:34:45.183+0000] {logging_mixin.py:190} INFO - [2024-12-06T12:34:45.183+0000] {override.py:1911} INFO - Created Permission View: can edit on DAG:dataset_alias_example_alias_consumer
[2024-12-06T12:34:45.202+0000] {logging_mixin.py:190} INFO - [2024-12-06T12:34:45.202+0000] {override.py:1911} INFO - Created Permission View: can read on DAG:dataset_alias_example_alias_consumer
[2024-12-06T12:34:45.238+0000] {logging_mixin.py:190} INFO - [2024-12-06T12:34:45.237+0000] {override.py:1911} INFO - Created Permission View: can delete on DAG Run:dataset_alias_example_alias_consumer
[2024-12-06T12:34:45.282+0000] {logging_mixin.py:190} INFO - [2024-12-06T12:34:45.281+0000] {override.py:1911} INFO - Created Permission View: can create on DAG Run:dataset_alias_example_alias_consumer
[2024-12-06T12:34:45.338+0000] {logging_mixin.py:190} INFO - [2024-12-06T12:34:45.336+0000] {override.py:1911} INFO - Created Permission View: menu access on DAG Run:dataset_alias_example_alias_consumer
[2024-12-06T12:34:45.353+0000] {logging_mixin.py:190} INFO - [2024-12-06T12:34:45.353+0000] {override.py:1911} INFO - Created Permission View: can read on DAG Run:dataset_alias_example_alias_consumer
[2024-12-06T12:34:45.376+0000] {logging_mixin.py:190} INFO - [2024-12-06T12:34:45.375+0000] {override.py:1911} INFO - Created Permission View: can delete on DAG:dataset_s3_bucket_producer
[2024-12-06T12:34:45.393+0000] {logging_mixin.py:190} INFO - [2024-12-06T12:34:45.392+0000] {override.py:1911} INFO - Created Permission View: can edit on DAG:dataset_s3_bucket_producer
[2024-12-06T12:34:45.401+0000] {logging_mixin.py:190} INFO - [2024-12-06T12:34:45.400+0000] {override.py:1911} INFO - Created Permission View: can read on DAG:dataset_s3_bucket_producer
[2024-12-06T12:34:45.410+0000] {logging_mixin.py:190} INFO - [2024-12-06T12:34:45.410+0000] {override.py:1911} INFO - Created Permission View: can delete on DAG Run:dataset_s3_bucket_producer
[2024-12-06T12:34:45.418+0000] {logging_mixin.py:190} INFO - [2024-12-06T12:34:45.418+0000] {override.py:1911} INFO - Created Permission View: can create on DAG Run:dataset_s3_bucket_producer
[2024-12-06T12:34:45.430+0000] {logging_mixin.py:190} INFO - [2024-12-06T12:34:45.429+0000] {override.py:1911} INFO - Created Permission View: menu access on DAG Run:dataset_s3_bucket_producer
[2024-12-06T12:34:45.450+0000] {logging_mixin.py:190} INFO - [2024-12-06T12:34:45.449+0000] {override.py:1911} INFO - Created Permission View: can read on DAG Run:dataset_s3_bucket_producer
[2024-12-06T12:34:45.453+0000] {logging_mixin.py:190} INFO - [2024-12-06T12:34:45.452+0000] {dag.py:3239} INFO - Sync 4 DAGs
[2024-12-06T12:34:45.471+0000] {logging_mixin.py:190} INFO - [2024-12-06T12:34:45.471+0000] {dag.py:3262} INFO - Creating ORM DAG for dataset_s3_bucket_producer
[2024-12-06T12:34:45.472+0000] {logging_mixin.py:190} INFO - [2024-12-06T12:34:45.472+0000] {dag.py:3262} INFO - Creating ORM DAG for dataset_alias_example_alias_consumer
[2024-12-06T12:34:45.473+0000] {logging_mixin.py:190} INFO - [2024-12-06T12:34:45.473+0000] {dag.py:3262} INFO - Creating ORM DAG for dataset_s3_bucket_consumer
[2024-12-06T12:34:45.474+0000] {logging_mixin.py:190} INFO - [2024-12-06T12:34:45.474+0000] {dag.py:3262} INFO - Creating ORM DAG for dataset_alias_example_alias_producer
[2024-12-06T12:34:45.485+0000] {logging_mixin.py:190} INFO - [2024-12-06T12:34:45.484+0000] {dag.py:4180} INFO - Setting next_dagrun for dataset_alias_example_alias_consumer to None, run_after=None
[2024-12-06T12:34:45.487+0000] {logging_mixin.py:190} INFO - [2024-12-06T12:34:45.486+0000] {dag.py:4180} INFO - Setting next_dagrun for dataset_alias_example_alias_producer to None, run_after=None
[2024-12-06T12:34:45.488+0000] {logging_mixin.py:190} INFO - [2024-12-06T12:34:45.487+0000] {dag.py:4180} INFO - Setting next_dagrun for dataset_s3_bucket_consumer to None, run_after=None
[2024-12-06T12:34:45.488+0000] {logging_mixin.py:190} INFO - [2024-12-06T12:34:45.488+0000] {dag.py:4180} INFO - Setting next_dagrun for dataset_s3_bucket_producer to None, run_after=None
[2024-12-06T12:34:45.524+0000] {processor.py:208} INFO - Processing /home/airflow/.local/lib/python3.12/site-packages/airflow/example_dags/example_dataset_alias.py took 3.469 seconds
[2024-12-06T12:35:16.050+0000] {processor.py:186} INFO - Started process (PID=171) to work on /home/airflow/.local/lib/python3.12/site-packages/airflow/example_dags/example_dataset_alias.py
[2024-12-06T12:35:16.051+0000] {processor.py:914} INFO - Processing file /home/airflow/.local/lib/python3.12/site-packages/airflow/example_dags/example_dataset_alias.py for tasks to queue
[2024-12-06T12:35:16.054+0000] {logging_mixin.py:190} INFO - [2024-12-06T12:35:16.053+0000] {dagbag.py:588} INFO - Filling up the DagBag from /home/airflow/.local/lib/python3.12/site-packages/airflow/example_dags/example_dataset_alias.py
[2024-12-06T12:35:16.841+0000] {processor.py:925} INFO - DAG(s) 'dataset_s3_bucket_producer', 'dataset_alias_example_alias_producer', 'dataset_s3_bucket_consumer', 'dataset_alias_example_alias_consumer' retrieved from /home/airflow/.local/lib/python3.12/site-packages/airflow/example_dags/example_dataset_alias.py
[2024-12-06T12:35:16.867+0000] {logging_mixin.py:190} INFO - [2024-12-06T12:35:16.866+0000] {dag.py:3239} INFO - Sync 4 DAGs
[2024-12-06T12:35:16.899+0000] {logging_mixin.py:190} INFO - [2024-12-06T12:35:16.899+0000] {dag.py:4180} INFO - Setting next_dagrun for dataset_alias_example_alias_consumer to None, run_after=None
[2024-12-06T12:35:16.903+0000] {logging_mixin.py:190} INFO - [2024-12-06T12:35:16.903+0000] {dag.py:4180} INFO - Setting next_dagrun for dataset_alias_example_alias_producer to None, run_after=None
[2024-12-06T12:35:16.905+0000] {logging_mixin.py:190} INFO - [2024-12-06T12:35:16.905+0000] {dag.py:4180} INFO - Setting next_dagrun for dataset_s3_bucket_consumer to None, run_after=None
[2024-12-06T12:35:16.907+0000] {logging_mixin.py:190} INFO - [2024-12-06T12:35:16.907+0000] {dag.py:4180} INFO - Setting next_dagrun for dataset_s3_bucket_producer to None, run_after=None
[2024-12-06T12:35:16.931+0000] {processor.py:208} INFO - Processing /home/airflow/.local/lib/python3.12/site-packages/airflow/example_dags/example_dataset_alias.py took 0.886 seconds
[2024-12-06T12:35:47.400+0000] {processor.py:186} INFO - Started process (PID=240) to work on /home/airflow/.local/lib/python3.12/site-packages/airflow/example_dags/example_dataset_alias.py
[2024-12-06T12:35:47.402+0000] {processor.py:914} INFO - Processing file /home/airflow/.local/lib/python3.12/site-packages/airflow/example_dags/example_dataset_alias.py for tasks to queue
[2024-12-06T12:35:47.405+0000] {logging_mixin.py:190} INFO - [2024-12-06T12:35:47.404+0000] {dagbag.py:588} INFO - Filling up the DagBag from /home/airflow/.local/lib/python3.12/site-packages/airflow/example_dags/example_dataset_alias.py
[2024-12-06T12:35:47.999+0000] {processor.py:925} INFO - DAG(s) 'dataset_alias_example_alias_consumer', 'dataset_s3_bucket_producer', 'dataset_s3_bucket_consumer', 'dataset_alias_example_alias_producer' retrieved from /home/airflow/.local/lib/python3.12/site-packages/airflow/example_dags/example_dataset_alias.py
[2024-12-06T12:35:48.023+0000] {logging_mixin.py:190} INFO - [2024-12-06T12:35:48.023+0000] {dag.py:3239} INFO - Sync 4 DAGs
[2024-12-06T12:35:48.045+0000] {logging_mixin.py:190} INFO - [2024-12-06T12:35:48.044+0000] {dag.py:4180} INFO - Setting next_dagrun for dataset_alias_example_alias_consumer to None, run_after=None
[2024-12-06T12:35:48.048+0000] {logging_mixin.py:190} INFO - [2024-12-06T12:35:48.048+0000] {dag.py:4180} INFO - Setting next_dagrun for dataset_alias_example_alias_producer to None, run_after=None
[2024-12-06T12:35:48.050+0000] {logging_mixin.py:190} INFO - [2024-12-06T12:35:48.050+0000] {dag.py:4180} INFO - Setting next_dagrun for dataset_s3_bucket_consumer to None, run_after=None
[2024-12-06T12:35:48.052+0000] {logging_mixin.py:190} INFO - [2024-12-06T12:35:48.052+0000] {dag.py:4180} INFO - Setting next_dagrun for dataset_s3_bucket_producer to None, run_after=None
[2024-12-06T12:35:48.078+0000] {processor.py:208} INFO - Processing /home/airflow/.local/lib/python3.12/site-packages/airflow/example_dags/example_dataset_alias.py took 0.684 seconds
[2024-12-06T12:56:09.390+0000] {processor.py:186} INFO - Started process (PID=325) to work on /home/airflow/.local/lib/python3.12/site-packages/airflow/example_dags/example_dataset_alias.py
[2024-12-06T12:56:09.402+0000] {processor.py:914} INFO - Processing file /home/airflow/.local/lib/python3.12/site-packages/airflow/example_dags/example_dataset_alias.py for tasks to queue
[2024-12-06T12:56:09.405+0000] {logging_mixin.py:190} INFO - [2024-12-06T12:56:09.404+0000] {dagbag.py:588} INFO - Filling up the DagBag from /home/airflow/.local/lib/python3.12/site-packages/airflow/example_dags/example_dataset_alias.py
[2024-12-06T12:56:10.127+0000] {processor.py:925} INFO - DAG(s) 'dataset_s3_bucket_producer', 'dataset_alias_example_alias_consumer', 'dataset_alias_example_alias_producer', 'dataset_s3_bucket_consumer' retrieved from /home/airflow/.local/lib/python3.12/site-packages/airflow/example_dags/example_dataset_alias.py
[2024-12-06T12:56:10.152+0000] {logging_mixin.py:190} INFO - [2024-12-06T12:56:10.152+0000] {dag.py:3239} INFO - Sync 4 DAGs
[2024-12-06T12:56:10.175+0000] {logging_mixin.py:190} INFO - [2024-12-06T12:56:10.175+0000] {dag.py:4180} INFO - Setting next_dagrun for dataset_alias_example_alias_consumer to None, run_after=None
[2024-12-06T12:56:10.179+0000] {logging_mixin.py:190} INFO - [2024-12-06T12:56:10.178+0000] {dag.py:4180} INFO - Setting next_dagrun for dataset_alias_example_alias_producer to None, run_after=None
[2024-12-06T12:56:10.182+0000] {logging_mixin.py:190} INFO - [2024-12-06T12:56:10.182+0000] {dag.py:4180} INFO - Setting next_dagrun for dataset_s3_bucket_consumer to None, run_after=None
[2024-12-06T12:56:10.185+0000] {logging_mixin.py:190} INFO - [2024-12-06T12:56:10.184+0000] {dag.py:4180} INFO - Setting next_dagrun for dataset_s3_bucket_producer to None, run_after=None
[2024-12-06T12:56:10.464+0000] {processor.py:208} INFO - Processing /home/airflow/.local/lib/python3.12/site-packages/airflow/example_dags/example_dataset_alias.py took 1.081 seconds
[2024-12-06T15:51:15.557+0000] {processor.py:186} INFO - Started process (PID=380) to work on /home/airflow/.local/lib/python3.12/site-packages/airflow/example_dags/example_dataset_alias.py
[2024-12-06T15:51:15.559+0000] {processor.py:914} INFO - Processing file /home/airflow/.local/lib/python3.12/site-packages/airflow/example_dags/example_dataset_alias.py for tasks to queue
[2024-12-06T15:51:15.560+0000] {logging_mixin.py:190} INFO - [2024-12-06T15:51:15.560+0000] {dagbag.py:588} INFO - Filling up the DagBag from /home/airflow/.local/lib/python3.12/site-packages/airflow/example_dags/example_dataset_alias.py
[2024-12-06T15:51:16.150+0000] {processor.py:925} INFO - DAG(s) 'dataset_s3_bucket_producer', 'dataset_s3_bucket_consumer', 'dataset_alias_example_alias_producer', 'dataset_alias_example_alias_consumer' retrieved from /home/airflow/.local/lib/python3.12/site-packages/airflow/example_dags/example_dataset_alias.py
[2024-12-06T15:51:16.174+0000] {logging_mixin.py:190} INFO - [2024-12-06T15:51:16.173+0000] {dag.py:3239} INFO - Sync 4 DAGs
[2024-12-06T15:51:16.194+0000] {logging_mixin.py:190} INFO - [2024-12-06T15:51:16.194+0000] {dag.py:4180} INFO - Setting next_dagrun for dataset_alias_example_alias_consumer to None, run_after=None
[2024-12-06T15:51:16.197+0000] {logging_mixin.py:190} INFO - [2024-12-06T15:51:16.197+0000] {dag.py:4180} INFO - Setting next_dagrun for dataset_alias_example_alias_producer to None, run_after=None
[2024-12-06T15:51:16.199+0000] {logging_mixin.py:190} INFO - [2024-12-06T15:51:16.199+0000] {dag.py:4180} INFO - Setting next_dagrun for dataset_s3_bucket_consumer to None, run_after=None
[2024-12-06T15:51:16.202+0000] {logging_mixin.py:190} INFO - [2024-12-06T15:51:16.202+0000] {dag.py:4180} INFO - Setting next_dagrun for dataset_s3_bucket_producer to None, run_after=None
[2024-12-06T15:51:16.251+0000] {processor.py:208} INFO - Processing /home/airflow/.local/lib/python3.12/site-packages/airflow/example_dags/example_dataset_alias.py took 0.701 seconds
