[2024-12-06T12:34:49.226+0000] {processor.py:186} INFO - Started process (PID=128) to work on /home/airflow/.local/lib/python3.12/site-packages/airflow/example_dags/example_subdag_operator.py
[2024-12-06T12:34:49.227+0000] {processor.py:914} INFO - Processing file /home/airflow/.local/lib/python3.12/site-packages/airflow/example_dags/example_subdag_operator.py for tasks to queue
[2024-12-06T12:34:49.230+0000] {logging_mixin.py:190} INFO - [2024-12-06T12:34:49.230+0000] {dagbag.py:588} INFO - Filling up the DagBag from /home/airflow/.local/lib/python3.12/site-packages/airflow/example_dags/example_subdag_operator.py
[2024-12-06T12:34:49.279+0000] {processor.py:925} INFO - DAG(s) 'example_subdag_operator.section-1', 'example_subdag_operator.section-2', 'example_subdag_operator' retrieved from /home/airflow/.local/lib/python3.12/site-packages/airflow/example_dags/example_subdag_operator.py
[2024-12-06T12:34:49.414+0000] {logging_mixin.py:190} INFO - [2024-12-06T12:34:49.413+0000] {override.py:1911} INFO - Created Permission View: can delete on DAG:example_subdag_operator
[2024-12-06T12:34:49.426+0000] {logging_mixin.py:190} INFO - [2024-12-06T12:34:49.426+0000] {override.py:1911} INFO - Created Permission View: can edit on DAG:example_subdag_operator
[2024-12-06T12:34:49.434+0000] {logging_mixin.py:190} INFO - [2024-12-06T12:34:49.433+0000] {override.py:1911} INFO - Created Permission View: can read on DAG:example_subdag_operator
[2024-12-06T12:34:49.444+0000] {logging_mixin.py:190} INFO - [2024-12-06T12:34:49.444+0000] {override.py:1911} INFO - Created Permission View: can delete on DAG Run:example_subdag_operator
[2024-12-06T12:34:49.452+0000] {logging_mixin.py:190} INFO - [2024-12-06T12:34:49.452+0000] {override.py:1911} INFO - Created Permission View: can create on DAG Run:example_subdag_operator
[2024-12-06T12:34:49.463+0000] {logging_mixin.py:190} INFO - [2024-12-06T12:34:49.462+0000] {override.py:1911} INFO - Created Permission View: menu access on DAG Run:example_subdag_operator
[2024-12-06T12:34:49.480+0000] {logging_mixin.py:190} INFO - [2024-12-06T12:34:49.480+0000] {override.py:1911} INFO - Created Permission View: can read on DAG Run:example_subdag_operator
[2024-12-06T12:34:49.481+0000] {logging_mixin.py:190} INFO - [2024-12-06T12:34:49.481+0000] {dag.py:3239} INFO - Sync 3 DAGs
[2024-12-06T12:34:49.499+0000] {logging_mixin.py:190} INFO - [2024-12-06T12:34:49.499+0000] {dag.py:3262} INFO - Creating ORM DAG for example_subdag_operator.section-1
[2024-12-06T12:34:49.500+0000] {logging_mixin.py:190} INFO - [2024-12-06T12:34:49.500+0000] {dag.py:3262} INFO - Creating ORM DAG for example_subdag_operator.section-2
[2024-12-06T12:34:49.501+0000] {logging_mixin.py:190} INFO - [2024-12-06T12:34:49.501+0000] {dag.py:3262} INFO - Creating ORM DAG for example_subdag_operator
[2024-12-06T12:34:49.514+0000] {logging_mixin.py:190} INFO - [2024-12-06T12:34:49.514+0000] {dag.py:4180} INFO - Setting next_dagrun for example_subdag_operator to 2022-01-01 00:00:00+00:00, run_after=2022-01-01 00:00:00+00:00
[2024-12-06T12:34:49.516+0000] {logging_mixin.py:190} INFO - [2024-12-06T12:34:49.516+0000] {dag.py:4180} INFO - Setting next_dagrun for example_subdag_operator.section-1 to None, run_after=None
[2024-12-06T12:34:49.517+0000] {logging_mixin.py:190} INFO - [2024-12-06T12:34:49.517+0000] {dag.py:4180} INFO - Setting next_dagrun for example_subdag_operator.section-2 to None, run_after=None
[2024-12-06T12:34:49.529+0000] {logging_mixin.py:190} INFO - [2024-12-06T12:34:49.529+0000] {dag.py:3239} INFO - Sync 2 DAGs
[2024-12-06T12:34:49.539+0000] {logging_mixin.py:190} INFO - [2024-12-06T12:34:49.539+0000] {dag.py:4180} INFO - Setting next_dagrun for example_subdag_operator.section-1 to None, run_after=None
[2024-12-06T12:34:49.544+0000] {logging_mixin.py:190} INFO - [2024-12-06T12:34:49.544+0000] {dag.py:4180} INFO - Setting next_dagrun for example_subdag_operator.section-2 to None, run_after=None
[2024-12-06T12:34:49.563+0000] {processor.py:208} INFO - Processing /home/airflow/.local/lib/python3.12/site-packages/airflow/example_dags/example_subdag_operator.py took 0.346 seconds
[2024-12-06T12:35:20.194+0000] {processor.py:186} INFO - Started process (PID=191) to work on /home/airflow/.local/lib/python3.12/site-packages/airflow/example_dags/example_subdag_operator.py
[2024-12-06T12:35:20.195+0000] {processor.py:914} INFO - Processing file /home/airflow/.local/lib/python3.12/site-packages/airflow/example_dags/example_subdag_operator.py for tasks to queue
[2024-12-06T12:35:20.197+0000] {logging_mixin.py:190} INFO - [2024-12-06T12:35:20.197+0000] {dagbag.py:588} INFO - Filling up the DagBag from /home/airflow/.local/lib/python3.12/site-packages/airflow/example_dags/example_subdag_operator.py
[2024-12-06T12:35:20.223+0000] {processor.py:925} INFO - DAG(s) 'example_subdag_operator.section-1', 'example_subdag_operator.section-2', 'example_subdag_operator' retrieved from /home/airflow/.local/lib/python3.12/site-packages/airflow/example_dags/example_subdag_operator.py
[2024-12-06T12:35:20.238+0000] {logging_mixin.py:190} INFO - [2024-12-06T12:35:20.238+0000] {dag.py:3239} INFO - Sync 3 DAGs
[2024-12-06T12:35:20.271+0000] {logging_mixin.py:190} INFO - [2024-12-06T12:35:20.270+0000] {dag.py:4180} INFO - Setting next_dagrun for example_subdag_operator to 2022-01-01 00:00:00+00:00, run_after=2022-01-01 00:00:00+00:00
[2024-12-06T12:35:20.275+0000] {logging_mixin.py:190} INFO - [2024-12-06T12:35:20.275+0000] {dag.py:4180} INFO - Setting next_dagrun for example_subdag_operator.section-1 to None, run_after=None
[2024-12-06T12:35:20.278+0000] {logging_mixin.py:190} INFO - [2024-12-06T12:35:20.277+0000] {dag.py:4180} INFO - Setting next_dagrun for example_subdag_operator.section-2 to None, run_after=None
[2024-12-06T12:35:20.285+0000] {logging_mixin.py:190} INFO - [2024-12-06T12:35:20.285+0000] {dag.py:3239} INFO - Sync 2 DAGs
[2024-12-06T12:35:20.291+0000] {logging_mixin.py:190} INFO - [2024-12-06T12:35:20.291+0000] {dag.py:4180} INFO - Setting next_dagrun for example_subdag_operator.section-1 to None, run_after=None
[2024-12-06T12:35:20.292+0000] {logging_mixin.py:190} INFO - [2024-12-06T12:35:20.292+0000] {dag.py:4180} INFO - Setting next_dagrun for example_subdag_operator.section-2 to None, run_after=None
[2024-12-06T12:35:20.305+0000] {processor.py:208} INFO - Processing /home/airflow/.local/lib/python3.12/site-packages/airflow/example_dags/example_subdag_operator.py took 0.117 seconds
[2024-12-06T12:35:51.302+0000] {processor.py:186} INFO - Started process (PID=263) to work on /home/airflow/.local/lib/python3.12/site-packages/airflow/example_dags/example_subdag_operator.py
[2024-12-06T12:35:51.303+0000] {processor.py:914} INFO - Processing file /home/airflow/.local/lib/python3.12/site-packages/airflow/example_dags/example_subdag_operator.py for tasks to queue
[2024-12-06T12:35:51.306+0000] {logging_mixin.py:190} INFO - [2024-12-06T12:35:51.305+0000] {dagbag.py:588} INFO - Filling up the DagBag from /home/airflow/.local/lib/python3.12/site-packages/airflow/example_dags/example_subdag_operator.py
[2024-12-06T12:35:51.335+0000] {processor.py:925} INFO - DAG(s) 'example_subdag_operator.section-1', 'example_subdag_operator.section-2', 'example_subdag_operator' retrieved from /home/airflow/.local/lib/python3.12/site-packages/airflow/example_dags/example_subdag_operator.py
[2024-12-06T12:35:51.351+0000] {logging_mixin.py:190} INFO - [2024-12-06T12:35:51.351+0000] {dag.py:3239} INFO - Sync 3 DAGs
[2024-12-06T12:35:51.381+0000] {logging_mixin.py:190} INFO - [2024-12-06T12:35:51.381+0000] {dag.py:4180} INFO - Setting next_dagrun for example_subdag_operator to 2022-01-01 00:00:00+00:00, run_after=2022-01-01 00:00:00+00:00
[2024-12-06T12:35:51.386+0000] {logging_mixin.py:190} INFO - [2024-12-06T12:35:51.386+0000] {dag.py:4180} INFO - Setting next_dagrun for example_subdag_operator.section-1 to None, run_after=None
[2024-12-06T12:35:51.388+0000] {logging_mixin.py:190} INFO - [2024-12-06T12:35:51.388+0000] {dag.py:4180} INFO - Setting next_dagrun for example_subdag_operator.section-2 to None, run_after=None
[2024-12-06T12:35:51.397+0000] {logging_mixin.py:190} INFO - [2024-12-06T12:35:51.397+0000] {dag.py:3239} INFO - Sync 2 DAGs
[2024-12-06T12:35:51.403+0000] {logging_mixin.py:190} INFO - [2024-12-06T12:35:51.403+0000] {dag.py:4180} INFO - Setting next_dagrun for example_subdag_operator.section-1 to None, run_after=None
[2024-12-06T12:35:51.404+0000] {logging_mixin.py:190} INFO - [2024-12-06T12:35:51.404+0000] {dag.py:4180} INFO - Setting next_dagrun for example_subdag_operator.section-2 to None, run_after=None
[2024-12-06T12:35:51.417+0000] {processor.py:208} INFO - Processing /home/airflow/.local/lib/python3.12/site-packages/airflow/example_dags/example_subdag_operator.py took 0.122 seconds
[2024-12-06T15:51:10.866+0000] {processor.py:186} INFO - Started process (PID=345) to work on /home/airflow/.local/lib/python3.12/site-packages/airflow/example_dags/example_subdag_operator.py
[2024-12-06T15:51:10.874+0000] {processor.py:914} INFO - Processing file /home/airflow/.local/lib/python3.12/site-packages/airflow/example_dags/example_subdag_operator.py for tasks to queue
[2024-12-06T15:51:10.876+0000] {logging_mixin.py:190} INFO - [2024-12-06T15:51:10.875+0000] {dagbag.py:588} INFO - Filling up the DagBag from /home/airflow/.local/lib/python3.12/site-packages/airflow/example_dags/example_subdag_operator.py
[2024-12-06T15:51:10.906+0000] {processor.py:925} INFO - DAG(s) 'example_subdag_operator.section-1', 'example_subdag_operator.section-2', 'example_subdag_operator' retrieved from /home/airflow/.local/lib/python3.12/site-packages/airflow/example_dags/example_subdag_operator.py
[2024-12-06T15:51:10.924+0000] {logging_mixin.py:190} INFO - [2024-12-06T15:51:10.924+0000] {dag.py:3239} INFO - Sync 3 DAGs
[2024-12-06T15:51:10.965+0000] {logging_mixin.py:190} INFO - [2024-12-06T15:51:10.965+0000] {dag.py:4180} INFO - Setting next_dagrun for example_subdag_operator to 2022-01-01 00:00:00+00:00, run_after=2022-01-01 00:00:00+00:00
[2024-12-06T15:51:10.972+0000] {logging_mixin.py:190} INFO - [2024-12-06T15:51:10.972+0000] {dag.py:4180} INFO - Setting next_dagrun for example_subdag_operator.section-1 to None, run_after=None
[2024-12-06T15:51:10.975+0000] {logging_mixin.py:190} INFO - [2024-12-06T15:51:10.975+0000] {dag.py:4180} INFO - Setting next_dagrun for example_subdag_operator.section-2 to None, run_after=None
[2024-12-06T15:51:10.985+0000] {logging_mixin.py:190} INFO - [2024-12-06T15:51:10.985+0000] {dag.py:3239} INFO - Sync 2 DAGs
[2024-12-06T15:51:10.994+0000] {logging_mixin.py:190} INFO - [2024-12-06T15:51:10.994+0000] {dag.py:4180} INFO - Setting next_dagrun for example_subdag_operator.section-1 to None, run_after=None
[2024-12-06T15:51:10.995+0000] {logging_mixin.py:190} INFO - [2024-12-06T15:51:10.995+0000] {dag.py:4180} INFO - Setting next_dagrun for example_subdag_operator.section-2 to None, run_after=None
[2024-12-06T15:51:11.036+0000] {processor.py:208} INFO - Processing /home/airflow/.local/lib/python3.12/site-packages/airflow/example_dags/example_subdag_operator.py took 0.176 seconds
