[2024-12-06T12:34:13.835+0000] {processor.py:186} INFO - Started process (PID=73) to work on /home/airflow/.local/lib/python3.12/site-packages/airflow/example_dags/example_xcomargs.py
[2024-12-06T12:34:13.877+0000] {processor.py:914} INFO - Processing file /home/airflow/.local/lib/python3.12/site-packages/airflow/example_dags/example_xcomargs.py for tasks to queue
[2024-12-06T12:34:13.959+0000] {logging_mixin.py:190} INFO - [2024-12-06T12:34:13.943+0000] {dagbag.py:588} INFO - Filling up the DagBag from /home/airflow/.local/lib/python3.12/site-packages/airflow/example_dags/example_xcomargs.py
[2024-12-06T12:34:14.313+0000] {processor.py:925} INFO - DAG(s) 'example_xcom_args', 'example_xcom_args_with_operators' retrieved from /home/airflow/.local/lib/python3.12/site-packages/airflow/example_dags/example_xcomargs.py
[2024-12-06T12:34:15.611+0000] {logging_mixin.py:190} INFO - [2024-12-06T12:34:15.608+0000] {override.py:1911} INFO - Created Permission View: can delete on DAG:example_xcom_args
[2024-12-06T12:34:15.791+0000] {logging_mixin.py:190} INFO - [2024-12-06T12:34:15.790+0000] {override.py:1911} INFO - Created Permission View: can edit on DAG:example_xcom_args
[2024-12-06T12:34:15.896+0000] {logging_mixin.py:190} INFO - [2024-12-06T12:34:15.896+0000] {override.py:1911} INFO - Created Permission View: can read on DAG:example_xcom_args
[2024-12-06T12:34:15.919+0000] {logging_mixin.py:190} INFO - [2024-12-06T12:34:15.918+0000] {override.py:1911} INFO - Created Permission View: can delete on DAG Run:example_xcom_args
[2024-12-06T12:34:15.973+0000] {logging_mixin.py:190} INFO - [2024-12-06T12:34:15.973+0000] {override.py:1911} INFO - Created Permission View: can create on DAG Run:example_xcom_args
[2024-12-06T12:34:15.994+0000] {logging_mixin.py:190} INFO - [2024-12-06T12:34:15.993+0000] {override.py:1911} INFO - Created Permission View: menu access on DAG Run:example_xcom_args
[2024-12-06T12:34:16.005+0000] {logging_mixin.py:190} INFO - [2024-12-06T12:34:16.005+0000] {override.py:1911} INFO - Created Permission View: can read on DAG Run:example_xcom_args
[2024-12-06T12:34:16.034+0000] {logging_mixin.py:190} INFO - [2024-12-06T12:34:16.034+0000] {override.py:1911} INFO - Created Permission View: can delete on DAG:example_xcom_args_with_operators
[2024-12-06T12:34:16.050+0000] {logging_mixin.py:190} INFO - [2024-12-06T12:34:16.049+0000] {override.py:1911} INFO - Created Permission View: can edit on DAG:example_xcom_args_with_operators
[2024-12-06T12:34:16.061+0000] {logging_mixin.py:190} INFO - [2024-12-06T12:34:16.060+0000] {override.py:1911} INFO - Created Permission View: can read on DAG:example_xcom_args_with_operators
[2024-12-06T12:34:16.074+0000] {logging_mixin.py:190} INFO - [2024-12-06T12:34:16.074+0000] {override.py:1911} INFO - Created Permission View: can delete on DAG Run:example_xcom_args_with_operators
[2024-12-06T12:34:16.095+0000] {logging_mixin.py:190} INFO - [2024-12-06T12:34:16.095+0000] {override.py:1911} INFO - Created Permission View: can create on DAG Run:example_xcom_args_with_operators
[2024-12-06T12:34:16.132+0000] {logging_mixin.py:190} INFO - [2024-12-06T12:34:16.131+0000] {override.py:1911} INFO - Created Permission View: menu access on DAG Run:example_xcom_args_with_operators
[2024-12-06T12:34:16.145+0000] {logging_mixin.py:190} INFO - [2024-12-06T12:34:16.144+0000] {override.py:1911} INFO - Created Permission View: can read on DAG Run:example_xcom_args_with_operators
[2024-12-06T12:34:16.151+0000] {logging_mixin.py:190} INFO - [2024-12-06T12:34:16.146+0000] {dag.py:3239} INFO - Sync 2 DAGs
[2024-12-06T12:34:16.227+0000] {logging_mixin.py:190} INFO - [2024-12-06T12:34:16.226+0000] {dag.py:3262} INFO - Creating ORM DAG for example_xcom_args
[2024-12-06T12:34:16.229+0000] {logging_mixin.py:190} INFO - [2024-12-06T12:34:16.229+0000] {dag.py:3262} INFO - Creating ORM DAG for example_xcom_args_with_operators
[2024-12-06T12:34:16.231+0000] {logging_mixin.py:190} INFO - [2024-12-06T12:34:16.231+0000] {dag.py:4180} INFO - Setting next_dagrun for example_xcom_args to None, run_after=None
[2024-12-06T12:34:16.233+0000] {logging_mixin.py:190} INFO - [2024-12-06T12:34:16.232+0000] {dag.py:4180} INFO - Setting next_dagrun for example_xcom_args_with_operators to None, run_after=None
[2024-12-06T12:34:16.313+0000] {processor.py:208} INFO - Processing /home/airflow/.local/lib/python3.12/site-packages/airflow/example_dags/example_xcomargs.py took 2.634 seconds
[2024-12-06T12:34:49.965+0000] {processor.py:186} INFO - Started process (PID=136) to work on /home/airflow/.local/lib/python3.12/site-packages/airflow/example_dags/example_xcomargs.py
[2024-12-06T12:34:49.983+0000] {processor.py:914} INFO - Processing file /home/airflow/.local/lib/python3.12/site-packages/airflow/example_dags/example_xcomargs.py for tasks to queue
[2024-12-06T12:34:49.992+0000] {logging_mixin.py:190} INFO - [2024-12-06T12:34:49.990+0000] {dagbag.py:588} INFO - Filling up the DagBag from /home/airflow/.local/lib/python3.12/site-packages/airflow/example_dags/example_xcomargs.py
[2024-12-06T12:34:50.045+0000] {processor.py:925} INFO - DAG(s) 'example_xcom_args', 'example_xcom_args_with_operators' retrieved from /home/airflow/.local/lib/python3.12/site-packages/airflow/example_dags/example_xcomargs.py
[2024-12-06T12:34:50.123+0000] {logging_mixin.py:190} INFO - [2024-12-06T12:34:50.123+0000] {dag.py:3239} INFO - Sync 2 DAGs
[2024-12-06T12:34:50.185+0000] {logging_mixin.py:190} INFO - [2024-12-06T12:34:50.184+0000] {dag.py:4180} INFO - Setting next_dagrun for example_xcom_args to None, run_after=None
[2024-12-06T12:34:50.201+0000] {logging_mixin.py:190} INFO - [2024-12-06T12:34:50.199+0000] {dag.py:4180} INFO - Setting next_dagrun for example_xcom_args_with_operators to None, run_after=None
[2024-12-06T12:34:50.292+0000] {processor.py:208} INFO - Processing /home/airflow/.local/lib/python3.12/site-packages/airflow/example_dags/example_xcomargs.py took 0.349 seconds
[2024-12-06T12:35:20.690+0000] {processor.py:186} INFO - Started process (PID=199) to work on /home/airflow/.local/lib/python3.12/site-packages/airflow/example_dags/example_xcomargs.py
[2024-12-06T12:35:20.693+0000] {processor.py:914} INFO - Processing file /home/airflow/.local/lib/python3.12/site-packages/airflow/example_dags/example_xcomargs.py for tasks to queue
[2024-12-06T12:35:20.698+0000] {logging_mixin.py:190} INFO - [2024-12-06T12:35:20.697+0000] {dagbag.py:588} INFO - Filling up the DagBag from /home/airflow/.local/lib/python3.12/site-packages/airflow/example_dags/example_xcomargs.py
[2024-12-06T12:35:20.714+0000] {processor.py:925} INFO - DAG(s) 'example_xcom_args', 'example_xcom_args_with_operators' retrieved from /home/airflow/.local/lib/python3.12/site-packages/airflow/example_dags/example_xcomargs.py
[2024-12-06T12:35:20.736+0000] {logging_mixin.py:190} INFO - [2024-12-06T12:35:20.736+0000] {dag.py:3239} INFO - Sync 2 DAGs
[2024-12-06T12:35:20.752+0000] {logging_mixin.py:190} INFO - [2024-12-06T12:35:20.751+0000] {dag.py:4180} INFO - Setting next_dagrun for example_xcom_args to None, run_after=None
[2024-12-06T12:35:20.756+0000] {logging_mixin.py:190} INFO - [2024-12-06T12:35:20.756+0000] {dag.py:4180} INFO - Setting next_dagrun for example_xcom_args_with_operators to None, run_after=None
[2024-12-06T12:35:20.774+0000] {processor.py:208} INFO - Processing /home/airflow/.local/lib/python3.12/site-packages/airflow/example_dags/example_xcomargs.py took 0.097 seconds
[2024-12-06T12:35:50.955+0000] {processor.py:186} INFO - Started process (PID=253) to work on /home/airflow/.local/lib/python3.12/site-packages/airflow/example_dags/example_xcomargs.py
[2024-12-06T12:35:50.972+0000] {processor.py:914} INFO - Processing file /home/airflow/.local/lib/python3.12/site-packages/airflow/example_dags/example_xcomargs.py for tasks to queue
[2024-12-06T12:35:50.975+0000] {logging_mixin.py:190} INFO - [2024-12-06T12:35:50.975+0000] {dagbag.py:588} INFO - Filling up the DagBag from /home/airflow/.local/lib/python3.12/site-packages/airflow/example_dags/example_xcomargs.py
[2024-12-06T12:35:50.987+0000] {processor.py:925} INFO - DAG(s) 'example_xcom_args_with_operators', 'example_xcom_args' retrieved from /home/airflow/.local/lib/python3.12/site-packages/airflow/example_dags/example_xcomargs.py
[2024-12-06T12:35:51.015+0000] {logging_mixin.py:190} INFO - [2024-12-06T12:35:51.015+0000] {dag.py:3239} INFO - Sync 2 DAGs
[2024-12-06T12:35:51.031+0000] {logging_mixin.py:190} INFO - [2024-12-06T12:35:51.030+0000] {dag.py:4180} INFO - Setting next_dagrun for example_xcom_args to None, run_after=None
[2024-12-06T12:35:51.036+0000] {logging_mixin.py:190} INFO - [2024-12-06T12:35:51.035+0000] {dag.py:4180} INFO - Setting next_dagrun for example_xcom_args_with_operators to None, run_after=None
[2024-12-06T12:35:51.059+0000] {processor.py:208} INFO - Processing /home/airflow/.local/lib/python3.12/site-packages/airflow/example_dags/example_xcomargs.py took 0.109 seconds
[2024-12-06T12:56:06.995+0000] {processor.py:186} INFO - Started process (PID=298) to work on /home/airflow/.local/lib/python3.12/site-packages/airflow/example_dags/example_xcomargs.py
[2024-12-06T12:56:07.013+0000] {processor.py:914} INFO - Processing file /home/airflow/.local/lib/python3.12/site-packages/airflow/example_dags/example_xcomargs.py for tasks to queue
[2024-12-06T12:56:07.015+0000] {logging_mixin.py:190} INFO - [2024-12-06T12:56:07.015+0000] {dagbag.py:588} INFO - Filling up the DagBag from /home/airflow/.local/lib/python3.12/site-packages/airflow/example_dags/example_xcomargs.py
[2024-12-06T12:56:07.034+0000] {processor.py:925} INFO - DAG(s) 'example_xcom_args', 'example_xcom_args_with_operators' retrieved from /home/airflow/.local/lib/python3.12/site-packages/airflow/example_dags/example_xcomargs.py
[2024-12-06T12:56:07.063+0000] {logging_mixin.py:190} INFO - [2024-12-06T12:56:07.063+0000] {dag.py:3239} INFO - Sync 2 DAGs
[2024-12-06T12:56:07.082+0000] {logging_mixin.py:190} INFO - [2024-12-06T12:56:07.082+0000] {dag.py:4180} INFO - Setting next_dagrun for example_xcom_args to None, run_after=None
[2024-12-06T12:56:07.086+0000] {logging_mixin.py:190} INFO - [2024-12-06T12:56:07.086+0000] {dag.py:4180} INFO - Setting next_dagrun for example_xcom_args_with_operators to None, run_after=None
[2024-12-06T12:56:07.107+0000] {processor.py:208} INFO - Processing /home/airflow/.local/lib/python3.12/site-packages/airflow/example_dags/example_xcomargs.py took 0.117 seconds
[2024-12-06T15:51:11.815+0000] {processor.py:186} INFO - Started process (PID=353) to work on /home/airflow/.local/lib/python3.12/site-packages/airflow/example_dags/example_xcomargs.py
[2024-12-06T15:51:11.829+0000] {processor.py:914} INFO - Processing file /home/airflow/.local/lib/python3.12/site-packages/airflow/example_dags/example_xcomargs.py for tasks to queue
[2024-12-06T15:51:11.830+0000] {logging_mixin.py:190} INFO - [2024-12-06T15:51:11.830+0000] {dagbag.py:588} INFO - Filling up the DagBag from /home/airflow/.local/lib/python3.12/site-packages/airflow/example_dags/example_xcomargs.py
[2024-12-06T15:51:11.846+0000] {processor.py:925} INFO - DAG(s) 'example_xcom_args', 'example_xcom_args_with_operators' retrieved from /home/airflow/.local/lib/python3.12/site-packages/airflow/example_dags/example_xcomargs.py
[2024-12-06T15:51:11.881+0000] {logging_mixin.py:190} INFO - [2024-12-06T15:51:11.881+0000] {dag.py:3239} INFO - Sync 2 DAGs
[2024-12-06T15:51:11.904+0000] {logging_mixin.py:190} INFO - [2024-12-06T15:51:11.904+0000] {dag.py:4180} INFO - Setting next_dagrun for example_xcom_args to None, run_after=None
[2024-12-06T15:51:11.909+0000] {logging_mixin.py:190} INFO - [2024-12-06T15:51:11.908+0000] {dag.py:4180} INFO - Setting next_dagrun for example_xcom_args_with_operators to None, run_after=None
[2024-12-06T15:51:11.932+0000] {processor.py:208} INFO - Processing /home/airflow/.local/lib/python3.12/site-packages/airflow/example_dags/example_xcomargs.py took 0.126 seconds
