[2024-12-06T12:34:46.219+0000] {processor.py:186} INFO - Started process (PID=115) to work on /home/airflow/.local/lib/python3.12/site-packages/airflow/example_dags/example_workday_timetable.py
[2024-12-06T12:34:46.221+0000] {processor.py:914} INFO - Processing file /home/airflow/.local/lib/python3.12/site-packages/airflow/example_dags/example_workday_timetable.py for tasks to queue
[2024-12-06T12:34:46.225+0000] {logging_mixin.py:190} INFO - [2024-12-06T12:34:46.224+0000] {dagbag.py:588} INFO - Filling up the DagBag from /home/airflow/.local/lib/python3.12/site-packages/airflow/example_dags/example_workday_timetable.py
[2024-12-06T12:34:46.234+0000] {processor.py:925} INFO - DAG(s) 'example_workday_timetable' retrieved from /home/airflow/.local/lib/python3.12/site-packages/airflow/example_dags/example_workday_timetable.py
[2024-12-06T12:34:46.348+0000] {logging_mixin.py:190} INFO - [2024-12-06T12:34:46.348+0000] {override.py:1911} INFO - Created Permission View: can delete on DAG:example_workday_timetable
[2024-12-06T12:34:46.365+0000] {logging_mixin.py:190} INFO - [2024-12-06T12:34:46.364+0000] {override.py:1911} INFO - Created Permission View: can edit on DAG:example_workday_timetable
[2024-12-06T12:34:46.375+0000] {logging_mixin.py:190} INFO - [2024-12-06T12:34:46.374+0000] {override.py:1911} INFO - Created Permission View: can read on DAG:example_workday_timetable
[2024-12-06T12:34:46.388+0000] {logging_mixin.py:190} INFO - [2024-12-06T12:34:46.387+0000] {override.py:1911} INFO - Created Permission View: can delete on DAG Run:example_workday_timetable
[2024-12-06T12:34:46.400+0000] {logging_mixin.py:190} INFO - [2024-12-06T12:34:46.399+0000] {override.py:1911} INFO - Created Permission View: can create on DAG Run:example_workday_timetable
[2024-12-06T12:34:46.407+0000] {logging_mixin.py:190} INFO - [2024-12-06T12:34:46.407+0000] {override.py:1911} INFO - Created Permission View: menu access on DAG Run:example_workday_timetable
[2024-12-06T12:34:46.418+0000] {logging_mixin.py:190} INFO - [2024-12-06T12:34:46.418+0000] {override.py:1911} INFO - Created Permission View: can read on DAG Run:example_workday_timetable
[2024-12-06T12:34:46.421+0000] {logging_mixin.py:190} INFO - [2024-12-06T12:34:46.420+0000] {dag.py:3239} INFO - Sync 1 DAGs
[2024-12-06T12:34:46.444+0000] {logging_mixin.py:190} INFO - [2024-12-06T12:34:46.443+0000] {dag.py:3262} INFO - Creating ORM DAG for example_workday_timetable
[2024-12-06T12:34:46.554+0000] {logging_mixin.py:190} INFO - [2024-12-06T12:34:46.554+0000] {dag.py:4180} INFO - Setting next_dagrun for example_workday_timetable to 2021-01-04 00:00:00+00:00, run_after=2021-01-05 00:00:00+00:00
[2024-12-06T12:34:46.575+0000] {processor.py:208} INFO - Processing /home/airflow/.local/lib/python3.12/site-packages/airflow/example_dags/example_workday_timetable.py took 0.366 seconds
[2024-12-06T12:35:16.860+0000] {processor.py:186} INFO - Started process (PID=178) to work on /home/airflow/.local/lib/python3.12/site-packages/airflow/example_dags/example_workday_timetable.py
[2024-12-06T12:35:16.861+0000] {processor.py:914} INFO - Processing file /home/airflow/.local/lib/python3.12/site-packages/airflow/example_dags/example_workday_timetable.py for tasks to queue
[2024-12-06T12:35:16.866+0000] {logging_mixin.py:190} INFO - [2024-12-06T12:35:16.865+0000] {dagbag.py:588} INFO - Filling up the DagBag from /home/airflow/.local/lib/python3.12/site-packages/airflow/example_dags/example_workday_timetable.py
[2024-12-06T12:35:16.879+0000] {processor.py:925} INFO - DAG(s) 'example_workday_timetable' retrieved from /home/airflow/.local/lib/python3.12/site-packages/airflow/example_dags/example_workday_timetable.py
[2024-12-06T12:35:16.904+0000] {logging_mixin.py:190} INFO - [2024-12-06T12:35:16.904+0000] {dag.py:3239} INFO - Sync 1 DAGs
[2024-12-06T12:35:16.984+0000] {logging_mixin.py:190} INFO - [2024-12-06T12:35:16.983+0000] {dag.py:4180} INFO - Setting next_dagrun for example_workday_timetable to 2021-01-04 00:00:00+00:00, run_after=2021-01-05 00:00:00+00:00
[2024-12-06T12:35:17.009+0000] {processor.py:208} INFO - Processing /home/airflow/.local/lib/python3.12/site-packages/airflow/example_dags/example_workday_timetable.py took 0.154 seconds
[2024-12-06T12:35:47.400+0000] {processor.py:186} INFO - Started process (PID=241) to work on /home/airflow/.local/lib/python3.12/site-packages/airflow/example_dags/example_workday_timetable.py
[2024-12-06T12:35:47.402+0000] {processor.py:914} INFO - Processing file /home/airflow/.local/lib/python3.12/site-packages/airflow/example_dags/example_workday_timetable.py for tasks to queue
[2024-12-06T12:35:47.405+0000] {logging_mixin.py:190} INFO - [2024-12-06T12:35:47.404+0000] {dagbag.py:588} INFO - Filling up the DagBag from /home/airflow/.local/lib/python3.12/site-packages/airflow/example_dags/example_workday_timetable.py
[2024-12-06T12:35:47.411+0000] {processor.py:925} INFO - DAG(s) 'example_workday_timetable' retrieved from /home/airflow/.local/lib/python3.12/site-packages/airflow/example_dags/example_workday_timetable.py
[2024-12-06T12:35:47.433+0000] {logging_mixin.py:190} INFO - [2024-12-06T12:35:47.433+0000] {dag.py:3239} INFO - Sync 1 DAGs
[2024-12-06T12:35:47.503+0000] {logging_mixin.py:190} INFO - [2024-12-06T12:35:47.503+0000] {dag.py:4180} INFO - Setting next_dagrun for example_workday_timetable to 2021-01-04 00:00:00+00:00, run_after=2021-01-05 00:00:00+00:00
[2024-12-06T12:35:47.528+0000] {processor.py:208} INFO - Processing /home/airflow/.local/lib/python3.12/site-packages/airflow/example_dags/example_workday_timetable.py took 0.134 seconds
[2024-12-06T15:51:07.917+0000] {processor.py:186} INFO - Started process (PID=332) to work on /home/airflow/.local/lib/python3.12/site-packages/airflow/example_dags/example_workday_timetable.py
[2024-12-06T15:51:07.920+0000] {processor.py:914} INFO - Processing file /home/airflow/.local/lib/python3.12/site-packages/airflow/example_dags/example_workday_timetable.py for tasks to queue
[2024-12-06T15:51:07.940+0000] {logging_mixin.py:190} INFO - [2024-12-06T15:51:07.930+0000] {dagbag.py:588} INFO - Filling up the DagBag from /home/airflow/.local/lib/python3.12/site-packages/airflow/example_dags/example_workday_timetable.py
[2024-12-06T15:51:07.959+0000] {processor.py:925} INFO - DAG(s) 'example_workday_timetable' retrieved from /home/airflow/.local/lib/python3.12/site-packages/airflow/example_dags/example_workday_timetable.py
[2024-12-06T15:51:08.033+0000] {logging_mixin.py:190} INFO - [2024-12-06T15:51:08.033+0000] {dag.py:3239} INFO - Sync 1 DAGs
[2024-12-06T15:51:08.211+0000] {logging_mixin.py:190} INFO - [2024-12-06T15:51:08.210+0000] {dag.py:4180} INFO - Setting next_dagrun for example_workday_timetable to 2021-01-04 00:00:00+00:00, run_after=2021-01-05 00:00:00+00:00
[2024-12-06T15:51:08.403+0000] {processor.py:208} INFO - Processing /home/airflow/.local/lib/python3.12/site-packages/airflow/example_dags/example_workday_timetable.py took 0.507 seconds
