[2024-12-06T12:34:39.676+0000] {processor.py:186} INFO - Started process (PID=99) to work on /home/airflow/.local/lib/python3.12/site-packages/airflow/example_dags/example_nested_branch_dag.py
[2024-12-06T12:34:39.678+0000] {processor.py:914} INFO - Processing file /home/airflow/.local/lib/python3.12/site-packages/airflow/example_dags/example_nested_branch_dag.py for tasks to queue
[2024-12-06T12:34:39.686+0000] {logging_mixin.py:190} INFO - [2024-12-06T12:34:39.685+0000] {dagbag.py:588} INFO - Filling up the DagBag from /home/airflow/.local/lib/python3.12/site-packages/airflow/example_dags/example_nested_branch_dag.py
[2024-12-06T12:34:39.710+0000] {processor.py:925} INFO - DAG(s) 'example_nested_branch_dag' retrieved from /home/airflow/.local/lib/python3.12/site-packages/airflow/example_dags/example_nested_branch_dag.py
[2024-12-06T12:34:39.891+0000] {logging_mixin.py:190} INFO - [2024-12-06T12:34:39.889+0000] {override.py:1911} INFO - Created Permission View: can delete on DAG:example_nested_branch_dag
[2024-12-06T12:34:39.920+0000] {logging_mixin.py:190} INFO - [2024-12-06T12:34:39.919+0000] {override.py:1911} INFO - Created Permission View: can edit on DAG:example_nested_branch_dag
[2024-12-06T12:34:39.933+0000] {logging_mixin.py:190} INFO - [2024-12-06T12:34:39.933+0000] {override.py:1911} INFO - Created Permission View: can read on DAG:example_nested_branch_dag
[2024-12-06T12:34:39.944+0000] {logging_mixin.py:190} INFO - [2024-12-06T12:34:39.943+0000] {override.py:1911} INFO - Created Permission View: can delete on DAG Run:example_nested_branch_dag
[2024-12-06T12:34:39.953+0000] {logging_mixin.py:190} INFO - [2024-12-06T12:34:39.952+0000] {override.py:1911} INFO - Created Permission View: can create on DAG Run:example_nested_branch_dag
[2024-12-06T12:34:39.964+0000] {logging_mixin.py:190} INFO - [2024-12-06T12:34:39.964+0000] {override.py:1911} INFO - Created Permission View: menu access on DAG Run:example_nested_branch_dag
[2024-12-06T12:34:39.975+0000] {logging_mixin.py:190} INFO - [2024-12-06T12:34:39.974+0000] {override.py:1911} INFO - Created Permission View: can read on DAG Run:example_nested_branch_dag
[2024-12-06T12:34:39.976+0000] {logging_mixin.py:190} INFO - [2024-12-06T12:34:39.976+0000] {dag.py:3239} INFO - Sync 1 DAGs
[2024-12-06T12:34:39.996+0000] {logging_mixin.py:190} INFO - [2024-12-06T12:34:39.995+0000] {dag.py:3262} INFO - Creating ORM DAG for example_nested_branch_dag
[2024-12-06T12:34:40.027+0000] {logging_mixin.py:190} INFO - [2024-12-06T12:34:40.027+0000] {dag.py:4180} INFO - Setting next_dagrun for example_nested_branch_dag to 2024-12-05 00:00:00+00:00, run_after=2024-12-06 00:00:00+00:00
[2024-12-06T12:34:40.053+0000] {processor.py:208} INFO - Processing /home/airflow/.local/lib/python3.12/site-packages/airflow/example_dags/example_nested_branch_dag.py took 0.385 seconds
[2024-12-06T12:35:11.333+0000] {processor.py:186} INFO - Started process (PID=162) to work on /home/airflow/.local/lib/python3.12/site-packages/airflow/example_dags/example_nested_branch_dag.py
[2024-12-06T12:35:11.335+0000] {processor.py:914} INFO - Processing file /home/airflow/.local/lib/python3.12/site-packages/airflow/example_dags/example_nested_branch_dag.py for tasks to queue
[2024-12-06T12:35:11.339+0000] {logging_mixin.py:190} INFO - [2024-12-06T12:35:11.338+0000] {dagbag.py:588} INFO - Filling up the DagBag from /home/airflow/.local/lib/python3.12/site-packages/airflow/example_dags/example_nested_branch_dag.py
[2024-12-06T12:35:11.353+0000] {processor.py:925} INFO - DAG(s) 'example_nested_branch_dag' retrieved from /home/airflow/.local/lib/python3.12/site-packages/airflow/example_dags/example_nested_branch_dag.py
[2024-12-06T12:35:11.376+0000] {logging_mixin.py:190} INFO - [2024-12-06T12:35:11.376+0000] {dag.py:3239} INFO - Sync 1 DAGs
[2024-12-06T12:35:11.402+0000] {logging_mixin.py:190} INFO - [2024-12-06T12:35:11.402+0000] {dag.py:4180} INFO - Setting next_dagrun for example_nested_branch_dag to 2024-12-05 00:00:00+00:00, run_after=2024-12-06 00:00:00+00:00
[2024-12-06T12:35:11.422+0000] {processor.py:208} INFO - Processing /home/airflow/.local/lib/python3.12/site-packages/airflow/example_dags/example_nested_branch_dag.py took 0.105 seconds
[2024-12-06T12:35:42.875+0000] {processor.py:186} INFO - Started process (PID=225) to work on /home/airflow/.local/lib/python3.12/site-packages/airflow/example_dags/example_nested_branch_dag.py
[2024-12-06T12:35:42.886+0000] {processor.py:914} INFO - Processing file /home/airflow/.local/lib/python3.12/site-packages/airflow/example_dags/example_nested_branch_dag.py for tasks to queue
[2024-12-06T12:35:42.889+0000] {logging_mixin.py:190} INFO - [2024-12-06T12:35:42.889+0000] {dagbag.py:588} INFO - Filling up the DagBag from /home/airflow/.local/lib/python3.12/site-packages/airflow/example_dags/example_nested_branch_dag.py
[2024-12-06T12:35:42.905+0000] {processor.py:925} INFO - DAG(s) 'example_nested_branch_dag' retrieved from /home/airflow/.local/lib/python3.12/site-packages/airflow/example_dags/example_nested_branch_dag.py
[2024-12-06T12:35:42.944+0000] {logging_mixin.py:190} INFO - [2024-12-06T12:35:42.942+0000] {dag.py:3239} INFO - Sync 1 DAGs
[2024-12-06T12:35:42.995+0000] {logging_mixin.py:190} INFO - [2024-12-06T12:35:42.995+0000] {dag.py:4180} INFO - Setting next_dagrun for example_nested_branch_dag to 2024-12-05 00:00:00+00:00, run_after=2024-12-06 00:00:00+00:00
[2024-12-06T12:35:43.019+0000] {processor.py:208} INFO - Processing /home/airflow/.local/lib/python3.12/site-packages/airflow/example_dags/example_nested_branch_dag.py took 0.153 seconds
[2024-12-06T12:36:17.291+0000] {processor.py:186} INFO - Started process (PID=288) to work on /home/airflow/.local/lib/python3.12/site-packages/airflow/example_dags/example_nested_branch_dag.py
[2024-12-06T12:36:17.301+0000] {processor.py:914} INFO - Processing file /home/airflow/.local/lib/python3.12/site-packages/airflow/example_dags/example_nested_branch_dag.py for tasks to queue
[2024-12-06T12:36:17.307+0000] {logging_mixin.py:190} INFO - [2024-12-06T12:36:17.307+0000] {dagbag.py:588} INFO - Filling up the DagBag from /home/airflow/.local/lib/python3.12/site-packages/airflow/example_dags/example_nested_branch_dag.py
[2024-12-06T12:36:17.328+0000] {processor.py:925} INFO - DAG(s) 'example_nested_branch_dag' retrieved from /home/airflow/.local/lib/python3.12/site-packages/airflow/example_dags/example_nested_branch_dag.py
[2024-12-06T12:36:17.367+0000] {logging_mixin.py:190} INFO - [2024-12-06T12:36:17.366+0000] {dag.py:3239} INFO - Sync 1 DAGs
[2024-12-06T12:36:17.403+0000] {logging_mixin.py:190} INFO - [2024-12-06T12:36:17.403+0000] {dag.py:4180} INFO - Setting next_dagrun for example_nested_branch_dag to 2024-12-05 00:00:00+00:00, run_after=2024-12-06 00:00:00+00:00
[2024-12-06T12:36:17.431+0000] {processor.py:208} INFO - Processing /home/airflow/.local/lib/python3.12/site-packages/airflow/example_dags/example_nested_branch_dag.py took 0.148 seconds
[2024-12-06T12:56:09.216+0000] {processor.py:186} INFO - Started process (PID=317) to work on /home/airflow/.local/lib/python3.12/site-packages/airflow/example_dags/example_nested_branch_dag.py
[2024-12-06T12:56:09.218+0000] {processor.py:914} INFO - Processing file /home/airflow/.local/lib/python3.12/site-packages/airflow/example_dags/example_nested_branch_dag.py for tasks to queue
[2024-12-06T12:56:09.219+0000] {logging_mixin.py:190} INFO - [2024-12-06T12:56:09.219+0000] {dagbag.py:588} INFO - Filling up the DagBag from /home/airflow/.local/lib/python3.12/site-packages/airflow/example_dags/example_nested_branch_dag.py
[2024-12-06T12:56:09.231+0000] {processor.py:925} INFO - DAG(s) 'example_nested_branch_dag' retrieved from /home/airflow/.local/lib/python3.12/site-packages/airflow/example_dags/example_nested_branch_dag.py
[2024-12-06T12:56:09.255+0000] {logging_mixin.py:190} INFO - [2024-12-06T12:56:09.254+0000] {dag.py:3239} INFO - Sync 1 DAGs
[2024-12-06T12:56:09.307+0000] {logging_mixin.py:190} INFO - [2024-12-06T12:56:09.307+0000] {dag.py:4180} INFO - Setting next_dagrun for example_nested_branch_dag to 2024-12-05 00:00:00+00:00, run_after=2024-12-06 00:00:00+00:00
[2024-12-06T12:56:09.335+0000] {processor.py:208} INFO - Processing /home/airflow/.local/lib/python3.12/site-packages/airflow/example_dags/example_nested_branch_dag.py took 0.125 seconds
[2024-12-06T15:51:14.901+0000] {processor.py:186} INFO - Started process (PID=373) to work on /home/airflow/.local/lib/python3.12/site-packages/airflow/example_dags/example_nested_branch_dag.py
[2024-12-06T15:51:14.903+0000] {processor.py:914} INFO - Processing file /home/airflow/.local/lib/python3.12/site-packages/airflow/example_dags/example_nested_branch_dag.py for tasks to queue
[2024-12-06T15:51:14.905+0000] {logging_mixin.py:190} INFO - [2024-12-06T15:51:14.904+0000] {dagbag.py:588} INFO - Filling up the DagBag from /home/airflow/.local/lib/python3.12/site-packages/airflow/example_dags/example_nested_branch_dag.py
[2024-12-06T15:51:14.916+0000] {processor.py:925} INFO - DAG(s) 'example_nested_branch_dag' retrieved from /home/airflow/.local/lib/python3.12/site-packages/airflow/example_dags/example_nested_branch_dag.py
[2024-12-06T15:51:14.938+0000] {logging_mixin.py:190} INFO - [2024-12-06T15:51:14.938+0000] {dag.py:3239} INFO - Sync 1 DAGs
[2024-12-06T15:51:14.961+0000] {logging_mixin.py:190} INFO - [2024-12-06T15:51:14.961+0000] {dag.py:4180} INFO - Setting next_dagrun for example_nested_branch_dag to 2024-12-05 00:00:00+00:00, run_after=2024-12-06 00:00:00+00:00
[2024-12-06T15:51:15.004+0000] {processor.py:208} INFO - Processing /home/airflow/.local/lib/python3.12/site-packages/airflow/example_dags/example_nested_branch_dag.py took 0.112 seconds
