[2024-12-06T12:34:38.785+0000] {processor.py:186} INFO - Started process (PID=96) to work on /home/airflow/.local/lib/python3.12/site-packages/airflow/example_dags/example_latest_only.py
[2024-12-06T12:34:38.787+0000] {processor.py:914} INFO - Processing file /home/airflow/.local/lib/python3.12/site-packages/airflow/example_dags/example_latest_only.py for tasks to queue
[2024-12-06T12:34:38.792+0000] {logging_mixin.py:190} INFO - [2024-12-06T12:34:38.791+0000] {dagbag.py:588} INFO - Filling up the DagBag from /home/airflow/.local/lib/python3.12/site-packages/airflow/example_dags/example_latest_only.py
[2024-12-06T12:34:38.808+0000] {processor.py:925} INFO - DAG(s) 'latest_only' retrieved from /home/airflow/.local/lib/python3.12/site-packages/airflow/example_dags/example_latest_only.py
[2024-12-06T12:34:38.998+0000] {logging_mixin.py:190} INFO - [2024-12-06T12:34:38.996+0000] {override.py:1911} INFO - Created Permission View: can delete on DAG:latest_only
[2024-12-06T12:34:39.016+0000] {logging_mixin.py:190} INFO - [2024-12-06T12:34:39.016+0000] {override.py:1911} INFO - Created Permission View: can edit on DAG:latest_only
[2024-12-06T12:34:39.028+0000] {logging_mixin.py:190} INFO - [2024-12-06T12:34:39.028+0000] {override.py:1911} INFO - Created Permission View: can read on DAG:latest_only
[2024-12-06T12:34:39.054+0000] {logging_mixin.py:190} INFO - [2024-12-06T12:34:39.053+0000] {override.py:1911} INFO - Created Permission View: can delete on DAG Run:latest_only
[2024-12-06T12:34:39.068+0000] {logging_mixin.py:190} INFO - [2024-12-06T12:34:39.067+0000] {override.py:1911} INFO - Created Permission View: can create on DAG Run:latest_only
[2024-12-06T12:34:39.083+0000] {logging_mixin.py:190} INFO - [2024-12-06T12:34:39.083+0000] {override.py:1911} INFO - Created Permission View: menu access on DAG Run:latest_only
[2024-12-06T12:34:39.095+0000] {logging_mixin.py:190} INFO - [2024-12-06T12:34:39.095+0000] {override.py:1911} INFO - Created Permission View: can read on DAG Run:latest_only
[2024-12-06T12:34:39.097+0000] {logging_mixin.py:190} INFO - [2024-12-06T12:34:39.096+0000] {dag.py:3239} INFO - Sync 1 DAGs
[2024-12-06T12:34:39.119+0000] {logging_mixin.py:190} INFO - [2024-12-06T12:34:39.119+0000] {dag.py:3262} INFO - Creating ORM DAG for latest_only
[2024-12-06T12:34:39.146+0000] {logging_mixin.py:190} INFO - [2024-12-06T12:34:39.145+0000] {dag.py:4180} INFO - Setting next_dagrun for latest_only to 2024-12-06 08:00:00+00:00, run_after=2024-12-06 12:00:00+00:00
[2024-12-06T12:34:39.181+0000] {processor.py:208} INFO - Processing /home/airflow/.local/lib/python3.12/site-packages/airflow/example_dags/example_latest_only.py took 0.403 seconds
[2024-12-06T12:35:09.304+0000] {processor.py:186} INFO - Started process (PID=158) to work on /home/airflow/.local/lib/python3.12/site-packages/airflow/example_dags/example_latest_only.py
[2024-12-06T12:35:09.305+0000] {processor.py:914} INFO - Processing file /home/airflow/.local/lib/python3.12/site-packages/airflow/example_dags/example_latest_only.py for tasks to queue
[2024-12-06T12:35:09.308+0000] {logging_mixin.py:190} INFO - [2024-12-06T12:35:09.307+0000] {dagbag.py:588} INFO - Filling up the DagBag from /home/airflow/.local/lib/python3.12/site-packages/airflow/example_dags/example_latest_only.py
[2024-12-06T12:35:09.316+0000] {processor.py:925} INFO - DAG(s) 'latest_only' retrieved from /home/airflow/.local/lib/python3.12/site-packages/airflow/example_dags/example_latest_only.py
[2024-12-06T12:35:09.335+0000] {logging_mixin.py:190} INFO - [2024-12-06T12:35:09.335+0000] {dag.py:3239} INFO - Sync 1 DAGs
[2024-12-06T12:35:09.358+0000] {logging_mixin.py:190} INFO - [2024-12-06T12:35:09.358+0000] {dag.py:4180} INFO - Setting next_dagrun for latest_only to 2024-12-06 08:00:00+00:00, run_after=2024-12-06 12:00:00+00:00
[2024-12-06T12:35:09.381+0000] {processor.py:208} INFO - Processing /home/airflow/.local/lib/python3.12/site-packages/airflow/example_dags/example_latest_only.py took 0.083 seconds
[2024-12-06T12:35:42.108+0000] {processor.py:186} INFO - Started process (PID=221) to work on /home/airflow/.local/lib/python3.12/site-packages/airflow/example_dags/example_latest_only.py
[2024-12-06T12:35:42.111+0000] {processor.py:914} INFO - Processing file /home/airflow/.local/lib/python3.12/site-packages/airflow/example_dags/example_latest_only.py for tasks to queue
[2024-12-06T12:35:42.117+0000] {logging_mixin.py:190} INFO - [2024-12-06T12:35:42.115+0000] {dagbag.py:588} INFO - Filling up the DagBag from /home/airflow/.local/lib/python3.12/site-packages/airflow/example_dags/example_latest_only.py
[2024-12-06T12:35:42.135+0000] {processor.py:925} INFO - DAG(s) 'latest_only' retrieved from /home/airflow/.local/lib/python3.12/site-packages/airflow/example_dags/example_latest_only.py
[2024-12-06T12:35:42.191+0000] {logging_mixin.py:190} INFO - [2024-12-06T12:35:42.190+0000] {dag.py:3239} INFO - Sync 1 DAGs
[2024-12-06T12:35:42.230+0000] {logging_mixin.py:190} INFO - [2024-12-06T12:35:42.230+0000] {dag.py:4180} INFO - Setting next_dagrun for latest_only to 2024-12-06 08:00:00+00:00, run_after=2024-12-06 12:00:00+00:00
[2024-12-06T12:35:42.281+0000] {processor.py:208} INFO - Processing /home/airflow/.local/lib/python3.12/site-packages/airflow/example_dags/example_latest_only.py took 0.186 seconds
[2024-12-06T12:36:15.897+0000] {processor.py:186} INFO - Started process (PID=284) to work on /home/airflow/.local/lib/python3.12/site-packages/airflow/example_dags/example_latest_only.py
[2024-12-06T12:36:15.912+0000] {processor.py:914} INFO - Processing file /home/airflow/.local/lib/python3.12/site-packages/airflow/example_dags/example_latest_only.py for tasks to queue
[2024-12-06T12:36:15.920+0000] {logging_mixin.py:190} INFO - [2024-12-06T12:36:15.920+0000] {dagbag.py:588} INFO - Filling up the DagBag from /home/airflow/.local/lib/python3.12/site-packages/airflow/example_dags/example_latest_only.py
[2024-12-06T12:36:15.941+0000] {processor.py:925} INFO - DAG(s) 'latest_only' retrieved from /home/airflow/.local/lib/python3.12/site-packages/airflow/example_dags/example_latest_only.py
[2024-12-06T12:36:15.985+0000] {logging_mixin.py:190} INFO - [2024-12-06T12:36:15.985+0000] {dag.py:3239} INFO - Sync 1 DAGs
[2024-12-06T12:36:16.048+0000] {logging_mixin.py:190} INFO - [2024-12-06T12:36:16.047+0000] {dag.py:4180} INFO - Setting next_dagrun for latest_only to 2024-12-06 08:00:00+00:00, run_after=2024-12-06 12:00:00+00:00
[2024-12-06T12:36:16.104+0000] {processor.py:208} INFO - Processing /home/airflow/.local/lib/python3.12/site-packages/airflow/example_dags/example_latest_only.py took 0.234 seconds
[2024-12-06T12:56:09.005+0000] {processor.py:186} INFO - Started process (PID=314) to work on /home/airflow/.local/lib/python3.12/site-packages/airflow/example_dags/example_latest_only.py
[2024-12-06T12:56:09.007+0000] {processor.py:914} INFO - Processing file /home/airflow/.local/lib/python3.12/site-packages/airflow/example_dags/example_latest_only.py for tasks to queue
[2024-12-06T12:56:09.011+0000] {logging_mixin.py:190} INFO - [2024-12-06T12:56:09.011+0000] {dagbag.py:588} INFO - Filling up the DagBag from /home/airflow/.local/lib/python3.12/site-packages/airflow/example_dags/example_latest_only.py
[2024-12-06T12:56:09.024+0000] {processor.py:925} INFO - DAG(s) 'latest_only' retrieved from /home/airflow/.local/lib/python3.12/site-packages/airflow/example_dags/example_latest_only.py
[2024-12-06T12:56:09.049+0000] {logging_mixin.py:190} INFO - [2024-12-06T12:56:09.049+0000] {dag.py:3239} INFO - Sync 1 DAGs
[2024-12-06T12:56:09.090+0000] {logging_mixin.py:190} INFO - [2024-12-06T12:56:09.089+0000] {dag.py:4180} INFO - Setting next_dagrun for latest_only to 2024-12-06 08:00:00+00:00, run_after=2024-12-06 12:00:00+00:00
[2024-12-06T12:56:09.116+0000] {processor.py:208} INFO - Processing /home/airflow/.local/lib/python3.12/site-packages/airflow/example_dags/example_latest_only.py took 0.120 seconds
[2024-12-06T15:51:14.550+0000] {processor.py:186} INFO - Started process (PID=370) to work on /home/airflow/.local/lib/python3.12/site-packages/airflow/example_dags/example_latest_only.py
[2024-12-06T15:51:14.552+0000] {processor.py:914} INFO - Processing file /home/airflow/.local/lib/python3.12/site-packages/airflow/example_dags/example_latest_only.py for tasks to queue
[2024-12-06T15:51:14.554+0000] {logging_mixin.py:190} INFO - [2024-12-06T15:51:14.553+0000] {dagbag.py:588} INFO - Filling up the DagBag from /home/airflow/.local/lib/python3.12/site-packages/airflow/example_dags/example_latest_only.py
[2024-12-06T15:51:14.561+0000] {processor.py:925} INFO - DAG(s) 'latest_only' retrieved from /home/airflow/.local/lib/python3.12/site-packages/airflow/example_dags/example_latest_only.py
[2024-12-06T15:51:14.582+0000] {logging_mixin.py:190} INFO - [2024-12-06T15:51:14.581+0000] {dag.py:3239} INFO - Sync 1 DAGs
[2024-12-06T15:51:14.609+0000] {logging_mixin.py:190} INFO - [2024-12-06T15:51:14.609+0000] {dag.py:4180} INFO - Setting next_dagrun for latest_only to 2024-12-06 08:00:00+00:00, run_after=2024-12-06 12:00:00+00:00
[2024-12-06T15:51:14.631+0000] {processor.py:208} INFO - Processing /home/airflow/.local/lib/python3.12/site-packages/airflow/example_dags/example_latest_only.py took 0.089 seconds
