[2024-12-06T12:34:42.033+0000] {processor.py:186} INFO - Started process (PID=105) to work on /home/airflow/.local/lib/python3.12/site-packages/airflow/example_dags/example_dynamic_task_mapping_with_no_taskflow_operators.py
[2024-12-06T12:34:42.034+0000] {processor.py:914} INFO - Processing file /home/airflow/.local/lib/python3.12/site-packages/airflow/example_dags/example_dynamic_task_mapping_with_no_taskflow_operators.py for tasks to queue
[2024-12-06T12:34:42.038+0000] {logging_mixin.py:190} INFO - [2024-12-06T12:34:42.037+0000] {dagbag.py:588} INFO - Filling up the DagBag from /home/airflow/.local/lib/python3.12/site-packages/airflow/example_dags/example_dynamic_task_mapping_with_no_taskflow_operators.py
[2024-12-06T12:34:42.050+0000] {processor.py:925} INFO - DAG(s) 'example_dynamic_task_mapping_with_no_taskflow_operators' retrieved from /home/airflow/.local/lib/python3.12/site-packages/airflow/example_dags/example_dynamic_task_mapping_with_no_taskflow_operators.py
[2024-12-06T12:34:42.166+0000] {logging_mixin.py:190} INFO - [2024-12-06T12:34:42.165+0000] {override.py:1911} INFO - Created Permission View: can delete on DAG:example_dynamic_task_mapping_with_no_taskflow_operators
[2024-12-06T12:34:42.189+0000] {logging_mixin.py:190} INFO - [2024-12-06T12:34:42.188+0000] {override.py:1911} INFO - Created Permission View: can edit on DAG:example_dynamic_task_mapping_with_no_taskflow_operators
[2024-12-06T12:34:42.206+0000] {logging_mixin.py:190} INFO - [2024-12-06T12:34:42.205+0000] {override.py:1911} INFO - Created Permission View: can read on DAG:example_dynamic_task_mapping_with_no_taskflow_operators
[2024-12-06T12:34:42.236+0000] {logging_mixin.py:190} INFO - [2024-12-06T12:34:42.236+0000] {override.py:1911} INFO - Created Permission View: can delete on DAG Run:example_dynamic_task_mapping_with_no_taskflow_operators
[2024-12-06T12:34:42.245+0000] {logging_mixin.py:190} INFO - [2024-12-06T12:34:42.244+0000] {override.py:1911} INFO - Created Permission View: can create on DAG Run:example_dynamic_task_mapping_with_no_taskflow_operators
[2024-12-06T12:34:42.252+0000] {logging_mixin.py:190} INFO - [2024-12-06T12:34:42.251+0000] {override.py:1911} INFO - Created Permission View: menu access on DAG Run:example_dynamic_task_mapping_with_no_taskflow_operators
[2024-12-06T12:34:42.259+0000] {logging_mixin.py:190} INFO - [2024-12-06T12:34:42.258+0000] {override.py:1911} INFO - Created Permission View: can read on DAG Run:example_dynamic_task_mapping_with_no_taskflow_operators
[2024-12-06T12:34:42.259+0000] {logging_mixin.py:190} INFO - [2024-12-06T12:34:42.259+0000] {dag.py:3239} INFO - Sync 1 DAGs
[2024-12-06T12:34:42.275+0000] {logging_mixin.py:190} INFO - [2024-12-06T12:34:42.274+0000] {dag.py:3262} INFO - Creating ORM DAG for example_dynamic_task_mapping_with_no_taskflow_operators
[2024-12-06T12:34:42.276+0000] {logging_mixin.py:190} INFO - [2024-12-06T12:34:42.276+0000] {dag.py:4180} INFO - Setting next_dagrun for example_dynamic_task_mapping_with_no_taskflow_operators to None, run_after=None
[2024-12-06T12:34:42.294+0000] {processor.py:208} INFO - Processing /home/airflow/.local/lib/python3.12/site-packages/airflow/example_dags/example_dynamic_task_mapping_with_no_taskflow_operators.py took 0.269 seconds
[2024-12-06T12:35:12.753+0000] {processor.py:186} INFO - Started process (PID=168) to work on /home/airflow/.local/lib/python3.12/site-packages/airflow/example_dags/example_dynamic_task_mapping_with_no_taskflow_operators.py
[2024-12-06T12:35:12.755+0000] {processor.py:914} INFO - Processing file /home/airflow/.local/lib/python3.12/site-packages/airflow/example_dags/example_dynamic_task_mapping_with_no_taskflow_operators.py for tasks to queue
[2024-12-06T12:35:12.758+0000] {logging_mixin.py:190} INFO - [2024-12-06T12:35:12.758+0000] {dagbag.py:588} INFO - Filling up the DagBag from /home/airflow/.local/lib/python3.12/site-packages/airflow/example_dags/example_dynamic_task_mapping_with_no_taskflow_operators.py
[2024-12-06T12:35:12.766+0000] {processor.py:925} INFO - DAG(s) 'example_dynamic_task_mapping_with_no_taskflow_operators' retrieved from /home/airflow/.local/lib/python3.12/site-packages/airflow/example_dags/example_dynamic_task_mapping_with_no_taskflow_operators.py
[2024-12-06T12:35:12.787+0000] {logging_mixin.py:190} INFO - [2024-12-06T12:35:12.787+0000] {dag.py:3239} INFO - Sync 1 DAGs
[2024-12-06T12:35:12.801+0000] {logging_mixin.py:190} INFO - [2024-12-06T12:35:12.801+0000] {dag.py:4180} INFO - Setting next_dagrun for example_dynamic_task_mapping_with_no_taskflow_operators to None, run_after=None
[2024-12-06T12:35:12.822+0000] {processor.py:208} INFO - Processing /home/airflow/.local/lib/python3.12/site-packages/airflow/example_dags/example_dynamic_task_mapping_with_no_taskflow_operators.py took 0.076 seconds
[2024-12-06T12:35:43.625+0000] {processor.py:186} INFO - Started process (PID=231) to work on /home/airflow/.local/lib/python3.12/site-packages/airflow/example_dags/example_dynamic_task_mapping_with_no_taskflow_operators.py
[2024-12-06T12:35:43.629+0000] {processor.py:914} INFO - Processing file /home/airflow/.local/lib/python3.12/site-packages/airflow/example_dags/example_dynamic_task_mapping_with_no_taskflow_operators.py for tasks to queue
[2024-12-06T12:35:43.638+0000] {logging_mixin.py:190} INFO - [2024-12-06T12:35:43.637+0000] {dagbag.py:588} INFO - Filling up the DagBag from /home/airflow/.local/lib/python3.12/site-packages/airflow/example_dags/example_dynamic_task_mapping_with_no_taskflow_operators.py
[2024-12-06T12:35:43.652+0000] {processor.py:925} INFO - DAG(s) 'example_dynamic_task_mapping_with_no_taskflow_operators' retrieved from /home/airflow/.local/lib/python3.12/site-packages/airflow/example_dags/example_dynamic_task_mapping_with_no_taskflow_operators.py
[2024-12-06T12:35:43.677+0000] {logging_mixin.py:190} INFO - [2024-12-06T12:35:43.677+0000] {dag.py:3239} INFO - Sync 1 DAGs
[2024-12-06T12:35:43.697+0000] {logging_mixin.py:190} INFO - [2024-12-06T12:35:43.696+0000] {dag.py:4180} INFO - Setting next_dagrun for example_dynamic_task_mapping_with_no_taskflow_operators to None, run_after=None
[2024-12-06T12:35:43.750+0000] {processor.py:208} INFO - Processing /home/airflow/.local/lib/python3.12/site-packages/airflow/example_dags/example_dynamic_task_mapping_with_no_taskflow_operators.py took 0.148 seconds
[2024-12-06T12:56:06.716+0000] {processor.py:186} INFO - Started process (PID=294) to work on /home/airflow/.local/lib/python3.12/site-packages/airflow/example_dags/example_dynamic_task_mapping_with_no_taskflow_operators.py
[2024-12-06T12:56:06.731+0000] {processor.py:914} INFO - Processing file /home/airflow/.local/lib/python3.12/site-packages/airflow/example_dags/example_dynamic_task_mapping_with_no_taskflow_operators.py for tasks to queue
[2024-12-06T12:56:06.733+0000] {logging_mixin.py:190} INFO - [2024-12-06T12:56:06.732+0000] {dagbag.py:588} INFO - Filling up the DagBag from /home/airflow/.local/lib/python3.12/site-packages/airflow/example_dags/example_dynamic_task_mapping_with_no_taskflow_operators.py
[2024-12-06T12:56:06.743+0000] {processor.py:925} INFO - DAG(s) 'example_dynamic_task_mapping_with_no_taskflow_operators' retrieved from /home/airflow/.local/lib/python3.12/site-packages/airflow/example_dags/example_dynamic_task_mapping_with_no_taskflow_operators.py
[2024-12-06T12:56:06.763+0000] {logging_mixin.py:190} INFO - [2024-12-06T12:56:06.762+0000] {dag.py:3239} INFO - Sync 1 DAGs
[2024-12-06T12:56:06.781+0000] {logging_mixin.py:190} INFO - [2024-12-06T12:56:06.781+0000] {dag.py:4180} INFO - Setting next_dagrun for example_dynamic_task_mapping_with_no_taskflow_operators to None, run_after=None
[2024-12-06T12:56:06.803+0000] {processor.py:208} INFO - Processing /home/airflow/.local/lib/python3.12/site-packages/airflow/example_dags/example_dynamic_task_mapping_with_no_taskflow_operators.py took 0.092 seconds
[2024-12-06T15:51:15.443+0000] {processor.py:186} INFO - Started process (PID=379) to work on /home/airflow/.local/lib/python3.12/site-packages/airflow/example_dags/example_dynamic_task_mapping_with_no_taskflow_operators.py
[2024-12-06T15:51:15.445+0000] {processor.py:914} INFO - Processing file /home/airflow/.local/lib/python3.12/site-packages/airflow/example_dags/example_dynamic_task_mapping_with_no_taskflow_operators.py for tasks to queue
[2024-12-06T15:51:15.446+0000] {logging_mixin.py:190} INFO - [2024-12-06T15:51:15.446+0000] {dagbag.py:588} INFO - Filling up the DagBag from /home/airflow/.local/lib/python3.12/site-packages/airflow/example_dags/example_dynamic_task_mapping_with_no_taskflow_operators.py
[2024-12-06T15:51:15.455+0000] {processor.py:925} INFO - DAG(s) 'example_dynamic_task_mapping_with_no_taskflow_operators' retrieved from /home/airflow/.local/lib/python3.12/site-packages/airflow/example_dags/example_dynamic_task_mapping_with_no_taskflow_operators.py
[2024-12-06T15:51:15.483+0000] {logging_mixin.py:190} INFO - [2024-12-06T15:51:15.483+0000] {dag.py:3239} INFO - Sync 1 DAGs
[2024-12-06T15:51:15.496+0000] {logging_mixin.py:190} INFO - [2024-12-06T15:51:15.496+0000] {dag.py:4180} INFO - Setting next_dagrun for example_dynamic_task_mapping_with_no_taskflow_operators to None, run_after=None
[2024-12-06T15:51:15.517+0000] {processor.py:208} INFO - Processing /home/airflow/.local/lib/python3.12/site-packages/airflow/example_dags/example_dynamic_task_mapping_with_no_taskflow_operators.py took 0.081 seconds
