[2024-12-06T12:34:45.006+0000] {processor.py:186} INFO - Started process (PID=109) to work on /home/airflow/.local/lib/python3.12/site-packages/airflow/example_dags/example_sensors.py
[2024-12-06T12:34:45.011+0000] {processor.py:914} INFO - Processing file /home/airflow/.local/lib/python3.12/site-packages/airflow/example_dags/example_sensors.py for tasks to queue
[2024-12-06T12:34:45.019+0000] {logging_mixin.py:190} INFO - [2024-12-06T12:34:45.017+0000] {dagbag.py:588} INFO - Filling up the DagBag from /home/airflow/.local/lib/python3.12/site-packages/airflow/example_dags/example_sensors.py
[2024-12-06T12:34:45.039+0000] {processor.py:925} INFO - DAG(s) 'example_sensors' retrieved from /home/airflow/.local/lib/python3.12/site-packages/airflow/example_dags/example_sensors.py
[2024-12-06T12:34:45.193+0000] {logging_mixin.py:190} INFO - [2024-12-06T12:34:45.192+0000] {override.py:1911} INFO - Created Permission View: can delete on DAG:example_sensors
[2024-12-06T12:34:45.214+0000] {logging_mixin.py:190} INFO - [2024-12-06T12:34:45.213+0000] {override.py:1911} INFO - Created Permission View: can edit on DAG:example_sensors
[2024-12-06T12:34:45.256+0000] {logging_mixin.py:190} INFO - [2024-12-06T12:34:45.255+0000] {override.py:1911} INFO - Created Permission View: can read on DAG:example_sensors
[2024-12-06T12:34:45.306+0000] {logging_mixin.py:190} INFO - [2024-12-06T12:34:45.305+0000] {override.py:1911} INFO - Created Permission View: can delete on DAG Run:example_sensors
[2024-12-06T12:34:45.345+0000] {logging_mixin.py:190} INFO - [2024-12-06T12:34:45.344+0000] {override.py:1911} INFO - Created Permission View: can create on DAG Run:example_sensors
[2024-12-06T12:34:45.356+0000] {logging_mixin.py:190} INFO - [2024-12-06T12:34:45.355+0000] {override.py:1911} INFO - Created Permission View: menu access on DAG Run:example_sensors
[2024-12-06T12:34:45.367+0000] {logging_mixin.py:190} INFO - [2024-12-06T12:34:45.367+0000] {override.py:1911} INFO - Created Permission View: can read on DAG Run:example_sensors
[2024-12-06T12:34:45.368+0000] {logging_mixin.py:190} INFO - [2024-12-06T12:34:45.368+0000] {dag.py:3239} INFO - Sync 1 DAGs
[2024-12-06T12:34:45.393+0000] {logging_mixin.py:190} INFO - [2024-12-06T12:34:45.393+0000] {dag.py:3262} INFO - Creating ORM DAG for example_sensors
[2024-12-06T12:34:45.394+0000] {logging_mixin.py:190} INFO - [2024-12-06T12:34:45.394+0000] {dag.py:4180} INFO - Setting next_dagrun for example_sensors to None, run_after=None
[2024-12-06T12:34:45.412+0000] {processor.py:208} INFO - Processing /home/airflow/.local/lib/python3.12/site-packages/airflow/example_dags/example_sensors.py took 0.421 seconds
[2024-12-06T12:35:16.050+0000] {processor.py:186} INFO - Started process (PID=172) to work on /home/airflow/.local/lib/python3.12/site-packages/airflow/example_dags/example_sensors.py
[2024-12-06T12:35:16.051+0000] {processor.py:914} INFO - Processing file /home/airflow/.local/lib/python3.12/site-packages/airflow/example_dags/example_sensors.py for tasks to queue
[2024-12-06T12:35:16.054+0000] {logging_mixin.py:190} INFO - [2024-12-06T12:35:16.053+0000] {dagbag.py:588} INFO - Filling up the DagBag from /home/airflow/.local/lib/python3.12/site-packages/airflow/example_dags/example_sensors.py
[2024-12-06T12:35:16.065+0000] {processor.py:925} INFO - DAG(s) 'example_sensors' retrieved from /home/airflow/.local/lib/python3.12/site-packages/airflow/example_dags/example_sensors.py
[2024-12-06T12:35:16.102+0000] {logging_mixin.py:190} INFO - [2024-12-06T12:35:16.100+0000] {dag.py:3239} INFO - Sync 1 DAGs
[2024-12-06T12:35:16.127+0000] {logging_mixin.py:190} INFO - [2024-12-06T12:35:16.127+0000] {dag.py:4180} INFO - Setting next_dagrun for example_sensors to None, run_after=None
[2024-12-06T12:35:16.153+0000] {processor.py:208} INFO - Processing /home/airflow/.local/lib/python3.12/site-packages/airflow/example_dags/example_sensors.py took 0.108 seconds
[2024-12-06T12:35:46.889+0000] {processor.py:186} INFO - Started process (PID=234) to work on /home/airflow/.local/lib/python3.12/site-packages/airflow/example_dags/example_sensors.py
[2024-12-06T12:35:46.891+0000] {processor.py:914} INFO - Processing file /home/airflow/.local/lib/python3.12/site-packages/airflow/example_dags/example_sensors.py for tasks to queue
[2024-12-06T12:35:46.895+0000] {logging_mixin.py:190} INFO - [2024-12-06T12:35:46.894+0000] {dagbag.py:588} INFO - Filling up the DagBag from /home/airflow/.local/lib/python3.12/site-packages/airflow/example_dags/example_sensors.py
[2024-12-06T12:35:46.918+0000] {processor.py:925} INFO - DAG(s) 'example_sensors' retrieved from /home/airflow/.local/lib/python3.12/site-packages/airflow/example_dags/example_sensors.py
[2024-12-06T12:35:46.954+0000] {logging_mixin.py:190} INFO - [2024-12-06T12:35:46.954+0000] {dag.py:3239} INFO - Sync 1 DAGs
[2024-12-06T12:35:46.970+0000] {logging_mixin.py:190} INFO - [2024-12-06T12:35:46.970+0000] {dag.py:4180} INFO - Setting next_dagrun for example_sensors to None, run_after=None
[2024-12-06T12:35:46.994+0000] {processor.py:208} INFO - Processing /home/airflow/.local/lib/python3.12/site-packages/airflow/example_dags/example_sensors.py took 0.123 seconds
[2024-12-06T12:56:09.464+0000] {processor.py:186} INFO - Started process (PID=326) to work on /home/airflow/.local/lib/python3.12/site-packages/airflow/example_dags/example_sensors.py
[2024-12-06T12:56:09.480+0000] {processor.py:914} INFO - Processing file /home/airflow/.local/lib/python3.12/site-packages/airflow/example_dags/example_sensors.py for tasks to queue
[2024-12-06T12:56:09.482+0000] {logging_mixin.py:190} INFO - [2024-12-06T12:56:09.482+0000] {dagbag.py:588} INFO - Filling up the DagBag from /home/airflow/.local/lib/python3.12/site-packages/airflow/example_dags/example_sensors.py
[2024-12-06T12:56:09.499+0000] {processor.py:925} INFO - DAG(s) 'example_sensors' retrieved from /home/airflow/.local/lib/python3.12/site-packages/airflow/example_dags/example_sensors.py
[2024-12-06T12:56:09.530+0000] {logging_mixin.py:190} INFO - [2024-12-06T12:56:09.529+0000] {dag.py:3239} INFO - Sync 1 DAGs
[2024-12-06T12:56:09.550+0000] {logging_mixin.py:190} INFO - [2024-12-06T12:56:09.549+0000] {dag.py:4180} INFO - Setting next_dagrun for example_sensors to None, run_after=None
[2024-12-06T12:56:09.575+0000] {processor.py:208} INFO - Processing /home/airflow/.local/lib/python3.12/site-packages/airflow/example_dags/example_sensors.py took 0.122 seconds
[2024-12-06T15:51:15.836+0000] {processor.py:186} INFO - Started process (PID=383) to work on /home/airflow/.local/lib/python3.12/site-packages/airflow/example_dags/example_sensors.py
[2024-12-06T15:51:15.842+0000] {processor.py:914} INFO - Processing file /home/airflow/.local/lib/python3.12/site-packages/airflow/example_dags/example_sensors.py for tasks to queue
[2024-12-06T15:51:15.843+0000] {logging_mixin.py:190} INFO - [2024-12-06T15:51:15.843+0000] {dagbag.py:588} INFO - Filling up the DagBag from /home/airflow/.local/lib/python3.12/site-packages/airflow/example_dags/example_sensors.py
[2024-12-06T15:51:15.855+0000] {processor.py:925} INFO - DAG(s) 'example_sensors' retrieved from /home/airflow/.local/lib/python3.12/site-packages/airflow/example_dags/example_sensors.py
[2024-12-06T15:51:15.882+0000] {logging_mixin.py:190} INFO - [2024-12-06T15:51:15.882+0000] {dag.py:3239} INFO - Sync 1 DAGs
[2024-12-06T15:51:15.897+0000] {logging_mixin.py:190} INFO - [2024-12-06T15:51:15.896+0000] {dag.py:4180} INFO - Setting next_dagrun for example_sensors to None, run_after=None
[2024-12-06T15:51:15.928+0000] {processor.py:208} INFO - Processing /home/airflow/.local/lib/python3.12/site-packages/airflow/example_dags/example_sensors.py took 0.099 seconds
