[2024-12-06T12:34:48.184+0000] {processor.py:186} INFO - Started process (PID=122) to work on /home/airflow/.local/lib/python3.12/site-packages/airflow/example_dags/example_branch_labels.py
[2024-12-06T12:34:48.187+0000] {processor.py:914} INFO - Processing file /home/airflow/.local/lib/python3.12/site-packages/airflow/example_dags/example_branch_labels.py for tasks to queue
[2024-12-06T12:34:48.192+0000] {logging_mixin.py:190} INFO - [2024-12-06T12:34:48.192+0000] {dagbag.py:588} INFO - Filling up the DagBag from /home/airflow/.local/lib/python3.12/site-packages/airflow/example_dags/example_branch_labels.py
[2024-12-06T12:34:48.206+0000] {processor.py:925} INFO - DAG(s) 'example_branch_labels' retrieved from /home/airflow/.local/lib/python3.12/site-packages/airflow/example_dags/example_branch_labels.py
[2024-12-06T12:34:48.332+0000] {logging_mixin.py:190} INFO - [2024-12-06T12:34:48.330+0000] {override.py:1911} INFO - Created Permission View: can delete on DAG:example_branch_labels
[2024-12-06T12:34:48.345+0000] {logging_mixin.py:190} INFO - [2024-12-06T12:34:48.345+0000] {override.py:1911} INFO - Created Permission View: can edit on DAG:example_branch_labels
[2024-12-06T12:34:48.355+0000] {logging_mixin.py:190} INFO - [2024-12-06T12:34:48.355+0000] {override.py:1911} INFO - Created Permission View: can read on DAG:example_branch_labels
[2024-12-06T12:34:48.365+0000] {logging_mixin.py:190} INFO - [2024-12-06T12:34:48.365+0000] {override.py:1911} INFO - Created Permission View: can delete on DAG Run:example_branch_labels
[2024-12-06T12:34:48.375+0000] {logging_mixin.py:190} INFO - [2024-12-06T12:34:48.374+0000] {override.py:1911} INFO - Created Permission View: can create on DAG Run:example_branch_labels
[2024-12-06T12:34:48.389+0000] {logging_mixin.py:190} INFO - [2024-12-06T12:34:48.387+0000] {override.py:1911} INFO - Created Permission View: menu access on DAG Run:example_branch_labels
[2024-12-06T12:34:48.406+0000] {logging_mixin.py:190} INFO - [2024-12-06T12:34:48.406+0000] {override.py:1911} INFO - Created Permission View: can read on DAG Run:example_branch_labels
[2024-12-06T12:34:48.408+0000] {logging_mixin.py:190} INFO - [2024-12-06T12:34:48.407+0000] {dag.py:3239} INFO - Sync 1 DAGs
[2024-12-06T12:34:48.426+0000] {logging_mixin.py:190} INFO - [2024-12-06T12:34:48.425+0000] {dag.py:3262} INFO - Creating ORM DAG for example_branch_labels
[2024-12-06T12:34:48.438+0000] {logging_mixin.py:190} INFO - [2024-12-06T12:34:48.438+0000] {dag.py:4180} INFO - Setting next_dagrun for example_branch_labels to 2024-12-05 00:00:00+00:00, run_after=2024-12-06 00:00:00+00:00
[2024-12-06T12:34:48.459+0000] {processor.py:208} INFO - Processing /home/airflow/.local/lib/python3.12/site-packages/airflow/example_dags/example_branch_labels.py took 0.284 seconds
[2024-12-06T12:35:18.616+0000] {processor.py:186} INFO - Started process (PID=185) to work on /home/airflow/.local/lib/python3.12/site-packages/airflow/example_dags/example_branch_labels.py
[2024-12-06T12:35:18.619+0000] {processor.py:914} INFO - Processing file /home/airflow/.local/lib/python3.12/site-packages/airflow/example_dags/example_branch_labels.py for tasks to queue
[2024-12-06T12:35:18.625+0000] {logging_mixin.py:190} INFO - [2024-12-06T12:35:18.625+0000] {dagbag.py:588} INFO - Filling up the DagBag from /home/airflow/.local/lib/python3.12/site-packages/airflow/example_dags/example_branch_labels.py
[2024-12-06T12:35:18.638+0000] {processor.py:925} INFO - DAG(s) 'example_branch_labels' retrieved from /home/airflow/.local/lib/python3.12/site-packages/airflow/example_dags/example_branch_labels.py
[2024-12-06T12:35:18.661+0000] {logging_mixin.py:190} INFO - [2024-12-06T12:35:18.661+0000] {dag.py:3239} INFO - Sync 1 DAGs
[2024-12-06T12:35:18.688+0000] {logging_mixin.py:190} INFO - [2024-12-06T12:35:18.688+0000] {dag.py:4180} INFO - Setting next_dagrun for example_branch_labels to 2024-12-05 00:00:00+00:00, run_after=2024-12-06 00:00:00+00:00
[2024-12-06T12:35:18.711+0000] {processor.py:208} INFO - Processing /home/airflow/.local/lib/python3.12/site-packages/airflow/example_dags/example_branch_labels.py took 0.102 seconds
[2024-12-06T12:35:49.666+0000] {processor.py:186} INFO - Started process (PID=248) to work on /home/airflow/.local/lib/python3.12/site-packages/airflow/example_dags/example_branch_labels.py
[2024-12-06T12:35:49.668+0000] {processor.py:914} INFO - Processing file /home/airflow/.local/lib/python3.12/site-packages/airflow/example_dags/example_branch_labels.py for tasks to queue
[2024-12-06T12:35:49.671+0000] {logging_mixin.py:190} INFO - [2024-12-06T12:35:49.671+0000] {dagbag.py:588} INFO - Filling up the DagBag from /home/airflow/.local/lib/python3.12/site-packages/airflow/example_dags/example_branch_labels.py
[2024-12-06T12:35:49.681+0000] {processor.py:925} INFO - DAG(s) 'example_branch_labels' retrieved from /home/airflow/.local/lib/python3.12/site-packages/airflow/example_dags/example_branch_labels.py
[2024-12-06T12:35:49.705+0000] {logging_mixin.py:190} INFO - [2024-12-06T12:35:49.705+0000] {dag.py:3239} INFO - Sync 1 DAGs
[2024-12-06T12:35:49.729+0000] {logging_mixin.py:190} INFO - [2024-12-06T12:35:49.729+0000] {dag.py:4180} INFO - Setting next_dagrun for example_branch_labels to 2024-12-05 00:00:00+00:00, run_after=2024-12-06 00:00:00+00:00
[2024-12-06T12:35:49.753+0000] {processor.py:208} INFO - Processing /home/airflow/.local/lib/python3.12/site-packages/airflow/example_dags/example_branch_labels.py took 0.095 seconds
[2024-12-06T15:51:10.256+0000] {processor.py:186} INFO - Started process (PID=339) to work on /home/airflow/.local/lib/python3.12/site-packages/airflow/example_dags/example_branch_labels.py
[2024-12-06T15:51:10.257+0000] {processor.py:914} INFO - Processing file /home/airflow/.local/lib/python3.12/site-packages/airflow/example_dags/example_branch_labels.py for tasks to queue
[2024-12-06T15:51:10.259+0000] {logging_mixin.py:190} INFO - [2024-12-06T15:51:10.258+0000] {dagbag.py:588} INFO - Filling up the DagBag from /home/airflow/.local/lib/python3.12/site-packages/airflow/example_dags/example_branch_labels.py
[2024-12-06T15:51:10.271+0000] {processor.py:925} INFO - DAG(s) 'example_branch_labels' retrieved from /home/airflow/.local/lib/python3.12/site-packages/airflow/example_dags/example_branch_labels.py
[2024-12-06T15:51:10.315+0000] {logging_mixin.py:190} INFO - [2024-12-06T15:51:10.315+0000] {dag.py:3239} INFO - Sync 1 DAGs
[2024-12-06T15:51:10.352+0000] {logging_mixin.py:190} INFO - [2024-12-06T15:51:10.352+0000] {dag.py:4180} INFO - Setting next_dagrun for example_branch_labels to 2024-12-05 00:00:00+00:00, run_after=2024-12-06 00:00:00+00:00
[2024-12-06T15:51:10.387+0000] {processor.py:208} INFO - Processing /home/airflow/.local/lib/python3.12/site-packages/airflow/example_dags/example_branch_labels.py took 0.139 seconds
