[2024-12-06T12:34:48.858+0000] {processor.py:186} INFO - Started process (PID=126) to work on /home/airflow/.local/lib/python3.12/site-packages/airflow/example_dags/example_branch_operator_decorator.py
[2024-12-06T12:34:48.859+0000] {processor.py:914} INFO - Processing file /home/airflow/.local/lib/python3.12/site-packages/airflow/example_dags/example_branch_operator_decorator.py for tasks to queue
[2024-12-06T12:34:48.864+0000] {logging_mixin.py:190} INFO - [2024-12-06T12:34:48.863+0000] {dagbag.py:588} INFO - Filling up the DagBag from /home/airflow/.local/lib/python3.12/site-packages/airflow/example_dags/example_branch_operator_decorator.py
[2024-12-06T12:34:48.893+0000] {processor.py:925} INFO - DAG(s) 'example_branch_python_operator_decorator' retrieved from /home/airflow/.local/lib/python3.12/site-packages/airflow/example_dags/example_branch_operator_decorator.py
[2024-12-06T12:34:49.050+0000] {logging_mixin.py:190} INFO - [2024-12-06T12:34:49.048+0000] {override.py:1911} INFO - Created Permission View: can delete on DAG:example_branch_python_operator_decorator
[2024-12-06T12:34:49.070+0000] {logging_mixin.py:190} INFO - [2024-12-06T12:34:49.069+0000] {override.py:1911} INFO - Created Permission View: can edit on DAG:example_branch_python_operator_decorator
[2024-12-06T12:34:49.078+0000] {logging_mixin.py:190} INFO - [2024-12-06T12:34:49.078+0000] {override.py:1911} INFO - Created Permission View: can read on DAG:example_branch_python_operator_decorator
[2024-12-06T12:34:49.089+0000] {logging_mixin.py:190} INFO - [2024-12-06T12:34:49.089+0000] {override.py:1911} INFO - Created Permission View: can delete on DAG Run:example_branch_python_operator_decorator
[2024-12-06T12:34:49.098+0000] {logging_mixin.py:190} INFO - [2024-12-06T12:34:49.097+0000] {override.py:1911} INFO - Created Permission View: can create on DAG Run:example_branch_python_operator_decorator
[2024-12-06T12:34:49.105+0000] {logging_mixin.py:190} INFO - [2024-12-06T12:34:49.105+0000] {override.py:1911} INFO - Created Permission View: menu access on DAG Run:example_branch_python_operator_decorator
[2024-12-06T12:34:49.115+0000] {logging_mixin.py:190} INFO - [2024-12-06T12:34:49.114+0000] {override.py:1911} INFO - Created Permission View: can read on DAG Run:example_branch_python_operator_decorator
[2024-12-06T12:34:49.115+0000] {logging_mixin.py:190} INFO - [2024-12-06T12:34:49.115+0000] {dag.py:3239} INFO - Sync 1 DAGs
[2024-12-06T12:34:49.130+0000] {logging_mixin.py:190} INFO - [2024-12-06T12:34:49.130+0000] {dag.py:3262} INFO - Creating ORM DAG for example_branch_python_operator_decorator
[2024-12-06T12:34:49.146+0000] {logging_mixin.py:190} INFO - [2024-12-06T12:34:49.146+0000] {dag.py:4180} INFO - Setting next_dagrun for example_branch_python_operator_decorator to 2024-12-05 00:00:00+00:00, run_after=2024-12-06 00:00:00+00:00
[2024-12-06T12:34:49.179+0000] {processor.py:208} INFO - Processing /home/airflow/.local/lib/python3.12/site-packages/airflow/example_dags/example_branch_operator_decorator.py took 0.329 seconds
[2024-12-06T12:35:20.044+0000] {processor.py:186} INFO - Started process (PID=189) to work on /home/airflow/.local/lib/python3.12/site-packages/airflow/example_dags/example_branch_operator_decorator.py
[2024-12-06T12:35:20.045+0000] {processor.py:914} INFO - Processing file /home/airflow/.local/lib/python3.12/site-packages/airflow/example_dags/example_branch_operator_decorator.py for tasks to queue
[2024-12-06T12:35:20.048+0000] {logging_mixin.py:190} INFO - [2024-12-06T12:35:20.047+0000] {dagbag.py:588} INFO - Filling up the DagBag from /home/airflow/.local/lib/python3.12/site-packages/airflow/example_dags/example_branch_operator_decorator.py
[2024-12-06T12:35:20.068+0000] {processor.py:925} INFO - DAG(s) 'example_branch_python_operator_decorator' retrieved from /home/airflow/.local/lib/python3.12/site-packages/airflow/example_dags/example_branch_operator_decorator.py
[2024-12-06T12:35:20.095+0000] {logging_mixin.py:190} INFO - [2024-12-06T12:35:20.095+0000] {dag.py:3239} INFO - Sync 1 DAGs
[2024-12-06T12:35:20.118+0000] {logging_mixin.py:190} INFO - [2024-12-06T12:35:20.118+0000] {dag.py:4180} INFO - Setting next_dagrun for example_branch_python_operator_decorator to 2024-12-05 00:00:00+00:00, run_after=2024-12-06 00:00:00+00:00
[2024-12-06T12:35:20.153+0000] {processor.py:208} INFO - Processing /home/airflow/.local/lib/python3.12/site-packages/airflow/example_dags/example_branch_operator_decorator.py took 0.115 seconds
[2024-12-06T12:35:51.138+0000] {processor.py:186} INFO - Started process (PID=255) to work on /home/airflow/.local/lib/python3.12/site-packages/airflow/example_dags/example_branch_operator_decorator.py
[2024-12-06T12:35:51.140+0000] {processor.py:914} INFO - Processing file /home/airflow/.local/lib/python3.12/site-packages/airflow/example_dags/example_branch_operator_decorator.py for tasks to queue
[2024-12-06T12:35:51.143+0000] {logging_mixin.py:190} INFO - [2024-12-06T12:35:51.143+0000] {dagbag.py:588} INFO - Filling up the DagBag from /home/airflow/.local/lib/python3.12/site-packages/airflow/example_dags/example_branch_operator_decorator.py
[2024-12-06T12:35:51.181+0000] {processor.py:925} INFO - DAG(s) 'example_branch_python_operator_decorator' retrieved from /home/airflow/.local/lib/python3.12/site-packages/airflow/example_dags/example_branch_operator_decorator.py
[2024-12-06T12:35:51.211+0000] {logging_mixin.py:190} INFO - [2024-12-06T12:35:51.211+0000] {dag.py:3239} INFO - Sync 1 DAGs
[2024-12-06T12:35:51.239+0000] {logging_mixin.py:190} INFO - [2024-12-06T12:35:51.238+0000] {dag.py:4180} INFO - Setting next_dagrun for example_branch_python_operator_decorator to 2024-12-05 00:00:00+00:00, run_after=2024-12-06 00:00:00+00:00
[2024-12-06T12:35:51.259+0000] {processor.py:208} INFO - Processing /home/airflow/.local/lib/python3.12/site-packages/airflow/example_dags/example_branch_operator_decorator.py took 0.132 seconds
[2024-12-06T15:51:10.711+0000] {processor.py:186} INFO - Started process (PID=343) to work on /home/airflow/.local/lib/python3.12/site-packages/airflow/example_dags/example_branch_operator_decorator.py
[2024-12-06T15:51:10.712+0000] {processor.py:914} INFO - Processing file /home/airflow/.local/lib/python3.12/site-packages/airflow/example_dags/example_branch_operator_decorator.py for tasks to queue
[2024-12-06T15:51:10.714+0000] {logging_mixin.py:190} INFO - [2024-12-06T15:51:10.713+0000] {dagbag.py:588} INFO - Filling up the DagBag from /home/airflow/.local/lib/python3.12/site-packages/airflow/example_dags/example_branch_operator_decorator.py
[2024-12-06T15:51:10.735+0000] {processor.py:925} INFO - DAG(s) 'example_branch_python_operator_decorator' retrieved from /home/airflow/.local/lib/python3.12/site-packages/airflow/example_dags/example_branch_operator_decorator.py
[2024-12-06T15:51:10.767+0000] {logging_mixin.py:190} INFO - [2024-12-06T15:51:10.766+0000] {dag.py:3239} INFO - Sync 1 DAGs
[2024-12-06T15:51:10.796+0000] {logging_mixin.py:190} INFO - [2024-12-06T15:51:10.796+0000] {dag.py:4180} INFO - Setting next_dagrun for example_branch_python_operator_decorator to 2024-12-05 00:00:00+00:00, run_after=2024-12-06 00:00:00+00:00
[2024-12-06T15:51:10.819+0000] {processor.py:208} INFO - Processing /home/airflow/.local/lib/python3.12/site-packages/airflow/example_dags/example_branch_operator_decorator.py took 0.115 seconds
