[2024-12-06T12:34:18.653+0000] {processor.py:186} INFO - Started process (PID=77) to work on /home/airflow/.local/lib/python3.12/site-packages/airflow/example_dags/example_skip_dag.py
[2024-12-06T12:34:18.665+0000] {processor.py:914} INFO - Processing file /home/airflow/.local/lib/python3.12/site-packages/airflow/example_dags/example_skip_dag.py for tasks to queue
[2024-12-06T12:34:18.676+0000] {logging_mixin.py:190} INFO - [2024-12-06T12:34:18.675+0000] {dagbag.py:588} INFO - Filling up the DagBag from /home/airflow/.local/lib/python3.12/site-packages/airflow/example_dags/example_skip_dag.py
[2024-12-06T12:34:18.737+0000] {processor.py:925} INFO - DAG(s) 'example_skip_dag' retrieved from /home/airflow/.local/lib/python3.12/site-packages/airflow/example_dags/example_skip_dag.py
[2024-12-06T12:34:19.530+0000] {logging_mixin.py:190} INFO - [2024-12-06T12:34:19.515+0000] {override.py:1911} INFO - Created Permission View: can delete on DAG:example_skip_dag
[2024-12-06T12:34:19.590+0000] {logging_mixin.py:190} INFO - [2024-12-06T12:34:19.589+0000] {override.py:1911} INFO - Created Permission View: can edit on DAG:example_skip_dag
[2024-12-06T12:34:19.655+0000] {logging_mixin.py:190} INFO - [2024-12-06T12:34:19.655+0000] {override.py:1911} INFO - Created Permission View: can read on DAG:example_skip_dag
[2024-12-06T12:34:19.701+0000] {logging_mixin.py:190} INFO - [2024-12-06T12:34:19.701+0000] {override.py:1911} INFO - Created Permission View: can delete on DAG Run:example_skip_dag
[2024-12-06T12:34:19.732+0000] {logging_mixin.py:190} INFO - [2024-12-06T12:34:19.732+0000] {override.py:1911} INFO - Created Permission View: can create on DAG Run:example_skip_dag
[2024-12-06T12:34:19.797+0000] {logging_mixin.py:190} INFO - [2024-12-06T12:34:19.796+0000] {override.py:1911} INFO - Created Permission View: menu access on DAG Run:example_skip_dag
[2024-12-06T12:34:19.820+0000] {logging_mixin.py:190} INFO - [2024-12-06T12:34:19.816+0000] {override.py:1911} INFO - Created Permission View: can read on DAG Run:example_skip_dag
[2024-12-06T12:34:19.824+0000] {logging_mixin.py:190} INFO - [2024-12-06T12:34:19.823+0000] {dag.py:3239} INFO - Sync 1 DAGs
[2024-12-06T12:34:20.013+0000] {logging_mixin.py:190} INFO - [2024-12-06T12:34:20.011+0000] {dag.py:3262} INFO - Creating ORM DAG for example_skip_dag
[2024-12-06T12:34:20.085+0000] {logging_mixin.py:190} INFO - [2024-12-06T12:34:20.084+0000] {dag.py:4180} INFO - Setting next_dagrun for example_skip_dag to 2024-12-05 00:00:00+00:00, run_after=2024-12-06 00:00:00+00:00
[2024-12-06T12:34:20.226+0000] {processor.py:208} INFO - Processing /home/airflow/.local/lib/python3.12/site-packages/airflow/example_dags/example_skip_dag.py took 1.590 seconds
[2024-12-06T12:34:51.272+0000] {processor.py:186} INFO - Started process (PID=146) to work on /home/airflow/.local/lib/python3.12/site-packages/airflow/example_dags/example_skip_dag.py
[2024-12-06T12:34:51.275+0000] {processor.py:914} INFO - Processing file /home/airflow/.local/lib/python3.12/site-packages/airflow/example_dags/example_skip_dag.py for tasks to queue
[2024-12-06T12:34:51.281+0000] {logging_mixin.py:190} INFO - [2024-12-06T12:34:51.280+0000] {dagbag.py:588} INFO - Filling up the DagBag from /home/airflow/.local/lib/python3.12/site-packages/airflow/example_dags/example_skip_dag.py
[2024-12-06T12:34:51.301+0000] {processor.py:925} INFO - DAG(s) 'example_skip_dag' retrieved from /home/airflow/.local/lib/python3.12/site-packages/airflow/example_dags/example_skip_dag.py
[2024-12-06T12:34:51.358+0000] {logging_mixin.py:190} INFO - [2024-12-06T12:34:51.358+0000] {dag.py:3239} INFO - Sync 1 DAGs
[2024-12-06T12:34:51.407+0000] {logging_mixin.py:190} INFO - [2024-12-06T12:34:51.407+0000] {dag.py:4180} INFO - Setting next_dagrun for example_skip_dag to 2024-12-05 00:00:00+00:00, run_after=2024-12-06 00:00:00+00:00
[2024-12-06T12:34:51.473+0000] {processor.py:208} INFO - Processing /home/airflow/.local/lib/python3.12/site-packages/airflow/example_dags/example_skip_dag.py took 0.215 seconds
[2024-12-06T12:35:21.954+0000] {processor.py:186} INFO - Started process (PID=209) to work on /home/airflow/.local/lib/python3.12/site-packages/airflow/example_dags/example_skip_dag.py
[2024-12-06T12:35:21.955+0000] {processor.py:914} INFO - Processing file /home/airflow/.local/lib/python3.12/site-packages/airflow/example_dags/example_skip_dag.py for tasks to queue
[2024-12-06T12:35:21.958+0000] {logging_mixin.py:190} INFO - [2024-12-06T12:35:21.958+0000] {dagbag.py:588} INFO - Filling up the DagBag from /home/airflow/.local/lib/python3.12/site-packages/airflow/example_dags/example_skip_dag.py
[2024-12-06T12:35:21.969+0000] {processor.py:925} INFO - DAG(s) 'example_skip_dag' retrieved from /home/airflow/.local/lib/python3.12/site-packages/airflow/example_dags/example_skip_dag.py
[2024-12-06T12:35:22.005+0000] {logging_mixin.py:190} INFO - [2024-12-06T12:35:22.004+0000] {dag.py:3239} INFO - Sync 1 DAGs
[2024-12-06T12:35:22.037+0000] {logging_mixin.py:190} INFO - [2024-12-06T12:35:22.036+0000] {dag.py:4180} INFO - Setting next_dagrun for example_skip_dag to 2024-12-05 00:00:00+00:00, run_after=2024-12-06 00:00:00+00:00
[2024-12-06T12:35:22.068+0000] {processor.py:208} INFO - Processing /home/airflow/.local/lib/python3.12/site-packages/airflow/example_dags/example_skip_dag.py took 0.119 seconds
[2024-12-06T12:35:52.785+0000] {processor.py:186} INFO - Started process (PID=272) to work on /home/airflow/.local/lib/python3.12/site-packages/airflow/example_dags/example_skip_dag.py
[2024-12-06T12:35:52.786+0000] {processor.py:914} INFO - Processing file /home/airflow/.local/lib/python3.12/site-packages/airflow/example_dags/example_skip_dag.py for tasks to queue
[2024-12-06T12:35:52.789+0000] {logging_mixin.py:190} INFO - [2024-12-06T12:35:52.789+0000] {dagbag.py:588} INFO - Filling up the DagBag from /home/airflow/.local/lib/python3.12/site-packages/airflow/example_dags/example_skip_dag.py
[2024-12-06T12:35:52.799+0000] {processor.py:925} INFO - DAG(s) 'example_skip_dag' retrieved from /home/airflow/.local/lib/python3.12/site-packages/airflow/example_dags/example_skip_dag.py
[2024-12-06T12:35:52.822+0000] {logging_mixin.py:190} INFO - [2024-12-06T12:35:52.822+0000] {dag.py:3239} INFO - Sync 1 DAGs
[2024-12-06T12:35:52.850+0000] {logging_mixin.py:190} INFO - [2024-12-06T12:35:52.849+0000] {dag.py:4180} INFO - Setting next_dagrun for example_skip_dag to 2024-12-05 00:00:00+00:00, run_after=2024-12-06 00:00:00+00:00
[2024-12-06T12:35:52.875+0000] {processor.py:208} INFO - Processing /home/airflow/.local/lib/python3.12/site-packages/airflow/example_dags/example_skip_dag.py took 0.096 seconds
[2024-12-06T12:56:07.376+0000] {processor.py:186} INFO - Started process (PID=302) to work on /home/airflow/.local/lib/python3.12/site-packages/airflow/example_dags/example_skip_dag.py
[2024-12-06T12:56:07.411+0000] {processor.py:914} INFO - Processing file /home/airflow/.local/lib/python3.12/site-packages/airflow/example_dags/example_skip_dag.py for tasks to queue
[2024-12-06T12:56:07.413+0000] {logging_mixin.py:190} INFO - [2024-12-06T12:56:07.412+0000] {dagbag.py:588} INFO - Filling up the DagBag from /home/airflow/.local/lib/python3.12/site-packages/airflow/example_dags/example_skip_dag.py
[2024-12-06T12:56:07.421+0000] {processor.py:925} INFO - DAG(s) 'example_skip_dag' retrieved from /home/airflow/.local/lib/python3.12/site-packages/airflow/example_dags/example_skip_dag.py
[2024-12-06T12:56:07.441+0000] {logging_mixin.py:190} INFO - [2024-12-06T12:56:07.441+0000] {dag.py:3239} INFO - Sync 1 DAGs
[2024-12-06T12:56:07.464+0000] {logging_mixin.py:190} INFO - [2024-12-06T12:56:07.463+0000] {dag.py:4180} INFO - Setting next_dagrun for example_skip_dag to 2024-12-05 00:00:00+00:00, run_after=2024-12-06 00:00:00+00:00
[2024-12-06T12:56:07.486+0000] {processor.py:208} INFO - Processing /home/airflow/.local/lib/python3.12/site-packages/airflow/example_dags/example_skip_dag.py took 0.116 seconds
[2024-12-06T15:51:12.253+0000] {processor.py:186} INFO - Started process (PID=357) to work on /home/airflow/.local/lib/python3.12/site-packages/airflow/example_dags/example_skip_dag.py
[2024-12-06T15:51:12.257+0000] {processor.py:914} INFO - Processing file /home/airflow/.local/lib/python3.12/site-packages/airflow/example_dags/example_skip_dag.py for tasks to queue
[2024-12-06T15:51:12.259+0000] {logging_mixin.py:190} INFO - [2024-12-06T15:51:12.258+0000] {dagbag.py:588} INFO - Filling up the DagBag from /home/airflow/.local/lib/python3.12/site-packages/airflow/example_dags/example_skip_dag.py
[2024-12-06T15:51:12.270+0000] {processor.py:925} INFO - DAG(s) 'example_skip_dag' retrieved from /home/airflow/.local/lib/python3.12/site-packages/airflow/example_dags/example_skip_dag.py
[2024-12-06T15:51:12.295+0000] {logging_mixin.py:190} INFO - [2024-12-06T15:51:12.295+0000] {dag.py:3239} INFO - Sync 1 DAGs
[2024-12-06T15:51:12.325+0000] {logging_mixin.py:190} INFO - [2024-12-06T15:51:12.324+0000] {dag.py:4180} INFO - Setting next_dagrun for example_skip_dag to 2024-12-05 00:00:00+00:00, run_after=2024-12-06 00:00:00+00:00
[2024-12-06T15:51:12.350+0000] {processor.py:208} INFO - Processing /home/airflow/.local/lib/python3.12/site-packages/airflow/example_dags/example_skip_dag.py took 0.106 seconds
