[2024-12-06T12:34:39.811+0000] {processor.py:186} INFO - Started process (PID=100) to work on /home/airflow/.local/lib/python3.12/site-packages/airflow/example_dags/example_sla_dag.py
[2024-12-06T12:34:39.812+0000] {processor.py:914} INFO - Processing file /home/airflow/.local/lib/python3.12/site-packages/airflow/example_dags/example_sla_dag.py for tasks to queue
[2024-12-06T12:34:39.817+0000] {logging_mixin.py:190} INFO - [2024-12-06T12:34:39.817+0000] {dagbag.py:588} INFO - Filling up the DagBag from /home/airflow/.local/lib/python3.12/site-packages/airflow/example_dags/example_sla_dag.py
[2024-12-06T12:34:39.837+0000] {processor.py:925} INFO - DAG(s) 'example_sla_dag' retrieved from /home/airflow/.local/lib/python3.12/site-packages/airflow/example_dags/example_sla_dag.py
[2024-12-06T12:34:39.997+0000] {logging_mixin.py:190} INFO - [2024-12-06T12:34:39.995+0000] {override.py:1911} INFO - Created Permission View: can delete on DAG:example_sla_dag
[2024-12-06T12:34:40.032+0000] {logging_mixin.py:190} INFO - [2024-12-06T12:34:40.032+0000] {override.py:1911} INFO - Created Permission View: can edit on DAG:example_sla_dag
[2024-12-06T12:34:40.042+0000] {logging_mixin.py:190} INFO - [2024-12-06T12:34:40.042+0000] {override.py:1911} INFO - Created Permission View: can read on DAG:example_sla_dag
[2024-12-06T12:34:40.054+0000] {logging_mixin.py:190} INFO - [2024-12-06T12:34:40.053+0000] {override.py:1911} INFO - Created Permission View: can delete on DAG Run:example_sla_dag
[2024-12-06T12:34:40.066+0000] {logging_mixin.py:190} INFO - [2024-12-06T12:34:40.066+0000] {override.py:1911} INFO - Created Permission View: can create on DAG Run:example_sla_dag
[2024-12-06T12:34:40.079+0000] {logging_mixin.py:190} INFO - [2024-12-06T12:34:40.078+0000] {override.py:1911} INFO - Created Permission View: menu access on DAG Run:example_sla_dag
[2024-12-06T12:34:40.092+0000] {logging_mixin.py:190} INFO - [2024-12-06T12:34:40.091+0000] {override.py:1911} INFO - Created Permission View: can read on DAG Run:example_sla_dag
[2024-12-06T12:34:40.093+0000] {logging_mixin.py:190} INFO - [2024-12-06T12:34:40.092+0000] {dag.py:3239} INFO - Sync 1 DAGs
[2024-12-06T12:34:40.124+0000] {logging_mixin.py:190} INFO - [2024-12-06T12:34:40.123+0000] {dag.py:3262} INFO - Creating ORM DAG for example_sla_dag
[2024-12-06T12:34:40.149+0000] {logging_mixin.py:190} INFO - [2024-12-06T12:34:40.148+0000] {dag.py:4180} INFO - Setting next_dagrun for example_sla_dag to 2024-12-06 12:32:00+00:00, run_after=2024-12-06 12:34:00+00:00
[2024-12-06T12:34:40.172+0000] {processor.py:208} INFO - Processing /home/airflow/.local/lib/python3.12/site-packages/airflow/example_dags/example_sla_dag.py took 0.375 seconds
[2024-12-06T12:35:11.372+0000] {processor.py:186} INFO - Started process (PID=163) to work on /home/airflow/.local/lib/python3.12/site-packages/airflow/example_dags/example_sla_dag.py
[2024-12-06T12:35:11.373+0000] {processor.py:914} INFO - Processing file /home/airflow/.local/lib/python3.12/site-packages/airflow/example_dags/example_sla_dag.py for tasks to queue
[2024-12-06T12:35:11.376+0000] {logging_mixin.py:190} INFO - [2024-12-06T12:35:11.376+0000] {dagbag.py:588} INFO - Filling up the DagBag from /home/airflow/.local/lib/python3.12/site-packages/airflow/example_dags/example_sla_dag.py
[2024-12-06T12:35:11.389+0000] {processor.py:925} INFO - DAG(s) 'example_sla_dag' retrieved from /home/airflow/.local/lib/python3.12/site-packages/airflow/example_dags/example_sla_dag.py
[2024-12-06T12:35:11.408+0000] {logging_mixin.py:190} INFO - [2024-12-06T12:35:11.407+0000] {dag.py:3239} INFO - Sync 1 DAGs
[2024-12-06T12:35:11.447+0000] {logging_mixin.py:190} INFO - [2024-12-06T12:35:11.446+0000] {dag.py:4180} INFO - Setting next_dagrun for example_sla_dag to 2024-12-06 12:32:00+00:00, run_after=2024-12-06 12:34:00+00:00
[2024-12-06T12:35:11.471+0000] {processor.py:208} INFO - Processing /home/airflow/.local/lib/python3.12/site-packages/airflow/example_dags/example_sla_dag.py took 0.105 seconds
[2024-12-06T12:35:43.068+0000] {processor.py:186} INFO - Started process (PID=226) to work on /home/airflow/.local/lib/python3.12/site-packages/airflow/example_dags/example_sla_dag.py
[2024-12-06T12:35:43.075+0000] {processor.py:914} INFO - Processing file /home/airflow/.local/lib/python3.12/site-packages/airflow/example_dags/example_sla_dag.py for tasks to queue
[2024-12-06T12:35:43.081+0000] {logging_mixin.py:190} INFO - [2024-12-06T12:35:43.080+0000] {dagbag.py:588} INFO - Filling up the DagBag from /home/airflow/.local/lib/python3.12/site-packages/airflow/example_dags/example_sla_dag.py
[2024-12-06T12:35:43.097+0000] {processor.py:925} INFO - DAG(s) 'example_sla_dag' retrieved from /home/airflow/.local/lib/python3.12/site-packages/airflow/example_dags/example_sla_dag.py
[2024-12-06T12:35:43.119+0000] {logging_mixin.py:190} INFO - [2024-12-06T12:35:43.119+0000] {dag.py:3239} INFO - Sync 1 DAGs
[2024-12-06T12:35:43.149+0000] {logging_mixin.py:190} INFO - [2024-12-06T12:35:43.149+0000] {dag.py:4180} INFO - Setting next_dagrun for example_sla_dag to 2024-12-06 12:32:00+00:00, run_after=2024-12-06 12:34:00+00:00
[2024-12-06T12:35:43.194+0000] {processor.py:208} INFO - Processing /home/airflow/.local/lib/python3.12/site-packages/airflow/example_dags/example_sla_dag.py took 0.146 seconds
[2024-12-06T12:36:17.495+0000] {processor.py:186} INFO - Started process (PID=289) to work on /home/airflow/.local/lib/python3.12/site-packages/airflow/example_dags/example_sla_dag.py
[2024-12-06T12:36:17.498+0000] {processor.py:914} INFO - Processing file /home/airflow/.local/lib/python3.12/site-packages/airflow/example_dags/example_sla_dag.py for tasks to queue
[2024-12-06T12:36:17.502+0000] {logging_mixin.py:190} INFO - [2024-12-06T12:36:17.501+0000] {dagbag.py:588} INFO - Filling up the DagBag from /home/airflow/.local/lib/python3.12/site-packages/airflow/example_dags/example_sla_dag.py
[2024-12-06T12:36:17.542+0000] {processor.py:925} INFO - DAG(s) 'example_sla_dag' retrieved from /home/airflow/.local/lib/python3.12/site-packages/airflow/example_dags/example_sla_dag.py
[2024-12-06T12:36:17.612+0000] {logging_mixin.py:190} INFO - [2024-12-06T12:36:17.611+0000] {dag.py:3239} INFO - Sync 1 DAGs
[2024-12-06T12:36:17.695+0000] {logging_mixin.py:190} INFO - [2024-12-06T12:36:17.695+0000] {dag.py:4180} INFO - Setting next_dagrun for example_sla_dag to 2024-12-06 12:34:00+00:00, run_after=2024-12-06 12:36:00+00:00
[2024-12-06T12:36:17.760+0000] {processor.py:208} INFO - Processing /home/airflow/.local/lib/python3.12/site-packages/airflow/example_dags/example_sla_dag.py took 0.283 seconds
[2024-12-06T12:56:09.297+0000] {processor.py:186} INFO - Started process (PID=318) to work on /home/airflow/.local/lib/python3.12/site-packages/airflow/example_dags/example_sla_dag.py
[2024-12-06T12:56:09.298+0000] {processor.py:914} INFO - Processing file /home/airflow/.local/lib/python3.12/site-packages/airflow/example_dags/example_sla_dag.py for tasks to queue
[2024-12-06T12:56:09.301+0000] {logging_mixin.py:190} INFO - [2024-12-06T12:56:09.300+0000] {dagbag.py:588} INFO - Filling up the DagBag from /home/airflow/.local/lib/python3.12/site-packages/airflow/example_dags/example_sla_dag.py
[2024-12-06T12:56:09.317+0000] {processor.py:925} INFO - DAG(s) 'example_sla_dag' retrieved from /home/airflow/.local/lib/python3.12/site-packages/airflow/example_dags/example_sla_dag.py
[2024-12-06T12:56:09.342+0000] {logging_mixin.py:190} INFO - [2024-12-06T12:56:09.341+0000] {dag.py:3239} INFO - Sync 1 DAGs
[2024-12-06T12:56:09.386+0000] {logging_mixin.py:190} INFO - [2024-12-06T12:56:09.386+0000] {dag.py:4180} INFO - Setting next_dagrun for example_sla_dag to 2024-12-06 12:54:00+00:00, run_after=2024-12-06 12:56:00+00:00
[2024-12-06T12:56:09.409+0000] {processor.py:208} INFO - Processing /home/airflow/.local/lib/python3.12/site-packages/airflow/example_dags/example_sla_dag.py took 0.122 seconds
[2024-12-06T15:51:15.040+0000] {processor.py:186} INFO - Started process (PID=374) to work on /home/airflow/.local/lib/python3.12/site-packages/airflow/example_dags/example_sla_dag.py
[2024-12-06T15:51:15.042+0000] {processor.py:914} INFO - Processing file /home/airflow/.local/lib/python3.12/site-packages/airflow/example_dags/example_sla_dag.py for tasks to queue
[2024-12-06T15:51:15.043+0000] {logging_mixin.py:190} INFO - [2024-12-06T15:51:15.043+0000] {dagbag.py:588} INFO - Filling up the DagBag from /home/airflow/.local/lib/python3.12/site-packages/airflow/example_dags/example_sla_dag.py
[2024-12-06T15:51:15.055+0000] {processor.py:925} INFO - DAG(s) 'example_sla_dag' retrieved from /home/airflow/.local/lib/python3.12/site-packages/airflow/example_dags/example_sla_dag.py
[2024-12-06T15:51:15.077+0000] {logging_mixin.py:190} INFO - [2024-12-06T15:51:15.076+0000] {dag.py:3239} INFO - Sync 1 DAGs
[2024-12-06T15:51:15.104+0000] {logging_mixin.py:190} INFO - [2024-12-06T15:51:15.104+0000] {dag.py:4180} INFO - Setting next_dagrun for example_sla_dag to 2024-12-06 15:48:00+00:00, run_after=2024-12-06 15:50:00+00:00
[2024-12-06T15:51:15.126+0000] {processor.py:208} INFO - Processing /home/airflow/.local/lib/python3.12/site-packages/airflow/example_dags/example_sla_dag.py took 0.091 seconds
