[2024-12-06T12:34:46.935+0000] {processor.py:186} INFO - Started process (PID=118) to work on /home/airflow/.local/lib/python3.12/site-packages/airflow/example_dags/example_task_group.py
[2024-12-06T12:34:46.936+0000] {processor.py:914} INFO - Processing file /home/airflow/.local/lib/python3.12/site-packages/airflow/example_dags/example_task_group.py for tasks to queue
[2024-12-06T12:34:46.940+0000] {logging_mixin.py:190} INFO - [2024-12-06T12:34:46.939+0000] {dagbag.py:588} INFO - Filling up the DagBag from /home/airflow/.local/lib/python3.12/site-packages/airflow/example_dags/example_task_group.py
[2024-12-06T12:34:46.951+0000] {processor.py:925} INFO - DAG(s) 'example_task_group' retrieved from /home/airflow/.local/lib/python3.12/site-packages/airflow/example_dags/example_task_group.py
[2024-12-06T12:34:47.086+0000] {logging_mixin.py:190} INFO - [2024-12-06T12:34:47.085+0000] {override.py:1911} INFO - Created Permission View: can delete on DAG:example_task_group
[2024-12-06T12:34:47.096+0000] {logging_mixin.py:190} INFO - [2024-12-06T12:34:47.096+0000] {override.py:1911} INFO - Created Permission View: can edit on DAG:example_task_group
[2024-12-06T12:34:47.103+0000] {logging_mixin.py:190} INFO - [2024-12-06T12:34:47.103+0000] {override.py:1911} INFO - Created Permission View: can read on DAG:example_task_group
[2024-12-06T12:34:47.112+0000] {logging_mixin.py:190} INFO - [2024-12-06T12:34:47.112+0000] {override.py:1911} INFO - Created Permission View: can delete on DAG Run:example_task_group
[2024-12-06T12:34:47.119+0000] {logging_mixin.py:190} INFO - [2024-12-06T12:34:47.119+0000] {override.py:1911} INFO - Created Permission View: can create on DAG Run:example_task_group
[2024-12-06T12:34:47.127+0000] {logging_mixin.py:190} INFO - [2024-12-06T12:34:47.127+0000] {override.py:1911} INFO - Created Permission View: menu access on DAG Run:example_task_group
[2024-12-06T12:34:47.134+0000] {logging_mixin.py:190} INFO - [2024-12-06T12:34:47.134+0000] {override.py:1911} INFO - Created Permission View: can read on DAG Run:example_task_group
[2024-12-06T12:34:47.135+0000] {logging_mixin.py:190} INFO - [2024-12-06T12:34:47.135+0000] {dag.py:3239} INFO - Sync 1 DAGs
[2024-12-06T12:34:47.149+0000] {logging_mixin.py:190} INFO - [2024-12-06T12:34:47.148+0000] {dag.py:3262} INFO - Creating ORM DAG for example_task_group
[2024-12-06T12:34:47.149+0000] {logging_mixin.py:190} INFO - [2024-12-06T12:34:47.149+0000] {dag.py:4180} INFO - Setting next_dagrun for example_task_group to None, run_after=None
[2024-12-06T12:34:47.169+0000] {processor.py:208} INFO - Processing /home/airflow/.local/lib/python3.12/site-packages/airflow/example_dags/example_task_group.py took 0.242 seconds
[2024-12-06T12:35:18.061+0000] {processor.py:186} INFO - Started process (PID=181) to work on /home/airflow/.local/lib/python3.12/site-packages/airflow/example_dags/example_task_group.py
[2024-12-06T12:35:18.062+0000] {processor.py:914} INFO - Processing file /home/airflow/.local/lib/python3.12/site-packages/airflow/example_dags/example_task_group.py for tasks to queue
[2024-12-06T12:35:18.065+0000] {logging_mixin.py:190} INFO - [2024-12-06T12:35:18.064+0000] {dagbag.py:588} INFO - Filling up the DagBag from /home/airflow/.local/lib/python3.12/site-packages/airflow/example_dags/example_task_group.py
[2024-12-06T12:35:18.083+0000] {processor.py:925} INFO - DAG(s) 'example_task_group' retrieved from /home/airflow/.local/lib/python3.12/site-packages/airflow/example_dags/example_task_group.py
[2024-12-06T12:35:18.111+0000] {logging_mixin.py:190} INFO - [2024-12-06T12:35:18.111+0000] {dag.py:3239} INFO - Sync 1 DAGs
[2024-12-06T12:35:18.125+0000] {logging_mixin.py:190} INFO - [2024-12-06T12:35:18.124+0000] {dag.py:4180} INFO - Setting next_dagrun for example_task_group to None, run_after=None
[2024-12-06T12:35:18.146+0000] {processor.py:208} INFO - Processing /home/airflow/.local/lib/python3.12/site-packages/airflow/example_dags/example_task_group.py took 0.091 seconds
[2024-12-06T12:35:48.703+0000] {processor.py:186} INFO - Started process (PID=243) to work on /home/airflow/.local/lib/python3.12/site-packages/airflow/example_dags/example_task_group.py
[2024-12-06T12:35:48.706+0000] {processor.py:914} INFO - Processing file /home/airflow/.local/lib/python3.12/site-packages/airflow/example_dags/example_task_group.py for tasks to queue
[2024-12-06T12:35:48.708+0000] {logging_mixin.py:190} INFO - [2024-12-06T12:35:48.708+0000] {dagbag.py:588} INFO - Filling up the DagBag from /home/airflow/.local/lib/python3.12/site-packages/airflow/example_dags/example_task_group.py
[2024-12-06T12:35:48.718+0000] {processor.py:925} INFO - DAG(s) 'example_task_group' retrieved from /home/airflow/.local/lib/python3.12/site-packages/airflow/example_dags/example_task_group.py
[2024-12-06T12:35:48.742+0000] {logging_mixin.py:190} INFO - [2024-12-06T12:35:48.742+0000] {dag.py:3239} INFO - Sync 1 DAGs
[2024-12-06T12:35:48.759+0000] {logging_mixin.py:190} INFO - [2024-12-06T12:35:48.759+0000] {dag.py:4180} INFO - Setting next_dagrun for example_task_group to None, run_after=None
[2024-12-06T12:35:48.785+0000] {processor.py:208} INFO - Processing /home/airflow/.local/lib/python3.12/site-packages/airflow/example_dags/example_task_group.py took 0.087 seconds
[2024-12-06T15:51:09.013+0000] {processor.py:186} INFO - Started process (PID=335) to work on /home/airflow/.local/lib/python3.12/site-packages/airflow/example_dags/example_task_group.py
[2024-12-06T15:51:09.016+0000] {processor.py:914} INFO - Processing file /home/airflow/.local/lib/python3.12/site-packages/airflow/example_dags/example_task_group.py for tasks to queue
[2024-12-06T15:51:09.020+0000] {logging_mixin.py:190} INFO - [2024-12-06T15:51:09.019+0000] {dagbag.py:588} INFO - Filling up the DagBag from /home/airflow/.local/lib/python3.12/site-packages/airflow/example_dags/example_task_group.py
[2024-12-06T15:51:09.066+0000] {processor.py:925} INFO - DAG(s) 'example_task_group' retrieved from /home/airflow/.local/lib/python3.12/site-packages/airflow/example_dags/example_task_group.py
[2024-12-06T15:51:09.163+0000] {logging_mixin.py:190} INFO - [2024-12-06T15:51:09.162+0000] {dag.py:3239} INFO - Sync 1 DAGs
[2024-12-06T15:51:09.242+0000] {logging_mixin.py:190} INFO - [2024-12-06T15:51:09.237+0000] {dag.py:4180} INFO - Setting next_dagrun for example_task_group to None, run_after=None
[2024-12-06T15:51:09.296+0000] {processor.py:208} INFO - Processing /home/airflow/.local/lib/python3.12/site-packages/airflow/example_dags/example_task_group.py took 0.298 seconds
