[2024-12-06T12:34:40.103+0000] {processor.py:186} INFO - Started process (PID=101) to work on /home/airflow/.local/lib/python3.12/site-packages/airflow/example_dags/tutorial_objectstorage.py
[2024-12-06T12:34:40.104+0000] {processor.py:914} INFO - Processing file /home/airflow/.local/lib/python3.12/site-packages/airflow/example_dags/tutorial_objectstorage.py for tasks to queue
[2024-12-06T12:34:40.111+0000] {logging_mixin.py:190} INFO - [2024-12-06T12:34:40.109+0000] {dagbag.py:588} INFO - Filling up the DagBag from /home/airflow/.local/lib/python3.12/site-packages/airflow/example_dags/tutorial_objectstorage.py
[2024-12-06T12:34:40.139+0000] {processor.py:925} INFO - DAG(s) 'tutorial_objectstorage' retrieved from /home/airflow/.local/lib/python3.12/site-packages/airflow/example_dags/tutorial_objectstorage.py
[2024-12-06T12:34:40.310+0000] {logging_mixin.py:190} INFO - [2024-12-06T12:34:40.308+0000] {override.py:1911} INFO - Created Permission View: can delete on DAG:tutorial_objectstorage
[2024-12-06T12:34:40.330+0000] {logging_mixin.py:190} INFO - [2024-12-06T12:34:40.329+0000] {override.py:1911} INFO - Created Permission View: can edit on DAG:tutorial_objectstorage
[2024-12-06T12:34:40.354+0000] {logging_mixin.py:190} INFO - [2024-12-06T12:34:40.353+0000] {override.py:1911} INFO - Created Permission View: can read on DAG:tutorial_objectstorage
[2024-12-06T12:34:40.371+0000] {logging_mixin.py:190} INFO - [2024-12-06T12:34:40.370+0000] {override.py:1911} INFO - Created Permission View: can delete on DAG Run:tutorial_objectstorage
[2024-12-06T12:34:40.385+0000] {logging_mixin.py:190} INFO - [2024-12-06T12:34:40.384+0000] {override.py:1911} INFO - Created Permission View: can create on DAG Run:tutorial_objectstorage
[2024-12-06T12:34:40.396+0000] {logging_mixin.py:190} INFO - [2024-12-06T12:34:40.395+0000] {override.py:1911} INFO - Created Permission View: menu access on DAG Run:tutorial_objectstorage
[2024-12-06T12:34:40.407+0000] {logging_mixin.py:190} INFO - [2024-12-06T12:34:40.406+0000] {override.py:1911} INFO - Created Permission View: can read on DAG Run:tutorial_objectstorage
[2024-12-06T12:34:40.408+0000] {logging_mixin.py:190} INFO - [2024-12-06T12:34:40.408+0000] {dag.py:3239} INFO - Sync 1 DAGs
[2024-12-06T12:34:40.431+0000] {logging_mixin.py:190} INFO - [2024-12-06T12:34:40.430+0000] {dag.py:3262} INFO - Creating ORM DAG for tutorial_objectstorage
[2024-12-06T12:34:40.437+0000] {logging_mixin.py:190} INFO - [2024-12-06T12:34:40.434+0000] {dag.py:4180} INFO - Setting next_dagrun for tutorial_objectstorage to None, run_after=None
[2024-12-06T12:34:40.481+0000] {processor.py:208} INFO - Processing /home/airflow/.local/lib/python3.12/site-packages/airflow/example_dags/tutorial_objectstorage.py took 0.387 seconds
[2024-12-06T12:35:11.471+0000] {processor.py:186} INFO - Started process (PID=164) to work on /home/airflow/.local/lib/python3.12/site-packages/airflow/example_dags/tutorial_objectstorage.py
[2024-12-06T12:35:11.472+0000] {processor.py:914} INFO - Processing file /home/airflow/.local/lib/python3.12/site-packages/airflow/example_dags/tutorial_objectstorage.py for tasks to queue
[2024-12-06T12:35:11.478+0000] {logging_mixin.py:190} INFO - [2024-12-06T12:35:11.477+0000] {dagbag.py:588} INFO - Filling up the DagBag from /home/airflow/.local/lib/python3.12/site-packages/airflow/example_dags/tutorial_objectstorage.py
[2024-12-06T12:35:11.492+0000] {processor.py:925} INFO - DAG(s) 'tutorial_objectstorage' retrieved from /home/airflow/.local/lib/python3.12/site-packages/airflow/example_dags/tutorial_objectstorage.py
[2024-12-06T12:35:11.514+0000] {logging_mixin.py:190} INFO - [2024-12-06T12:35:11.513+0000] {dag.py:3239} INFO - Sync 1 DAGs
[2024-12-06T12:35:11.529+0000] {logging_mixin.py:190} INFO - [2024-12-06T12:35:11.528+0000] {dag.py:4180} INFO - Setting next_dagrun for tutorial_objectstorage to None, run_after=None
[2024-12-06T12:35:11.563+0000] {processor.py:208} INFO - Processing /home/airflow/.local/lib/python3.12/site-packages/airflow/example_dags/tutorial_objectstorage.py took 0.097 seconds
[2024-12-06T12:35:43.212+0000] {processor.py:186} INFO - Started process (PID=227) to work on /home/airflow/.local/lib/python3.12/site-packages/airflow/example_dags/tutorial_objectstorage.py
[2024-12-06T12:35:43.217+0000] {processor.py:914} INFO - Processing file /home/airflow/.local/lib/python3.12/site-packages/airflow/example_dags/tutorial_objectstorage.py for tasks to queue
[2024-12-06T12:35:43.220+0000] {logging_mixin.py:190} INFO - [2024-12-06T12:35:43.220+0000] {dagbag.py:588} INFO - Filling up the DagBag from /home/airflow/.local/lib/python3.12/site-packages/airflow/example_dags/tutorial_objectstorage.py
[2024-12-06T12:35:43.233+0000] {processor.py:925} INFO - DAG(s) 'tutorial_objectstorage' retrieved from /home/airflow/.local/lib/python3.12/site-packages/airflow/example_dags/tutorial_objectstorage.py
[2024-12-06T12:35:43.256+0000] {logging_mixin.py:190} INFO - [2024-12-06T12:35:43.255+0000] {dag.py:3239} INFO - Sync 1 DAGs
[2024-12-06T12:35:43.287+0000] {logging_mixin.py:190} INFO - [2024-12-06T12:35:43.287+0000] {dag.py:4180} INFO - Setting next_dagrun for tutorial_objectstorage to None, run_after=None
[2024-12-06T12:35:43.324+0000] {processor.py:208} INFO - Processing /home/airflow/.local/lib/python3.12/site-packages/airflow/example_dags/tutorial_objectstorage.py took 0.124 seconds
[2024-12-06T12:36:17.846+0000] {processor.py:186} INFO - Started process (PID=290) to work on /home/airflow/.local/lib/python3.12/site-packages/airflow/example_dags/tutorial_objectstorage.py
[2024-12-06T12:36:17.864+0000] {processor.py:914} INFO - Processing file /home/airflow/.local/lib/python3.12/site-packages/airflow/example_dags/tutorial_objectstorage.py for tasks to queue
[2024-12-06T12:36:17.868+0000] {logging_mixin.py:190} INFO - [2024-12-06T12:36:17.867+0000] {dagbag.py:588} INFO - Filling up the DagBag from /home/airflow/.local/lib/python3.12/site-packages/airflow/example_dags/tutorial_objectstorage.py
[2024-12-06T12:36:17.905+0000] {processor.py:925} INFO - DAG(s) 'tutorial_objectstorage' retrieved from /home/airflow/.local/lib/python3.12/site-packages/airflow/example_dags/tutorial_objectstorage.py
[2024-12-06T12:36:17.947+0000] {logging_mixin.py:190} INFO - [2024-12-06T12:36:17.946+0000] {dag.py:3239} INFO - Sync 1 DAGs
[2024-12-06T12:36:17.997+0000] {logging_mixin.py:190} INFO - [2024-12-06T12:36:17.997+0000] {dag.py:4180} INFO - Setting next_dagrun for tutorial_objectstorage to None, run_after=None
[2024-12-06T12:56:06.189+0000] {processor.py:208} INFO - Processing /home/airflow/.local/lib/python3.12/site-packages/airflow/example_dags/tutorial_objectstorage.py took 0.250 seconds
[2024-12-06T15:51:15.088+0000] {processor.py:186} INFO - Started process (PID=375) to work on /home/airflow/.local/lib/python3.12/site-packages/airflow/example_dags/tutorial_objectstorage.py
[2024-12-06T15:51:15.090+0000] {processor.py:914} INFO - Processing file /home/airflow/.local/lib/python3.12/site-packages/airflow/example_dags/tutorial_objectstorage.py for tasks to queue
[2024-12-06T15:51:15.091+0000] {logging_mixin.py:190} INFO - [2024-12-06T15:51:15.091+0000] {dagbag.py:588} INFO - Filling up the DagBag from /home/airflow/.local/lib/python3.12/site-packages/airflow/example_dags/tutorial_objectstorage.py
[2024-12-06T15:51:15.101+0000] {processor.py:925} INFO - DAG(s) 'tutorial_objectstorage' retrieved from /home/airflow/.local/lib/python3.12/site-packages/airflow/example_dags/tutorial_objectstorage.py
[2024-12-06T15:51:15.212+0000] {logging_mixin.py:190} INFO - [2024-12-06T15:51:15.212+0000] {dag.py:3239} INFO - Sync 1 DAGs
[2024-12-06T15:51:15.225+0000] {logging_mixin.py:190} INFO - [2024-12-06T15:51:15.224+0000] {dag.py:4180} INFO - Setting next_dagrun for tutorial_objectstorage to None, run_after=None
[2024-12-06T15:51:15.249+0000] {processor.py:208} INFO - Processing /home/airflow/.local/lib/python3.12/site-packages/airflow/example_dags/tutorial_objectstorage.py took 0.167 seconds
