[2024-12-06T12:34:46.612+0000] {processor.py:186} INFO - Started process (PID=117) to work on /home/airflow/.local/lib/python3.12/site-packages/airflow/example_dags/tutorial.py
[2024-12-06T12:34:46.614+0000] {processor.py:914} INFO - Processing file /home/airflow/.local/lib/python3.12/site-packages/airflow/example_dags/tutorial.py for tasks to queue
[2024-12-06T12:34:46.617+0000] {logging_mixin.py:190} INFO - [2024-12-06T12:34:46.617+0000] {dagbag.py:588} INFO - Filling up the DagBag from /home/airflow/.local/lib/python3.12/site-packages/airflow/example_dags/tutorial.py
[2024-12-06T12:34:46.626+0000] {processor.py:925} INFO - DAG(s) 'tutorial' retrieved from /home/airflow/.local/lib/python3.12/site-packages/airflow/example_dags/tutorial.py
[2024-12-06T12:34:46.746+0000] {logging_mixin.py:190} INFO - [2024-12-06T12:34:46.744+0000] {override.py:1911} INFO - Created Permission View: can delete on DAG:tutorial
[2024-12-06T12:34:46.769+0000] {logging_mixin.py:190} INFO - [2024-12-06T12:34:46.769+0000] {override.py:1911} INFO - Created Permission View: can edit on DAG:tutorial
[2024-12-06T12:34:46.780+0000] {logging_mixin.py:190} INFO - [2024-12-06T12:34:46.779+0000] {override.py:1911} INFO - Created Permission View: can read on DAG:tutorial
[2024-12-06T12:34:46.791+0000] {logging_mixin.py:190} INFO - [2024-12-06T12:34:46.790+0000] {override.py:1911} INFO - Created Permission View: can delete on DAG Run:tutorial
[2024-12-06T12:34:46.801+0000] {logging_mixin.py:190} INFO - [2024-12-06T12:34:46.800+0000] {override.py:1911} INFO - Created Permission View: can create on DAG Run:tutorial
[2024-12-06T12:34:46.811+0000] {logging_mixin.py:190} INFO - [2024-12-06T12:34:46.811+0000] {override.py:1911} INFO - Created Permission View: menu access on DAG Run:tutorial
[2024-12-06T12:34:46.819+0000] {logging_mixin.py:190} INFO - [2024-12-06T12:34:46.819+0000] {override.py:1911} INFO - Created Permission View: can read on DAG Run:tutorial
[2024-12-06T12:34:46.820+0000] {logging_mixin.py:190} INFO - [2024-12-06T12:34:46.820+0000] {dag.py:3239} INFO - Sync 1 DAGs
[2024-12-06T12:34:46.836+0000] {logging_mixin.py:190} INFO - [2024-12-06T12:34:46.835+0000] {dag.py:3262} INFO - Creating ORM DAG for tutorial
[2024-12-06T12:34:46.856+0000] {logging_mixin.py:190} INFO - [2024-12-06T12:34:46.855+0000] {dag.py:4180} INFO - Setting next_dagrun for tutorial to 2024-12-05 00:00:00+00:00, run_after=2024-12-06 00:00:00+00:00
[2024-12-06T12:34:46.889+0000] {processor.py:208} INFO - Processing /home/airflow/.local/lib/python3.12/site-packages/airflow/example_dags/tutorial.py took 0.282 seconds
[2024-12-06T12:35:16.981+0000] {processor.py:186} INFO - Started process (PID=179) to work on /home/airflow/.local/lib/python3.12/site-packages/airflow/example_dags/tutorial.py
[2024-12-06T12:35:16.983+0000] {processor.py:914} INFO - Processing file /home/airflow/.local/lib/python3.12/site-packages/airflow/example_dags/tutorial.py for tasks to queue
[2024-12-06T12:35:16.987+0000] {logging_mixin.py:190} INFO - [2024-12-06T12:35:16.986+0000] {dagbag.py:588} INFO - Filling up the DagBag from /home/airflow/.local/lib/python3.12/site-packages/airflow/example_dags/tutorial.py
[2024-12-06T12:35:16.997+0000] {processor.py:925} INFO - DAG(s) 'tutorial' retrieved from /home/airflow/.local/lib/python3.12/site-packages/airflow/example_dags/tutorial.py
[2024-12-06T12:35:17.018+0000] {logging_mixin.py:190} INFO - [2024-12-06T12:35:17.017+0000] {dag.py:3239} INFO - Sync 1 DAGs
[2024-12-06T12:35:17.044+0000] {logging_mixin.py:190} INFO - [2024-12-06T12:35:17.044+0000] {dag.py:4180} INFO - Setting next_dagrun for tutorial to 2024-12-05 00:00:00+00:00, run_after=2024-12-06 00:00:00+00:00
[2024-12-06T12:35:17.063+0000] {processor.py:208} INFO - Processing /home/airflow/.local/lib/python3.12/site-packages/airflow/example_dags/tutorial.py took 0.094 seconds
[2024-12-06T12:35:47.567+0000] {processor.py:186} INFO - Started process (PID=242) to work on /home/airflow/.local/lib/python3.12/site-packages/airflow/example_dags/tutorial.py
[2024-12-06T12:35:47.568+0000] {processor.py:914} INFO - Processing file /home/airflow/.local/lib/python3.12/site-packages/airflow/example_dags/tutorial.py for tasks to queue
[2024-12-06T12:35:47.571+0000] {logging_mixin.py:190} INFO - [2024-12-06T12:35:47.570+0000] {dagbag.py:588} INFO - Filling up the DagBag from /home/airflow/.local/lib/python3.12/site-packages/airflow/example_dags/tutorial.py
[2024-12-06T12:35:47.580+0000] {processor.py:925} INFO - DAG(s) 'tutorial' retrieved from /home/airflow/.local/lib/python3.12/site-packages/airflow/example_dags/tutorial.py
[2024-12-06T12:35:47.603+0000] {logging_mixin.py:190} INFO - [2024-12-06T12:35:47.603+0000] {dag.py:3239} INFO - Sync 1 DAGs
[2024-12-06T12:35:47.631+0000] {logging_mixin.py:190} INFO - [2024-12-06T12:35:47.630+0000] {dag.py:4180} INFO - Setting next_dagrun for tutorial to 2024-12-05 00:00:00+00:00, run_after=2024-12-06 00:00:00+00:00
[2024-12-06T12:35:47.654+0000] {processor.py:208} INFO - Processing /home/airflow/.local/lib/python3.12/site-packages/airflow/example_dags/tutorial.py took 0.093 seconds
[2024-12-06T15:51:08.583+0000] {processor.py:186} INFO - Started process (PID=334) to work on /home/airflow/.local/lib/python3.12/site-packages/airflow/example_dags/tutorial.py
[2024-12-06T15:51:08.585+0000] {processor.py:914} INFO - Processing file /home/airflow/.local/lib/python3.12/site-packages/airflow/example_dags/tutorial.py for tasks to queue
[2024-12-06T15:51:08.597+0000] {logging_mixin.py:190} INFO - [2024-12-06T15:51:08.596+0000] {dagbag.py:588} INFO - Filling up the DagBag from /home/airflow/.local/lib/python3.12/site-packages/airflow/example_dags/tutorial.py
[2024-12-06T15:51:08.647+0000] {processor.py:925} INFO - DAG(s) 'tutorial' retrieved from /home/airflow/.local/lib/python3.12/site-packages/airflow/example_dags/tutorial.py
[2024-12-06T15:51:08.719+0000] {logging_mixin.py:190} INFO - [2024-12-06T15:51:08.719+0000] {dag.py:3239} INFO - Sync 1 DAGs
[2024-12-06T15:51:08.834+0000] {logging_mixin.py:190} INFO - [2024-12-06T15:51:08.834+0000] {dag.py:4180} INFO - Setting next_dagrun for tutorial to 2024-12-05 00:00:00+00:00, run_after=2024-12-06 00:00:00+00:00
[2024-12-06T15:51:08.901+0000] {processor.py:208} INFO - Processing /home/airflow/.local/lib/python3.12/site-packages/airflow/example_dags/tutorial.py took 0.338 seconds
