[2024-12-06T12:34:42.723+0000] {processor.py:186} INFO - Started process (PID=108) to work on /home/airflow/.local/lib/python3.12/site-packages/airflow/example_dags/tutorial_taskflow_api_virtualenv.py
[2024-12-06T12:34:42.725+0000] {processor.py:914} INFO - Processing file /home/airflow/.local/lib/python3.12/site-packages/airflow/example_dags/tutorial_taskflow_api_virtualenv.py for tasks to queue
[2024-12-06T12:34:42.730+0000] {logging_mixin.py:190} INFO - [2024-12-06T12:34:42.729+0000] {dagbag.py:588} INFO - Filling up the DagBag from /home/airflow/.local/lib/python3.12/site-packages/airflow/example_dags/tutorial_taskflow_api_virtualenv.py
[2024-12-06T12:34:42.754+0000] {processor.py:925} INFO - DAG(s) 'tutorial_taskflow_api_virtualenv' retrieved from /home/airflow/.local/lib/python3.12/site-packages/airflow/example_dags/tutorial_taskflow_api_virtualenv.py
[2024-12-06T12:34:43.175+0000] {logging_mixin.py:190} INFO - [2024-12-06T12:34:43.174+0000] {override.py:1911} INFO - Created Permission View: can delete on DAG:tutorial_taskflow_api_virtualenv
[2024-12-06T12:34:43.457+0000] {logging_mixin.py:190} INFO - [2024-12-06T12:34:43.456+0000] {override.py:1911} INFO - Created Permission View: can edit on DAG:tutorial_taskflow_api_virtualenv
[2024-12-06T12:34:43.765+0000] {logging_mixin.py:190} INFO - [2024-12-06T12:34:43.765+0000] {override.py:1911} INFO - Created Permission View: can read on DAG:tutorial_taskflow_api_virtualenv
[2024-12-06T12:34:44.422+0000] {logging_mixin.py:190} INFO - [2024-12-06T12:34:44.422+0000] {override.py:1911} INFO - Created Permission View: can delete on DAG Run:tutorial_taskflow_api_virtualenv
[2024-12-06T12:34:44.815+0000] {logging_mixin.py:190} INFO - [2024-12-06T12:34:44.815+0000] {override.py:1911} INFO - Created Permission View: can create on DAG Run:tutorial_taskflow_api_virtualenv
[2024-12-06T12:34:44.853+0000] {logging_mixin.py:190} INFO - [2024-12-06T12:34:44.852+0000] {override.py:1911} INFO - Created Permission View: menu access on DAG Run:tutorial_taskflow_api_virtualenv
[2024-12-06T12:34:44.875+0000] {logging_mixin.py:190} INFO - [2024-12-06T12:34:44.875+0000] {override.py:1911} INFO - Created Permission View: can read on DAG Run:tutorial_taskflow_api_virtualenv
[2024-12-06T12:34:44.876+0000] {logging_mixin.py:190} INFO - [2024-12-06T12:34:44.876+0000] {dag.py:3239} INFO - Sync 1 DAGs
[2024-12-06T12:34:44.900+0000] {logging_mixin.py:190} INFO - [2024-12-06T12:34:44.899+0000] {dag.py:3262} INFO - Creating ORM DAG for tutorial_taskflow_api_virtualenv
[2024-12-06T12:34:44.902+0000] {logging_mixin.py:190} INFO - [2024-12-06T12:34:44.901+0000] {dag.py:4180} INFO - Setting next_dagrun for tutorial_taskflow_api_virtualenv to None, run_after=None
[2024-12-06T12:34:44.933+0000] {processor.py:208} INFO - Processing /home/airflow/.local/lib/python3.12/site-packages/airflow/example_dags/tutorial_taskflow_api_virtualenv.py took 2.217 seconds
[2024-12-06T12:35:15.041+0000] {processor.py:186} INFO - Started process (PID=170) to work on /home/airflow/.local/lib/python3.12/site-packages/airflow/example_dags/tutorial_taskflow_api_virtualenv.py
[2024-12-06T12:35:15.042+0000] {processor.py:914} INFO - Processing file /home/airflow/.local/lib/python3.12/site-packages/airflow/example_dags/tutorial_taskflow_api_virtualenv.py for tasks to queue
[2024-12-06T12:35:15.045+0000] {logging_mixin.py:190} INFO - [2024-12-06T12:35:15.044+0000] {dagbag.py:588} INFO - Filling up the DagBag from /home/airflow/.local/lib/python3.12/site-packages/airflow/example_dags/tutorial_taskflow_api_virtualenv.py
[2024-12-06T12:35:15.056+0000] {processor.py:925} INFO - DAG(s) 'tutorial_taskflow_api_virtualenv' retrieved from /home/airflow/.local/lib/python3.12/site-packages/airflow/example_dags/tutorial_taskflow_api_virtualenv.py
[2024-12-06T12:35:15.076+0000] {logging_mixin.py:190} INFO - [2024-12-06T12:35:15.076+0000] {dag.py:3239} INFO - Sync 1 DAGs
[2024-12-06T12:35:15.089+0000] {logging_mixin.py:190} INFO - [2024-12-06T12:35:15.089+0000] {dag.py:4180} INFO - Setting next_dagrun for tutorial_taskflow_api_virtualenv to None, run_after=None
[2024-12-06T12:35:15.109+0000] {processor.py:208} INFO - Processing /home/airflow/.local/lib/python3.12/site-packages/airflow/example_dags/tutorial_taskflow_api_virtualenv.py took 0.074 seconds
[2024-12-06T12:35:45.817+0000] {processor.py:186} INFO - Started process (PID=233) to work on /home/airflow/.local/lib/python3.12/site-packages/airflow/example_dags/tutorial_taskflow_api_virtualenv.py
[2024-12-06T12:35:45.831+0000] {processor.py:914} INFO - Processing file /home/airflow/.local/lib/python3.12/site-packages/airflow/example_dags/tutorial_taskflow_api_virtualenv.py for tasks to queue
[2024-12-06T12:35:45.835+0000] {logging_mixin.py:190} INFO - [2024-12-06T12:35:45.834+0000] {dagbag.py:588} INFO - Filling up the DagBag from /home/airflow/.local/lib/python3.12/site-packages/airflow/example_dags/tutorial_taskflow_api_virtualenv.py
[2024-12-06T12:35:45.847+0000] {processor.py:925} INFO - DAG(s) 'tutorial_taskflow_api_virtualenv' retrieved from /home/airflow/.local/lib/python3.12/site-packages/airflow/example_dags/tutorial_taskflow_api_virtualenv.py
[2024-12-06T12:35:45.867+0000] {logging_mixin.py:190} INFO - [2024-12-06T12:35:45.867+0000] {dag.py:3239} INFO - Sync 1 DAGs
[2024-12-06T12:35:45.883+0000] {logging_mixin.py:190} INFO - [2024-12-06T12:35:45.883+0000] {dag.py:4180} INFO - Setting next_dagrun for tutorial_taskflow_api_virtualenv to None, run_after=None
[2024-12-06T12:35:45.907+0000] {processor.py:208} INFO - Processing /home/airflow/.local/lib/python3.12/site-packages/airflow/example_dags/tutorial_taskflow_api_virtualenv.py took 0.095 seconds
[2024-12-06T12:56:06.845+0000] {processor.py:186} INFO - Started process (PID=296) to work on /home/airflow/.local/lib/python3.12/site-packages/airflow/example_dags/tutorial_taskflow_api_virtualenv.py
[2024-12-06T12:56:06.880+0000] {processor.py:914} INFO - Processing file /home/airflow/.local/lib/python3.12/site-packages/airflow/example_dags/tutorial_taskflow_api_virtualenv.py for tasks to queue
[2024-12-06T12:56:06.881+0000] {logging_mixin.py:190} INFO - [2024-12-06T12:56:06.881+0000] {dagbag.py:588} INFO - Filling up the DagBag from /home/airflow/.local/lib/python3.12/site-packages/airflow/example_dags/tutorial_taskflow_api_virtualenv.py
[2024-12-06T12:56:06.895+0000] {processor.py:925} INFO - DAG(s) 'tutorial_taskflow_api_virtualenv' retrieved from /home/airflow/.local/lib/python3.12/site-packages/airflow/example_dags/tutorial_taskflow_api_virtualenv.py
[2024-12-06T12:56:06.920+0000] {logging_mixin.py:190} INFO - [2024-12-06T12:56:06.919+0000] {dag.py:3239} INFO - Sync 1 DAGs
[2024-12-06T12:56:06.939+0000] {logging_mixin.py:190} INFO - [2024-12-06T12:56:06.938+0000] {dag.py:4180} INFO - Setting next_dagrun for tutorial_taskflow_api_virtualenv to None, run_after=None
[2024-12-06T12:56:06.960+0000] {processor.py:208} INFO - Processing /home/airflow/.local/lib/python3.12/site-packages/airflow/example_dags/tutorial_taskflow_api_virtualenv.py took 0.122 seconds
[2024-12-06T15:51:15.713+0000] {processor.py:186} INFO - Started process (PID=382) to work on /home/airflow/.local/lib/python3.12/site-packages/airflow/example_dags/tutorial_taskflow_api_virtualenv.py
[2024-12-06T15:51:15.730+0000] {processor.py:914} INFO - Processing file /home/airflow/.local/lib/python3.12/site-packages/airflow/example_dags/tutorial_taskflow_api_virtualenv.py for tasks to queue
[2024-12-06T15:51:15.732+0000] {logging_mixin.py:190} INFO - [2024-12-06T15:51:15.732+0000] {dagbag.py:588} INFO - Filling up the DagBag from /home/airflow/.local/lib/python3.12/site-packages/airflow/example_dags/tutorial_taskflow_api_virtualenv.py
[2024-12-06T15:51:15.743+0000] {processor.py:925} INFO - DAG(s) 'tutorial_taskflow_api_virtualenv' retrieved from /home/airflow/.local/lib/python3.12/site-packages/airflow/example_dags/tutorial_taskflow_api_virtualenv.py
[2024-12-06T15:51:15.764+0000] {logging_mixin.py:190} INFO - [2024-12-06T15:51:15.764+0000] {dag.py:3239} INFO - Sync 1 DAGs
[2024-12-06T15:51:15.779+0000] {logging_mixin.py:190} INFO - [2024-12-06T15:51:15.779+0000] {dag.py:4180} INFO - Setting next_dagrun for tutorial_taskflow_api_virtualenv to None, run_after=None
[2024-12-06T15:51:15.801+0000] {processor.py:208} INFO - Processing /home/airflow/.local/lib/python3.12/site-packages/airflow/example_dags/tutorial_taskflow_api_virtualenv.py took 0.094 seconds
