[2024-12-06T12:34:40.244+0000] {processor.py:186} INFO - Started process (PID=102) to work on /home/airflow/.local/lib/python3.12/site-packages/airflow/example_dags/tutorial_taskflow_api.py
[2024-12-06T12:34:40.246+0000] {processor.py:914} INFO - Processing file /home/airflow/.local/lib/python3.12/site-packages/airflow/example_dags/tutorial_taskflow_api.py for tasks to queue
[2024-12-06T12:34:40.251+0000] {logging_mixin.py:190} INFO - [2024-12-06T12:34:40.249+0000] {dagbag.py:588} INFO - Filling up the DagBag from /home/airflow/.local/lib/python3.12/site-packages/airflow/example_dags/tutorial_taskflow_api.py
[2024-12-06T12:34:40.264+0000] {processor.py:925} INFO - DAG(s) 'tutorial_taskflow_api' retrieved from /home/airflow/.local/lib/python3.12/site-packages/airflow/example_dags/tutorial_taskflow_api.py
[2024-12-06T12:34:40.457+0000] {logging_mixin.py:190} INFO - [2024-12-06T12:34:40.455+0000] {override.py:1911} INFO - Created Permission View: can delete on DAG:tutorial_taskflow_api
[2024-12-06T12:34:40.488+0000] {logging_mixin.py:190} INFO - [2024-12-06T12:34:40.487+0000] {override.py:1911} INFO - Created Permission View: can edit on DAG:tutorial_taskflow_api
[2024-12-06T12:34:40.508+0000] {logging_mixin.py:190} INFO - [2024-12-06T12:34:40.508+0000] {override.py:1911} INFO - Created Permission View: can read on DAG:tutorial_taskflow_api
[2024-12-06T12:34:40.540+0000] {logging_mixin.py:190} INFO - [2024-12-06T12:34:40.539+0000] {override.py:1911} INFO - Created Permission View: can delete on DAG Run:tutorial_taskflow_api
[2024-12-06T12:34:40.644+0000] {logging_mixin.py:190} INFO - [2024-12-06T12:34:40.643+0000] {override.py:1911} INFO - Created Permission View: can create on DAG Run:tutorial_taskflow_api
[2024-12-06T12:34:40.808+0000] {logging_mixin.py:190} INFO - [2024-12-06T12:34:40.807+0000] {override.py:1911} INFO - Created Permission View: menu access on DAG Run:tutorial_taskflow_api
[2024-12-06T12:34:40.922+0000] {logging_mixin.py:190} INFO - [2024-12-06T12:34:40.921+0000] {override.py:1911} INFO - Created Permission View: can read on DAG Run:tutorial_taskflow_api
[2024-12-06T12:34:40.923+0000] {logging_mixin.py:190} INFO - [2024-12-06T12:34:40.922+0000] {dag.py:3239} INFO - Sync 1 DAGs
[2024-12-06T12:34:40.937+0000] {logging_mixin.py:190} INFO - [2024-12-06T12:34:40.937+0000] {dag.py:3262} INFO - Creating ORM DAG for tutorial_taskflow_api
[2024-12-06T12:34:40.938+0000] {logging_mixin.py:190} INFO - [2024-12-06T12:34:40.938+0000] {dag.py:4180} INFO - Setting next_dagrun for tutorial_taskflow_api to None, run_after=None
[2024-12-06T12:34:41.084+0000] {processor.py:208} INFO - Processing /home/airflow/.local/lib/python3.12/site-packages/airflow/example_dags/tutorial_taskflow_api.py took 0.851 seconds
[2024-12-06T12:35:11.508+0000] {processor.py:186} INFO - Started process (PID=165) to work on /home/airflow/.local/lib/python3.12/site-packages/airflow/example_dags/tutorial_taskflow_api.py
[2024-12-06T12:35:11.509+0000] {processor.py:914} INFO - Processing file /home/airflow/.local/lib/python3.12/site-packages/airflow/example_dags/tutorial_taskflow_api.py for tasks to queue
[2024-12-06T12:35:11.512+0000] {logging_mixin.py:190} INFO - [2024-12-06T12:35:11.512+0000] {dagbag.py:588} INFO - Filling up the DagBag from /home/airflow/.local/lib/python3.12/site-packages/airflow/example_dags/tutorial_taskflow_api.py
[2024-12-06T12:35:11.521+0000] {processor.py:925} INFO - DAG(s) 'tutorial_taskflow_api' retrieved from /home/airflow/.local/lib/python3.12/site-packages/airflow/example_dags/tutorial_taskflow_api.py
[2024-12-06T12:35:11.554+0000] {logging_mixin.py:190} INFO - [2024-12-06T12:35:11.554+0000] {dag.py:3239} INFO - Sync 1 DAGs
[2024-12-06T12:35:11.572+0000] {logging_mixin.py:190} INFO - [2024-12-06T12:35:11.571+0000] {dag.py:4180} INFO - Setting next_dagrun for tutorial_taskflow_api to None, run_after=None
[2024-12-06T12:35:11.599+0000] {processor.py:208} INFO - Processing /home/airflow/.local/lib/python3.12/site-packages/airflow/example_dags/tutorial_taskflow_api.py took 0.098 seconds
[2024-12-06T12:35:43.239+0000] {processor.py:186} INFO - Started process (PID=228) to work on /home/airflow/.local/lib/python3.12/site-packages/airflow/example_dags/tutorial_taskflow_api.py
[2024-12-06T12:35:43.240+0000] {processor.py:914} INFO - Processing file /home/airflow/.local/lib/python3.12/site-packages/airflow/example_dags/tutorial_taskflow_api.py for tasks to queue
[2024-12-06T12:35:43.244+0000] {logging_mixin.py:190} INFO - [2024-12-06T12:35:43.243+0000] {dagbag.py:588} INFO - Filling up the DagBag from /home/airflow/.local/lib/python3.12/site-packages/airflow/example_dags/tutorial_taskflow_api.py
[2024-12-06T12:35:43.255+0000] {processor.py:925} INFO - DAG(s) 'tutorial_taskflow_api' retrieved from /home/airflow/.local/lib/python3.12/site-packages/airflow/example_dags/tutorial_taskflow_api.py
[2024-12-06T12:35:43.297+0000] {logging_mixin.py:190} INFO - [2024-12-06T12:35:43.297+0000] {dag.py:3239} INFO - Sync 1 DAGs
[2024-12-06T12:35:43.325+0000] {logging_mixin.py:190} INFO - [2024-12-06T12:35:43.325+0000] {dag.py:4180} INFO - Setting next_dagrun for tutorial_taskflow_api to None, run_after=None
[2024-12-06T12:35:43.410+0000] {processor.py:208} INFO - Processing /home/airflow/.local/lib/python3.12/site-packages/airflow/example_dags/tutorial_taskflow_api.py took 0.177 seconds
[2024-12-06T12:56:06.508+0000] {processor.py:186} INFO - Started process (PID=291) to work on /home/airflow/.local/lib/python3.12/site-packages/airflow/example_dags/tutorial_taskflow_api.py
[2024-12-06T12:56:06.510+0000] {processor.py:914} INFO - Processing file /home/airflow/.local/lib/python3.12/site-packages/airflow/example_dags/tutorial_taskflow_api.py for tasks to queue
[2024-12-06T12:56:06.519+0000] {logging_mixin.py:190} INFO - [2024-12-06T12:56:06.515+0000] {dagbag.py:588} INFO - Filling up the DagBag from /home/airflow/.local/lib/python3.12/site-packages/airflow/example_dags/tutorial_taskflow_api.py
[2024-12-06T12:56:06.534+0000] {processor.py:925} INFO - DAG(s) 'tutorial_taskflow_api' retrieved from /home/airflow/.local/lib/python3.12/site-packages/airflow/example_dags/tutorial_taskflow_api.py
[2024-12-06T12:56:06.574+0000] {logging_mixin.py:190} INFO - [2024-12-06T12:56:06.573+0000] {dag.py:3239} INFO - Sync 1 DAGs
[2024-12-06T12:56:06.599+0000] {logging_mixin.py:190} INFO - [2024-12-06T12:56:06.599+0000] {dag.py:4180} INFO - Setting next_dagrun for tutorial_taskflow_api to None, run_after=None
[2024-12-06T12:56:06.636+0000] {processor.py:208} INFO - Processing /home/airflow/.local/lib/python3.12/site-packages/airflow/example_dags/tutorial_taskflow_api.py took 0.138 seconds
[2024-12-06T15:51:15.158+0000] {processor.py:186} INFO - Started process (PID=376) to work on /home/airflow/.local/lib/python3.12/site-packages/airflow/example_dags/tutorial_taskflow_api.py
[2024-12-06T15:51:15.159+0000] {processor.py:914} INFO - Processing file /home/airflow/.local/lib/python3.12/site-packages/airflow/example_dags/tutorial_taskflow_api.py for tasks to queue
[2024-12-06T15:51:15.161+0000] {logging_mixin.py:190} INFO - [2024-12-06T15:51:15.160+0000] {dagbag.py:588} INFO - Filling up the DagBag from /home/airflow/.local/lib/python3.12/site-packages/airflow/example_dags/tutorial_taskflow_api.py
[2024-12-06T15:51:15.169+0000] {processor.py:925} INFO - DAG(s) 'tutorial_taskflow_api' retrieved from /home/airflow/.local/lib/python3.12/site-packages/airflow/example_dags/tutorial_taskflow_api.py
[2024-12-06T15:51:15.190+0000] {logging_mixin.py:190} INFO - [2024-12-06T15:51:15.190+0000] {dag.py:3239} INFO - Sync 1 DAGs
[2024-12-06T15:51:15.205+0000] {logging_mixin.py:190} INFO - [2024-12-06T15:51:15.205+0000] {dag.py:4180} INFO - Setting next_dagrun for tutorial_taskflow_api to None, run_after=None
[2024-12-06T15:51:15.248+0000] {processor.py:208} INFO - Processing /home/airflow/.local/lib/python3.12/site-packages/airflow/example_dags/tutorial_taskflow_api.py took 0.096 seconds
