[2024-12-06T12:34:48.514+0000] {processor.py:186} INFO - Started process (PID=124) to work on /home/airflow/.local/lib/python3.12/site-packages/airflow/example_dags/tutorial_taskflow_templates.py
[2024-12-06T12:34:48.515+0000] {processor.py:914} INFO - Processing file /home/airflow/.local/lib/python3.12/site-packages/airflow/example_dags/tutorial_taskflow_templates.py for tasks to queue
[2024-12-06T12:34:48.518+0000] {logging_mixin.py:190} INFO - [2024-12-06T12:34:48.517+0000] {dagbag.py:588} INFO - Filling up the DagBag from /home/airflow/.local/lib/python3.12/site-packages/airflow/example_dags/tutorial_taskflow_templates.py
[2024-12-06T12:34:48.537+0000] {processor.py:925} INFO - DAG(s) 'tutorial_taskflow_templates' retrieved from /home/airflow/.local/lib/python3.12/site-packages/airflow/example_dags/tutorial_taskflow_templates.py
[2024-12-06T12:34:48.673+0000] {logging_mixin.py:190} INFO - [2024-12-06T12:34:48.672+0000] {override.py:1911} INFO - Created Permission View: can delete on DAG:tutorial_taskflow_templates
[2024-12-06T12:34:48.687+0000] {logging_mixin.py:190} INFO - [2024-12-06T12:34:48.687+0000] {override.py:1911} INFO - Created Permission View: can edit on DAG:tutorial_taskflow_templates
[2024-12-06T12:34:48.697+0000] {logging_mixin.py:190} INFO - [2024-12-06T12:34:48.697+0000] {override.py:1911} INFO - Created Permission View: can read on DAG:tutorial_taskflow_templates
[2024-12-06T12:34:48.715+0000] {logging_mixin.py:190} INFO - [2024-12-06T12:34:48.715+0000] {override.py:1911} INFO - Created Permission View: can delete on DAG Run:tutorial_taskflow_templates
[2024-12-06T12:34:48.727+0000] {logging_mixin.py:190} INFO - [2024-12-06T12:34:48.727+0000] {override.py:1911} INFO - Created Permission View: can create on DAG Run:tutorial_taskflow_templates
[2024-12-06T12:34:48.735+0000] {logging_mixin.py:190} INFO - [2024-12-06T12:34:48.734+0000] {override.py:1911} INFO - Created Permission View: menu access on DAG Run:tutorial_taskflow_templates
[2024-12-06T12:34:48.743+0000] {logging_mixin.py:190} INFO - [2024-12-06T12:34:48.743+0000] {override.py:1911} INFO - Created Permission View: can read on DAG Run:tutorial_taskflow_templates
[2024-12-06T12:34:48.744+0000] {logging_mixin.py:190} INFO - [2024-12-06T12:34:48.744+0000] {dag.py:3239} INFO - Sync 1 DAGs
[2024-12-06T12:34:48.759+0000] {logging_mixin.py:190} INFO - [2024-12-06T12:34:48.758+0000] {dag.py:3262} INFO - Creating ORM DAG for tutorial_taskflow_templates
[2024-12-06T12:34:48.772+0000] {logging_mixin.py:190} INFO - [2024-12-06T12:34:48.772+0000] {dag.py:4180} INFO - Setting next_dagrun for tutorial_taskflow_templates to 2024-12-05 00:00:00+00:00, run_after=2024-12-06 00:00:00+00:00
[2024-12-06T12:34:48.794+0000] {processor.py:208} INFO - Processing /home/airflow/.local/lib/python3.12/site-packages/airflow/example_dags/tutorial_taskflow_templates.py took 0.288 seconds
[2024-12-06T12:35:18.888+0000] {processor.py:186} INFO - Started process (PID=187) to work on /home/airflow/.local/lib/python3.12/site-packages/airflow/example_dags/tutorial_taskflow_templates.py
[2024-12-06T12:35:18.888+0000] {processor.py:914} INFO - Processing file /home/airflow/.local/lib/python3.12/site-packages/airflow/example_dags/tutorial_taskflow_templates.py for tasks to queue
[2024-12-06T12:35:18.891+0000] {logging_mixin.py:190} INFO - [2024-12-06T12:35:18.890+0000] {dagbag.py:588} INFO - Filling up the DagBag from /home/airflow/.local/lib/python3.12/site-packages/airflow/example_dags/tutorial_taskflow_templates.py
[2024-12-06T12:35:18.903+0000] {processor.py:925} INFO - DAG(s) 'tutorial_taskflow_templates' retrieved from /home/airflow/.local/lib/python3.12/site-packages/airflow/example_dags/tutorial_taskflow_templates.py
[2024-12-06T12:35:18.924+0000] {logging_mixin.py:190} INFO - [2024-12-06T12:35:18.923+0000] {dag.py:3239} INFO - Sync 1 DAGs
[2024-12-06T12:35:18.959+0000] {logging_mixin.py:190} INFO - [2024-12-06T12:35:18.959+0000] {dag.py:4180} INFO - Setting next_dagrun for tutorial_taskflow_templates to 2024-12-05 00:00:00+00:00, run_after=2024-12-06 00:00:00+00:00
[2024-12-06T12:35:18.981+0000] {processor.py:208} INFO - Processing /home/airflow/.local/lib/python3.12/site-packages/airflow/example_dags/tutorial_taskflow_templates.py took 0.099 seconds
[2024-12-06T12:35:49.800+0000] {processor.py:186} INFO - Started process (PID=250) to work on /home/airflow/.local/lib/python3.12/site-packages/airflow/example_dags/tutorial_taskflow_templates.py
[2024-12-06T12:35:49.802+0000] {processor.py:914} INFO - Processing file /home/airflow/.local/lib/python3.12/site-packages/airflow/example_dags/tutorial_taskflow_templates.py for tasks to queue
[2024-12-06T12:35:49.804+0000] {logging_mixin.py:190} INFO - [2024-12-06T12:35:49.804+0000] {dagbag.py:588} INFO - Filling up the DagBag from /home/airflow/.local/lib/python3.12/site-packages/airflow/example_dags/tutorial_taskflow_templates.py
[2024-12-06T12:35:49.817+0000] {processor.py:925} INFO - DAG(s) 'tutorial_taskflow_templates' retrieved from /home/airflow/.local/lib/python3.12/site-packages/airflow/example_dags/tutorial_taskflow_templates.py
[2024-12-06T12:35:49.839+0000] {logging_mixin.py:190} INFO - [2024-12-06T12:35:49.839+0000] {dag.py:3239} INFO - Sync 1 DAGs
[2024-12-06T12:35:49.866+0000] {logging_mixin.py:190} INFO - [2024-12-06T12:35:49.866+0000] {dag.py:4180} INFO - Setting next_dagrun for tutorial_taskflow_templates to 2024-12-05 00:00:00+00:00, run_after=2024-12-06 00:00:00+00:00
[2024-12-06T12:35:49.890+0000] {processor.py:208} INFO - Processing /home/airflow/.local/lib/python3.12/site-packages/airflow/example_dags/tutorial_taskflow_templates.py took 0.096 seconds
[2024-12-06T15:51:10.572+0000] {processor.py:186} INFO - Started process (PID=341) to work on /home/airflow/.local/lib/python3.12/site-packages/airflow/example_dags/tutorial_taskflow_templates.py
[2024-12-06T15:51:10.579+0000] {processor.py:914} INFO - Processing file /home/airflow/.local/lib/python3.12/site-packages/airflow/example_dags/tutorial_taskflow_templates.py for tasks to queue
[2024-12-06T15:51:10.581+0000] {logging_mixin.py:190} INFO - [2024-12-06T15:51:10.580+0000] {dagbag.py:588} INFO - Filling up the DagBag from /home/airflow/.local/lib/python3.12/site-packages/airflow/example_dags/tutorial_taskflow_templates.py
[2024-12-06T15:51:10.599+0000] {processor.py:925} INFO - DAG(s) 'tutorial_taskflow_templates' retrieved from /home/airflow/.local/lib/python3.12/site-packages/airflow/example_dags/tutorial_taskflow_templates.py
[2024-12-06T15:51:10.628+0000] {logging_mixin.py:190} INFO - [2024-12-06T15:51:10.628+0000] {dag.py:3239} INFO - Sync 1 DAGs
[2024-12-06T15:51:10.657+0000] {logging_mixin.py:190} INFO - [2024-12-06T15:51:10.657+0000] {dag.py:4180} INFO - Setting next_dagrun for tutorial_taskflow_templates to 2024-12-05 00:00:00+00:00, run_after=2024-12-06 00:00:00+00:00
[2024-12-06T15:51:10.678+0000] {processor.py:208} INFO - Processing /home/airflow/.local/lib/python3.12/site-packages/airflow/example_dags/tutorial_taskflow_templates.py took 0.115 seconds
